Change Component Designator: Old Designator=C14 New Designator=C25
Change Component Designator: Old Designator=C24 New Designator=C31
Change Component Designator: Old Designator=C25 New Designator=C32
Change Component Designator: Old Designator=C26 New Designator=C33
Change Component Designator: Old Designator=C27 New Designator=C34
Change Component Designator: Old Designator=C? New Designator=C26
Change Component Designator: Old Designator=C? New Designator=C27
Change Component Designator: Old Designator=C? New Designator=C28
Change Component Designator: Old Designator=C? New Designator=C29
Change Component Designator: Old Designator=C? New Designator=C30
Change Component Designator: Old Designator=DA6 New Designator=DA2
Change Component Designator: Old Designator=DA? New Designator=DA1
Change Component Designator: Old Designator=FU3 New Designator=FU8
Change Component Designator: Old Designator=L? New Designator=L1
Change Component Designator: Old Designator=R15 New Designator=R32
Change Component Designator: Old Designator=R16 New Designator=R33
Change Component Designator: Old Designator=R17 New Designator=R34
Change Component Designator: Old Designator=R22 New Designator=R40
Change Component Designator: Old Designator=R23 New Designator=R41
Change Component Designator: Old Designator=R? New Designator=R35
Change Component Designator: Old Designator=R? New Designator=R36
Change Component Designator: Old Designator=R? New Designator=R37
Change Component Designator: Old Designator=R? New Designator=R38
Change Component Designator: Old Designator=R? New Designator=R39
Change Component Designator: Old Designator=VD2 New Designator=VD21
Change Component Designator: Old Designator=VD3 New Designator=VD22
Change Component Designator: Old Designator=VD4 New Designator=VD23
Change Component Designator: Old Designator=VD5 New Designator=VD24
Change Component Designator: Old Designator=VD? New Designator=VD25
Change Component Designator: Old Designator=VT3 New Designator=VT1
Change Component Designator: Old Designator=VT4 New Designator=VT2
