Added Component: Designator=BR1(SDIP)
Added Component: Designator=C1(CC1206)
Added Component: Designator=C2(CC0805)
Added Component: Designator=C3(CAP_7.5_SMD_2)
Added Component: Designator=C4(CC1206)
Added Component: Designator=C5(CAP_630V_SMD)
Added Component: Designator=C6(CAP_630V_SMD)
Added Component: Designator=DA1(eSOP-12)
Added Component: Designator=F1(Fuse Belfuse)
Added Component: Designator=L1(IND_CDRH129)
Added Component: Designator=L2(IND_CDRH129)
Added Component: Designator=L3(IND_CDRH129)
Added Component: Designator=L4(IND_CDRH129)
Added Component: Designator=R1(RC0805)
Added Component: Designator=R2(RC0805)
Added Component: Designator=R3(RC1206)
Added Component: Designator=R4(RC1206)
Added Component: Designator=R5(RC1206)
Added Component: Designator=R6(RC1206)
Added Component: Designator=REPER1(REPER1.2)
Added Component: Designator=REPER2(REPER1.2)
Added Component: Designator=RU1(Varistor_7mm_SMD)
Added Component: Designator=VD1(SMA)
Added Component: Designator=VD2(SMA)
Added Component: Designator=X1(PIN_7x3mm_SMD)
Added Component: Designator=XP1(Poke-In 2pin)
Added Pin To Net: NetName=GND Pin=BR1-4
Added Pin To Net: NetName=GND Pin=C3-1
Added Pin To Net: NetName=GND Pin=C5-1
Added Pin To Net: NetName=GND Pin=C6-1
Added Pin To Net: NetName=GND Pin=R2-1
Added Pin To Net: NetName=GND Pin=VD1-1
Added Net: Name=GND
Added Pin To Net: NetName=NetBR1_1 Pin=BR1-1
Added Pin To Net: NetName=NetBR1_1 Pin=L2-2
Added Pin To Net: NetName=NetBR1_1 Pin=R4-2
Added Pin To Net: NetName=NetBR1_1 Pin=RU1-2
Added Net: Name=NetBR1_1
Added Pin To Net: NetName=NetBR1_2 Pin=BR1-2
Added Pin To Net: NetName=NetBR1_2 Pin=L4-2
Added Pin To Net: NetName=NetBR1_2 Pin=R6-2
Added Pin To Net: NetName=NetBR1_2 Pin=RU1-1
Added Net: Name=NetBR1_2
Added Pin To Net: NetName=NetBR1_3 Pin=BR1-3
Added Pin To Net: NetName=NetBR1_3 Pin=C5-2
Added Pin To Net: NetName=NetBR1_3 Pin=L3-1
Added Pin To Net: NetName=NetBR1_3 Pin=R5-1
Added Net: Name=NetBR1_3
Added Pin To Net: NetName=NetC1_1 Pin=C1-1
Added Pin To Net: NetName=NetC1_1 Pin=C2-2
Added Pin To Net: NetName=NetC1_1 Pin=C4-2
Added Pin To Net: NetName=NetC1_1 Pin=DA1-7
Added Pin To Net: NetName=NetC1_1 Pin=DA1-8
Added Pin To Net: NetName=NetC1_1 Pin=DA1-9
Added Pin To Net: NetName=NetC1_1 Pin=DA1-10
Added Pin To Net: NetName=NetC1_1 Pin=DA1-11
Added Pin To Net: NetName=NetC1_1 Pin=DA1-12
Added Pin To Net: NetName=NetC1_1 Pin=DA1-13
Added Pin To Net: NetName=NetC1_1 Pin=L1-1
Added Pin To Net: NetName=NetC1_1 Pin=R3-2
Added Net: Name=NetC1_1
Added Pin To Net: NetName=NetC1_2 Pin=C1-2
Added Pin To Net: NetName=NetC1_2 Pin=DA1-3
Added Net: Name=NetC1_2
Added Pin To Net: NetName=NetC2_1 Pin=C2-1
Added Pin To Net: NetName=NetC2_1 Pin=DA1-2
Added Pin To Net: NetName=NetC2_1 Pin=R1-1
Added Net: Name=NetC2_1
Added Pin To Net: NetName=NetC3_2 Pin=C3-2
Added Pin To Net: NetName=NetC3_2 Pin=L1-2
Added Pin To Net: NetName=NetC3_2 Pin=R2-2
Added Pin To Net: NetName=NetC3_2 Pin=X1-1
Added Net: Name=NetC3_2
Added Pin To Net: NetName=NetC4_1 Pin=C4-1
Added Pin To Net: NetName=NetC4_1 Pin=R1-2
Added Pin To Net: NetName=NetC4_1 Pin=R3-1
Added Pin To Net: NetName=NetC4_1 Pin=VD1-2
Added Net: Name=NetC4_1
Added Pin To Net: NetName=NetC6_2 Pin=C6-2
Added Pin To Net: NetName=NetC6_2 Pin=L3-2
Added Pin To Net: NetName=NetC6_2 Pin=R5-2
Added Pin To Net: NetName=NetC6_2 Pin=VD2-1
Added Net: Name=NetC6_2
Added Pin To Net: NetName=NetDA1_6 Pin=DA1-6
Added Pin To Net: NetName=NetDA1_6 Pin=VD2-2
Added Net: Name=NetDA1_6
Added Pin To Net: NetName=NetF1_1 Pin=F1-1
Added Pin To Net: NetName=NetF1_1 Pin=XP1-4
Added Net: Name=NetF1_1
Added Pin To Net: NetName=NetF1_2 Pin=F1-2
Added Pin To Net: NetName=NetF1_2 Pin=L4-1
Added Pin To Net: NetName=NetF1_2 Pin=R6-1
Added Net: Name=NetF1_2
Added Pin To Net: NetName=NetL2_1 Pin=L2-1
Added Pin To Net: NetName=NetL2_1 Pin=R4-1
Added Pin To Net: NetName=NetL2_1 Pin=XP1-3
Added Net: Name=NetL2_1
Added Class: Name=ICS
Added Class: Name=Main
Added Room: Name=ICS
Added Room: Name=Main
