Removed Pin From Net: NetName=V_SYSTEM Pin=DD1-6
Removed Pin From Net: NetName=V_VIN Pin=DD1-7
Removed Pin From Net: NetName=CAN_EN Pin=DD1-39
Removed Pin From Net: NetName=PWRMON Pin=DD1-40
Removed Pin From Net: NetName=RESET Pin=DD1-44
Removed Pin From Net: NetName=GSM_ON Pin=DD1-45
Removed Pin From Net: NetName=CAN_R Pin=DD1-46
Removed Pin From Net: NetName=CAN_D Pin=DD1-47
Removed Pin From Net: NetName=GPS_RX Pin=DD1-48
Removed Pin From Net: NetName=GPS_TX Pin=DD1-49
Removed Pin From Net: NetName=NetC6_2 Pin=DD1-53
Removed Pin From Net: NetName=SS1 Pin=DD1-59
Removed Pin From Net: NetName=MOSI Pin=DD1-60
Removed Pin From Net: NetName=MISO Pin=DD1-61
Removed Pin From Net: NetName=SCK Pin=DD1-62
Removed Pin From Net: NetName=SS0 Pin=DD1-63
Removed Pin From Net: NetName=GPS_RST Pin=DD1-64
Removed Pin From Net: NetName=STAT_LED Pin=DD1-66
Removed Pin From Net: NetName=GPS_ON Pin=DD1-67
Removed Pin From Net: NetName=TXD Pin=DD1-82
Removed Pin From Net: NetName=RXD Pin=DD1-85
Removed Pin From Net: NetName=TXD0 Pin=DD1-98
Removed Pin From Net: NetName=RXD0 Pin=DD1-99
Removed Member From Class: ClassName=CPU Member=DD2
Change Component Comment : Designator=DD2 Old Comment=LPC1768FBD100 New Comment=LPC1765FBD100
Change Component Designator: OldDesignator=DD2 NewDesignator=DD1
Added Pin To Net: NetName=V_SYSTEM Pin=DD1-6
Added Pin To Net: NetName=V_VIN Pin=DD1-7
Added Pin To Net: NetName=CAN_EN Pin=DD1-39
Added Pin To Net: NetName=PWRMON Pin=DD1-40
Added Pin To Net: NetName=RESET Pin=DD1-44
Added Pin To Net: NetName=GSM_ON Pin=DD1-45
Added Pin To Net: NetName=CAN_R Pin=DD1-46
Added Pin To Net: NetName=CAN_D Pin=DD1-47
Added Pin To Net: NetName=GPS_RX Pin=DD1-48
Added Pin To Net: NetName=GPS_TX Pin=DD1-49
Added Pin To Net: NetName=NetC6_2 Pin=DD1-53
Added Pin To Net: NetName=SS1 Pin=DD1-59
Added Pin To Net: NetName=MOSI Pin=DD1-60
Added Pin To Net: NetName=MISO Pin=DD1-61
Added Pin To Net: NetName=SCK Pin=DD1-62
Added Pin To Net: NetName=SS0 Pin=DD1-63
Added Pin To Net: NetName=GPS_RST Pin=DD1-64
Added Pin To Net: NetName=STAT_LED Pin=DD1-66
Added Pin To Net: NetName=GPS_ON Pin=DD1-67
Added Pin To Net: NetName=TXD Pin=DD1-82
Added Pin To Net: NetName=RXD Pin=DD1-85
Added Pin To Net: NetName=TXD0 Pin=DD1-98
Added Pin To Net: NetName=RXD0 Pin=DD1-99
Added Room: Name=IO
