Change Component Footprint: Designator=VD6 Old Footprint=LED3 New Footprint=SOT-23(GSD)
Change Component Footprint: Designator=XP1 Old Footprint=MIF2X02PRP New Footprint=MIF2X05PRP
Change Component Footprint: Designator=XP2 Old Footprint=MIF2X03PRP New Footprint=MIF2X02PRP
Change Component Comment : Designator=VD6 Old Comment=BL-B45V1-L New Comment=BAT54S
Change Component Comment : Designator=XP1 Old Comment=MIF2X02PRP New Comment=MIF2X05PRP
Change Component Comment : Designator=XP2 Old Comment=MIF2X03PRP New Comment=MIF2X02PRP
Change component parameters: Designator = "VD6"; Footprint = "SOT-23(GSD)"; UniqueID = "\MIRSRYWX"
Change component parameters. Clean all parameters for all variants
Change component parameters (AddParameter): Name = "ComponentField6"; Value = "Published 8-Jun-2000, Modified 11-July-2000: SIM Model Added."; VariantName = "[No Variations]"
Change component parameters (AddParameter): Name = "Value"; Value = ""; VariantName = "[No Variations]"
Added Component: Designator=C1(CC0603)
Add component. Clean all parameters for all variants
Add component (AddParameter): Name = "Value"; Value = "0.1uF"; VariantName = "[No Variations]"
Added Component: Designator=C2(CC0603)
Add component. Clean all parameters for all variants
Add component (AddParameter): Name = "Value"; Value = "0.1uF"; VariantName = "[No Variations]"
Added Component: Designator=C3(CC0603)
Add component. Clean all parameters for all variants
Add component (AddParameter): Name = "Value"; Value = "0.1uF"; VariantName = "[No Variations]"
Added Component: Designator=C4(CC0603)
Add component. Clean all parameters for all variants
Add component (AddParameter): Name = "Value"; Value = "0.1uF"; VariantName = "[No Variations]"
Added Component: Designator=C5(CC0603)
Add component. Clean all parameters for all variants
Add component (AddParameter): Name = "Value"; Value = "0.1uF"; VariantName = "[No Variations]"
Added Component: Designator=C6(CC0603)
Add component. Clean all parameters for all variants
Add component (AddParameter): Name = "Value"; Value = "0.1uF"; VariantName = "[No Variations]"
Added Component: Designator=C7(CC0603)
Add component. Clean all parameters for all variants
Add component (AddParameter): Name = "Value"; Value = "0.1uF"; VariantName = "[No Variations]"
Added Component: Designator=C8(CC0603)
Add component. Clean all parameters for all variants
Add component (AddParameter): Name = "Value"; Value = "0.1uF"; VariantName = "[No Variations]"
Added Component: Designator=C9(CC0603)
Add component. Clean all parameters for all variants
Add component (AddParameter): Name = "Value"; Value = "22pF"; VariantName = "[No Variations]"
Added Component: Designator=C10(CC0603)
Add component. Clean all parameters for all variants
Add component (AddParameter): Name = "Value"; Value = "22pF"; VariantName = "[No Variations]"
Added Component: Designator=C11(CC0603)
Add component. Clean all parameters for all variants
Add component (AddParameter): Name = "Value"; Value = "200pF"; VariantName = "[No Variations]"
Added Component: Designator=C12(CC0603)
Add component. Clean all parameters for all variants
Add component (AddParameter): Name = "Value"; Value = "200pF"; VariantName = "[No Variations]"
Added Component: Designator=C13(CC1206)
Add component. Clean all parameters for all variants
Add component (AddParameter): Name = "Value"; Value = "0.1uF"; VariantName = "[No Variations]"
Added Component: Designator=C14(CC0603)
Add component. Clean all parameters for all variants
Add component (AddParameter): Name = "Value"; Value = "0.1uF"; VariantName = "[No Variations]"
Added Component: Designator=C15(CC16X10_CAP0.5(1)(Primary))
Add component. Clean all parameters for all variants
Add component (AddParameter): Name = "Value"; Value = "470uFx35V"; VariantName = "[No Variations]"
Added Component: Designator=C16(CC8X3.5)
Add component. Clean all parameters for all variants
Add component (AddParameter): Name = "Value"; Value = "1000uFx6.3V"; VariantName = "[No Variations]"
Added Component: Designator=C17(CC0603)
Add component. Clean all parameters for all variants
Add component (AddParameter): Name = "Value"; Value = "0.1uF"; VariantName = "[No Variations]"
Added Component: Designator=C18(CC0603)
Add component. Clean all parameters for all variants
Add component (AddParameter): Name = "Value"; Value = "300pF"; VariantName = "[No Variations]"
Added Component: Designator=C19(CC0603)
Add component. Clean all parameters for all variants
Add component (AddParameter): Name = "Value"; Value = "0.1uF"; VariantName = "[No Variations]"
Added Component: Designator=C20(CC0805)
Add component. Clean all parameters for all variants
Add component (AddParameter): Name = "Value"; Value = "10uFx6.3V"; VariantName = "[No Variations]"
Added Component: Designator=C21(CC0805)
Add component. Clean all parameters for all variants
Add component (AddParameter): Name = "Value"; Value = "4.7uF 6.3V"; VariantName = "[No Variations]"
Added Component: Designator=C22(CC0603)
Add component. Clean all parameters for all variants
Add component (AddParameter): Name = "Value"; Value = "0.1uF"; VariantName = "[No Variations]"
Added Component: Designator=DA1(SO-8)
Add component. Clean all parameters for all variants
Add component (AddParameter): Name = "Value"; Value = ""; VariantName = "[No Variations]"
Added Component: Designator=DA2(SOT23-5)
Add component. Clean all parameters for all variants
Add component (AddParameter): Name = "ComponentLink1Description"; Value = "Manufacturer Link"; VariantName = "[No Variations]"
Add component (AddParameter): Name = "ComponentLink1URL"; Value = "http://www.microchip.com"; VariantName = "[No Variations]"
Add component (AddParameter): Name = "ComponentLink2Description"; Value = "Datasheet"; VariantName = "[No Variations]"
Add component (AddParameter): Name = "ComponentLink2URL"; Value = "http://ww1.microchip.com/downloads/en/DeviceDoc/22070a.pdf"; VariantName = "[No Variations]"
Add component (AddParameter): Name = "ComponentLink3Description"; Value = "Packaging Specification"; VariantName = "[No Variations]"
Add component (AddParameter): Name = "ComponentLink3URL"; Value = "http://ww1.microchip.com/downloads/en/PackagingSpec/00049AW.pdf"; VariantName = "[No Variations]"
Add component (AddParameter): Name = "DatasheetVersion"; Value = "revA, Aug-2007"; VariantName = "[No Variations]"
Add component (AddParameter): Name = "PackageDescription"; Value = "5-Lead Plastic Small Outline Transistor (DC) [SOT-223]"; VariantName = "[No Variations]"
Add component (AddParameter): Name = "PackageReference"; Value = "SOT-223-DC5"; VariantName = "[No Variations]"
Add component (AddParameter): Name = "PackageVersion"; Value = "revAW, Oct-2008"; VariantName = "[No Variations]"
Add component (AddParameter): Name = "Published"; Value = "29-Jan-2009"; VariantName = "[No Variations]"
Add component (AddParameter): Name = "Publisher"; Value = "Altium Limited"; VariantName = "[No Variations]"
Added Component: Designator=DD1(LQFP-48)
Add component. Clean all parameters for all variants
Add component (AddParameter): Name = "Value"; Value = "LPC11C24FBD48"; VariantName = "[No Variations]"
Added Component: Designator=FU1(RC1210)
Add component. Clean all parameters for all variants
Add component (AddParameter): Name = "Value"; Value = "MICROSMD010F-2"; VariantName = "[No Variations]"
Added Component: Designator=FU2(RC1210)
Add component. Clean all parameters for all variants
Add component (AddParameter): Name = "Value"; Value = "MICROSMD010F-2"; VariantName = "[No Variations]"
Added Component: Designator=FU3(RC1210)
Add component. Clean all parameters for all variants
Add component (AddParameter): Name = "Value"; Value = "MICROSMD010F"; VariantName = "[No Variations]"
Added Component: Designator=FU4(RC1210)
Add component. Clean all parameters for all variants
Add component (AddParameter): Name = "Value"; Value = "MICROSMD010F"; VariantName = "[No Variations]"
Added Component: Designator=FU5(MF-SMDF)
Add component. Clean all parameters for all variants
Add component (AddParameter): Name = "Value"; Value = "MF-SMDF050"; VariantName = "[No Variations]"
Added Component: Designator=J1(PLS-02)
Add component. Clean all parameters for all variants
Add component (AddParameter): Name = "Value"; Value = ""; VariantName = "[No Variations]"
Added Component: Designator=J2(PLS-02)
Add component. Clean all parameters for all variants
Add component (AddParameter): Name = "Value"; Value = ""; VariantName = "[No Variations]"
Added Component: Designator=K1(RY21_RY21(Primary))
Add component. Clean all parameters for all variants
Add component (AddParameter): Name = "Value"; Value = ""; VariantName = "[No Variations]"
Added Component: Designator=K2(RY21_RY21(Primary))
Add component. Clean all parameters for all variants
Add component (AddParameter): Name = "Value"; Value = ""; VariantName = "[No Variations]"
Added Component: Designator=L1(SDR0805)
Add component. Clean all parameters for all variants
Add component (AddParameter): Name = "Value"; Value = "220uH"; VariantName = "[No Variations]"
Added Component: Designator=QR1(AC5032_2)
Add component. Clean all parameters for all variants
Add component (AddParameter): Name = "Value"; Value = "NX5032GA-12.000MHz LN-CD-1"; VariantName = "[No Variations]"
Added Component: Designator=R1(RC0603)
Add component. Clean all parameters for all variants
Add component (AddParameter): Name = "Value"; Value = "4k7"; VariantName = "[No Variations]"
Added Component: Designator=R2(RC0603)
Add component. Clean all parameters for all variants
Add component (AddParameter): Name = "Value"; Value = "100k"; VariantName = "[No Variations]"
Added Component: Designator=R3(RC0603)
Add component. Clean all parameters for all variants
Add component (AddParameter): Name = "Value"; Value = "100k"; VariantName = "[No Variations]"
Added Component: Designator=R4(RC0603)
Add component. Clean all parameters for all variants
Add component (AddParameter): Name = "Value"; Value = "10k"; VariantName = "[No Variations]"
Added Component: Designator=R5(RC0603)
Add component. Clean all parameters for all variants
Add component (AddParameter): Name = "Value"; Value = "4k7"; VariantName = "[No Variations]"
Added Component: Designator=R6(RC0603)
Add component. Clean all parameters for all variants
Add component (AddParameter): Name = "Value"; Value = "100k"; VariantName = "[No Variations]"
Added Component: Designator=R7(RC0603)
Add component. Clean all parameters for all variants
Add component (AddParameter): Name = "Value"; Value = "100k"; VariantName = "[No Variations]"
Added Component: Designator=R8(RC0603)
Add component. Clean all parameters for all variants
Add component (AddParameter): Name = "Value"; Value = "10k"; VariantName = "[No Variations]"
Added Component: Designator=R9(RC0603)
Add component. Clean all parameters for all variants
Add component (AddParameter): Name = "Value"; Value = "390E"; VariantName = "[No Variations]"
Added Component: Designator=R10(RC0603)
Add component. Clean all parameters for all variants
Add component (AddParameter): Name = "Value"; Value = "100E"; VariantName = "[No Variations]"
Added Component: Designator=R11(RC0603)
Add component. Clean all parameters for all variants
Add component (AddParameter): Name = "Value"; Value = "10k"; VariantName = "[No Variations]"
Added Component: Designator=R12(RC0603)
Add component. Clean all parameters for all variants
Add component (AddParameter): Name = "Value"; Value = "10k"; VariantName = "[No Variations]"
Added Component: Designator=R13(RC1206)
Add component. Clean all parameters for all variants
Add component (AddParameter): Name = "Value"; Value = "220k"; VariantName = "[No Variations]"
Added Component: Designator=R14(RC1206)
Add component. Clean all parameters for all variants
Add component (AddParameter): Name = "Value"; Value = "220k"; VariantName = "[No Variations]"
Added Component: Designator=R15(RC1206)
Add component. Clean all parameters for all variants
Add component (AddParameter): Name = "Value"; Value = "220k"; VariantName = "[No Variations]"
Added Component: Designator=R16(RC0805)
Add component. Clean all parameters for all variants
Add component (AddParameter): Name = "Value"; Value = "1E"; VariantName = "[No Variations]"
Added Component: Designator=R17(RC0805)
Add component. Clean all parameters for all variants
Add component (AddParameter): Name = "Value"; Value = "1E"; VariantName = "[No Variations]"
Added Component: Designator=R18(RC0603)
Add component. Clean all parameters for all variants
Add component (AddParameter): Name = "Value"; Value = "560k"; VariantName = "[No Variations]"
Added Component: Designator=R19(RC0603)
Add component. Clean all parameters for all variants
Add component (AddParameter): Name = "Value"; Value = "3k 1%"; VariantName = "[No Variations]"
Added Component: Designator=R20(RC0603)
Add component. Clean all parameters for all variants
Add component (AddParameter): Name = "Value"; Value = "1k 1%"; VariantName = "[No Variations]"
Added Component: Designator=R21(RC0603)
Add component. Clean all parameters for all variants
Add component (AddParameter): Name = "Value"; Value = "11k 1%"; VariantName = "[No Variations]"
Added Component: Designator=R22(RC0603)
Add component. Clean all parameters for all variants
Add component (AddParameter): Name = "Value"; Value = "18k 1%"; VariantName = "[No Variations]"
Added Component: Designator=R23(RC0603)
Add component. Clean all parameters for all variants
Add component (AddParameter): Name = "Value"; Value = "4k7"; VariantName = "[No Variations]"
Added Component: Designator=R24(RC0603)
Add component. Clean all parameters for all variants
Add component (AddParameter): Name = "Value"; Value = "47k"; VariantName = "[No Variations]"
Added Component: Designator=R25(RC0603)
Add component. Clean all parameters for all variants
Add component (AddParameter): Name = "Value"; Value = "4k7"; VariantName = "[No Variations]"
Added Component: Designator=R26(RC0603)
Add component. Clean all parameters for all variants
Add component (AddParameter): Name = "Value"; Value = "47k"; VariantName = "[No Variations]"
Added Component: Designator=REP1(REPER1.2)
Add component. Clean all parameters for all variants
Add component (AddParameter): Name = "Value"; Value = "REPER_POINT_1.2"; VariantName = "[No Variations]"
Added Component: Designator=REP2(REPER1.2)
Add component. Clean all parameters for all variants
Add component (AddParameter): Name = "Value"; Value = "REPER_POINT_1.2"; VariantName = "[No Variations]"
Added Component: Designator=VD1(SOT-23(123))
Add component. Clean all parameters for all variants
Added Component: Designator=VD2(SOT-23(GSD))
Add component. Clean all parameters for all variants
Add component (AddParameter): Name = "ComponentField6"; Value = "Published 8-Jun-2000, Modified 11-July-2000: SIM Model Added."; VariantName = "[No Variations]"
Add component (AddParameter): Name = "Value"; Value = ""; VariantName = "[No Variations]"
Added Component: Designator=VD3(SOT-23(123))
Add component. Clean all parameters for all variants
Add component (AddParameter): Name = "ComponentField6"; Value = "Published 8-Jun-2000, Modified 11-July-2000: SIM Model Added."; VariantName = "[No Variations]"
Add component (AddParameter): Name = "Value"; Value = ""; VariantName = "[No Variations]"
Added Component: Designator=VD4(SMB)
Add component. Clean all parameters for all variants
Add component (AddParameter): Name = "Value"; Value = "P6SMBJ28A"; VariantName = "[No Variations]"
Added Component: Designator=VD5(SOT-23(123))
Add component. Clean all parameters for all variants
Add component (AddParameter): Name = "ComponentField6"; Value = "Published 8-Jun-2000, Modified 11-July-2000: SIM Model Added."; VariantName = "[No Variations]"
Add component (AddParameter): Name = "Value"; Value = ""; VariantName = "[No Variations]"
Added Component: Designator=VD7(SMB)
Add component. Clean all parameters for all variants
Add component (AddParameter): Name = "Value"; Value = "P6SMBJ28A"; VariantName = "[No Variations]"
Added Component: Designator=VD8(LED3)
Add component. Clean all parameters for all variants
Add component (AddParameter): Name = "Value"; Value = "BL-B45V1-L"; VariantName = "[No Variations]"
Added Component: Designator=VD9(SMA)
Add component. Clean all parameters for all variants
Add component (AddParameter): Name = "Value"; Value = "{Value}"; VariantName = "[No Variations]"
Added Component: Designator=VD10(SMB)
Add component. Clean all parameters for all variants
Add component (AddParameter): Name = "Value"; Value = "SMBJ150A"; VariantName = "[No Variations]"
Added Component: Designator=VD11(SOT-23(123))
Add component. Clean all parameters for all variants
Add component (AddParameter): Name = "Value"; Value = "{Value}"; VariantName = "[No Variations]"
Added Component: Designator=VD12(SOT-23(123))
Add component. Clean all parameters for all variants
Add component (AddParameter): Name = "Value"; Value = "{Value}"; VariantName = "[No Variations]"
Added Component: Designator=VD13(SMA)
Add component. Clean all parameters for all variants
Add component (AddParameter): Name = "ComponentField6"; Value = "Published 8-Jun-2000, Modified 10-July-2000: SIM Model Added."; VariantName = "[No Variations]"
Add component (AddParameter): Name = "OriginalName"; Value = "10BQ100"; VariantName = "[No Variations]"
Add component (AddParameter): Name = "Value"; Value = "SS14"; VariantName = "[No Variations]"
Added Component: Designator=VD14(SOD-80)
Add component. Clean all parameters for all variants
Add component (AddParameter): Name = "Value"; Value = ""; VariantName = "[No Variations]"
Added Component: Designator=VD15(SOD-80)
Add component. Clean all parameters for all variants
Add component (AddParameter): Name = "Value"; Value = ""; VariantName = "[No Variations]"
Added Component: Designator=VT1(D-PAK(TO-252AA))
Add component. Clean all parameters for all variants
Add component (AddParameter): Name = "ComponentField7"; Value = "Published 8-Jun-2000"; VariantName = "[No Variations]"
Add component (AddParameter): Name = "OriginalName"; Value = "IRLML5103"; VariantName = "[No Variations]"
Add component (AddParameter): Name = "Value"; Value = "FQD5P20TM"; VariantName = "[No Variations]"
Added Component: Designator=VT2(SOT-23(123))
Add component. Clean all parameters for all variants
Add component (AddParameter): Name = "ComponentField7"; Value = "Published 29-Sep-2000"; VariantName = "[No Variations]"
Add component (AddParameter): Name = "OriginalName"; Value = "BC846BLT1"; VariantName = "[No Variations]"
Add component (AddParameter): Name = "Value"; Value = "BC807-40"; VariantName = "[No Variations]"
Added Component: Designator=VT3(SOT-23(123))
Add component. Clean all parameters for all variants
Add component (AddParameter): Name = "ComponentField7"; Value = "Published 29-Sep-2000"; VariantName = "[No Variations]"
Add component (AddParameter): Name = "OriginalName"; Value = "BC846BLT1"; VariantName = "[No Variations]"
Add component (AddParameter): Name = "Value"; Value = "{Value}"; VariantName = "[No Variations]"
Added Component: Designator=VT4(SOT-23(123))
Add component. Clean all parameters for all variants
Add component (AddParameter): Name = "ComponentField7"; Value = "Published 29-Sep-2000"; VariantName = "[No Variations]"
Add component (AddParameter): Name = "OriginalName"; Value = "BC846BLT1"; VariantName = "[No Variations]"
Add component (AddParameter): Name = "Value"; Value = "{Value}"; VariantName = "[No Variations]"
Added Component: Designator=XP4(PIN6)
Add component. Clean all parameters for all variants
Add component (AddParameter): Name = "Value"; Value = ""; VariantName = "[No Variations]"
Added Pin To Net: NetName=+3V3 Pin=C5-2
Added Pin To Net: NetName=+3V3 Pin=C6-1
Added Pin To Net: NetName=+3V3 Pin=C7-2
Added Pin To Net: NetName=+3V3 Pin=C19-1
Added Pin To Net: NetName=+3V3 Pin=C20-2
Added Pin To Net: NetName=+3V3 Pin=DA2-5
Added Pin To Net: NetName=+3V3 Pin=DD1-8
Added Pin To Net: NetName=+3V3 Pin=DD1-17
Added Pin To Net: NetName=+3V3 Pin=DD1-44
Added Pin To Net: NetName=+3V3 Pin=R1-2
Added Pin To Net: NetName=+3V3 Pin=R5-2
Added Pin To Net: NetName=+3V3 Pin=R11-2
Added Pin To Net: NetName=+3V3 Pin=R12-2
Added Pin To Net: NetName=+3V3 Pin=R21-2
Added Pin To Net: NetName=+3V3 Pin=VD2-2
Added Pin To Net: NetName=+3V3 Pin=VD6-2
Added Net: Name=+3V3
Added Pin To Net: NetName=+5V Pin=C8-2
Added Pin To Net: NetName=+5V Pin=C16-1
Added Pin To Net: NetName=+5V Pin=C17-2
Added Pin To Net: NetName=+5V Pin=C21-2
Added Pin To Net: NetName=+5V Pin=C22-1
Added Pin To Net: NetName=+5V Pin=DA2-1
Added Pin To Net: NetName=+5V Pin=DA2-3
Added Pin To Net: NetName=+5V Pin=DD1-20
Added Pin To Net: NetName=+5V Pin=K1-1
Added Pin To Net: NetName=+5V Pin=K2-1
Added Pin To Net: NetName=+5V Pin=L1-1
Added Pin To Net: NetName=+5V Pin=R19-1
Added Pin To Net: NetName=+5V Pin=VD14-2
Added Pin To Net: NetName=+5V Pin=VD15-2
Added Net: Name=+5V
Added Pin To Net: NetName=ANALOG1_F Pin=C2-2
Added Pin To Net: NetName=ANALOG1_F Pin=DD1-32
Added Pin To Net: NetName=ANALOG1_F Pin=R2-2
Added Pin To Net: NetName=ANALOG1_F Pin=R4-2
Added Pin To Net: NetName=ANALOG1_F Pin=VD2-3
Added Net: Name=ANALOG1_F
Added Pin To Net: NetName=Analog1 Pin=R2-1
Added Pin To Net: NetName=Analog1 Pin=XP1-1
Added Net: Name=Analog1
Added Pin To Net: NetName=ANALOG2_F Pin=C4-2
Added Pin To Net: NetName=ANALOG2_F Pin=DD1-33
Added Pin To Net: NetName=ANALOG2_F Pin=R6-2
Added Pin To Net: NetName=ANALOG2_F Pin=R8-2
Added Pin To Net: NetName=ANALOG2_F Pin=VD6-3
Added Net: Name=ANALOG2_F
Added Pin To Net: NetName=Analog2 Pin=R6-1
Added Pin To Net: NetName=Analog2 Pin=XP1-4
Added Net: Name=Analog2
Added Pin To Net: NetName=CAN_LED Pin=DD1-30
Added Pin To Net: NetName=CAN_LED Pin=R9-1
Added Net: Name=CAN_LED
Added Pin To Net: NetName=CANH Pin=FU1-1
Added Pin To Net: NetName=CANH Pin=VD1-1
Added Pin To Net: NetName=CANH Pin=XP2-4
Added Pin To Net: NetName=CANH Pin=XP3-4
Added Net: Name=CANH
Added Pin To Net: NetName=CANL Pin=FU2-1
Added Pin To Net: NetName=CANL Pin=VD1-2
Added Pin To Net: NetName=CANL Pin=XP2-2
Added Pin To Net: NetName=CANL Pin=XP3-2
Added Net: Name=CANL
Added Pin To Net: NetName=GND Pin=C1-1
Added Pin To Net: NetName=GND Pin=C2-1
Added Pin To Net: NetName=GND Pin=C3-1
Added Pin To Net: NetName=GND Pin=C4-1
Added Pin To Net: NetName=GND Pin=C5-1
Added Pin To Net: NetName=GND Pin=C6-2
Added Pin To Net: NetName=GND Pin=C7-1
Added Pin To Net: NetName=GND Pin=C8-1
Added Pin To Net: NetName=GND Pin=C9-1
Added Pin To Net: NetName=GND Pin=C10-1
Added Pin To Net: NetName=GND Pin=C11-1
Added Pin To Net: NetName=GND Pin=C12-1
Added Pin To Net: NetName=GND Pin=C13-1
Added Pin To Net: NetName=GND Pin=C14-1
Added Pin To Net: NetName=GND Pin=C15-1
Added Pin To Net: NetName=GND Pin=C16-2
Added Pin To Net: NetName=GND Pin=C17-1
Added Pin To Net: NetName=GND Pin=C18-1
Added Pin To Net: NetName=GND Pin=C19-2
Added Pin To Net: NetName=GND Pin=C20-1
Added Pin To Net: NetName=GND Pin=C21-1
Added Pin To Net: NetName=GND Pin=C22-2
Added Pin To Net: NetName=GND Pin=DA1-4
Added Pin To Net: NetName=GND Pin=DA2-2
Added Pin To Net: NetName=GND Pin=DD1-21
Added Pin To Net: NetName=GND Pin=DD1-41
Added Pin To Net: NetName=GND Pin=J1-2
Added Pin To Net: NetName=GND Pin=J2-2
Added Pin To Net: NetName=GND Pin=R3-1
Added Pin To Net: NetName=GND Pin=R4-1
Added Pin To Net: NetName=GND Pin=R7-1
Added Pin To Net: NetName=GND Pin=R8-1
Added Pin To Net: NetName=GND Pin=R15-2
Added Pin To Net: NetName=GND Pin=R20-1
Added Pin To Net: NetName=GND Pin=R22-1
Added Pin To Net: NetName=GND Pin=R24-1
Added Pin To Net: NetName=GND Pin=R26-1
Added Pin To Net: NetName=GND Pin=VD1-3
Added Pin To Net: NetName=GND Pin=VD2-1
Added Pin To Net: NetName=GND Pin=VD4-1
Added Pin To Net: NetName=GND Pin=VD6-1
Added Pin To Net: NetName=GND Pin=VD7-1
Added Pin To Net: NetName=GND Pin=VD8-1
Added Pin To Net: NetName=GND Pin=VD10-1
Added Pin To Net: NetName=GND Pin=VD12-1
Added Pin To Net: NetName=GND Pin=VD13-1
Added Pin To Net: NetName=GND Pin=VT3-2
Added Pin To Net: NetName=GND Pin=VT4-2
Added Pin To Net: NetName=GND Pin=XP2-1
Added Pin To Net: NetName=GND Pin=XP3-1
Added Pin To Net: NetName=GND Pin=XP4-5
Added Net: Name=GND
Added Pin To Net: NetName=ISP_Start Pin=C12-2
Added Pin To Net: NetName=ISP_Start Pin=DD1-4
Added Pin To Net: NetName=ISP_Start Pin=J2-1
Added Pin To Net: NetName=ISP_Start Pin=R12-1
Added Net: Name=ISP_Start
Added Pin To Net: NetName=MISO0 Pin=DD1-27
Added Net: Name=MISO0
Added Pin To Net: NetName=MOSI0 Pin=DD1-28
Added Net: Name=MOSI0
Added Pin To Net: NetName=NetC13_2 Pin=C13-2
Added Pin To Net: NetName=NetC13_2 Pin=R13-2
Added Pin To Net: NetName=NetC13_2 Pin=VD9-2
Added Pin To Net: NetName=NetC13_2 Pin=VD10-2
Added Pin To Net: NetName=NetC13_2 Pin=VD11-3
Added Pin To Net: NetName=NetC13_2 Pin=VT1-3
Added Pin To Net: NetName=NetC13_2 Pin=VT2-2
Added Net: Name=NetC13_2
Added Pin To Net: NetName=NetC18_2 Pin=C18-2
Added Pin To Net: NetName=NetC18_2 Pin=DA1-3
Added Pin To Net: NetName=NetC18_2 Pin=R18-2
Added Net: Name=NetC18_2
Added Pin To Net: NetName=NetDA1_1 Pin=DA1-1
Added Pin To Net: NetName=NetDA1_1 Pin=DA1-7
Added Pin To Net: NetName=NetDA1_1 Pin=DA1-8
Added Pin To Net: NetName=NetDA1_1 Pin=R16-1
Added Pin To Net: NetName=NetDA1_1 Pin=R17-1
Added Net: Name=NetDA1_1
Added Pin To Net: NetName=NetDA1_2 Pin=DA1-2
Added Pin To Net: NetName=NetDA1_2 Pin=L1-2
Added Pin To Net: NetName=NetDA1_2 Pin=R18-1
Added Pin To Net: NetName=NetDA1_2 Pin=VD13-2
Added Net: Name=NetDA1_2
Added Pin To Net: NetName=NetDA1_5 Pin=DA1-5
Added Pin To Net: NetName=NetDA1_5 Pin=R19-2
Added Pin To Net: NetName=NetDA1_5 Pin=R20-2
Added Net: Name=NetDA1_5
Added Pin To Net: NetName=NetDA2_4 Pin=DA2-4
Added Pin To Net: NetName=NetDA2_4 Pin=R21-1
Added Pin To Net: NetName=NetDA2_4 Pin=R22-2
Added Net: Name=NetDA2_4
Added Pin To Net: NetName=NetDD1_10 Pin=DD1-10
Added Net: Name=NetDD1_10
Added Pin To Net: NetName=NetDD1_18 Pin=DD1-18
Added Pin To Net: NetName=NetDD1_18 Pin=FU2-2
Added Net: Name=NetDD1_18
Added Pin To Net: NetName=NetDD1_19 Pin=DD1-19
Added Pin To Net: NetName=NetDD1_19 Pin=FU1-2
Added Net: Name=NetDD1_19
Added Pin To Net: NetName=NetFU3_2 Pin=FU3-2
Added Pin To Net: NetName=NetFU3_2 Pin=VD3-2
Added Pin To Net: NetName=NetFU3_2 Pin=VD4-2
Added Net: Name=NetFU3_2
Added Pin To Net: NetName=NetFU4_2 Pin=FU4-2
Added Pin To Net: NetName=NetFU4_2 Pin=VD5-2
Added Pin To Net: NetName=NetFU4_2 Pin=VD7-2
Added Net: Name=NetFU4_2
Added Pin To Net: NetName=NetFU5_2 Pin=FU5-2
Added Pin To Net: NetName=NetFU5_2 Pin=VD9-1
Added Net: Name=NetFU5_2
Added Pin To Net: NetName=NetK1_2 Pin=K1-2
Added Pin To Net: NetName=NetK1_2 Pin=VD14-1
Added Pin To Net: NetName=NetK1_2 Pin=VT3-3
Added Net: Name=NetK1_2
Added Pin To Net: NetName=NetK2_2 Pin=K2-2
Added Pin To Net: NetName=NetK2_2 Pin=VD15-1
Added Pin To Net: NetName=NetK2_2 Pin=VT4-3
Added Net: Name=NetK2_2
Added Pin To Net: NetName=NetR1_1 Pin=R1-1
Added Pin To Net: NetName=NetR1_1 Pin=VD3-3
Added Net: Name=NetR1_1
Added Pin To Net: NetName=NetR5_1 Pin=R5-1
Added Pin To Net: NetName=NetR5_1 Pin=VD5-3
Added Net: Name=NetR5_1
Added Pin To Net: NetName=NetR9_2 Pin=R9-2
Added Pin To Net: NetName=NetR9_2 Pin=VD8-2
Added Net: Name=NetR9_2
Added Pin To Net: NetName=NetR10_2 Pin=R10-2
Added Pin To Net: NetName=NetR10_2 Pin=XP4-2
Added Net: Name=NetR10_2
Added Pin To Net: NetName=NetR13_1 Pin=R13-1
Added Pin To Net: NetName=NetR13_1 Pin=R14-1
Added Pin To Net: NetName=NetR13_1 Pin=VD12-3
Added Net: Name=NetR13_1
Added Pin To Net: NetName=NetR14_2 Pin=R14-2
Added Pin To Net: NetName=NetR14_2 Pin=VT2-1
Added Net: Name=NetR14_2
Added Pin To Net: NetName=NetR15_1 Pin=R15-1
Added Pin To Net: NetName=NetR15_1 Pin=VD11-1
Added Pin To Net: NetName=NetR15_1 Pin=VT1-1
Added Pin To Net: NetName=NetR15_1 Pin=VT2-3
Added Net: Name=NetR15_1
Added Pin To Net: NetName=NetR23_2 Pin=R23-2
Added Pin To Net: NetName=NetR23_2 Pin=R24-2
Added Pin To Net: NetName=NetR23_2 Pin=VT3-1
Added Net: Name=NetR23_2
Added Pin To Net: NetName=NetR25_2 Pin=R25-2
Added Pin To Net: NetName=NetR25_2 Pin=R26-2
Added Pin To Net: NetName=NetR25_2 Pin=VT4-1
Added Net: Name=NetR25_2
Added Pin To Net: NetName=Relay1_Main Pin=K1-11
Added Pin To Net: NetName=Relay1_Main Pin=XP1-9
Added Net: Name=Relay1_Main
Added Pin To Net: NetName=Relay1_R Pin=K1-14
Added Pin To Net: NetName=Relay1_R Pin=XP1-5
Added Net: Name=Relay1_R
Added Pin To Net: NetName=Relay1_Z Pin=K1-12
Added Pin To Net: NetName=Relay1_Z Pin=XP1-10
Added Net: Name=Relay1_Z
Added Pin To Net: NetName=RELAY1 Pin=DD1-37
Added Pin To Net: NetName=RELAY1 Pin=R23-1
Added Net: Name=RELAY1
Added Pin To Net: NetName=Relay2_Main Pin=K2-11
Added Pin To Net: NetName=Relay2_Main Pin=XP1-6
Added Net: Name=Relay2_Main
Added Pin To Net: NetName=Relay2_R Pin=K2-14
Added Pin To Net: NetName=Relay2_R Pin=XP1-8
Added Net: Name=Relay2_R
Added Pin To Net: NetName=Relay2_Z Pin=K2-12
Added Pin To Net: NetName=Relay2_Z Pin=XP1-7
Added Net: Name=Relay2_Z
Added Pin To Net: NetName=RELAY2 Pin=DD1-36
Added Pin To Net: NetName=RELAY2 Pin=R25-1
Added Net: Name=RELAY2
Added Pin To Net: NetName=RESET Pin=C11-2
Added Pin To Net: NetName=RESET Pin=DD1-3
Added Pin To Net: NetName=RESET Pin=J1-1
Added Pin To Net: NetName=RESET Pin=R11-1
Added Net: Name=RESET
Added Pin To Net: NetName=RXD Pin=DD1-46
Added Pin To Net: NetName=RXD Pin=XP4-3
Added Net: Name=RXD
Added Pin To Net: NetName=SCK0 Pin=DD1-29
Added Net: Name=SCK0
Added Pin To Net: NetName=SENSE1_F Pin=C1-2
Added Pin To Net: NetName=SENSE1_F Pin=DD1-34
Added Pin To Net: NetName=SENSE1_F Pin=R3-2
Added Pin To Net: NetName=SENSE1_F Pin=VD3-1
Added Net: Name=SENSE1_F
Added Pin To Net: NetName=Sense1 Pin=FU3-1
Added Pin To Net: NetName=Sense1 Pin=XP1-2
Added Net: Name=Sense1
Added Pin To Net: NetName=SENSE2_F Pin=C3-2
Added Pin To Net: NetName=SENSE2_F Pin=DD1-35
Added Pin To Net: NetName=SENSE2_F Pin=R7-2
Added Pin To Net: NetName=SENSE2_F Pin=VD5-1
Added Net: Name=SENSE2_F
Added Pin To Net: NetName=Sense2 Pin=FU4-1
Added Pin To Net: NetName=Sense2 Pin=XP1-3
Added Net: Name=Sense2
Added Pin To Net: NetName=SS1 Pin=DD1-2
Added Net: Name=SS1
Added Pin To Net: NetName=TXD Pin=DD1-47
Added Pin To Net: NetName=TXD Pin=R10-1
Added Net: Name=TXD
Added Pin To Net: NetName=VIN_F Pin=C14-2
Added Pin To Net: NetName=VIN_F Pin=C15-2
Added Pin To Net: NetName=VIN_F Pin=DA1-6
Added Pin To Net: NetName=VIN_F Pin=R16-2
Added Pin To Net: NetName=VIN_F Pin=R17-2
Added Pin To Net: NetName=VIN_F Pin=VT1-2
Added Net: Name=VIN_F
Added Pin To Net: NetName=VIN Pin=FU5-1
Added Pin To Net: NetName=VIN Pin=XP2-3
Added Pin To Net: NetName=VIN Pin=XP3-3
Added Net: Name=VIN
Added Pin To Net: NetName=XTALIN Pin=C10-2
Added Pin To Net: NetName=XTALIN Pin=DD1-5
Added Pin To Net: NetName=XTALIN Pin=QR1-1
Added Net: Name=XTALIN
Added Pin To Net: NetName=XTALOUT Pin=C9-2
Added Pin To Net: NetName=XTALOUT Pin=DD1-6
Added Pin To Net: NetName=XTALOUT Pin=QR1-2
Added Net: Name=XTALOUT
Added Class: Name=Connections
Added Class: Name=Inputs
Added Class: Name=MCU
Added Class: Name=Power
Added Class: Name=Relays
