Added Component: Designator=ANT1(ANT_IFA_2.4G_BEST)
Add component. Clean all parameters for all variants
Add component (AddParameter): Name = "Value"; Value = "IFA_TI_2.4G_Reference"; VariantName = "[No Variations]"
Added Component: Designator=C1(CC0603)
Add component. Clean all parameters for all variants
Add component (AddParameter): Name = "Value"; Value = "0.1uF"; VariantName = "[No Variations]"
Added Component: Designator=C2(CC0603)
Add component. Clean all parameters for all variants
Add component (AddParameter): Name = "Value"; Value = "0.1uF"; VariantName = "[No Variations]"
Added Component: Designator=C3(CC0603)
Add component. Clean all parameters for all variants
Add component (AddParameter): Name = "Value"; Value = "0.1uF"; VariantName = "[No Variations]"
Added Component: Designator=C4(CC0603)
Add component. Clean all parameters for all variants
Add component (AddParameter): Name = "Value"; Value = "0.1uF"; VariantName = "[No Variations]"
Added Component: Designator=C5(CC0603)
Add component. Clean all parameters for all variants
Add component (AddParameter): Name = "Value"; Value = "0.1uF"; VariantName = "[No Variations]"
Added Component: Designator=C6(CC0603)
Add component. Clean all parameters for all variants
Add component (AddParameter): Name = "Value"; Value = "1uF"; VariantName = "[No Variations]"
Added Component: Designator=C7(CC0805)
Add component. Clean all parameters for all variants
Add component (AddParameter): Name = "Value"; Value = "10uF"; VariantName = "[No Variations]"
Added Component: Designator=C8(CC0805)
Add component. Clean all parameters for all variants
Add component (AddParameter): Name = "Value"; Value = "10uF"; VariantName = "[No Variations]"
Added Component: Designator=C9(CC0603)
Add component. Clean all parameters for all variants
Add component (AddParameter): Name = "Value"; Value = "0.1uF"; VariantName = "[No Variations]"
Added Component: Designator=C10(CC0603)
Add component. Clean all parameters for all variants
Add component (AddParameter): Name = "Value"; Value = "0.1uF"; VariantName = "[No Variations]"
Added Component: Designator=C11(CC0603)
Add component. Clean all parameters for all variants
Add component (AddParameter): Name = "Value"; Value = "12pF"; VariantName = "[No Variations]"
Added Component: Designator=C12(CC0603)
Add component. Clean all parameters for all variants
Add component (AddParameter): Name = "Value"; Value = "12pF"; VariantName = "[No Variations]"
Added Component: Designator=C13(CC0603)
Add component. Clean all parameters for all variants
Add component (AddParameter): Name = "Value"; Value = "22pF"; VariantName = "[No Variations]"
Added Component: Designator=C14(CC0603)
Add component. Clean all parameters for all variants
Add component (AddParameter): Name = "Value"; Value = "22pF"; VariantName = "[No Variations]"
Added Component: Designator=C15(CC0603)
Add component. Clean all parameters for all variants
Add component (AddParameter): Name = "Value"; Value = "1pF"; VariantName = "[No Variations]"
Added Component: Designator=C16(CC0603)
Add component. Clean all parameters for all variants
Add component (AddParameter): Name = "Value"; Value = "6.8pF"; VariantName = "[No Variations]"
Added Component: Designator=C17(CC0603)
Add component. Clean all parameters for all variants
Add component (AddParameter): Name = "Value"; Value = "12pF"; VariantName = "[No Variations]"
Added Component: Designator=C18(CC0603)
Add component. Clean all parameters for all variants
Add component (AddParameter): Name = "Value"; Value = "1pF"; VariantName = "[No Variations]"
Added Component: Designator=C19(CC0603)
Add component. Clean all parameters for all variants
Add component (AddParameter): Name = "Value"; Value = "1pF"; VariantName = "[No Variations]"
Added Component: Designator=DD1(QFN32_TI)
Add component. Clean all parameters for all variants
Add component (AddParameter): Name = "Value"; Value = "CC2650"; VariantName = "[No Variations]"
Added Component: Designator=DD2(SO-8)
Add component. Clean all parameters for all variants
Add component (AddParameter): Name = "Value"; Value = ""; VariantName = "[No Variations]"
Added Component: Designator=L1(L0603)
Add component. Clean all parameters for all variants
Add component (AddParameter): Name = "Value"; Value = "BLM18HE152SN1"; VariantName = "[No Variations]"
Added Component: Designator=L2(RC0805)
Add component. Clean all parameters for all variants
Add component (AddParameter): Name = "Value"; Value = "10uH"; VariantName = "[No Variations]"
Added Component: Designator=L3(L0402)
Add component. Clean all parameters for all variants
Add component (AddParameter): Name = "Value"; Value = "2.4nH"; VariantName = "[No Variations]"
Added Component: Designator=L4(L0402)
Add component. Clean all parameters for all variants
Add component (AddParameter): Name = "Value"; Value = "2nH"; VariantName = "[No Variations]"
Added Component: Designator=L5(L0402)
Add component. Clean all parameters for all variants
Add component (AddParameter): Name = "Value"; Value = "2nH"; VariantName = "[No Variations]"
Added Component: Designator=L6(L0402)
Add component. Clean all parameters for all variants
Add component (AddParameter): Name = "Value"; Value = "2.4nH"; VariantName = "[No Variations]"
Added Component: Designator=QR1(MS3V-T1R)
Add component. Clean all parameters for all variants
Add component (AddParameter): Name = "Value"; Value = ""; VariantName = "[No Variations]"
Added Component: Designator=QR2(AC5032_2)
Add component. Clean all parameters for all variants
Add component (AddParameter): Name = "Value"; Value = "SJK-6L-24.0"; VariantName = "[No Variations]"
Added Component: Designator=R1(RC0603)
Add component. Clean all parameters for all variants
Add component (AddParameter): Name = "Value"; Value = "100k"; VariantName = "[No Variations]"
Added Component: Designator=REPER1(REPER1.2)
Add component. Clean all parameters for all variants
Add component (AddParameter): Name = "Value"; Value = ""; VariantName = "[No Variations]"
Added Component: Designator=REPER2(REPER1.2)
Add component. Clean all parameters for all variants
Add component (AddParameter): Name = "Value"; Value = ""; VariantName = "[No Variations]"
Added Component: Designator=XP1(PLD2-10)
Add component. Clean all parameters for all variants
Add component (AddParameter): Name = "Value"; Value = "PLD2-10"; VariantName = "[No Variations]"
Added Component: Designator=XP2(PLS2-04)
Add component. Clean all parameters for all variants
Add component (AddParameter): Name = "Value"; Value = ""; VariantName = "[No Variations]"
Added Component: Designator=XP3(PLS2-03)
Add component. Clean all parameters for all variants
Add component (AddParameter): Name = "Value"; Value = ""; VariantName = "[No Variations]"
Added Component: Designator=XP4(PLS2-02)
Add component. Clean all parameters for all variants
Add component (AddParameter): Name = "Value"; Value = ""; VariantName = "[No Variations]"
Added Pin To Net: NetName=+3V_F Pin=C3-2
Added Pin To Net: NetName=+3V_F Pin=C5-2
Added Pin To Net: NetName=+3V_F Pin=C8-2
Added Pin To Net: NetName=+3V_F Pin=C9-2
Added Pin To Net: NetName=+3V_F Pin=DD1-11
Added Pin To Net: NetName=+3V_F Pin=DD1-18
Added Pin To Net: NetName=+3V_F Pin=DD1-28
Added Pin To Net: NetName=+3V_F Pin=L1-2
Added Pin To Net: NetName=+3V_F Pin=R1-2
Added Net: Name=+3V_F
Added Pin To Net: NetName=+3V Pin=C4-1
Added Pin To Net: NetName=+3V Pin=DD2-3
Added Pin To Net: NetName=+3V Pin=DD2-7
Added Pin To Net: NetName=+3V Pin=DD2-8
Added Pin To Net: NetName=+3V Pin=L1-1
Added Pin To Net: NetName=+3V Pin=XP1-1
Added Pin To Net: NetName=+3V Pin=XP4-1
Added Net: Name=+3V
Added Pin To Net: NetName=BT_MRDO Pin=DD1-8
Added Pin To Net: NetName=BT_MRDO Pin=XP2-4
Added Net: Name=BT_MRDO
Added Pin To Net: NetName=BT_RX Pin=DD1-7
Added Pin To Net: NetName=BT_RX Pin=XP1-7
Added Pin To Net: NetName=BT_RX Pin=XP2-3
Added Net: Name=BT_RX
Added Pin To Net: NetName=BT_TX Pin=DD1-6
Added Pin To Net: NetName=BT_TX Pin=XP1-9
Added Pin To Net: NetName=BT_TX Pin=XP2-1
Added Net: Name=BT_TX
Added Pin To Net: NetName=GND Pin=ANT1-2
Added Pin To Net: NetName=GND Pin=ANT1-2
Added Pin To Net: NetName=GND Pin=C1-2
Added Pin To Net: NetName=GND Pin=C2-2
Added Pin To Net: NetName=GND Pin=C3-1
Added Pin To Net: NetName=GND Pin=C4-2
Added Pin To Net: NetName=GND Pin=C5-1
Added Pin To Net: NetName=GND Pin=C6-2
Added Pin To Net: NetName=GND Pin=C7-1
Added Pin To Net: NetName=GND Pin=C8-1
Added Pin To Net: NetName=GND Pin=C9-1
Added Pin To Net: NetName=GND Pin=C10-1
Added Pin To Net: NetName=GND Pin=C11-2
Added Pin To Net: NetName=GND Pin=C12-2
Added Pin To Net: NetName=GND Pin=C13-2
Added Pin To Net: NetName=GND Pin=C14-2
Added Pin To Net: NetName=GND Pin=C16-1
Added Pin To Net: NetName=GND Pin=C18-2
Added Pin To Net: NetName=GND Pin=C19-2
Added Pin To Net: NetName=GND Pin=DD1-33
Added Pin To Net: NetName=GND Pin=DD2-4
Added Pin To Net: NetName=GND Pin=QR1-3
Added Pin To Net: NetName=GND Pin=XP1-3
Added Pin To Net: NetName=GND Pin=XP1-5
Added Pin To Net: NetName=GND Pin=XP2-2
Added Pin To Net: NetName=GND Pin=XP3-3
Added Net: Name=GND
Added Pin To Net: NetName=MISO Pin=DD1-25
Added Pin To Net: NetName=MISO Pin=DD2-2
Added Net: Name=MISO
Added Pin To Net: NetName=MOSI Pin=DD1-24
Added Pin To Net: NetName=MOSI Pin=DD2-5
Added Net: Name=MOSI
Added Pin To Net: NetName=NetANT1_1 Pin=ANT1-1
Added Pin To Net: NetName=NetANT1_1 Pin=C17-2
Added Net: Name=NetANT1_1
Added Pin To Net: NetName=NetC1_1 Pin=C1-1
Added Pin To Net: NetName=NetC1_1 Pin=C2-1
Added Pin To Net: NetName=NetC1_1 Pin=C7-2
Added Pin To Net: NetName=NetC1_1 Pin=DD1-29
Added Pin To Net: NetName=NetC1_1 Pin=DD1-32
Added Pin To Net: NetName=NetC1_1 Pin=L2-2
Added Net: Name=NetC1_1
Added Pin To Net: NetName=NetC6_1 Pin=C6-1
Added Pin To Net: NetName=NetC6_1 Pin=DD1-12
Added Net: Name=NetC6_1
Added Pin To Net: NetName=NetC10_2 Pin=C10-2
Added Pin To Net: NetName=NetC10_2 Pin=DD1-19
Added Pin To Net: NetName=NetC10_2 Pin=R1-1
Added Pin To Net: NetName=NetC10_2 Pin=XP1-10
Added Net: Name=NetC10_2
Added Pin To Net: NetName=NetC13_1 Pin=C13-1
Added Pin To Net: NetName=NetC13_1 Pin=DD1-31
Added Pin To Net: NetName=NetC13_1 Pin=QR2-1
Added Net: Name=NetC13_1
Added Pin To Net: NetName=NetC14_1 Pin=C14-1
Added Pin To Net: NetName=NetC14_1 Pin=DD1-30
Added Pin To Net: NetName=NetC14_1 Pin=QR2-2
Added Net: Name=NetC14_1
Added Pin To Net: NetName=NetC15_2 Pin=C15-2
Added Pin To Net: NetName=NetC15_2 Pin=L4-1
Added Pin To Net: NetName=NetC15_2 Pin=L6-2
Added Net: Name=NetC15_2
Added Pin To Net: NetName=NetC16_2 Pin=C16-2
Added Pin To Net: NetName=NetC16_2 Pin=L3-1
Added Net: Name=NetC16_2
Added Pin To Net: NetName=NetC17_1 Pin=C17-1
Added Pin To Net: NetName=NetC17_1 Pin=L5-2
Added Net: Name=NetC17_1
Added Pin To Net: NetName=NetC18_1 Pin=C18-1
Added Pin To Net: NetName=NetC18_1 Pin=L4-2
Added Pin To Net: NetName=NetC18_1 Pin=L5-1
Added Net: Name=NetC18_1
Added Pin To Net: NetName=NetDD1_13 Pin=DD1-13
Added Pin To Net: NetName=NetDD1_13 Pin=XP1-2
Added Net: Name=NetDD1_13
Added Pin To Net: NetName=NetDD1_14 Pin=DD1-14
Added Pin To Net: NetName=NetDD1_14 Pin=XP1-4
Added Net: Name=NetDD1_14
Added Pin To Net: NetName=NetDD1_15 Pin=DD1-15
Added Pin To Net: NetName=NetDD1_15 Pin=XP1-6
Added Net: Name=NetDD1_15
Added Pin To Net: NetName=NetDD1_16 Pin=DD1-16
Added Pin To Net: NetName=NetDD1_16 Pin=XP1-8
Added Net: Name=NetDD1_16
Added Pin To Net: NetName=NetDD1_17 Pin=DD1-17
Added Pin To Net: NetName=NetDD1_17 Pin=L2-1
Added Net: Name=NetDD1_17
Added Pin To Net: NetName=RF_N Pin=C19-1
Added Pin To Net: NetName=RF_N Pin=DD1-2
Added Pin To Net: NetName=RF_N Pin=L6-1
Added Net: Name=RF_N
Added Pin To Net: NetName=RF_P Pin=C15-1
Added Pin To Net: NetName=RF_P Pin=DD1-1
Added Pin To Net: NetName=RF_P Pin=L3-2
Added Net: Name=RF_P
Added Pin To Net: NetName=SCK Pin=DD1-23
Added Pin To Net: NetName=SCK Pin=DD2-6
Added Net: Name=SCK
Added Pin To Net: NetName=SS0 Pin=DD1-22
Added Pin To Net: NetName=SS0 Pin=DD2-1
Added Net: Name=SS0
Added Pin To Net: NetName=X32K_Q1 Pin=C11-1
Added Pin To Net: NetName=X32K_Q1 Pin=DD1-4
Added Pin To Net: NetName=X32K_Q1 Pin=QR1-2
Added Net: Name=X32K_Q1
Added Pin To Net: NetName=X32K_Q2 Pin=C12-1
Added Pin To Net: NetName=X32K_Q2 Pin=DD1-5
Added Pin To Net: NetName=X32K_Q2 Pin=QR1-1
Added Net: Name=X32K_Q2
Added Class: Name=[3]-MCU
Added Class: Name=[4]-RF
Added Class: Name=[5]-CONNECTORS
Added Room: Name=[3]-MCU
Added Room: Name=[4]-RF
Added Room: Name=[5]-CONNECTORS
