Added Component: Designator=C1(CC8X3.5)
Add component. Clean all parameters for all variants
Add component (AddParameter): Name = "Value"; Value = "470uFx25V"; VariantName = "[No Variations]"
Added Component: Designator=C2(CC0603)
Add component. Clean all parameters for all variants
Add component (AddParameter): Name = "Value"; Value = "0.1uF"; VariantName = "[No Variations]"
Added Component: Designator=C3(CC0603)
Add component. Clean all parameters for all variants
Add component (AddParameter): Name = "Value"; Value = "0.1uF"; VariantName = "[No Variations]"
Added Component: Designator=C4(CC8X3.5)
Add component. Clean all parameters for all variants
Add component (AddParameter): Name = "Value"; Value = "470uFx6.3V"; VariantName = "[No Variations]"
Added Component: Designator=DA1(D-PAK(TO-252AA))
Add component. Clean all parameters for all variants
Add component (AddParameter): Name = "Value"; Value = ""; VariantName = "[No Variations]"
Added Component: Designator=J1(DCJ25)
Add component. Clean all parameters for all variants
Add component (AddParameter): Name = "Value"; Value = ""; VariantName = "[No Variations]"
Added Component: Designator=J2(PLS-02)
Add component. Clean all parameters for all variants
Add component (AddParameter): Name = "Value"; Value = ""; VariantName = "[No Variations]"
Added Component: Designator=R1(RC0603)
Add component. Clean all parameters for all variants
Add component (AddParameter): Name = "Value"; Value = "1k"; VariantName = "[No Variations]"
Added Component: Designator=R2(RC0603)
Add component. Clean all parameters for all variants
Add component (AddParameter): Name = "Value"; Value = "100E"; VariantName = "[No Variations]"
Added Component: Designator=S1(7906H-1)
Add component. Clean all parameters for all variants
Add component (AddParameter): Name = "Value"; Value = "{Value}"; VariantName = "[No Variations]"
Added Component: Designator=VD1(SOT-23(123))
Add component. Clean all parameters for all variants
Add component (AddParameter): Name = "Value"; Value = ""; VariantName = "[No Variations]"
Added Component: Designator=VD2(LED0805)
Add component. Clean all parameters for all variants
Add component (AddParameter): Name = "Value"; Value = "LED_0805"; VariantName = "[No Variations]"
Added Component: Designator=XP1(BH-10)
Add component. Clean all parameters for all variants
Add component (AddParameter): Name = "Value"; Value = ""; VariantName = "[No Variations]"
Added Component: Designator=XP2(PLD2-10)
Add component. Clean all parameters for all variants
Add component (AddParameter): Name = "Value"; Value = "PBD2-10"; VariantName = "[No Variations]"
Added Component: Designator=XP3(BH-20)
Add component. Clean all parameters for all variants
Add component (AddParameter): Name = "Value"; Value = "BH-20"; VariantName = "[No Variations]"
Added Component: Designator=XP4(KLS1-238)
Add component. Clean all parameters for all variants
Add component (AddParameter): Name = "Value"; Value = "KLS1-238"; VariantName = "[No Variations]"
Added Component: Designator=XP5(BH-10)
Add component. Clean all parameters for all variants
Add component (AddParameter): Name = "Value"; Value = ""; VariantName = "[No Variations]"
Added Component: Designator=XP6(PIN6)
Add component. Clean all parameters for all variants
Add component (AddParameter): Name = "Value"; Value = ""; VariantName = "[No Variations]"
Added Pin To Net: NetName=+3V3 Pin=J2-2
Added Pin To Net: NetName=+3V3 Pin=XP1-1
Added Pin To Net: NetName=+3V3 Pin=XP2-1
Added Pin To Net: NetName=+3V3 Pin=XP5-1
Added Net: Name=+3V3
Added Pin To Net: NetName=BT_RX Pin=XP1-7
Added Pin To Net: NetName=BT_RX Pin=XP2-7
Added Pin To Net: NetName=BT_RX Pin=XP5-7
Added Pin To Net: NetName=BT_RX Pin=XP6-3
Added Net: Name=BT_RX
Added Pin To Net: NetName=BT_TX Pin=R2-1
Added Pin To Net: NetName=BT_TX Pin=XP1-9
Added Pin To Net: NetName=BT_TX Pin=XP2-9
Added Pin To Net: NetName=BT_TX Pin=XP5-9
Added Net: Name=BT_TX
Added Pin To Net: NetName=GND Pin=C1-2
Added Pin To Net: NetName=GND Pin=C2-1
Added Pin To Net: NetName=GND Pin=C3-1
Added Pin To Net: NetName=GND Pin=C4-2
Added Pin To Net: NetName=GND Pin=DA1-1
Added Pin To Net: NetName=GND Pin=J1-1
Added Pin To Net: NetName=GND Pin=J1-2
Added Pin To Net: NetName=GND Pin=S1-3
Added Pin To Net: NetName=GND Pin=S1-4
Added Pin To Net: NetName=GND Pin=VD2-2
Added Pin To Net: NetName=GND Pin=XP1-3
Added Pin To Net: NetName=GND Pin=XP1-5
Added Pin To Net: NetName=GND Pin=XP2-3
Added Pin To Net: NetName=GND Pin=XP2-5
Added Pin To Net: NetName=GND Pin=XP3-4
Added Pin To Net: NetName=GND Pin=XP3-6
Added Pin To Net: NetName=GND Pin=XP3-8
Added Pin To Net: NetName=GND Pin=XP3-10
Added Pin To Net: NetName=GND Pin=XP3-12
Added Pin To Net: NetName=GND Pin=XP3-14
Added Pin To Net: NetName=GND Pin=XP3-16
Added Pin To Net: NetName=GND Pin=XP3-18
Added Pin To Net: NetName=GND Pin=XP3-20
Added Pin To Net: NetName=GND Pin=XP4-5
Added Pin To Net: NetName=GND Pin=XP4-6
Added Pin To Net: NetName=GND Pin=XP4-6
Added Pin To Net: NetName=GND Pin=XP4-6
Added Pin To Net: NetName=GND Pin=XP4-6
Added Pin To Net: NetName=GND Pin=XP4-6
Added Pin To Net: NetName=GND Pin=XP4-6
Added Pin To Net: NetName=GND Pin=XP5-3
Added Pin To Net: NetName=GND Pin=XP5-5
Added Pin To Net: NetName=GND Pin=XP6-5
Added Net: Name=GND
Added Pin To Net: NetName=JTAG_TCK Pin=XP1-4
Added Pin To Net: NetName=JTAG_TCK Pin=XP2-4
Added Pin To Net: NetName=JTAG_TCK Pin=XP3-9
Added Pin To Net: NetName=JTAG_TCK Pin=XP5-4
Added Net: Name=JTAG_TCK
Added Pin To Net: NetName=JTAG_TDI Pin=XP1-8
Added Pin To Net: NetName=JTAG_TDI Pin=XP2-8
Added Pin To Net: NetName=JTAG_TDI Pin=XP3-5
Added Pin To Net: NetName=JTAG_TDI Pin=XP5-8
Added Net: Name=JTAG_TDI
Added Pin To Net: NetName=JTAG_TDO Pin=XP1-6
Added Pin To Net: NetName=JTAG_TDO Pin=XP2-6
Added Pin To Net: NetName=JTAG_TDO Pin=XP3-13
Added Pin To Net: NetName=JTAG_TDO Pin=XP5-6
Added Net: Name=JTAG_TDO
Added Pin To Net: NetName=JTAG_TMS Pin=XP1-2
Added Pin To Net: NetName=JTAG_TMS Pin=XP2-2
Added Pin To Net: NetName=JTAG_TMS Pin=XP3-7
Added Pin To Net: NetName=JTAG_TMS Pin=XP5-2
Added Net: Name=JTAG_TMS
Added Pin To Net: NetName=NetC1_1 Pin=C1-1
Added Pin To Net: NetName=NetC1_1 Pin=C2-2
Added Pin To Net: NetName=NetC1_1 Pin=DA1-2
Added Pin To Net: NetName=NetC1_1 Pin=R1-2
Added Pin To Net: NetName=NetC1_1 Pin=VD1-3
Added Net: Name=NetC1_1
Added Pin To Net: NetName=NetC3_2 Pin=C3-2
Added Pin To Net: NetName=NetC3_2 Pin=C4-1
Added Pin To Net: NetName=NetC3_2 Pin=DA1-3
Added Pin To Net: NetName=NetC3_2 Pin=J2-1
Added Net: Name=NetC3_2
Added Pin To Net: NetName=NetJ1_3 Pin=J1-3
Added Pin To Net: NetName=NetJ1_3 Pin=VD1-1
Added Net: Name=NetJ1_3
Added Pin To Net: NetName=NetR1_1 Pin=R1-1
Added Pin To Net: NetName=NetR1_1 Pin=VD2-1
Added Net: Name=NetR1_1
Added Pin To Net: NetName=NetR2_2 Pin=R2-2
Added Pin To Net: NetName=NetR2_2 Pin=XP6-2
Added Net: Name=NetR2_2
Added Pin To Net: NetName=NetVD1_2 Pin=VD1-2
Added Pin To Net: NetName=NetVD1_2 Pin=XP4-1
Added Net: Name=NetVD1_2
Added Pin To Net: NetName=NetXP3_1 Pin=XP3-1
Added Net: Name=NetXP3_1
Added Pin To Net: NetName=RESET Pin=S1-1
Added Pin To Net: NetName=RESET Pin=S1-2
Added Pin To Net: NetName=RESET Pin=XP1-10
Added Pin To Net: NetName=RESET Pin=XP2-10
Added Pin To Net: NetName=RESET Pin=XP3-15
Added Pin To Net: NetName=RESET Pin=XP5-10
Added Net: Name=RESET
Added Class: Name=[3]-MAIN
Added Class: Name=[4]-INTERFACE_BOARD
