Added Component: Designator=C36(CC0603)
Added Component: Designator=R58(RC0603)
Added Component: Designator=R59(RC0603)
Added Component: Designator=VD5(SOT-23(GSD))
Added Pin To Net: NetName=GND Pin=C36-1
Added Pin To Net: NetName=COUNTER_2 Pin=C36-2
Added Pin To Net: NetName=NetC18_2 Pin=DD1-45
Added Pin To Net: NetName=C1 Pin=R25-1
Added Pin To Net: NetName=C2 Pin=R58-1
Added Pin To Net: NetName=COUNTER_2 Pin=R58-2
Added Pin To Net: NetName=GND Pin=R59-1
Added Pin To Net: NetName=COUNTER_2 Pin=R59-2
Added Pin To Net: NetName=GND Pin=VD5-1
Added Pin To Net: NetName=+3V3 Pin=VD5-2
Added Pin To Net: NetName=COUNTER_2 Pin=VD5-3
Change Net Name : Old Net Name=NetC18_2 New Net Name=COUNTER_1
Added Member To Class: ClassName=Input Member=Component C36 0.1uF
Added Member To Class: ClassName=Input Member=Component R58 100k
Added Member To Class: ClassName=Input Member=Component R59 33k
Added Member To Class: ClassName=Input Member=Component VD5 BAT54S
