Change Component Designator: Old Designator=C23 New Designator=C21
Change Component Designator: Old Designator=C24 New Designator=C22
Change Component Designator: Old Designator=C25 New Designator=C23
Change Component Designator: Old Designator=C26 New Designator=C24
Change Component Designator: Old Designator=C27 New Designator=C25
Change Component Designator: Old Designator=C28 New Designator=C26
Change Component Designator: Old Designator=C29 New Designator=C27
Change Component Designator: Old Designator=C30 New Designator=C28
Change Component Designator: Old Designator=C31 New Designator=C29
Change Component Designator: Old Designator=C32 New Designator=C30
Change Component Designator: Old Designator=C33 New Designator=C31
Change Component Designator: Old Designator=C34 New Designator=C32
Change Component Designator: Old Designator=C? New Designator=C20
Change Component Designator: Old Designator=DA2 New Designator=DA3
Change Component Designator: Old Designator=DA3 New Designator=DA4
Change Component Designator: Old Designator=FU? New Designator=FU4
Change Component Designator: Old Designator=L2 New Designator=L1
Change Component Designator: Old Designator=R30 New Designator=R32
Change Component Designator: Old Designator=R31 New Designator=R33
Change Component Designator: Old Designator=R32 New Designator=R34
Change Component Designator: Old Designator=R33 New Designator=R35
Change Component Designator: Old Designator=R34 New Designator=R36
Change Component Designator: Old Designator=R35 New Designator=R38
Change Component Designator: Old Designator=R36 New Designator=R37
Change Component Designator: Old Designator=R? New Designator=R29
Change Component Designator: Old Designator=R? New Designator=R30
Change Component Designator: Old Designator=R? New Designator=R31
Change Component Designator: Old Designator=VD21 New Designator=VD16
Change Component Designator: Old Designator=VD? New Designator=VD11
Change Component Designator: Old Designator=VD? New Designator=VD12
Change Component Designator: Old Designator=VD? New Designator=VD13
Change Component Designator: Old Designator=VD? New Designator=VD14
Change Component Designator: Old Designator=VD? New Designator=VD15
Change Component Designator: Old Designator=VT? New Designator=VT1
Change Component Designator: Old Designator=VT? New Designator=VT2
