Added Component: Designator=C3(CC0805)
Added Component: Designator=C4(CC0805)
Added Component: Designator=C5(CC0805)
Added Component: Designator=C6(CC0805)
Added Component: Designator=C7(CC0805)
Added Component: Designator=C8(CC0805)
Added Component: Designator=C9(CC0805)
Added Component: Designator=DD1(SO14)
Added Component: Designator=DD2(SO14)
Added Component: Designator=R10(RC0805)
Added Component: Designator=R11(RC0805)
Added Component: Designator=R12(RC0805)
Added Component: Designator=R13(RC0805)
Added Component: Designator=R14(RC0805)
Added Component: Designator=R15(RC0805)
Added Component: Designator=R16(RC0805)
Added Component: Designator=R17(RC0805)
Added Component: Designator=R18(RC0805)
Added Component: Designator=VD2(SOD-80)
Added Component: Designator=VT1(SOT-23(123))
Added Component: Designator=VT2(SOT-23(123))
Added Pin To Net: NetName=GND Pin=C3-1
Added Pin To Net: NetName=VCC Pin=C3-2
Added Pin To Net: NetName=GND Pin=C4-1
Added Pin To Net: NetName=NetC4_2 Pin=C4-2
Added Pin To Net: NetName=GND Pin=C5-1
Added Pin To Net: NetName=NetC5_2 Pin=C5-2
Added Pin To Net: NetName=GND Pin=C6-1
Added Pin To Net: NetName=VIN Pin=C6-2
Added Pin To Net: NetName=GND Pin=C7-1
Added Pin To Net: NetName=VIN Pin=C7-2
Added Pin To Net: NetName=GND Pin=C8-1
Added Pin To Net: NetName=NetC8_2 Pin=C8-2
Added Pin To Net: NetName=GND Pin=C9-1
Added Pin To Net: NetName=NetC9_2 Pin=C9-2
Added Pin To Net: NetName=NetDD1_1 Pin=DD1-1
Added Pin To Net: NetName=NetDD1_2 Pin=DD1-2
Added Pin To Net: NetName=NetDD1_3 Pin=DD1-3
Added Pin To Net: NetName=NetDD1_4 Pin=DD1-4
Added Pin To Net: NetName=NetDD1_2 Pin=DD1-6
Added Pin To Net: NetName=NetDD1_10 Pin=DD1-10
Added Pin To Net: NetName=NetDD1_11 Pin=DD1-11
Added Pin To Net: NetName=NetDD1_11 Pin=DD1-12
Added Pin To Net: NetName=NetDD1_10 Pin=DD1-13
Added Pin To Net: NetName=NetC5_2 Pin=DD2-1
Added Pin To Net: NetName=NetDD1_3 Pin=DD2-2
Added Pin To Net: NetName=NetC9_2 Pin=DD2-3
Added Pin To Net: NetName=NetDD2_4 Pin=DD2-4
Added Pin To Net: NetName=GND Pin=DD2-5
Added Pin To Net: NetName=GND Pin=DD2-9
Added Pin To Net: NetName=GND Pin=DD2-11
Added Pin To Net: NetName=GND Pin=DD2-13
Added Pin To Net: NetName=NetDD1_4 Pin=R10-1
Added Pin To Net: NetName=VIN Pin=R10-2
Added Pin To Net: NetName=NetC4_2 Pin=R11-1
Added Pin To Net: NetName=VIN Pin=R11-2
Added Pin To Net: NetName=NetDD1_2 Pin=R12-1
Added Pin To Net: NetName=VIN Pin=R12-2
Added Pin To Net: NetName=NetC4_2 Pin=R13-1
Added Pin To Net: NetName=NetC5_2 Pin=R13-2
Added Pin To Net: NetName=NetDD1_1 Pin=R14-1
Added Pin To Net: NetName=VIN Pin=R14-2
Added Pin To Net: NetName=NetC8_2 Pin=R15-1
Added Pin To Net: NetName=VIN Pin=R15-2
Added Pin To Net: NetName=NetC8_2 Pin=R16-1
Added Pin To Net: NetName=NetC9_2 Pin=R16-2
Added Pin To Net: NetName=NetDD2_4 Pin=R17-1
Added Pin To Net: NetName=NetR17_2 Pin=R17-2
Added Pin To Net: NetName=NetDD1_10 Pin=R18-1
Added Pin To Net: NetName=VIN Pin=R18-2
Added Pin To Net: NetName=NetC8_2 Pin=VD2-1
Added Pin To Net: NetName=VIN Pin=VD2-2
Added Pin To Net: NetName=NetDD1_2 Pin=VT1-1
Added Pin To Net: NetName=VIN Pin=VT1-2
Added Pin To Net: NetName=VCC Pin=VT1-3
Added Pin To Net: NetName=NetR17_2 Pin=VT2-1
Added Pin To Net: NetName=GND Pin=VT2-2
Added Pin To Net: NetName=NetDD1_1 Pin=VT2-3
Added Member To Class: ClassName=Main Member=Component C3 10uFx16V
Added Member To Class: ClassName=ON_OFF Member=Component C4 10uFx16V
Added Member To Class: ClassName=ON_OFF Member=Component C5 1nF
Added Member To Class: ClassName=ON_OFF Member=Component C6 0.1uF
Added Member To Class: ClassName=ON_OFF Member=Component C7 0.1uF
Added Member To Class: ClassName=ON_OFF Member=Component C8 10uFx16V
Added Member To Class: ClassName=ON_OFF Member=Component C9 1nF
Added Member To Class: ClassName=ON_OFF Member=Component DD1 74HC74D
Added Member To Class: ClassName=ON_OFF Member=Component DD2 SN74HC14D
Added Member To Class: ClassName=ON_OFF Member=Component R10 10k
Added Member To Class: ClassName=ON_OFF Member=Component R11 10k
Added Member To Class: ClassName=ON_OFF Member=Component R12 10k
Added Member To Class: ClassName=ON_OFF Member=Component R13 10k
Added Member To Class: ClassName=ON_OFF Member=Component R14 10k
Added Member To Class: ClassName=ON_OFF Member=Component R15 220k
Added Member To Class: ClassName=ON_OFF Member=Component R16 10k
Added Member To Class: ClassName=ON_OFF Member=Component R17 10k
Added Member To Class: ClassName=ON_OFF Member=Component R18 10k
Added Member To Class: ClassName=ON_OFF Member=Component VD2 LL4148
Added Member To Class: ClassName=ON_OFF Member=Component VT1 IRLML6302
Added Member To Class: ClassName=ON_OFF Member=Component VT2 BC817
