Added Component: Designator=C1(CC0805)
Added Component: Designator=C2(CC0805)
Added Component: Designator=C3(TAJ-A_M)
Added Component: Designator=DA1(SO-8)
Added Component: Designator=R1(RC0805)
Added Component: Designator=R2(RC0805)
Added Component: Designator=R3(RC0805)
Added Component: Designator=R4(RC0805)
Added Component: Designator=R5(RC0805)
Added Component: Designator=R6(RC0805)
Added Component: Designator=R7(RC0805)
Added Component: Designator=R8(RC0805)
Added Component: Designator=R9(RC0805)
Added Component: Designator=S1(7906H-1)
Added Component: Designator=VD1(LED3)
Added Component: Designator=X1(PIN_1mm)
Added Component: Designator=X2(PIN_1mm)
Added Component: Designator=X3(PIN_1mm)
Added Component: Designator=X4(PIN_1mm)
Added Component: Designator=X5(PIN_1mm)
Added Component: Designator=X6(PIN_1mm)
Added Pin To Net: NetName=GND Pin=C2-1
Added Pin To Net: NetName=GND Pin=C3-2
Added Pin To Net: NetName=GND Pin=DA1-5
Added Pin To Net: NetName=GND Pin=R6-2
Added Pin To Net: NetName=GND Pin=R7-1
Added Pin To Net: NetName=GND Pin=VD1-1
Added Pin To Net: NetName=GND Pin=X4-1
Added Pin To Net: NetName=GND Pin=X6-1
Added Net: Name=GND
Added Pin To Net: NetName=NetC1_1 Pin=C1-1
Added Pin To Net: NetName=NetC1_1 Pin=R3-1
Added Pin To Net: NetName=NetC1_1 Pin=X5-1
Added Net: Name=NetC1_1
Added Pin To Net: NetName=NetC1_2 Pin=C1-2
Added Pin To Net: NetName=NetC1_2 Pin=R1-2
Added Net: Name=NetC1_2
Added Pin To Net: NetName=NetDA1_1 Pin=DA1-1
Added Pin To Net: NetName=NetDA1_1 Pin=R2-1
Added Pin To Net: NetName=NetDA1_1 Pin=R4-2
Added Pin To Net: NetName=NetDA1_1 Pin=R6-1
Added Net: Name=NetDA1_1
Added Pin To Net: NetName=NetDA1_2 Pin=DA1-2
Added Pin To Net: NetName=NetDA1_2 Pin=R1-1
Added Pin To Net: NetName=NetDA1_2 Pin=R2-2
Added Net: Name=NetDA1_2
Added Pin To Net: NetName=NetDA1_3 Pin=DA1-3
Added Pin To Net: NetName=NetDA1_3 Pin=R5-1
Added Pin To Net: NetName=NetDA1_3 Pin=R7-2
Added Net: Name=NetDA1_3
Added Pin To Net: NetName=NetDA1_6 Pin=DA1-6
Added Pin To Net: NetName=NetDA1_6 Pin=DA1-7
Added Net: Name=NetDA1_6
Added Pin To Net: NetName=NetR4_1 Pin=R4-1
Added Pin To Net: NetName=NetR4_1 Pin=X3-1
Added Net: Name=NetR4_1
Added Pin To Net: NetName=NetR8_1 Pin=R8-1
Added Pin To Net: NetName=NetR8_1 Pin=VD1-2
Added Net: Name=NetR8_1
Added Pin To Net: NetName=NetR9_1 Pin=R9-1
Added Pin To Net: NetName=NetR9_1 Pin=X1-1
Added Net: Name=NetR9_1
Added Pin To Net: NetName=NetS1_1 Pin=S1-1
Added Pin To Net: NetName=NetS1_1 Pin=S1-2
Added Net: Name=NetS1_1
Added Pin To Net: NetName=NetS1_3 Pin=S1-3
Added Pin To Net: NetName=NetS1_3 Pin=S1-4
Added Net: Name=NetS1_3
Added Pin To Net: NetName=VCC Pin=C2-2
Added Pin To Net: NetName=VCC Pin=C3-1
Added Pin To Net: NetName=VCC Pin=R3-2
Added Pin To Net: NetName=VCC Pin=R5-2
Added Pin To Net: NetName=VCC Pin=R8-2
Added Pin To Net: NetName=VCC Pin=R9-2
Added Pin To Net: NetName=VCC Pin=X2-1
Added Net: Name=VCC
Added Class: Name=Main
Added Room: Name=Main
