Change Component Designator: Old Designator=C1 New Designator=C7
Change Component Designator: Old Designator=C1 New Designator=C8
Change Component Designator: Old Designator=C1 New Designator=C12
Change Component Designator: Old Designator=C2 New Designator=C1
Change Component Designator: Old Designator=C2 New Designator=C9
Change Component Designator: Old Designator=C3 New Designator=C4
Change Component Designator: Old Designator=C3 New Designator=C10
Change Component Designator: Old Designator=C? New Designator=C5
Change Component Designator: Old Designator=C? New Designator=C6
Change Component Designator: Old Designator=C? New Designator=C11
Change Component Designator: Old Designator=DA1 New Designator=DA2
Change Component Designator: Old Designator=DA1 New Designator=DA3
Change Component Designator: Old Designator=L3 New Designator=L1
Change Component Designator: Old Designator=L3 New Designator=L2
Change Component Designator: Old Designator=R4 New Designator=R5
Change Component Designator: Old Designator=R4 New Designator=R6
Change Component Designator: Old Designator=R4 New Designator=R9
Change Component Designator: Old Designator=R5 New Designator=R1
Change Component Designator: Old Designator=R5 New Designator=R2
Change Component Designator: Old Designator=R5 New Designator=R7
Change Component Designator: Old Designator=R8 New Designator=R3
Change Component Designator: Old Designator=R8 New Designator=R4
Change Component Designator: Old Designator=VD1 New Designator=VD2
Change Component Designator: Old Designator=VD1 New Designator=VD3
Change Component Designator: Old Designator=X3 New Designator=X1
Change Component Designator: Old Designator=X3 New Designator=X2
Change Component Designator: Old Designator=X3 New Designator=X4
Change Component Designator: Old Designator=X4 New Designator=X3
