Removed Pin From Net: NetName=NetR3_2 Pin=R4-2
Removed Pin From Net: NetName=NetR3_2 Pin=R5-2
Removed Pin From Net: NetName=GND Pin=R6-2
Removed Pin From Net: NetName=GND Pin=R7-2
Removed Pin From Net: NetName=+5V Pin=R9-1
Removed Pin From Net: NetName=NetR3_2 Pin=R9-2
Change Component Footprint: Designator=FU2 Old Footprint=RC1812 New Footprint=RC1210
Change Component Footprint: Designator=VD5 Old Footprint=SMA New Footprint=SOD-80
Change Component Comment : Designator=R5 Old Comment=0E New Comment=10k
Change Component Comment : Designator=R7 Old Comment=0E New Comment=10k
Change Component Comment : Designator=R1 Old Comment=2k2 New Comment=n.p
Change Component Comment : Designator=R2 Old Comment=2k2 New Comment=n.p
Change Component Comment : Designator=R9 Old Comment=10k New Comment=0E
Change Component Comment : Designator=R14 Old Comment=200E New Comment=330E
Change Component Comment : Designator=FU2 Old Comment=MINISMDC020F-2 New Comment=MICROSMD010F-2
Change Component Comment : Designator=R3 Old Comment=n.p New Comment=10k
Change Component Comment : Designator=R4 Old Comment=n.p New Comment=10k
Change Component Comment : Designator=R6 Old Comment=n.p New Comment=10k
Change Component Comment : Designator=XP1 Old Comment=PLS-10 New Comment=n.p
Change Component Comment : Designator=VD5 Old Comment=SS14 New Comment=LL4148
Change component parameters: Designator = "FU2"; Footprint = "RC1210"; UniqueID = "\JTLCPKRU"
Change component parameters. Clean all parameters for all variants
Change component parameters (AddParameter): Name = "Value"; Value = "MICROSMD010F-2"; VariantName = "[No Variations]"
Change component parameters: Designator = "R1"; Footprint = "RC0603"; UniqueID = "\HGJMBEQY"
Change component parameters. Clean all parameters for all variants
Change component parameters (AddParameter): Name = "Value"; Value = "n.p"; VariantName = "[No Variations]"
Change component parameters: Designator = "R2"; Footprint = "RC0603"; UniqueID = "\AVYYABRL"
Change component parameters. Clean all parameters for all variants
Change component parameters (AddParameter): Name = "Value"; Value = "n.p"; VariantName = "[No Variations]"
Change component parameters: Designator = "R3"; Footprint = "RC0603"; UniqueID = "\QXLNFOIR"
Change component parameters. Clean all parameters for all variants
Change component parameters (AddParameter): Name = "Value"; Value = "10k"; VariantName = "[No Variations]"
Change component parameters: Designator = "R4"; Footprint = "RC0603"; UniqueID = "\HILOQBTU"
Change component parameters. Clean all parameters for all variants
Change component parameters (AddParameter): Name = "Value"; Value = "10k"; VariantName = "[No Variations]"
Change component parameters: Designator = "R5"; Footprint = "RC0603"; UniqueID = "\ISFXSKOE"
Change component parameters. Clean all parameters for all variants
Change component parameters (AddParameter): Name = "Value"; Value = "10k"; VariantName = "[No Variations]"
Change component parameters: Designator = "R6"; Footprint = "RC0603"; UniqueID = "\ALTAVSXC"
Change component parameters. Clean all parameters for all variants
Change component parameters (AddParameter): Name = "Value"; Value = "10k"; VariantName = "[No Variations]"
Change component parameters: Designator = "R7"; Footprint = "RC0603"; UniqueID = "\QLBJNIDK"
Change component parameters. Clean all parameters for all variants
Change component parameters (AddParameter): Name = "Value"; Value = "10k"; VariantName = "[No Variations]"
Change component parameters: Designator = "R9"; Footprint = "RC0603"; UniqueID = "\WDRTJRXK"
Change component parameters. Clean all parameters for all variants
Change component parameters (AddParameter): Name = "Value"; Value = "0E"; VariantName = "[No Variations]"
Change component parameters: Designator = "R14"; Footprint = "RC1206"; UniqueID = "\YHEDUUUE"
Change component parameters. Clean all parameters for all variants
Change component parameters (AddParameter): Name = "Value"; Value = "330E"; VariantName = "[No Variations]"
Change component parameters: Designator = "VD5"; Footprint = "SOD-80"; UniqueID = "\UTEWBFEN"
Change component parameters. Clean all parameters for all variants
Change component parameters (AddParameter): Name = "Value"; Value = ""; VariantName = "[No Variations]"
Added Pin To Net: NetName=+5V Pin=R3-1
Added Pin To Net: NetName=GND Pin=R4-1
Added Pin To Net: NetName=COL4 Pin=R4-2
Added Pin To Net: NetName=GND Pin=R5-1
Added Pin To Net: NetName=COL3 Pin=R5-2
Added Pin To Net: NetName=GND Pin=R6-1
Added Pin To Net: NetName=COL2 Pin=R6-2
Added Pin To Net: NetName=GND Pin=R7-1
Added Pin To Net: NetName=COL1 Pin=R7-2
Added Pin To Net: NetName=GND Pin=R9-2
Added Pin To Net: NetName=NetR3_2 Pin=U1-2
Change Net Name : Old Net Name=+5V New Net Name=VIN
Added Pin To Net: NetName=NetR8_1 Pin=R8-1
Added Pin To Net: NetName=NetR8_1 Pin=U1-3
Added Net: Name=NetR8_1
Added Pin To Net: NetName=NetR9_1 Pin=R9-1
Added Pin To Net: NetName=NetR9_1 Pin=U1-1
Added Net: Name=NetR9_1
