Removed Pin From Net: NetName=GND Pin=C4-2
Removed Pin From Net: NetName=GND Pin=C5-2
Removed Pin From Net: NetName=GND Pin=C7-2
Removed Pin From Net: NetName=GND Pin=C9-2
Removed Pin From Net: NetName=GND Pin=C10-2
Removed Pin From Net: NetName=GND Pin=C11-2
Removed Pin From Net: NetName=VBAT_F Pin=C12-2
Removed Pin From Net: NetName=GND Pin=C17-2
Removed Pin From Net: NetName=RF_N Pin=C18-1
Removed Pin From Net: NetName=GND Pin=C18-2
Change Component DesignItemId : Designator=C1 Old DesignItemId=CC0603 New DesignItemId=CC0402
Change Component DesignItemId : Designator=C2 Old DesignItemId=CC0603 New DesignItemId=CC0402
Change Component DesignItemId : Designator=C3 Old DesignItemId=CC0603 New DesignItemId=CC0402
Change Component DesignItemId : Designator=C4 Old DesignItemId=CC0603 New DesignItemId=CC0402
Change Component DesignItemId : Designator=C5 Old DesignItemId=CC0603 New DesignItemId=CC0402
Change Component DesignItemId : Designator=C7 Old DesignItemId=CC0603 New DesignItemId=CC0402
Change Component DesignItemId : Designator=C11 Old DesignItemId=CC0603 New DesignItemId=CC0402
Change Component DesignItemId : Designator=C14 Old DesignItemId=CC0603 New DesignItemId=CC0402
Change Component DesignItemId : Designator=C15 Old DesignItemId=CC0603 New DesignItemId=CC0402
Change Component DesignItemId : Designator=C16 Old DesignItemId=CC0603 New DesignItemId=CC0402
Change Component DesignItemId : Designator=C17 Old DesignItemId=CC0603 New DesignItemId=CC0402
Change Component DesignItemId : Designator=C18 Old DesignItemId=CC0603 New DesignItemId=CC0402
Change Component DesignItemId : Designator=C12 Old DesignItemId=CC0805 New DesignItemId=CC0402
Change Component DesignItemId : Designator=C8 Old DesignItemId=CC0805 New DesignItemId=CC0603
Change Component DesignItemId : Designator=C13 Old DesignItemId=CC0805 New DesignItemId=CC0603
Change Component DesignItemId : Designator=R1 Old DesignItemId=RC0603 New DesignItemId=RC0402
Change Component DesignItemId : Designator=R2 Old DesignItemId=RC0603 New DesignItemId=RC0402
Change Component DesignItemId : Designator=R3 Old DesignItemId=RC0603 New DesignItemId=RC0402
Change Component Footprint: Designator=C1 Old Footprint=CC0603 New Footprint=CC0402
Change Component Footprint: Designator=C2 Old Footprint=CC0603 New Footprint=CC0402
Change Component Footprint: Designator=C3 Old Footprint=CC0603 New Footprint=CC0402
Change Component Footprint: Designator=C4 Old Footprint=CC0603 New Footprint=CC0402
Change Component Footprint: Designator=C5 Old Footprint=CC0603 New Footprint=CC0402
Change Component Footprint: Designator=C7 Old Footprint=CC0603 New Footprint=CC0402
Change Component Footprint: Designator=C11 Old Footprint=CC0603 New Footprint=CC0402
Change Component Footprint: Designator=C14 Old Footprint=CC0603 New Footprint=CC0402
Change Component Footprint: Designator=C15 Old Footprint=CC0603 New Footprint=CC0402
Change Component Footprint: Designator=C16 Old Footprint=CC0603 New Footprint=CC0402
Change Component Footprint: Designator=C17 Old Footprint=CC0603 New Footprint=CC0402
Change Component Footprint: Designator=C18 Old Footprint=CC0603 New Footprint=CC0402
Change Component Footprint: Designator=C12 Old Footprint=CC0805 New Footprint=CC0402
Change Component Footprint: Designator=C8 Old Footprint=CC0805 New Footprint=CC0603
Change Component Footprint: Designator=C13 Old Footprint=CC0805 New Footprint=CC0603
Change Component Footprint: Designator=R1 Old Footprint=RC0603 New Footprint=RC0402
Change Component Footprint: Designator=R2 Old Footprint=RC0603 New Footprint=RC0402
Change Component Footprint: Designator=R3 Old Footprint=RC0603 New Footprint=RC0402
Change Component Comment : Designator=C1 Old Comment=0.1uF New Comment=0.1uFx6.3V
Change Component Comment : Designator=C2 Old Comment=0.1uF New Comment=0.1uFx6.3V
Change Component Comment : Designator=C3 Old Comment=0.1uF New Comment=0.1uFx6.3V
Change Component Comment : Designator=C11 Old Comment=1uF New Comment=22pF
Change Component Comment : Designator=C8 Old Comment=10uF New Comment=10uFx6.3V
Change Component Comment : Designator=C12 Old Comment=10uF New Comment=22pF
Change Component Comment : Designator=C9 Old Comment=22pF New Comment=1uFx6.3V
Change Component Comment : Designator=C10 Old Comment=22pF New Comment=10uFx6.3V
Change Component Comment : Designator=R2 Old Comment=100k New Comment=10k
Added Pin To Net: NetName=GND Pin=C4-1
Added Pin To Net: NetName=GND Pin=C5-1
Added Pin To Net: NetName=GND Pin=C7-1
Added Pin To Net: NetName=GND Pin=C9-1
Added Pin To Net: NetName=GND Pin=C10-1
Added Pin To Net: NetName=VBAT_F Pin=C10-2
Added Pin To Net: NetName=GND Pin=C11-1
Added Pin To Net: NetName=GND Pin=C17-1
Added Pin To Net: NetName=GND Pin=C18-1
Added Pin To Net: NetName=RF_N Pin=C18-2
Added Pin To Net: NetName=NetC4_2 Pin=C4-2
Added Pin To Net: NetName=NetC4_2 Pin=DD1-4
Added Pin To Net: NetName=NetC4_2 Pin=QR1-2
Added Net: Name=NetC4_2
Added Pin To Net: NetName=NetC5_2 Pin=C5-2
Added Pin To Net: NetName=NetC5_2 Pin=DD1-5
Added Pin To Net: NetName=NetC5_2 Pin=QR1-1
Added Net: Name=NetC5_2
Added Pin To Net: NetName=NetC7_2 Pin=C7-2
Added Pin To Net: NetName=NetC7_2 Pin=DD1-19
Added Pin To Net: NetName=NetC7_2 Pin=R3-1
Added Net: Name=NetC7_2
Added Pin To Net: NetName=NetC9_2 Pin=C9-2
Added Pin To Net: NetName=NetC9_2 Pin=DD1-12
Added Net: Name=NetC9_2
Added Pin To Net: NetName=NetC11_2 Pin=C11-2
Added Pin To Net: NetName=NetC11_2 Pin=DD1-31
Added Pin To Net: NetName=NetC11_2 Pin=QR2-1
Added Net: Name=NetC11_2
Added Pin To Net: NetName=NetC12_2 Pin=C12-2
Added Pin To Net: NetName=NetC12_2 Pin=DD1-30
Added Pin To Net: NetName=NetC12_2 Pin=QR2-2
Added Net: Name=NetC12_2
Added Pin To Net: NetName=NetC17_2 Pin=C17-2
Added Pin To Net: NetName=NetC17_2 Pin=L4-2
Added Pin To Net: NetName=NetC17_2 Pin=L5-1
Added Net: Name=NetC17_2
Added Room: Name=Main
Added Room: Name=RF
