Removed Pin From Net: NetName=NetC13_2 Pin=C13-2
Removed Pin From Net: NetName=NetC14_2 Pin=DD?-14
Removed Pin From Net: NetName=NetC13_2 Pin=DD?-20
Removed Pin From Net: NetName=CAN_EN Pin=DD?-36
Removed Pin From Net: NetName=CAN_R Pin=DD?-37
Removed Pin From Net: NetName=CAN_D Pin=DD?-38
Removed Pin From Net: NetName=TST Pin=DD?-41
Removed Pin From Net: NetName=MOSI Pin=DD?-45
Removed Pin From Net: NetName=MISO Pin=DD?-46
Removed Pin From Net: NetName=SCK Pin=DD?-47
Removed Pin From Net: NetName=MISO Pin=DD?-48
Removed Pin From Net: NetName=CAN_D_S6 Pin=DD?-50
Removed Pin From Net: NetName=CAN_R_S6 Pin=DD?-51
Removed Pin From Net: NetName=CAN_EN_S6 Pin=DD?-52
Removed Pin From Net: NetName=CAN_CON Pin=DD?-53
Removed Pin From Net: NetName=RS485_CON Pin=DD?-58
Removed Pin From Net: NetName=RXD_485 Pin=DD?-59
Removed Pin From Net: NetName=TXD_485 Pin=DD?-60
Removed Pin From Net: NetName=TXD Pin=DD?-79
Removed Pin From Net: NetName=RXD Pin=DD?-80
Removed Pin From Net: NetName=NetC13_2 Pin=QR1-2
Removed Member From Class: ClassName=Main Member=C?
Removed Member From Class: ClassName=Main Member=J?
Removed Member From Class: ClassName=Main Member=R?
Change Component Designator: OldDesignator=C4 NewDesignator=C5
Change Component Designator: OldDesignator=C5 NewDesignator=C6
Change Component Designator: OldDesignator=C6 NewDesignator=C7
Change Component Designator: OldDesignator=C7 NewDesignator=C8
Change Component Designator: OldDesignator=C8 NewDesignator=C9
Change Component Designator: OldDesignator=C9 NewDesignator=C10
Change Component Designator: OldDesignator=C10 NewDesignator=C11
Change Component Designator: OldDesignator=C11 NewDesignator=C12
Change Component Designator: OldDesignator=C12 NewDesignator=C13
Change Component Designator: OldDesignator=C13 NewDesignator=C14
Change Component Designator: OldDesignator=C14 NewDesignator=C15
Change Component Designator: OldDesignator=C15 NewDesignator=C16
Change Component Designator: OldDesignator=C16 NewDesignator=C17
Change Component Designator: OldDesignator=C17 NewDesignator=C18
Change Component Designator: OldDesignator=C18 NewDesignator=C19
Change Component Designator: OldDesignator=C19 NewDesignator=C20
Change Component Designator: OldDesignator=C20 NewDesignator=C21
Change Component Designator: OldDesignator=C21 NewDesignator=C22
Change Component Designator: OldDesignator=C? NewDesignator=C4
Change Component Designator: OldDesignator=DD? NewDesignator=DD3
Change Component Designator: OldDesignator=J1 NewDesignator=J2
Change Component Designator: OldDesignator=J? NewDesignator=J1
Change Component Designator: OldDesignator=R3 NewDesignator=R4
Change Component Designator: OldDesignator=R4 NewDesignator=R5
Change Component Designator: OldDesignator=R5 NewDesignator=R6
Change Component Designator: OldDesignator=R6 NewDesignator=R7
Change Component Designator: OldDesignator=R7 NewDesignator=R8
Change Component Designator: OldDesignator=R8 NewDesignator=R9
Change Component Designator: OldDesignator=R9 NewDesignator=R10
Change Component Designator: OldDesignator=R10 NewDesignator=R11
Change Component Designator: OldDesignator=R11 NewDesignator=R12
Change Component Designator: OldDesignator=R12 NewDesignator=R13
Change Component Designator: OldDesignator=R13 NewDesignator=R14
Change Component Designator: OldDesignator=R? NewDesignator=R3
Added Pin To Net: NetName=NetC13_2 Pin=C13-2
Added Pin To Net: NetName=NetC14_2 Pin=DD3-14
Added Pin To Net: NetName=NetC13_2 Pin=DD3-19
Added Pin To Net: NetName=CAN_EN Pin=DD3-36
Added Pin To Net: NetName=CAN_R Pin=DD3-37
Added Pin To Net: NetName=CAN_D Pin=DD3-38
Added Pin To Net: NetName=TST Pin=DD3-41
Added Pin To Net: NetName=MOSI Pin=DD3-45
Added Pin To Net: NetName=MISO Pin=DD3-46
Added Pin To Net: NetName=SCK Pin=DD3-47
Added Pin To Net: NetName=MISO Pin=DD3-48
Added Pin To Net: NetName=CAN_D_S6 Pin=DD3-50
Added Pin To Net: NetName=CAN_R_S6 Pin=DD3-51
Added Pin To Net: NetName=CAN_EN_S6 Pin=DD3-52
Added Pin To Net: NetName=CAN_CON Pin=DD3-53
Added Pin To Net: NetName=RS485_CON Pin=DD3-58
Added Pin To Net: NetName=RXD_485 Pin=DD3-59
Added Pin To Net: NetName=TXD_485 Pin=DD3-60
Added Pin To Net: NetName=TXD Pin=DD3-79
Added Pin To Net: NetName=RXD Pin=DD3-80
Added Pin To Net: NetName=NetC13_2 Pin=QR1-1
Change Net Name : Old Net Name=NetC14_2 New Net Name=NetC15_2
Change Net Name : Old Net Name=NetC16_2 New Net Name=NetC17_2
Change Net Name : Old Net Name=NetC20_2 New Net Name=NetC21_2
Change Net Name : Old Net Name=NetR3_2 New Net Name=NetR4_2
Change Net Name : Old Net Name=NetR4_2 New Net Name=NetR5_2
Change Net Name : Old Net Name=NetR5_2 New Net Name=NetR6_2
Change Net Name : Old Net Name=NetR11_1 New Net Name=NetR12_1
Change Net Name : Old Net Name=NetR12_1 New Net Name=NetR13_1
Change Net Name : Old Net Name=NetR13_1 New Net Name=NetR14_1
Added Pin To Net: NetName=NetC14_2 Pin=C14-2
Added Pin To Net: NetName=NetC14_2 Pin=DD3-20
Added Pin To Net: NetName=NetC14_2 Pin=QR1-2
Added Net: Name=NetC14_2
Added Member To Class: ClassName=Main Member=Component C16 0.1uF
Added Member To Class: ClassName=Main Member=Component J2 PLS-02
Added Member To Class: ClassName=Main Member=Component R7 10k
