Added Component: Designator=C1(CC0603-3M)
Added Component: Designator=C2(CC0603-3M)
Added Component: Designator=C3(CC0603-3M)
Added Component: Designator=C4(CC0603-3M)
Added Component: Designator=C5(CC0603-3M)
Added Component: Designator=C6(CC0603-3M)
Added Component: Designator=C7(CC0603-3M)
Added Component: Designator=C8(CC0603-3M)
Added Component: Designator=C9(CC0603-3M)
Added Component: Designator=C10(CC0603-3M)
Added Component: Designator=C11(CC0603-3M)
Added Component: Designator=C12(CC0603-3M)
Added Component: Designator=C13(CC0603-3M)
Added Component: Designator=C14(CC0603-3M)
Added Component: Designator=C15(CC0603-3M)
Added Component: Designator=C16(CC0603-3M)
Added Component: Designator=C17(CC8X3.5)
Added Component: Designator=C18(CC0603-3M)
Added Component: Designator=C19(CC0603-3M)
Added Component: Designator=C20(CC1206-MIDI)
Added Component: Designator=C21(CC16X10_CAP0.5(1)(Primary))
Added Component: Designator=DA1(SO-8)
Added Component: Designator=DD1(SO-8)
Added Component: Designator=DD2(SO-8)
Added Component: Designator=DD3(TQFP-100)
Added Component: Designator=DD4(EIAJ_SO8)
Added Component: Designator=FU1(RC1210)
Added Component: Designator=FU2(RC1210)
Added Component: Designator=FU3(RC1210)
Added Component: Designator=FU4(RC1210)
Added Component: Designator=FU5(RC1210)
Added Component: Designator=FU6(RC1210)
Added Component: Designator=FU7(MF-SMDF)
Added Component: Designator=J1(PIN2W)
Added Component: Designator=L1(SDR0805)
Added Component: Designator=QR1(AC5032_2)
Added Component: Designator=R1(RC0603-3M)
Added Component: Designator=R2(RC0603-3M)
Added Component: Designator=R3(RC0603-3M)
Added Component: Designator=R4(RC0603-3M)
Added Component: Designator=R5(RC0603-3M)
Added Component: Designator=R6(RC0603-3M)
Added Component: Designator=R7(RC0603-3M)
Added Component: Designator=R8(RC0603-3M)
Added Component: Designator=R9(RC0805_IPC_NOM)
Added Component: Designator=R10(RC0805_IPC_NOM)
Added Component: Designator=R11(RC1206-2M)
Added Component: Designator=R12(RC1206-2M)
Added Component: Designator=R13(RC1206-2M)
Added Component: Designator=U1(SO-8)
Added Component: Designator=VD1(SOT-23(123))
Added Component: Designator=VD2(SOT-23(123))
Added Component: Designator=VD3(SMB)
Added Component: Designator=VD4(SOT-23(GSD))
Added Component: Designator=VD5(SOT-23(GSD))
Added Component: Designator=VD6(SMB)
Added Component: Designator=VD7(LED3)
Added Component: Designator=VD8(LED3)
Added Component: Designator=VD9(SMA)
Added Component: Designator=VD10(SMA)
Added Component: Designator=VD11(SMB)
Added Component: Designator=VD12(SOD-80)
Added Component: Designator=VD13(SOD-80)
Added Component: Designator=VT1(SOT-23(123))
Added Component: Designator=VT2(D-PAK(TO-252AA))
Added Component: Designator=XP1(MIF2X03PRP)
Added Component: Designator=XP2(PIN6)
Added Component: Designator=XP3(MIF2X02PRP)
Added Pin To Net: NetName=+3V3 Pin=C1-2
Added Pin To Net: NetName=+3V3 Pin=C2-2
Added Pin To Net: NetName=+3V3 Pin=C3-1
Added Pin To Net: NetName=+3V3 Pin=C4-2
Added Pin To Net: NetName=+3V3 Pin=C5-2
Added Pin To Net: NetName=+3V3 Pin=C6-2
Added Pin To Net: NetName=+3V3 Pin=C7-2
Added Pin To Net: NetName=+3V3 Pin=C8-2
Added Pin To Net: NetName=+3V3 Pin=C9-2
Added Pin To Net: NetName=+3V3 Pin=C10-2
Added Pin To Net: NetName=+3V3 Pin=C11-2
Added Pin To Net: NetName=+3V3 Pin=C15-2
Added Pin To Net: NetName=+3V3 Pin=C17-1
Added Pin To Net: NetName=+3V3 Pin=C18-2
Added Pin To Net: NetName=+3V3 Pin=DD1-3
Added Pin To Net: NetName=+3V3 Pin=DD2-3
Added Pin To Net: NetName=+3V3 Pin=DD3-10
Added Pin To Net: NetName=+3V3 Pin=DD3-12
Added Pin To Net: NetName=+3V3 Pin=DD3-28
Added Pin To Net: NetName=+3V3 Pin=DD3-42
Added Pin To Net: NetName=+3V3 Pin=DD3-54
Added Pin To Net: NetName=+3V3 Pin=DD3-71
Added Pin To Net: NetName=+3V3 Pin=DD3-84
Added Pin To Net: NetName=+3V3 Pin=DD3-96
Added Pin To Net: NetName=+3V3 Pin=DD4-3
Added Pin To Net: NetName=+3V3 Pin=DD4-7
Added Pin To Net: NetName=+3V3 Pin=DD4-8
Added Pin To Net: NetName=+3V3 Pin=L1-1
Added Pin To Net: NetName=+3V3 Pin=R6-2
Added Pin To Net: NetName=+3V3 Pin=R7-2
Added Pin To Net: NetName=+3V3 Pin=U1-8
Added Net: Name=+3V3
Added Pin To Net: NetName=CAN_CON Pin=DD3-68
Added Pin To Net: NetName=CAN_CON Pin=R3-1
Added Net: Name=CAN_CON
Added Pin To Net: NetName=CAN_D_S6 Pin=DD1-1
Added Pin To Net: NetName=CAN_D_S6 Pin=DD1-4
Added Pin To Net: NetName=CAN_D_S6 Pin=DD3-65
Added Net: Name=CAN_D_S6
Added Pin To Net: NetName=CAN_D Pin=DD2-1
Added Pin To Net: NetName=CAN_D Pin=DD3-47
Added Net: Name=CAN_D
Added Pin To Net: NetName=CAN_EN_S6 Pin=DD1-5
Added Pin To Net: NetName=CAN_EN_S6 Pin=DD3-67
Added Net: Name=CAN_EN_S6
Added Pin To Net: NetName=CAN_EN Pin=DD2-5
Added Pin To Net: NetName=CAN_EN Pin=DD3-45
Added Net: Name=CAN_EN
Added Pin To Net: NetName=CAN_H Pin=FU3-2
Added Pin To Net: NetName=CAN_H Pin=FU4-2
Added Pin To Net: NetName=CAN_H Pin=XP1-2
Added Pin To Net: NetName=CAN_H Pin=XP1-5
Added Net: Name=CAN_H
Added Pin To Net: NetName=CAN_R_S6 Pin=DD3-66
Added Net: Name=CAN_R_S6
Added Pin To Net: NetName=CAN_R Pin=DD2-4
Added Pin To Net: NetName=CAN_R Pin=DD3-46
Added Net: Name=CAN_R
Added Pin To Net: NetName=GND Pin=C1-1
Added Pin To Net: NetName=GND Pin=C2-1
Added Pin To Net: NetName=GND Pin=C3-2
Added Pin To Net: NetName=GND Pin=C4-1
Added Pin To Net: NetName=GND Pin=C5-1
Added Pin To Net: NetName=GND Pin=C6-1
Added Pin To Net: NetName=GND Pin=C7-1
Added Pin To Net: NetName=GND Pin=C8-1
Added Pin To Net: NetName=GND Pin=C9-1
Added Pin To Net: NetName=GND Pin=C10-1
Added Pin To Net: NetName=GND Pin=C11-1
Added Pin To Net: NetName=GND Pin=C12-1
Added Pin To Net: NetName=GND Pin=C13-1
Added Pin To Net: NetName=GND Pin=C14-1
Added Pin To Net: NetName=GND Pin=C15-1
Added Pin To Net: NetName=GND Pin=C16-1
Added Pin To Net: NetName=GND Pin=C17-2
Added Pin To Net: NetName=GND Pin=C18-1
Added Pin To Net: NetName=GND Pin=C19-2
Added Pin To Net: NetName=GND Pin=C20-1
Added Pin To Net: NetName=GND Pin=C21-1
Added Pin To Net: NetName=GND Pin=DA1-4
Added Pin To Net: NetName=GND Pin=DD1-2
Added Pin To Net: NetName=GND Pin=DD2-2
Added Pin To Net: NetName=GND Pin=DD3-11
Added Pin To Net: NetName=GND Pin=DD3-15
Added Pin To Net: NetName=GND Pin=DD3-31
Added Pin To Net: NetName=GND Pin=DD3-41
Added Pin To Net: NetName=GND Pin=DD3-55
Added Pin To Net: NetName=GND Pin=DD3-72
Added Pin To Net: NetName=GND Pin=DD3-83
Added Pin To Net: NetName=GND Pin=DD3-97
Added Pin To Net: NetName=GND Pin=DD4-4
Added Pin To Net: NetName=GND Pin=J1-1
Added Pin To Net: NetName=GND Pin=R1-2
Added Pin To Net: NetName=GND Pin=R2-2
Added Pin To Net: NetName=GND Pin=R8-1
Added Pin To Net: NetName=GND Pin=R13-2
Added Pin To Net: NetName=GND Pin=U1-5
Added Pin To Net: NetName=GND Pin=VD1-3
Added Pin To Net: NetName=GND Pin=VD2-3
Added Pin To Net: NetName=GND Pin=VD3-2
Added Pin To Net: NetName=GND Pin=VD6-1
Added Pin To Net: NetName=GND Pin=VD7-1
Added Pin To Net: NetName=GND Pin=VD8-1
Added Pin To Net: NetName=GND Pin=VD9-1
Added Pin To Net: NetName=GND Pin=VD11-1
Added Pin To Net: NetName=GND Pin=VD12-1
Added Pin To Net: NetName=GND Pin=XP1-1
Added Pin To Net: NetName=GND Pin=XP2-5
Added Pin To Net: NetName=GND Pin=XP3-1
Added Net: Name=GND
Added Pin To Net: NetName=MISO Pin=DD3-61
Added Pin To Net: NetName=MISO Pin=DD3-63
Added Pin To Net: NetName=MISO Pin=DD4-1
Added Pin To Net: NetName=MISO Pin=DD4-2
Added Net: Name=MISO
Added Pin To Net: NetName=MOSI Pin=DD3-60
Added Pin To Net: NetName=MOSI Pin=DD4-5
Added Net: Name=MOSI
Added Pin To Net: NetName=NetC12_2 Pin=C12-2
Added Pin To Net: NetName=NetC12_2 Pin=DD3-22
Added Pin To Net: NetName=NetC12_2 Pin=QR1-1
Added Net: Name=NetC12_2
Added Pin To Net: NetName=NetC13_2 Pin=C13-2
Added Pin To Net: NetName=NetC13_2 Pin=DD3-23
Added Pin To Net: NetName=NetC13_2 Pin=QR1-2
Added Net: Name=NetC13_2
Added Pin To Net: NetName=NetC14_2 Pin=C14-2
Added Pin To Net: NetName=NetC14_2 Pin=DD3-17
Added Pin To Net: NetName=NetC14_2 Pin=J1-2
Added Pin To Net: NetName=NetC14_2 Pin=R6-1
Added Net: Name=NetC14_2
Added Pin To Net: NetName=NetC16_2 Pin=C16-2
Added Pin To Net: NetName=NetC16_2 Pin=DA1-3
Added Net: Name=NetC16_2
Added Pin To Net: NetName=NetC20_2 Pin=C20-2
Added Pin To Net: NetName=NetC20_2 Pin=R11-2
Added Pin To Net: NetName=NetC20_2 Pin=VD10-2
Added Pin To Net: NetName=NetC20_2 Pin=VD11-2
Added Pin To Net: NetName=NetC20_2 Pin=VD13-2
Added Pin To Net: NetName=NetC20_2 Pin=VT1-2
Added Pin To Net: NetName=NetC20_2 Pin=VT2-2
Added Net: Name=NetC20_2
Added Pin To Net: NetName=NetDA1_1 Pin=DA1-1
Added Pin To Net: NetName=NetDA1_1 Pin=DA1-7
Added Pin To Net: NetName=NetDA1_1 Pin=DA1-8
Added Pin To Net: NetName=NetDA1_1 Pin=R9-2
Added Pin To Net: NetName=NetDA1_1 Pin=R10-2
Added Net: Name=NetDA1_1
Added Pin To Net: NetName=NetDA1_2 Pin=DA1-2
Added Pin To Net: NetName=NetDA1_2 Pin=L1-2
Added Pin To Net: NetName=NetDA1_2 Pin=VD9-2
Added Net: Name=NetDA1_2
Added Pin To Net: NetName=NetDA1_5 Pin=DA1-5
Added Pin To Net: NetName=NetDA1_5 Pin=R7-1
Added Pin To Net: NetName=NetDA1_5 Pin=R8-2
Added Net: Name=NetDA1_5
Added Pin To Net: NetName=NetDD1_6 Pin=DD1-6
Added Pin To Net: NetName=NetDD1_6 Pin=FU2-1
Added Pin To Net: NetName=NetDD1_6 Pin=VD1-1
Added Net: Name=NetDD1_6
Added Pin To Net: NetName=NetDD1_7 Pin=DD1-7
Added Pin To Net: NetName=NetDD1_7 Pin=FU1-1
Added Pin To Net: NetName=NetDD1_7 Pin=VD1-2
Added Net: Name=NetDD1_7
Added Pin To Net: NetName=NetDD1_8 Pin=DD1-8
Added Pin To Net: NetName=NetDD1_8 Pin=R1-1
Added Net: Name=NetDD1_8
Added Pin To Net: NetName=NetDD2_6 Pin=DD2-6
Added Pin To Net: NetName=NetDD2_6 Pin=FU4-1
Added Pin To Net: NetName=NetDD2_6 Pin=VD2-1
Added Net: Name=NetDD2_6
Added Pin To Net: NetName=NetDD2_7 Pin=DD2-7
Added Pin To Net: NetName=NetDD2_7 Pin=FU3-1
Added Pin To Net: NetName=NetDD2_7 Pin=VD2-2
Added Net: Name=NetDD2_7
Added Pin To Net: NetName=NetDD2_8 Pin=DD2-8
Added Pin To Net: NetName=NetDD2_8 Pin=R2-1
Added Net: Name=NetDD2_8
Added Pin To Net: NetName=NetFU1_2 Pin=FU1-2
Added Net: Name=NetFU1_2
Added Pin To Net: NetName=NetFU2_2 Pin=FU2-2
Added Net: Name=NetFU2_2
Added Pin To Net: NetName=NetFU5_1 Pin=FU5-1
Added Pin To Net: NetName=NetFU5_1 Pin=U1-6
Added Pin To Net: NetName=NetFU5_1 Pin=VD4-3
Added Net: Name=NetFU5_1
Added Pin To Net: NetName=NetFU6_1 Pin=FU6-1
Added Pin To Net: NetName=NetFU6_1 Pin=U1-7
Added Pin To Net: NetName=NetFU6_1 Pin=VD5-3
Added Net: Name=NetFU6_1
Added Pin To Net: NetName=NetFU7_2 Pin=FU7-2
Added Pin To Net: NetName=NetFU7_2 Pin=VD10-1
Added Net: Name=NetFU7_2
Added Pin To Net: NetName=NetR3_2 Pin=R3-2
Added Pin To Net: NetName=NetR3_2 Pin=VD7-2
Added Net: Name=NetR3_2
Added Pin To Net: NetName=NetR4_2 Pin=R4-2
Added Pin To Net: NetName=NetR4_2 Pin=VD8-2
Added Net: Name=NetR4_2
Added Pin To Net: NetName=NetR5_2 Pin=R5-2
Added Pin To Net: NetName=NetR5_2 Pin=XP2-2
Added Net: Name=NetR5_2
Added Pin To Net: NetName=NetR11_1 Pin=R11-1
Added Pin To Net: NetName=NetR11_1 Pin=R12-2
Added Pin To Net: NetName=NetR11_1 Pin=VD12-2
Added Net: Name=NetR11_1
Added Pin To Net: NetName=NetR12_1 Pin=R12-1
Added Pin To Net: NetName=NetR12_1 Pin=VT1-1
Added Net: Name=NetR12_1
Added Pin To Net: NetName=NetR13_1 Pin=R13-1
Added Pin To Net: NetName=NetR13_1 Pin=VD13-1
Added Pin To Net: NetName=NetR13_1 Pin=VT1-3
Added Pin To Net: NetName=NetR13_1 Pin=VT2-1
Added Net: Name=NetR13_1
Added Pin To Net: NetName=NetU1_2 Pin=U1-2
Added Pin To Net: NetName=NetU1_2 Pin=U1-3
Added Net: Name=NetU1_2
Added Pin To Net: NetName=NetVD3_1 Pin=VD3-1
Added Pin To Net: NetName=NetVD3_1 Pin=VD4-1
Added Pin To Net: NetName=NetVD3_1 Pin=VD5-1
Added Net: Name=NetVD3_1
Added Pin To Net: NetName=NetVD4_2 Pin=VD4-2
Added Pin To Net: NetName=NetVD4_2 Pin=VD5-2
Added Pin To Net: NetName=NetVD4_2 Pin=VD6-2
Added Net: Name=NetVD4_2
Added Pin To Net: NetName=NetXP3_2 Pin=XP3-2
Added Net: Name=NetXP3_2
Added Pin To Net: NetName=NetXP3_4 Pin=XP3-4
Added Net: Name=NetXP3_4
Added Pin To Net: NetName=RS485_A Pin=FU5-2
Added Pin To Net: NetName=RS485_A Pin=XP1-3
Added Net: Name=RS485_A
Added Pin To Net: NetName=RS485_B Pin=FU6-2
Added Pin To Net: NetName=RS485_B Pin=XP1-6
Added Net: Name=RS485_B
Added Pin To Net: NetName=RS485_CON Pin=DD3-73
Added Pin To Net: NetName=RS485_CON Pin=R4-1
Added Net: Name=RS485_CON
Added Pin To Net: NetName=RXD_485 Pin=DD3-74
Added Pin To Net: NetName=RXD_485 Pin=U1-1
Added Net: Name=RXD_485
Added Pin To Net: NetName=RXD Pin=DD3-99
Added Pin To Net: NetName=RXD Pin=XP2-3
Added Net: Name=RXD
Added Pin To Net: NetName=SCK Pin=DD3-62
Added Pin To Net: NetName=SCK Pin=DD4-6
Added Net: Name=SCK
Added Pin To Net: NetName=TXD_485 Pin=DD3-75
Added Pin To Net: NetName=TXD_485 Pin=U1-4
Added Net: Name=TXD_485
Added Pin To Net: NetName=TXD Pin=DD3-98
Added Pin To Net: NetName=TXD Pin=R5-1
Added Net: Name=TXD
Added Pin To Net: NetName=VCC Pin=XP1-4
Added Net: Name=VCC
Added Pin To Net: NetName=VIN_F Pin=C19-1
Added Pin To Net: NetName=VIN_F Pin=C21-2
Added Pin To Net: NetName=VIN_F Pin=DA1-6
Added Pin To Net: NetName=VIN_F Pin=R9-1
Added Pin To Net: NetName=VIN_F Pin=R10-1
Added Pin To Net: NetName=VIN_F Pin=VT2-3
Added Net: Name=VIN_F
Added Pin To Net: NetName=VIN Pin=FU7-1
Added Pin To Net: NetName=VIN Pin=XP3-3
Added Net: Name=VIN
Added Class: Name=Interface
Added Class: Name=Main
Added Class: Name=Power
Added Room: Name=Interface
Added Room: Name=Main
Added Room: Name=Power
