Change Component Designator: Old Designator=C8 New Designator=C3
Change Component Designator: Old Designator=C? New Designator=C1
Change Component Designator: Old Designator=C? New Designator=C2
Change Component Designator: Old Designator=DD? New Designator=DD1
Change Component Designator: Old Designator=DD? New Designator=DD2
Change Component Designator: Old Designator=FU1 New Designator=FU5
Change Component Designator: Old Designator=FU2 New Designator=FU6
Change Component Designator: Old Designator=FU? New Designator=FU1
Change Component Designator: Old Designator=FU? New Designator=FU2
Change Component Designator: Old Designator=FU? New Designator=FU3
Change Component Designator: Old Designator=FU? New Designator=FU4
Change Component Designator: Old Designator=R? New Designator=R1
Change Component Designator: Old Designator=R? New Designator=R2
Change Component Designator: Old Designator=VD1 New Designator=VD3
Change Component Designator: Old Designator=VD2 New Designator=VD4
Change Component Designator: Old Designator=VD3 New Designator=VD5
Change Component Designator: Old Designator=VD4 New Designator=VD6
Change Component Designator: Old Designator=VD? New Designator=VD1
Change Component Designator: Old Designator=VD? New Designator=VD2
Change Component Designator: Old Designator=XP? New Designator=XP1
