Change Component Designator: Old Designator=C17 New Designator=C15
Change Component Designator: Old Designator=C? New Designator=C4
Change Component Designator: Old Designator=C? New Designator=C5
Change Component Designator: Old Designator=C? New Designator=C6
Change Component Designator: Old Designator=C? New Designator=C7
Change Component Designator: Old Designator=C? New Designator=C8
Change Component Designator: Old Designator=C? New Designator=C9
Change Component Designator: Old Designator=C? New Designator=C10
Change Component Designator: Old Designator=C? New Designator=C11
Change Component Designator: Old Designator=C? New Designator=C12
Change Component Designator: Old Designator=C? New Designator=C13
Change Component Designator: Old Designator=C? New Designator=C14
Change Component Designator: Old Designator=DD2 New Designator=DD4
Change Component Designator: Old Designator=DD? New Designator=DD3
Change Component Designator: Old Designator=DD? New Designator=DD3
Change Component Designator: Old Designator=DD? New Designator=DD3
Change Component Designator: Old Designator=J? New Designator=J1
Change Component Designator: Old Designator=R5 New Designator=R3
Change Component Designator: Old Designator=R6 New Designator=R4
Change Component Designator: Old Designator=R23 New Designator=R5
Change Component Designator: Old Designator=R? New Designator=R6
Change Component Designator: Old Designator=VD5 New Designator=VD7
Change Component Designator: Old Designator=VD6 New Designator=VD8
Change Component Designator: Old Designator=XP1 New Designator=XP2
