Change Component Designator: Old Designator=C23 New Designator=C16
Change Component Designator: Old Designator=C24 New Designator=C17
Change Component Designator: Old Designator=C25 New Designator=C18
Change Component Designator: Old Designator=C26 New Designator=C19
Change Component Designator: Old Designator=C27 New Designator=C20
Change Component Designator: Old Designator=C28 New Designator=C21
Change Component Designator: Old Designator=FU6 New Designator=FU7
Change Component Designator: Old Designator=R35 New Designator=R7
Change Component Designator: Old Designator=R36 New Designator=R8
Change Component Designator: Old Designator=R37 New Designator=R9
Change Component Designator: Old Designator=R38 New Designator=R10
Change Component Designator: Old Designator=R39 New Designator=R11
Change Component Designator: Old Designator=R40 New Designator=R12
Change Component Designator: Old Designator=R42 New Designator=R13
Change Component Designator: Old Designator=VD22 New Designator=VD9
Change Component Designator: Old Designator=VD24 New Designator=VD10
Change Component Designator: Old Designator=VD25 New Designator=VD11
Change Component Designator: Old Designator=VD26 New Designator=VD12
Change Component Designator: Old Designator=VD27 New Designator=VD13
Change Component Designator: Old Designator=VT2 New Designator=VT1
Change Component Designator: Old Designator=VT3 New Designator=VT2
