Removed Pin From Net: NetName=VCC Pin=C13-1
Removed Pin From Net: NetName=VCC Pin=C14-1
Removed Pin From Net: NetName=VCC Pin=C17-1
Removed Pin From Net: NetName=VCC Pin=C18-2
Removed Pin From Net: NetName=VCC Pin=DD1-8
Removed Pin From Net: NetName=VCC Pin=DD1-17
Removed Pin From Net: NetName=VCC Pin=DD1-44
Removed Pin From Net: NetName=VCC Pin=DD2-3
Removed Pin From Net: NetName=VCC Pin=DD2-7
Removed Pin From Net: NetName=VCC Pin=DD2-8
Removed Pin From Net: NetName=VCC Pin=R26-1
Removed Pin From Net: NetName=VCC Pin=R27-1
Removed Pin From Net: NetName=VCC Pin=R28-1
Added Pin To Net: NetName=+3.3V Pin=C13-1
Added Pin To Net: NetName=+3.3V Pin=C14-1
Added Pin To Net: NetName=+3.3V Pin=C17-1
Added Pin To Net: NetName=+3.3V Pin=C18-2
Added Pin To Net: NetName=+3.3V Pin=DD1-8
Added Pin To Net: NetName=+3.3V Pin=DD1-17
Added Pin To Net: NetName=+3.3V Pin=DD1-44
Added Pin To Net: NetName=+3.3V Pin=DD2-3
Added Pin To Net: NetName=+3.3V Pin=DD2-7
Added Pin To Net: NetName=+3.3V Pin=DD2-8
Added Pin To Net: NetName=+3.3V Pin=R26-1
Added Pin To Net: NetName=+3.3V Pin=R27-1
Added Pin To Net: NetName=+3.3V Pin=R28-1
