Added Component: Designator=C1(CC0603-3M)
Added Component: Designator=C2(CC0603-3M)
Added Component: Designator=C3(CC0603-3M)
Added Component: Designator=C4(CC0603-3M)
Added Component: Designator=C5(CC0603-3M)
Added Component: Designator=C6(CC0603-3M)
Added Component: Designator=C7(CC0603-3M)
Added Component: Designator=C8(CC0603-3M)
Added Component: Designator=C9(CC0603-3M)
Added Component: Designator=C10(CC0603-3M)
Added Component: Designator=C11(CC0603-3M)
Added Component: Designator=C12(CC0603-3M)
Added Component: Designator=C13(CC0603-3M)
Added Component: Designator=C14(CC0603-3M)
Added Component: Designator=C15(CC0603-3M)
Added Component: Designator=C16(CC0603-3M)
Added Component: Designator=C17(CC0603-3M)
Added Component: Designator=C18(CC0603-3M)
Added Component: Designator=C19(CC0603-3M)
Added Component: Designator=C20(CC0603-3M)
Added Component: Designator=C21(CC0603-3M)
Added Component: Designator=C22(CC0603-3M)
Added Component: Designator=C23(CC20X2.54)
Added Component: Designator=C24(CC0603-3M)
Added Component: Designator=C25(CC8X3.5)
Added Component: Designator=C26(CC0603-3M)
Added Component: Designator=C27(CC0603-3M)
Added Component: Designator=C28(CC1206-MIDI)
Added Component: Designator=C29(CC16X10_CAP0.5(1)(Primary))
Added Component: Designator=C30(CC0603-3M)
Added Component: Designator=C31(CC0805-MIDI-2M1)
Added Component: Designator=C32(CC0603-3M)
Added Component: Designator=DA1(SO-8)
Added Component: Designator=DA2(SOT223-6)
Added Component: Designator=DD1(LQFP48)
Added Component: Designator=DD2(EIAJ_SO8)
Added Component: Designator=FU1(RC1210)
Added Component: Designator=FU2(RC1210)
Added Component: Designator=FU3(RC1210)
Added Component: Designator=FU4(RC1210)
Added Component: Designator=FU5(RC1210)
Added Component: Designator=FU6(MF-SMDF)
Added Component: Designator=FU7(RC1210)
Added Component: Designator=FU8(RC1210)
Added Component: Designator=J1(PIN2W)
Added Component: Designator=L1(SDR0805)
Added Component: Designator=QR1(AC5032_2)
Added Component: Designator=R1(RC0603-3M)
Added Component: Designator=R2(RC0603-3M)
Added Component: Designator=R3(RC0603-3M)
Added Component: Designator=R4(RC0603-3M)
Added Component: Designator=R5(RC0603-3M)
Added Component: Designator=R6(RC0603-3M)
Added Component: Designator=R7(RC0603-3M)
Added Component: Designator=R8(RC0603-3M)
Added Component: Designator=R9(RC0603-3M)
Added Component: Designator=R10(RC0603-3M)
Added Component: Designator=R11(RC0603-3M)
Added Component: Designator=R12(RC0603-3M)
Added Component: Designator=R13(RC0603-3M)
Added Component: Designator=R14(RC0603-3M)
Added Component: Designator=R15(RC0603-3M)
Added Component: Designator=R16(RC0603-3M)
Added Component: Designator=R17(RC0603-3M)
Added Component: Designator=R18(RC0603-3M)
Added Component: Designator=R19(RC0603-3M)
Added Component: Designator=R20(RC0603-3M)
Added Component: Designator=R21(RC0603-3M)
Added Component: Designator=R22(RC0603-3M)
Added Component: Designator=R23(RC0603-3M)
Added Component: Designator=R24(RC0603-3M)
Added Component: Designator=R25(RC0603-3M)
Added Component: Designator=R26(RC0603-3M)
Added Component: Designator=R27(RC0603-3M)
Added Component: Designator=R28(RC0603-3M)
Added Component: Designator=R29(RC0603-3M)
Added Component: Designator=R30(RC0603-3M)
Added Component: Designator=R31(RC0603-3M)
Added Component: Designator=R32(RC0603-3M)
Added Component: Designator=R33(RC0603-3M)
Added Component: Designator=R34(RC1206-2M)
Added Component: Designator=R35(RC0603-3M)
Added Component: Designator=R36(RC0603-3M)
Added Component: Designator=R37(RC0805_IPC_NOM)
Added Component: Designator=R38(RC0805_IPC_NOM)
Added Component: Designator=R39(RC1206-2M)
Added Component: Designator=R40(RC1206-2M)
Added Component: Designator=R41(RC0603-3M)
Added Component: Designator=R42(RC1206-2M)
Added Component: Designator=R43(RC0603-3M)
Added Component: Designator=Rep1(REPER1.2)
Added Component: Designator=Rep2(REPER1.2)
Added Component: Designator=VD1(SOT-23(GSD))
Added Component: Designator=VD2(SOT-23(GSD))
Added Component: Designator=VD3(SOT-23(GSD))
Added Component: Designator=VD4(SOT-23(GSD))
Added Component: Designator=VD5(SMB)
Added Component: Designator=VD6(SMB)
Added Component: Designator=VD7(SOT-23(123))
Added Component: Designator=VD8(SOT-23(123))
Added Component: Designator=VD9(SMB)
Added Component: Designator=VD10(SMB)
Added Component: Designator=VD11(SOT-23(123))
Added Component: Designator=VD12(SOT-23(123))
Added Component: Designator=VD13(SOT-23(GSD))
Added Component: Designator=VD14(SOT-23(GSD))
Added Component: Designator=VD15(SOT-23(GSD))
Added Component: Designator=VD16(SOT-23(GSD))
Added Component: Designator=VD17(LED3)
Added Component: Designator=VD18(SOD-80)
Added Component: Designator=VD19(SOD-80)
Added Component: Designator=VD20(SOT-23(GSD))
Added Component: Designator=VD21(SMB)
Added Component: Designator=VD22(SOD-80)
Added Component: Designator=VD23(SMA)
Added Component: Designator=VD24(SOT-23(123))
Added Component: Designator=VD25(SMA)
Added Component: Designator=VD26(SMB)
Added Component: Designator=VD27(SOD-80)
Added Component: Designator=VD28(SOD-80)
Added Component: Designator=VT1(SO-8)
Added Component: Designator=VT2(SOT-23(123))
Added Component: Designator=VT3(D-PAK(TO-252AA))
Added Component: Designator=XP1(PIN6)
Added Component: Designator=XP2(PIN04S)
Added Component: Designator=XP3(MIF2X09PRP)
Added Component: Designator=XP4(MIF2X02PRP)
Added Pin To Net: NetName=+3.3V Pin=R9-1
Added Pin To Net: NetName=+3.3V Pin=R10-1
Added Pin To Net: NetName=+3.3V Pin=R13-1
Added Pin To Net: NetName=+3.3V Pin=R14-1
Added Pin To Net: NetName=+3.3V Pin=VD1-2
Added Pin To Net: NetName=+3.3V Pin=VD2-2
Added Pin To Net: NetName=+3.3V Pin=VD3-2
Added Pin To Net: NetName=+3.3V Pin=VD4-2
Added Pin To Net: NetName=+3.3V Pin=VD13-2
Added Pin To Net: NetName=+3.3V Pin=VD14-2
Added Pin To Net: NetName=+3.3V Pin=VD15-2
Added Pin To Net: NetName=+3.3V Pin=VD16-2
Added Net: Name=+3.3V
Added Pin To Net: NetName=+5V Pin=C15-1
Added Pin To Net: NetName=+5V Pin=C25-1
Added Pin To Net: NetName=+5V Pin=C26-2
Added Pin To Net: NetName=+5V Pin=C30-1
Added Pin To Net: NetName=+5V Pin=C31-2
Added Pin To Net: NetName=+5V Pin=DA2-1
Added Pin To Net: NetName=+5V Pin=DA2-2
Added Pin To Net: NetName=+5V Pin=DD1-20
Added Pin To Net: NetName=+5V Pin=L1-1
Added Pin To Net: NetName=+5V Pin=R35-2
Added Net: Name=+5V
Added Pin To Net: NetName=1WIREPWR Pin=FU5-2
Added Pin To Net: NetName=1WIREPWR Pin=XP3-7
Added Net: Name=1WIREPWR
Added Pin To Net: NetName=1WIRE Pin=R30-1
Added Pin To Net: NetName=1WIRE Pin=XP3-16
Added Net: Name=1WIRE
Added Pin To Net: NetName=ANALOG1 Pin=C1-2
Added Pin To Net: NetName=ANALOG1 Pin=DD1-32
Added Pin To Net: NetName=ANALOG1 Pin=R1-1
Added Pin To Net: NetName=ANALOG1 Pin=R1-2
Added Pin To Net: NetName=ANALOG1 Pin=R3-2
Added Pin To Net: NetName=ANALOG1 Pin=VD1-3
Added Pin To Net: NetName=ANALOG1 Pin=XP3-1
Added Net: Name=ANALOG1
Added Pin To Net: NetName=ANALOG2 Pin=C2-2
Added Pin To Net: NetName=ANALOG2 Pin=DD1-34
Added Pin To Net: NetName=ANALOG2 Pin=R2-1
Added Pin To Net: NetName=ANALOG2 Pin=R2-2
Added Pin To Net: NetName=ANALOG2 Pin=R4-2
Added Pin To Net: NetName=ANALOG2 Pin=VD2-3
Added Pin To Net: NetName=ANALOG2 Pin=XP3-10
Added Net: Name=ANALOG2
Added Pin To Net: NetName=ANALOG3 Pin=C3-2
Added Pin To Net: NetName=ANALOG3 Pin=DD1-35
Added Pin To Net: NetName=ANALOG3 Pin=R5-1
Added Pin To Net: NetName=ANALOG3 Pin=R5-2
Added Pin To Net: NetName=ANALOG3 Pin=R7-2
Added Pin To Net: NetName=ANALOG3 Pin=VD3-3
Added Pin To Net: NetName=ANALOG3 Pin=XP3-2
Added Net: Name=ANALOG3
Added Pin To Net: NetName=ANALOG4 Pin=C4-2
Added Pin To Net: NetName=ANALOG4 Pin=DD1-39
Added Pin To Net: NetName=ANALOG4 Pin=R6-1
Added Pin To Net: NetName=ANALOG4 Pin=R6-2
Added Pin To Net: NetName=ANALOG4 Pin=R8-2
Added Pin To Net: NetName=ANALOG4 Pin=VD4-3
Added Pin To Net: NetName=ANALOG4 Pin=XP3-11
Added Net: Name=ANALOG4
Added Pin To Net: NetName=CAN_CON Pin=DD1-25
Added Pin To Net: NetName=CAN_CON Pin=R29-1
Added Net: Name=CAN_CON
Added Pin To Net: NetName=CANH Pin=DD1-19
Added Pin To Net: NetName=CANH Pin=FU7-2
Added Pin To Net: NetName=CANH Pin=VD24-2
Added Net: Name=CANH
Added Pin To Net: NetName=CANL Pin=DD1-18
Added Pin To Net: NetName=CANL Pin=FU8-2
Added Pin To Net: NetName=CANL Pin=VD24-1
Added Net: Name=CANL
Added Pin To Net: NetName=D_OUT1 Pin=DD1-27
Added Pin To Net: NetName=D_OUT1 Pin=R31-1
Added Pin To Net: NetName=D_OUT1 Pin=VD19-2
Added Pin To Net: NetName=D_OUT1 Pin=VT1-2
Added Net: Name=D_OUT1
Added Pin To Net: NetName=D_OUT2 Pin=DD1-28
Added Pin To Net: NetName=D_OUT2 Pin=R33-1
Added Pin To Net: NetName=D_OUT2 Pin=VD18-2
Added Pin To Net: NetName=D_OUT2 Pin=VT1-4
Added Net: Name=D_OUT2
Added Pin To Net: NetName=GND Pin=C1-1
Added Pin To Net: NetName=GND Pin=C2-1
Added Pin To Net: NetName=GND Pin=C3-1
Added Pin To Net: NetName=GND Pin=C4-1
Added Pin To Net: NetName=GND Pin=C5-1
Added Pin To Net: NetName=GND Pin=C6-1
Added Pin To Net: NetName=GND Pin=C7-1
Added Pin To Net: NetName=GND Pin=C8-1
Added Pin To Net: NetName=GND Pin=C9-1
Added Pin To Net: NetName=GND Pin=C10-1
Added Pin To Net: NetName=GND Pin=C11-1
Added Pin To Net: NetName=GND Pin=C12-1
Added Pin To Net: NetName=GND Pin=C13-2
Added Pin To Net: NetName=GND Pin=C14-2
Added Pin To Net: NetName=GND Pin=C15-2
Added Pin To Net: NetName=GND Pin=C16-1
Added Pin To Net: NetName=GND Pin=C17-2
Added Pin To Net: NetName=GND Pin=C18-1
Added Pin To Net: NetName=GND Pin=C19-1
Added Pin To Net: NetName=GND Pin=C20-1
Added Pin To Net: NetName=GND Pin=C21-1
Added Pin To Net: NetName=GND Pin=C22-1
Added Pin To Net: NetName=GND Pin=C23-2
Added Pin To Net: NetName=GND Pin=C24-1
Added Pin To Net: NetName=GND Pin=C25-2
Added Pin To Net: NetName=GND Pin=C26-1
Added Pin To Net: NetName=GND Pin=C27-2
Added Pin To Net: NetName=GND Pin=C28-1
Added Pin To Net: NetName=GND Pin=C29-1
Added Pin To Net: NetName=GND Pin=C30-2
Added Pin To Net: NetName=GND Pin=C31-1
Added Pin To Net: NetName=GND Pin=C32-1
Added Pin To Net: NetName=GND Pin=DA1-4
Added Pin To Net: NetName=GND Pin=DA2-3
Added Pin To Net: NetName=GND Pin=DA2-6
Added Pin To Net: NetName=GND Pin=DD1-21
Added Pin To Net: NetName=GND Pin=DD1-41
Added Pin To Net: NetName=GND Pin=DD2-4
Added Pin To Net: NetName=GND Pin=J1-2
Added Pin To Net: NetName=GND Pin=R3-1
Added Pin To Net: NetName=GND Pin=R4-1
Added Pin To Net: NetName=GND Pin=R7-1
Added Pin To Net: NetName=GND Pin=R8-1
Added Pin To Net: NetName=GND Pin=R11-2
Added Pin To Net: NetName=GND Pin=R12-2
Added Pin To Net: NetName=GND Pin=R15-2
Added Pin To Net: NetName=GND Pin=R16-2
Added Pin To Net: NetName=GND Pin=R19-2
Added Pin To Net: NetName=GND Pin=R20-2
Added Pin To Net: NetName=GND Pin=R23-2
Added Pin To Net: NetName=GND Pin=R24-2
Added Pin To Net: NetName=GND Pin=R36-1
Added Pin To Net: NetName=GND Pin=R41-1
Added Pin To Net: NetName=GND Pin=R42-2
Added Pin To Net: NetName=GND Pin=VD1-1
Added Pin To Net: NetName=GND Pin=VD2-1
Added Pin To Net: NetName=GND Pin=VD3-1
Added Pin To Net: NetName=GND Pin=VD4-1
Added Pin To Net: NetName=GND Pin=VD5-1
Added Pin To Net: NetName=GND Pin=VD6-1
Added Pin To Net: NetName=GND Pin=VD9-1
Added Pin To Net: NetName=GND Pin=VD10-1
Added Pin To Net: NetName=GND Pin=VD13-1
Added Pin To Net: NetName=GND Pin=VD14-1
Added Pin To Net: NetName=GND Pin=VD15-1
Added Pin To Net: NetName=GND Pin=VD16-1
Added Pin To Net: NetName=GND Pin=VD17-1
Added Pin To Net: NetName=GND Pin=VD20-1
Added Pin To Net: NetName=GND Pin=VD21-1
Added Pin To Net: NetName=GND Pin=VD22-1
Added Pin To Net: NetName=GND Pin=VD23-1
Added Pin To Net: NetName=GND Pin=VD24-3
Added Pin To Net: NetName=GND Pin=VD26-1
Added Pin To Net: NetName=GND Pin=VD27-1
Added Pin To Net: NetName=GND Pin=XP1-5
Added Pin To Net: NetName=GND Pin=XP2-2
Added Pin To Net: NetName=GND Pin=XP2-3
Added Pin To Net: NetName=GND Pin=XP3-9
Added Pin To Net: NetName=GND Pin=XP4-1
Added Net: Name=GND
Added Pin To Net: NetName=INP0_1HF Pin=C5-2
Added Pin To Net: NetName=INP0_1HF Pin=DD1-45
Added Pin To Net: NetName=INP0_1HF Pin=FU1-2
Added Pin To Net: NetName=INP0_1HF Pin=R11-1
Added Pin To Net: NetName=INP0_1HF Pin=VD7-2
Added Pin To Net: NetName=INP0_1HF Pin=XP3-5
Added Net: Name=INP0_1HF
Added Pin To Net: NetName=INP0_2HF Pin=C6-2
Added Pin To Net: NetName=INP0_2HF Pin=DD1-33
Added Pin To Net: NetName=INP0_2HF Pin=FU2-2
Added Pin To Net: NetName=INP0_2HF Pin=R12-1
Added Pin To Net: NetName=INP0_2HF Pin=VD8-2
Added Pin To Net: NetName=INP0_2HF Pin=XP3-14
Added Net: Name=INP0_2HF
Added Pin To Net: NetName=INP0_3 Pin=FU3-2
Added Pin To Net: NetName=INP0_3 Pin=XP3-6
Added Net: Name=INP0_3
Added Pin To Net: NetName=INP0_4 Pin=FU4-2
Added Pin To Net: NetName=INP0_4 Pin=XP3-15
Added Net: Name=INP0_4
Added Pin To Net: NetName=INP1_1HF Pin=C10-2
Added Pin To Net: NetName=INP1_1HF Pin=DD1-9
Added Pin To Net: NetName=INP1_1HF Pin=R18-1
Added Pin To Net: NetName=INP1_1HF Pin=R18-2
Added Pin To Net: NetName=INP1_1HF Pin=R20-1
Added Pin To Net: NetName=INP1_1HF Pin=VD14-3
Added Pin To Net: NetName=INP1_1HF Pin=XP3-3
Added Net: Name=INP1_1HF
Added Pin To Net: NetName=INP1_2HF Pin=C9-2
Added Pin To Net: NetName=INP1_2HF Pin=DD1-10
Added Pin To Net: NetName=INP1_2HF Pin=R17-1
Added Pin To Net: NetName=INP1_2HF Pin=R17-2
Added Pin To Net: NetName=INP1_2HF Pin=R19-1
Added Pin To Net: NetName=INP1_2HF Pin=VD13-3
Added Pin To Net: NetName=INP1_2HF Pin=XP3-12
Added Net: Name=INP1_2HF
Added Pin To Net: NetName=INP1_3F Pin=C11-2
Added Pin To Net: NetName=INP1_3F Pin=DD1-11
Added Pin To Net: NetName=INP1_3F Pin=R21-1
Added Pin To Net: NetName=INP1_3F Pin=R23-1
Added Pin To Net: NetName=INP1_3F Pin=VD15-3
Added Net: Name=INP1_3F
Added Pin To Net: NetName=INP1_3 Pin=R21-2
Added Pin To Net: NetName=INP1_3 Pin=XP3-4
Added Net: Name=INP1_3
Added Pin To Net: NetName=INP1_4F Pin=C12-2
Added Pin To Net: NetName=INP1_4F Pin=DD1-12
Added Pin To Net: NetName=INP1_4F Pin=R22-1
Added Pin To Net: NetName=INP1_4F Pin=R24-1
Added Pin To Net: NetName=INP1_4F Pin=VD16-3
Added Net: Name=INP1_4F
Added Pin To Net: NetName=INP1_4 Pin=R22-2
Added Pin To Net: NetName=INP1_4 Pin=XP3-13
Added Net: Name=INP1_4
Added Pin To Net: NetName=ISP_START Pin=DD1-4
Added Pin To Net: NetName=ISP_START Pin=R27-2
Added Pin To Net: NetName=ISP_START Pin=XP2-1
Added Net: Name=ISP_START
Added Pin To Net: NetName=ISP_VAR Pin=DD1-14
Added Pin To Net: NetName=ISP_VAR Pin=R28-2
Added Pin To Net: NetName=ISP_VAR Pin=XP2-4
Added Net: Name=ISP_VAR
Added Pin To Net: NetName=MISO Pin=DD1-26
Added Pin To Net: NetName=MISO Pin=DD2-2
Added Net: Name=MISO
Added Pin To Net: NetName=MOSI Pin=DD1-38
Added Net: Name=MOSI
Added Pin To Net: NetName=NetC7_2 Pin=C7-2
Added Pin To Net: NetName=NetC7_2 Pin=DD1-29
Added Pin To Net: NetName=NetC7_2 Pin=R15-1
Added Pin To Net: NetName=NetC7_2 Pin=VD11-2
Added Net: Name=NetC7_2
Added Pin To Net: NetName=NetC8_2 Pin=C8-2
Added Pin To Net: NetName=NetC8_2 Pin=DD1-30
Added Pin To Net: NetName=NetC8_2 Pin=R16-1
Added Pin To Net: NetName=NetC8_2 Pin=VD12-2
Added Net: Name=NetC8_2
Added Pin To Net: NetName=NetC21_2 Pin=C21-2
Added Pin To Net: NetName=NetC21_2 Pin=R30-2
Added Pin To Net: NetName=NetC21_2 Pin=R32-1
Added Pin To Net: NetName=NetC21_2 Pin=VD20-3
Added Net: Name=NetC21_2
Added Pin To Net: NetName=NetC22_2 Pin=C22-2
Added Pin To Net: NetName=NetC22_2 Pin=C23-1
Added Pin To Net: NetName=NetC22_2 Pin=FU5-1
Added Pin To Net: NetName=NetC22_2 Pin=R34-1
Added Pin To Net: NetName=NetC22_2 Pin=VD21-2
Added Pin To Net: NetName=NetC22_2 Pin=VD22-2
Added Net: Name=NetC22_2
Added Pin To Net: NetName=NetC24_2 Pin=C24-2
Added Pin To Net: NetName=NetC24_2 Pin=DA1-3
Added Net: Name=NetC24_2
Added Pin To Net: NetName=NetC28_2 Pin=C28-2
Added Pin To Net: NetName=NetC28_2 Pin=R39-2
Added Pin To Net: NetName=NetC28_2 Pin=VD25-2
Added Pin To Net: NetName=NetC28_2 Pin=VD26-2
Added Pin To Net: NetName=NetC28_2 Pin=VD28-2
Added Pin To Net: NetName=NetC28_2 Pin=VT2-2
Added Pin To Net: NetName=NetC28_2 Pin=VT3-2
Added Net: Name=NetC28_2
Added Pin To Net: NetName=NetDA1_1 Pin=DA1-1
Added Pin To Net: NetName=NetDA1_1 Pin=DA1-7
Added Pin To Net: NetName=NetDA1_1 Pin=DA1-8
Added Pin To Net: NetName=NetDA1_1 Pin=R37-2
Added Pin To Net: NetName=NetDA1_1 Pin=R38-2
Added Net: Name=NetDA1_1
Added Pin To Net: NetName=NetDA1_2 Pin=DA1-2
Added Pin To Net: NetName=NetDA1_2 Pin=L1-2
Added Pin To Net: NetName=NetDA1_2 Pin=VD23-2
Added Net: Name=NetDA1_2
Added Pin To Net: NetName=NetDA1_5 Pin=DA1-5
Added Pin To Net: NetName=NetDA1_5 Pin=R35-1
Added Pin To Net: NetName=NetDA1_5 Pin=R36-2
Added Net: Name=NetDA1_5
Added Pin To Net: NetName=NetDA2_5 Pin=DA2-5
Added Pin To Net: NetName=NetDA2_5 Pin=R41-2
Added Pin To Net: NetName=NetDA2_5 Pin=R43-2
Added Net: Name=NetDA2_5
Added Pin To Net: NetName=NetFU1_1 Pin=FU1-1
Added Pin To Net: NetName=NetFU1_1 Pin=VD5-2
Added Pin To Net: NetName=NetFU1_1 Pin=VD7-1
Added Net: Name=NetFU1_1
Added Pin To Net: NetName=NetFU2_1 Pin=FU2-1
Added Pin To Net: NetName=NetFU2_1 Pin=VD6-2
Added Pin To Net: NetName=NetFU2_1 Pin=VD8-1
Added Net: Name=NetFU2_1
Added Pin To Net: NetName=NetFU3_1 Pin=FU3-1
Added Pin To Net: NetName=NetFU3_1 Pin=VD9-2
Added Pin To Net: NetName=NetFU3_1 Pin=VD11-1
Added Net: Name=NetFU3_1
Added Pin To Net: NetName=NetFU4_1 Pin=FU4-1
Added Pin To Net: NetName=NetFU4_1 Pin=VD10-2
Added Pin To Net: NetName=NetFU4_1 Pin=VD12-1
Added Net: Name=NetFU4_1
Added Pin To Net: NetName=NetFU6_2 Pin=FU6-2
Added Pin To Net: NetName=NetFU6_2 Pin=VD25-1
Added Net: Name=NetFU6_2
Added Pin To Net: NetName=NetFU7_1 Pin=FU7-1
Added Pin To Net: NetName=NetFU7_1 Pin=XP4-4
Added Net: Name=NetFU7_1
Added Pin To Net: NetName=NetFU8_1 Pin=FU8-1
Added Pin To Net: NetName=NetFU8_1 Pin=XP4-2
Added Net: Name=NetFU8_1
Added Pin To Net: NetName=NetR9_2 Pin=R9-2
Added Pin To Net: NetName=NetR9_2 Pin=VD7-3
Added Net: Name=NetR9_2
Added Pin To Net: NetName=NetR10_2 Pin=R10-2
Added Pin To Net: NetName=NetR10_2 Pin=VD8-3
Added Net: Name=NetR10_2
Added Pin To Net: NetName=NetR13_2 Pin=R13-2
Added Pin To Net: NetName=NetR13_2 Pin=VD11-3
Added Net: Name=NetR13_2
Added Pin To Net: NetName=NetR14_2 Pin=R14-2
Added Pin To Net: NetName=NetR14_2 Pin=VD12-3
Added Net: Name=NetR14_2
Added Pin To Net: NetName=NetR25_2 Pin=R25-2
Added Pin To Net: NetName=NetR25_2 Pin=XP1-2
Added Net: Name=NetR25_2
Added Pin To Net: NetName=NetR29_2 Pin=R29-2
Added Pin To Net: NetName=NetR29_2 Pin=VD17-2
Added Net: Name=NetR29_2
Added Pin To Net: NetName=NetR39_1 Pin=R39-1
Added Pin To Net: NetName=NetR39_1 Pin=R40-2
Added Pin To Net: NetName=NetR39_1 Pin=VD27-2
Added Net: Name=NetR39_1
Added Pin To Net: NetName=NetR40_1 Pin=R40-1
Added Pin To Net: NetName=NetR40_1 Pin=VT2-1
Added Net: Name=NetR40_1
Added Pin To Net: NetName=NetR42_1 Pin=R42-1
Added Pin To Net: NetName=NetR42_1 Pin=VD28-1
Added Pin To Net: NetName=NetR42_1 Pin=VT2-3
Added Pin To Net: NetName=NetR42_1 Pin=VT3-1
Added Net: Name=NetR42_1
Added Pin To Net: NetName=OUT1 Pin=VT1-7
Added Pin To Net: NetName=OUT1 Pin=VT1-8
Added Pin To Net: NetName=OUT1 Pin=XP3-8
Added Net: Name=OUT1
Added Pin To Net: NetName=OUT2 Pin=VT1-5
Added Pin To Net: NetName=OUT2 Pin=VT1-6
Added Pin To Net: NetName=OUT2 Pin=XP3-17
Added Net: Name=OUT2
Added Pin To Net: NetName=PGND Pin=R31-2
Added Pin To Net: NetName=PGND Pin=R33-2
Added Pin To Net: NetName=PGND Pin=VD18-1
Added Pin To Net: NetName=PGND Pin=VD19-1
Added Pin To Net: NetName=PGND Pin=VT1-1
Added Pin To Net: NetName=PGND Pin=VT1-3
Added Pin To Net: NetName=PGND Pin=XP3-18
Added Net: Name=PGND
Added Pin To Net: NetName=RESET Pin=C16-2
Added Pin To Net: NetName=RESET Pin=DD1-3
Added Pin To Net: NetName=RESET Pin=J1-1
Added Pin To Net: NetName=RESET Pin=R26-2
Added Net: Name=RESET
Added Pin To Net: NetName=RXD Pin=DD1-46
Added Pin To Net: NetName=RXD Pin=XP1-3
Added Net: Name=RXD
Added Pin To Net: NetName=SCK Pin=DD1-13
Added Net: Name=SCK
Added Pin To Net: NetName=SS Pin=DD1-2
Added Pin To Net: NetName=SS Pin=DD2-1
Added Net: Name=SS
Added Pin To Net: NetName=STB Pin=DD1-22
Added Pin To Net: NetName=STB Pin=DD1-23
Added Net: Name=STB
Added Pin To Net: NetName=TXD Pin=DD1-47
Added Pin To Net: NetName=TXD Pin=R25-1
Added Net: Name=TXD
Added Pin To Net: NetName=VCC Pin=C13-1
Added Pin To Net: NetName=VCC Pin=C14-1
Added Pin To Net: NetName=VCC Pin=C17-1
Added Pin To Net: NetName=VCC Pin=C18-2
Added Pin To Net: NetName=VCC Pin=C32-2
Added Pin To Net: NetName=VCC Pin=DA2-4
Added Pin To Net: NetName=VCC Pin=DD1-8
Added Pin To Net: NetName=VCC Pin=DD1-17
Added Pin To Net: NetName=VCC Pin=DD1-44
Added Pin To Net: NetName=VCC Pin=DD2-3
Added Pin To Net: NetName=VCC Pin=DD2-7
Added Pin To Net: NetName=VCC Pin=DD2-8
Added Pin To Net: NetName=VCC Pin=R26-1
Added Pin To Net: NetName=VCC Pin=R27-1
Added Pin To Net: NetName=VCC Pin=R28-1
Added Pin To Net: NetName=VCC Pin=R32-2
Added Pin To Net: NetName=VCC Pin=R34-2
Added Pin To Net: NetName=VCC Pin=R43-1
Added Pin To Net: NetName=VCC Pin=VD20-2
Added Net: Name=VCC
Added Pin To Net: NetName=VIN_F Pin=C27-1
Added Pin To Net: NetName=VIN_F Pin=C29-2
Added Pin To Net: NetName=VIN_F Pin=DA1-6
Added Pin To Net: NetName=VIN_F Pin=R37-1
Added Pin To Net: NetName=VIN_F Pin=R38-1
Added Pin To Net: NetName=VIN_F Pin=VT3-3
Added Net: Name=VIN_F
Added Pin To Net: NetName=VIN Pin=FU6-1
Added Pin To Net: NetName=VIN Pin=XP4-3
Added Net: Name=VIN
Added Pin To Net: NetName=XTALIN Pin=C19-2
Added Pin To Net: NetName=XTALIN Pin=DD1-6
Added Pin To Net: NetName=XTALIN Pin=QR1-1
Added Net: Name=XTALIN
Added Pin To Net: NetName=XTALOUT Pin=C20-2
Added Pin To Net: NetName=XTALOUT Pin=DD1-7
Added Pin To Net: NetName=XTALOUT Pin=QR1-2
Added Net: Name=XTALOUT
Added Class: Name=Input_0
Added Class: Name=Input_1
Added Class: Name=Input
Added Class: Name=Main
Added Class: Name=Output&1Wire
Added Class: Name=Power
Added Room: Name=Input
Added Room: Name=Input_0
Added Room: Name=Input_1
Added Room: Name=Main
Added Room: Name=Output&1Wire
Added Room: Name=Power
