Removed Pin From Net: NetName=D_OUT1 Pin=DD1-27
Removed Pin From Net: NetName=D_OUT2 Pin=DD1-28
Change Component Designator: OldDesignator=R30 NewDesignator=R32
Change Component Designator: OldDesignator=R31 NewDesignator=R33
Change Component Designator: OldDesignator=R32 NewDesignator=R34
Change Component Designator: OldDesignator=R33 NewDesignator=R35
Change Component Designator: OldDesignator=R34 NewDesignator=R36
Change Component Designator: OldDesignator=R35 NewDesignator=R37
Change Component Designator: OldDesignator=R36 NewDesignator=R38
Change Component Designator: OldDesignator=R37 NewDesignator=R39
Change Component Designator: OldDesignator=R38 NewDesignator=R40
Change Component Designator: OldDesignator=R39 NewDesignator=R41
Change Component Designator: OldDesignator=R40 NewDesignator=R42
Change Component Designator: OldDesignator=R41 NewDesignator=R43
Change Component Designator: OldDesignator=R42 NewDesignator=R44
Change Component Designator: OldDesignator=R43 NewDesignator=R45
Added Component: Designator=R30(RC0603-3M)
Added Component: Designator=R31(RC0603-3M)
Added Pin To Net: NetName=D_OUT2 Pin=R30-2
Added Pin To Net: NetName=D_OUT1 Pin=R31-2
Change Net Name : Old Net Name=D_OUT1 New Net Name=NetR31_2
Change Net Name : Old Net Name=D_OUT2 New Net Name=NetR30_2
Change Net Name : Old Net Name=NetR39_1 New Net Name=NetR41_1
Change Net Name : Old Net Name=NetR40_1 New Net Name=NetR42_1
Change Net Name : Old Net Name=NetR42_1 New Net Name=NetR44_1
Added Pin To Net: NetName=D_OUT1 Pin=DD1-27
Added Pin To Net: NetName=D_OUT1 Pin=R31-1
Added Net: Name=D_OUT1
Added Pin To Net: NetName=D_OUT2 Pin=DD1-28
Added Pin To Net: NetName=D_OUT2 Pin=R30-1
Added Net: Name=D_OUT2
Added Member To Class: ClassName=Output&1Wire Member=Component R35 10k
Added Member To Class: ClassName=Output&1Wire Member=Component R36 51
