Change Component Designator: Old Designator=C10 New Designator=C24
Change Component Designator: Old Designator=C11 New Designator=C25
Change Component Designator: Old Designator=C12 New Designator=C26
Change Component Designator: Old Designator=C13 New Designator=C27
Change Component Designator: Old Designator=C14 New Designator=C29
Change Component Designator: Old Designator=C15 New Designator=C28
Change Component Designator: Old Designator=C16 New Designator=C30
Change Component Designator: Old Designator=C17 New Designator=C31
Change Component Designator: Old Designator=C18 New Designator=C32
Change Component Designator: Old Designator=FU5 New Designator=FU6
Change Component Designator: Old Designator=FU9 New Designator=FU7
Change Component Designator: Old Designator=FU10 New Designator=FU8
Change Component Designator: Old Designator=R7 New Designator=R35
Change Component Designator: Old Designator=R8 New Designator=R36
Change Component Designator: Old Designator=R9 New Designator=R37
Change Component Designator: Old Designator=R10 New Designator=R38
Change Component Designator: Old Designator=R11 New Designator=R39
Change Component Designator: Old Designator=R12 New Designator=R43
Change Component Designator: Old Designator=R13 New Designator=R41
Change Component Designator: Old Designator=R14 New Designator=R40
Change Component Designator: Old Designator=R15 New Designator=R42
Change Component Designator: Old Designator=VD1 New Designator=VD24
Change Component Designator: Old Designator=VD8 New Designator=VD23
Change Component Designator: Old Designator=VD9 New Designator=VD25
Change Component Designator: Old Designator=VD10 New Designator=VD26
Change Component Designator: Old Designator=VD11 New Designator=VD27
Change Component Designator: Old Designator=VD12 New Designator=VD28
Change Component Designator: Old Designator=VT1 New Designator=VT2
Change Component Designator: Old Designator=VT2 New Designator=VT3
Change Component Designator: Old Designator=XP5 New Designator=XP4
