Added Component: Designator=VD1(LED_SAMSUNG)
Added Component: Designator=VD2(LED_SAMSUNG)
Added Component: Designator=VD3(LED_SAMSUNG)
Added Component: Designator=VD4(LED_SAMSUNG)
Added Component: Designator=VD5(LED_SAMSUNG)
Added Component: Designator=VD6(LED_SAMSUNG)
Added Component: Designator=VD7(LED_SAMSUNG)
Added Component: Designator=VD8(LED_SAMSUNG)
Added Component: Designator=VD9(LED_SAMSUNG)
Added Component: Designator=VD10(LED_SAMSUNG)
Added Component: Designator=VD11(LED_SAMSUNG)
Added Component: Designator=VD12(LED_SAMSUNG)
Added Component: Designator=VD13(LED_SAMSUNG)
Added Component: Designator=VD14(LED_SAMSUNG)
Added Component: Designator=VD15(LED_SAMSUNG)
Added Component: Designator=VD16(LED_SAMSUNG)
Added Component: Designator=VD17(LED_SAMSUNG)
Added Component: Designator=VD18(LED_SAMSUNG)
Added Component: Designator=VD19(LED_SAMSUNG)
Added Component: Designator=VD20(LED_SAMSUNG)
Added Component: Designator=VD21(LED_SAMSUNG)
Added Component: Designator=VD22(LED_SAMSUNG)
Added Component: Designator=VD23(LED_SAMSUNG)
Added Component: Designator=VD24(LED_SAMSUNG)
Added Component: Designator=VD25(LED_SAMSUNG)
Added Component: Designator=VD26(LED_SAMSUNG)
Added Component: Designator=VD27(LED_SAMSUNG)
Added Component: Designator=VD28(LED_SAMSUNG)
Added Component: Designator=VD29(LED_SAMSUNG)
Added Component: Designator=VD30(LED_SAMSUNG)
Added Component: Designator=VD31(LED_SAMSUNG)
Added Component: Designator=VD32(LED_SAMSUNG)
Added Component: Designator=VD33(LED_SAMSUNG)
Added Component: Designator=VD34(LED_SAMSUNG)
Added Component: Designator=VD35(LED_SAMSUNG)
Added Component: Designator=VD36(LED_SAMSUNG)
Added Component: Designator=VD37(LED_SAMSUNG)
Added Component: Designator=VD38(LED_SAMSUNG)
Added Component: Designator=VD39(LED_SAMSUNG)
Added Component: Designator=VD40(LED_SAMSUNG)
Added Component: Designator=VD41(LED_SAMSUNG)
Added Component: Designator=VD42(LED_SAMSUNG)
Added Component: Designator=VD43(LED_SAMSUNG)
Added Component: Designator=VD44(LED_SAMSUNG)
Added Component: Designator=VD45(LED_SAMSUNG)
Added Component: Designator=VD46(LED_SAMSUNG)
Added Component: Designator=VD47(LED_SAMSUNG)
Added Component: Designator=VD48(LED_SAMSUNG)
Added Component: Designator=VD49(LED_SAMSUNG)
Added Component: Designator=VD50(LED_SAMSUNG)
Added Component: Designator=VD51(LED_SAMSUNG)
Added Component: Designator=VD52(LED_SAMSUNG)
Added Component: Designator=VD53(LED_SAMSUNG)
Added Component: Designator=VD54(LED_SAMSUNG)
Added Component: Designator=VD55(LED_SAMSUNG)
Added Component: Designator=VD56(LED_SAMSUNG)
Added Component: Designator=VD57(LED_SAMSUNG)
Added Component: Designator=VD58(LED_SAMSUNG)
Added Component: Designator=VD59(LED_SAMSUNG)
Added Component: Designator=VD60(LED_SAMSUNG)
Added Component: Designator=VD61(LED_SAMSUNG)
Added Component: Designator=VD62(LED_SAMSUNG)
Added Component: Designator=VD63(LED_SAMSUNG)
Added Component: Designator=VD64(LED_SAMSUNG)
Added Component: Designator=VD65(LED_SAMSUNG)
Added Component: Designator=VD66(LED_SAMSUNG)
Added Component: Designator=VD67(LED_SAMSUNG)
Added Component: Designator=VD68(LED_SAMSUNG)
Added Component: Designator=VD69(LED_SAMSUNG)
Added Component: Designator=VD70(LED_SAMSUNG)
Added Component: Designator=VD71(LED_SAMSUNG)
Added Component: Designator=VD72(LED_SAMSUNG)
Added Component: Designator=VD73(LED_SAMSUNG)
Added Component: Designator=VD74(LED_SAMSUNG)
Added Component: Designator=VD75(LED_SAMSUNG)
Added Component: Designator=VD76(LED_SAMSUNG)
Added Component: Designator=VD77(LED_SAMSUNG)
Added Component: Designator=VD78(LED_SAMSUNG)
Added Component: Designator=VD79(LED_SAMSUNG)
Added Component: Designator=VD80(LED_SAMSUNG)
Added Component: Designator=VD81(LED_SAMSUNG)
Added Component: Designator=VD82(LED_SAMSUNG)
Added Component: Designator=VD83(LED_SAMSUNG)
Added Component: Designator=VD84(LED_SAMSUNG)
Added Component: Designator=VD85(LED_SAMSUNG)
Added Component: Designator=VD86(LED_SAMSUNG)
Added Component: Designator=VD87(LED_SAMSUNG)
Added Component: Designator=VD88(LED_SAMSUNG)
Added Component: Designator=VD89(LED_SAMSUNG)
Added Component: Designator=VD90(LED_SAMSUNG)
Added Component: Designator=VD91(LED_SAMSUNG)
Added Component: Designator=VD92(LED_SAMSUNG)
Added Component: Designator=VD93(LED_SAMSUNG)
Added Component: Designator=VD94(LED_SAMSUNG)
Added Component: Designator=VD95(LED_SAMSUNG)
Added Component: Designator=VD96(LED_SAMSUNG)
Added Component: Designator=VD97(LED_SAMSUNG)
Added Component: Designator=VD98(LED_SAMSUNG)
Added Component: Designator=VD99(LED_SAMSUNG)
Added Component: Designator=VD100(LED_SAMSUNG)
Added Component: Designator=VD101(LED_SAMSUNG)
Added Component: Designator=VD102(LED_SAMSUNG)
Added Component: Designator=VD103(LED_SAMSUNG)
Added Component: Designator=VD104(LED_SAMSUNG)
Added Component: Designator=VD105(LED_SAMSUNG)
Added Component: Designator=VD106(LED_SAMSUNG)
Added Component: Designator=VD107(LED_SAMSUNG)
Added Component: Designator=VD108(LED_SAMSUNG)
Added Component: Designator=VD109(LED_SAMSUNG)
Added Component: Designator=VD110(LED_SAMSUNG)
Added Component: Designator=VD111(LED_SAMSUNG)
Added Component: Designator=VD112(LED_SAMSUNG)
Added Component: Designator=VD113(LED_SAMSUNG)
Added Component: Designator=VD114(LED_SAMSUNG)
Added Component: Designator=VD115(LED_SAMSUNG)
Added Component: Designator=VD116(LED_SAMSUNG)
Added Component: Designator=VD117(LED_SAMSUNG)
Added Component: Designator=VD118(LED_SAMSUNG)
Added Component: Designator=VD119(LED_SAMSUNG)
Added Component: Designator=VD120(LED_SAMSUNG)
Added Component: Designator=VD121(LED_SAMSUNG)
Added Component: Designator=VD122(LED_SAMSUNG)
Added Component: Designator=VD123(LED_SAMSUNG)
Added Component: Designator=VD124(LED_SAMSUNG)
Added Component: Designator=VD125(LED_SAMSUNG)
Added Component: Designator=VD126(LED_SAMSUNG)
Added Component: Designator=VD127(LED_SAMSUNG)
Added Component: Designator=VD128(LED_SAMSUNG)
Added Component: Designator=VD129(LED_SAMSUNG)
Added Component: Designator=VD130(LED_SAMSUNG)
Added Component: Designator=VD131(LED_SAMSUNG)
Added Component: Designator=VD132(LED_SAMSUNG)
Added Component: Designator=VD133(LED_SAMSUNG)
Added Component: Designator=VD134(LED_SAMSUNG)
Added Component: Designator=VD135(LED_SAMSUNG)
Added Component: Designator=VD136(LED_SAMSUNG)
Added Component: Designator=VD137(LED_SAMSUNG)
Added Component: Designator=VD138(LED_SAMSUNG)
Added Component: Designator=VD139(LED_SAMSUNG)
Added Component: Designator=VD140(LED_SAMSUNG)
Added Component: Designator=VD141(LED_SAMSUNG)
Added Component: Designator=VD142(LED_SAMSUNG)
Added Component: Designator=VD143(LED_SAMSUNG)
Added Component: Designator=VD144(LED_SAMSUNG)
Added Component: Designator=VD145(LED_SAMSUNG)
Added Component: Designator=VD146(LED_SAMSUNG)
Added Component: Designator=VD147(LED_SAMSUNG)
Added Component: Designator=VD148(LED_SAMSUNG)
Added Component: Designator=VD149(LED_SAMSUNG)
Added Component: Designator=VD150(LED_SAMSUNG)
Added Component: Designator=VD151(LED_SAMSUNG)
Added Component: Designator=VD152(LED_SAMSUNG)
Added Component: Designator=VD153(LED_SAMSUNG)
Added Component: Designator=VD154(LED_SAMSUNG)
Added Component: Designator=VD155(LED_SAMSUNG)
Added Component: Designator=VD156(LED_SAMSUNG)
Added Component: Designator=X1(PIN_7x3mm_SMD)
Added Component: Designator=X2(PIN_7x3mm_SMD)
Added Pin To Net: NetName=V_IN Pin=VD1-1
Added Pin To Net: NetName=NetVD1_2 Pin=VD1-2
Added Pin To Net: NetName=NetVD1_2 Pin=VD1-2
Added Pin To Net: NetName=NetVD1_2 Pin=VD1-2
Added Pin To Net: NetName=NetVD1_2 Pin=VD1-2
Added Pin To Net: NetName=V_IN Pin=VD2-1
Added Pin To Net: NetName=NetVD1_2 Pin=VD2-2
Added Pin To Net: NetName=NetVD1_2 Pin=VD2-2
Added Pin To Net: NetName=NetVD1_2 Pin=VD2-2
Added Pin To Net: NetName=NetVD1_2 Pin=VD2-2
Added Pin To Net: NetName=V_IN Pin=VD3-1
Added Pin To Net: NetName=NetVD1_2 Pin=VD3-2
Added Pin To Net: NetName=NetVD1_2 Pin=VD3-2
Added Pin To Net: NetName=NetVD1_2 Pin=VD3-2
Added Pin To Net: NetName=NetVD1_2 Pin=VD3-2
Added Pin To Net: NetName=V_IN Pin=VD4-1
Added Pin To Net: NetName=NetVD1_2 Pin=VD4-2
Added Pin To Net: NetName=NetVD1_2 Pin=VD4-2
Added Pin To Net: NetName=NetVD1_2 Pin=VD4-2
Added Pin To Net: NetName=NetVD1_2 Pin=VD4-2
Added Pin To Net: NetName=V_IN Pin=VD5-1
Added Pin To Net: NetName=NetVD1_2 Pin=VD5-2
Added Pin To Net: NetName=NetVD1_2 Pin=VD5-2
Added Pin To Net: NetName=NetVD1_2 Pin=VD5-2
Added Pin To Net: NetName=NetVD1_2 Pin=VD5-2
Added Pin To Net: NetName=V_IN Pin=VD6-1
Added Pin To Net: NetName=NetVD1_2 Pin=VD6-2
Added Pin To Net: NetName=NetVD1_2 Pin=VD6-2
Added Pin To Net: NetName=NetVD1_2 Pin=VD6-2
Added Pin To Net: NetName=NetVD1_2 Pin=VD6-2
Added Pin To Net: NetName=NetVD1_2 Pin=VD7-1
Added Pin To Net: NetName=NetVD7_2 Pin=VD7-2
Added Pin To Net: NetName=NetVD7_2 Pin=VD7-2
Added Pin To Net: NetName=NetVD7_2 Pin=VD7-2
Added Pin To Net: NetName=NetVD7_2 Pin=VD7-2
Added Pin To Net: NetName=NetVD1_2 Pin=VD8-1
Added Pin To Net: NetName=NetVD7_2 Pin=VD8-2
Added Pin To Net: NetName=NetVD7_2 Pin=VD8-2
Added Pin To Net: NetName=NetVD7_2 Pin=VD8-2
Added Pin To Net: NetName=NetVD7_2 Pin=VD8-2
Added Pin To Net: NetName=NetVD1_2 Pin=VD9-1
Added Pin To Net: NetName=NetVD7_2 Pin=VD9-2
Added Pin To Net: NetName=NetVD7_2 Pin=VD9-2
Added Pin To Net: NetName=NetVD7_2 Pin=VD9-2
Added Pin To Net: NetName=NetVD7_2 Pin=VD9-2
Added Pin To Net: NetName=NetVD1_2 Pin=VD10-1
Added Pin To Net: NetName=NetVD7_2 Pin=VD10-2
Added Pin To Net: NetName=NetVD7_2 Pin=VD10-2
Added Pin To Net: NetName=NetVD7_2 Pin=VD10-2
Added Pin To Net: NetName=NetVD7_2 Pin=VD10-2
Added Pin To Net: NetName=NetVD1_2 Pin=VD11-1
Added Pin To Net: NetName=NetVD7_2 Pin=VD11-2
Added Pin To Net: NetName=NetVD7_2 Pin=VD11-2
Added Pin To Net: NetName=NetVD7_2 Pin=VD11-2
Added Pin To Net: NetName=NetVD7_2 Pin=VD11-2
Added Pin To Net: NetName=NetVD1_2 Pin=VD12-1
Added Pin To Net: NetName=NetVD7_2 Pin=VD12-2
Added Pin To Net: NetName=NetVD7_2 Pin=VD12-2
Added Pin To Net: NetName=NetVD7_2 Pin=VD12-2
Added Pin To Net: NetName=NetVD7_2 Pin=VD12-2
Added Pin To Net: NetName=NetVD7_2 Pin=VD13-1
Added Pin To Net: NetName=NetVD13_2 Pin=VD13-2
Added Pin To Net: NetName=NetVD13_2 Pin=VD13-2
Added Pin To Net: NetName=NetVD13_2 Pin=VD13-2
Added Pin To Net: NetName=NetVD13_2 Pin=VD13-2
Added Pin To Net: NetName=NetVD7_2 Pin=VD14-1
Added Pin To Net: NetName=NetVD13_2 Pin=VD14-2
Added Pin To Net: NetName=NetVD13_2 Pin=VD14-2
Added Pin To Net: NetName=NetVD13_2 Pin=VD14-2
Added Pin To Net: NetName=NetVD13_2 Pin=VD14-2
Added Pin To Net: NetName=NetVD7_2 Pin=VD15-1
Added Pin To Net: NetName=NetVD13_2 Pin=VD15-2
Added Pin To Net: NetName=NetVD13_2 Pin=VD15-2
Added Pin To Net: NetName=NetVD13_2 Pin=VD15-2
Added Pin To Net: NetName=NetVD13_2 Pin=VD15-2
Added Pin To Net: NetName=NetVD7_2 Pin=VD16-1
Added Pin To Net: NetName=NetVD13_2 Pin=VD16-2
Added Pin To Net: NetName=NetVD13_2 Pin=VD16-2
Added Pin To Net: NetName=NetVD13_2 Pin=VD16-2
Added Pin To Net: NetName=NetVD13_2 Pin=VD16-2
Added Pin To Net: NetName=NetVD7_2 Pin=VD17-1
Added Pin To Net: NetName=NetVD13_2 Pin=VD17-2
Added Pin To Net: NetName=NetVD13_2 Pin=VD17-2
Added Pin To Net: NetName=NetVD13_2 Pin=VD17-2
Added Pin To Net: NetName=NetVD13_2 Pin=VD17-2
Added Pin To Net: NetName=NetVD7_2 Pin=VD18-1
Added Pin To Net: NetName=NetVD13_2 Pin=VD18-2
Added Pin To Net: NetName=NetVD13_2 Pin=VD18-2
Added Pin To Net: NetName=NetVD13_2 Pin=VD18-2
Added Pin To Net: NetName=NetVD13_2 Pin=VD18-2
Added Pin To Net: NetName=NetVD13_2 Pin=VD19-1
Added Pin To Net: NetName=NetVD19_2 Pin=VD19-2
Added Pin To Net: NetName=NetVD19_2 Pin=VD19-2
Added Pin To Net: NetName=NetVD19_2 Pin=VD19-2
Added Pin To Net: NetName=NetVD19_2 Pin=VD19-2
Added Pin To Net: NetName=NetVD13_2 Pin=VD20-1
Added Pin To Net: NetName=NetVD19_2 Pin=VD20-2
Added Pin To Net: NetName=NetVD19_2 Pin=VD20-2
Added Pin To Net: NetName=NetVD19_2 Pin=VD20-2
Added Pin To Net: NetName=NetVD19_2 Pin=VD20-2
Added Pin To Net: NetName=NetVD13_2 Pin=VD21-1
Added Pin To Net: NetName=NetVD19_2 Pin=VD21-2
Added Pin To Net: NetName=NetVD19_2 Pin=VD21-2
Added Pin To Net: NetName=NetVD19_2 Pin=VD21-2
Added Pin To Net: NetName=NetVD19_2 Pin=VD21-2
Added Pin To Net: NetName=NetVD13_2 Pin=VD22-1
Added Pin To Net: NetName=NetVD19_2 Pin=VD22-2
Added Pin To Net: NetName=NetVD19_2 Pin=VD22-2
Added Pin To Net: NetName=NetVD19_2 Pin=VD22-2
Added Pin To Net: NetName=NetVD19_2 Pin=VD22-2
Added Pin To Net: NetName=NetVD13_2 Pin=VD23-1
Added Pin To Net: NetName=NetVD19_2 Pin=VD23-2
Added Pin To Net: NetName=NetVD19_2 Pin=VD23-2
Added Pin To Net: NetName=NetVD19_2 Pin=VD23-2
Added Pin To Net: NetName=NetVD19_2 Pin=VD23-2
Added Pin To Net: NetName=NetVD13_2 Pin=VD24-1
Added Pin To Net: NetName=NetVD19_2 Pin=VD24-2
Added Pin To Net: NetName=NetVD19_2 Pin=VD24-2
Added Pin To Net: NetName=NetVD19_2 Pin=VD24-2
Added Pin To Net: NetName=NetVD19_2 Pin=VD24-2
Added Pin To Net: NetName=NetVD19_2 Pin=VD25-1
Added Pin To Net: NetName=NetVD25_2 Pin=VD25-2
Added Pin To Net: NetName=NetVD25_2 Pin=VD25-2
Added Pin To Net: NetName=NetVD25_2 Pin=VD25-2
Added Pin To Net: NetName=NetVD25_2 Pin=VD25-2
Added Pin To Net: NetName=NetVD19_2 Pin=VD26-1
Added Pin To Net: NetName=NetVD25_2 Pin=VD26-2
Added Pin To Net: NetName=NetVD25_2 Pin=VD26-2
Added Pin To Net: NetName=NetVD25_2 Pin=VD26-2
Added Pin To Net: NetName=NetVD25_2 Pin=VD26-2
Added Pin To Net: NetName=NetVD19_2 Pin=VD27-1
Added Pin To Net: NetName=NetVD25_2 Pin=VD27-2
Added Pin To Net: NetName=NetVD25_2 Pin=VD27-2
Added Pin To Net: NetName=NetVD25_2 Pin=VD27-2
Added Pin To Net: NetName=NetVD25_2 Pin=VD27-2
Added Pin To Net: NetName=NetVD19_2 Pin=VD28-1
Added Pin To Net: NetName=NetVD25_2 Pin=VD28-2
Added Pin To Net: NetName=NetVD25_2 Pin=VD28-2
Added Pin To Net: NetName=NetVD25_2 Pin=VD28-2
Added Pin To Net: NetName=NetVD25_2 Pin=VD28-2
Added Pin To Net: NetName=NetVD19_2 Pin=VD29-1
Added Pin To Net: NetName=NetVD25_2 Pin=VD29-2
Added Pin To Net: NetName=NetVD25_2 Pin=VD29-2
Added Pin To Net: NetName=NetVD25_2 Pin=VD29-2
Added Pin To Net: NetName=NetVD25_2 Pin=VD29-2
Added Pin To Net: NetName=NetVD19_2 Pin=VD30-1
Added Pin To Net: NetName=NetVD25_2 Pin=VD30-2
Added Pin To Net: NetName=NetVD25_2 Pin=VD30-2
Added Pin To Net: NetName=NetVD25_2 Pin=VD30-2
Added Pin To Net: NetName=NetVD25_2 Pin=VD30-2
Added Pin To Net: NetName=NetVD25_2 Pin=VD31-1
Added Pin To Net: NetName=NetVD31_2 Pin=VD31-2
Added Pin To Net: NetName=NetVD31_2 Pin=VD31-2
Added Pin To Net: NetName=NetVD31_2 Pin=VD31-2
Added Pin To Net: NetName=NetVD31_2 Pin=VD31-2
Added Pin To Net: NetName=NetVD25_2 Pin=VD32-1
Added Pin To Net: NetName=NetVD31_2 Pin=VD32-2
Added Pin To Net: NetName=NetVD31_2 Pin=VD32-2
Added Pin To Net: NetName=NetVD31_2 Pin=VD32-2
Added Pin To Net: NetName=NetVD31_2 Pin=VD32-2
Added Pin To Net: NetName=NetVD25_2 Pin=VD33-1
Added Pin To Net: NetName=NetVD31_2 Pin=VD33-2
Added Pin To Net: NetName=NetVD31_2 Pin=VD33-2
Added Pin To Net: NetName=NetVD31_2 Pin=VD33-2
Added Pin To Net: NetName=NetVD31_2 Pin=VD33-2
Added Pin To Net: NetName=NetVD25_2 Pin=VD34-1
Added Pin To Net: NetName=NetVD31_2 Pin=VD34-2
Added Pin To Net: NetName=NetVD31_2 Pin=VD34-2
Added Pin To Net: NetName=NetVD31_2 Pin=VD34-2
Added Pin To Net: NetName=NetVD31_2 Pin=VD34-2
Added Pin To Net: NetName=NetVD25_2 Pin=VD35-1
Added Pin To Net: NetName=NetVD31_2 Pin=VD35-2
Added Pin To Net: NetName=NetVD31_2 Pin=VD35-2
Added Pin To Net: NetName=NetVD31_2 Pin=VD35-2
Added Pin To Net: NetName=NetVD31_2 Pin=VD35-2
Added Pin To Net: NetName=NetVD25_2 Pin=VD36-1
Added Pin To Net: NetName=NetVD31_2 Pin=VD36-2
Added Pin To Net: NetName=NetVD31_2 Pin=VD36-2
Added Pin To Net: NetName=NetVD31_2 Pin=VD36-2
Added Pin To Net: NetName=NetVD31_2 Pin=VD36-2
Added Pin To Net: NetName=NetVD31_2 Pin=VD37-1
Added Pin To Net: NetName=NetVD37_2 Pin=VD37-2
Added Pin To Net: NetName=NetVD37_2 Pin=VD37-2
Added Pin To Net: NetName=NetVD37_2 Pin=VD37-2
Added Pin To Net: NetName=NetVD37_2 Pin=VD37-2
Added Pin To Net: NetName=NetVD31_2 Pin=VD38-1
Added Pin To Net: NetName=NetVD37_2 Pin=VD38-2
Added Pin To Net: NetName=NetVD37_2 Pin=VD38-2
Added Pin To Net: NetName=NetVD37_2 Pin=VD38-2
Added Pin To Net: NetName=NetVD37_2 Pin=VD38-2
Added Pin To Net: NetName=NetVD31_2 Pin=VD39-1
Added Pin To Net: NetName=NetVD37_2 Pin=VD39-2
Added Pin To Net: NetName=NetVD37_2 Pin=VD39-2
Added Pin To Net: NetName=NetVD37_2 Pin=VD39-2
Added Pin To Net: NetName=NetVD37_2 Pin=VD39-2
Added Pin To Net: NetName=NetVD31_2 Pin=VD40-1
Added Pin To Net: NetName=NetVD37_2 Pin=VD40-2
Added Pin To Net: NetName=NetVD37_2 Pin=VD40-2
Added Pin To Net: NetName=NetVD37_2 Pin=VD40-2
Added Pin To Net: NetName=NetVD37_2 Pin=VD40-2
Added Pin To Net: NetName=NetVD31_2 Pin=VD41-1
Added Pin To Net: NetName=NetVD37_2 Pin=VD41-2
Added Pin To Net: NetName=NetVD37_2 Pin=VD41-2
Added Pin To Net: NetName=NetVD37_2 Pin=VD41-2
Added Pin To Net: NetName=NetVD37_2 Pin=VD41-2
Added Pin To Net: NetName=NetVD31_2 Pin=VD42-1
Added Pin To Net: NetName=NetVD37_2 Pin=VD42-2
Added Pin To Net: NetName=NetVD37_2 Pin=VD42-2
Added Pin To Net: NetName=NetVD37_2 Pin=VD42-2
Added Pin To Net: NetName=NetVD37_2 Pin=VD42-2
Added Pin To Net: NetName=NetVD37_2 Pin=VD43-1
Added Pin To Net: NetName=NetVD43_2 Pin=VD43-2
Added Pin To Net: NetName=NetVD43_2 Pin=VD43-2
Added Pin To Net: NetName=NetVD43_2 Pin=VD43-2
Added Pin To Net: NetName=NetVD43_2 Pin=VD43-2
Added Pin To Net: NetName=NetVD37_2 Pin=VD44-1
Added Pin To Net: NetName=NetVD43_2 Pin=VD44-2
Added Pin To Net: NetName=NetVD43_2 Pin=VD44-2
Added Pin To Net: NetName=NetVD43_2 Pin=VD44-2
Added Pin To Net: NetName=NetVD43_2 Pin=VD44-2
Added Pin To Net: NetName=NetVD37_2 Pin=VD45-1
Added Pin To Net: NetName=NetVD43_2 Pin=VD45-2
Added Pin To Net: NetName=NetVD43_2 Pin=VD45-2
Added Pin To Net: NetName=NetVD43_2 Pin=VD45-2
Added Pin To Net: NetName=NetVD43_2 Pin=VD45-2
Added Pin To Net: NetName=NetVD37_2 Pin=VD46-1
Added Pin To Net: NetName=NetVD43_2 Pin=VD46-2
Added Pin To Net: NetName=NetVD43_2 Pin=VD46-2
Added Pin To Net: NetName=NetVD43_2 Pin=VD46-2
Added Pin To Net: NetName=NetVD43_2 Pin=VD46-2
Added Pin To Net: NetName=NetVD37_2 Pin=VD47-1
Added Pin To Net: NetName=NetVD43_2 Pin=VD47-2
Added Pin To Net: NetName=NetVD43_2 Pin=VD47-2
Added Pin To Net: NetName=NetVD43_2 Pin=VD47-2
Added Pin To Net: NetName=NetVD43_2 Pin=VD47-2
Added Pin To Net: NetName=NetVD37_2 Pin=VD48-1
Added Pin To Net: NetName=NetVD43_2 Pin=VD48-2
Added Pin To Net: NetName=NetVD43_2 Pin=VD48-2
Added Pin To Net: NetName=NetVD43_2 Pin=VD48-2
Added Pin To Net: NetName=NetVD43_2 Pin=VD48-2
Added Pin To Net: NetName=NetVD43_2 Pin=VD49-1
Added Pin To Net: NetName=NetVD49_2 Pin=VD49-2
Added Pin To Net: NetName=NetVD49_2 Pin=VD49-2
Added Pin To Net: NetName=NetVD49_2 Pin=VD49-2
Added Pin To Net: NetName=NetVD49_2 Pin=VD49-2
Added Pin To Net: NetName=NetVD43_2 Pin=VD50-1
Added Pin To Net: NetName=NetVD49_2 Pin=VD50-2
Added Pin To Net: NetName=NetVD49_2 Pin=VD50-2
Added Pin To Net: NetName=NetVD49_2 Pin=VD50-2
Added Pin To Net: NetName=NetVD49_2 Pin=VD50-2
Added Pin To Net: NetName=NetVD43_2 Pin=VD51-1
Added Pin To Net: NetName=NetVD49_2 Pin=VD51-2
Added Pin To Net: NetName=NetVD49_2 Pin=VD51-2
Added Pin To Net: NetName=NetVD49_2 Pin=VD51-2
Added Pin To Net: NetName=NetVD49_2 Pin=VD51-2
Added Pin To Net: NetName=NetVD43_2 Pin=VD52-1
Added Pin To Net: NetName=NetVD49_2 Pin=VD52-2
Added Pin To Net: NetName=NetVD49_2 Pin=VD52-2
Added Pin To Net: NetName=NetVD49_2 Pin=VD52-2
Added Pin To Net: NetName=NetVD49_2 Pin=VD52-2
Added Pin To Net: NetName=NetVD43_2 Pin=VD53-1
Added Pin To Net: NetName=NetVD49_2 Pin=VD53-2
Added Pin To Net: NetName=NetVD49_2 Pin=VD53-2
Added Pin To Net: NetName=NetVD49_2 Pin=VD53-2
Added Pin To Net: NetName=NetVD49_2 Pin=VD53-2
Added Pin To Net: NetName=NetVD43_2 Pin=VD54-1
Added Pin To Net: NetName=NetVD49_2 Pin=VD54-2
Added Pin To Net: NetName=NetVD49_2 Pin=VD54-2
Added Pin To Net: NetName=NetVD49_2 Pin=VD54-2
Added Pin To Net: NetName=NetVD49_2 Pin=VD54-2
Added Pin To Net: NetName=NetVD49_2 Pin=VD55-1
Added Pin To Net: NetName=NetVD55_2 Pin=VD55-2
Added Pin To Net: NetName=NetVD55_2 Pin=VD55-2
Added Pin To Net: NetName=NetVD55_2 Pin=VD55-2
Added Pin To Net: NetName=NetVD55_2 Pin=VD55-2
Added Pin To Net: NetName=NetVD49_2 Pin=VD56-1
Added Pin To Net: NetName=NetVD55_2 Pin=VD56-2
Added Pin To Net: NetName=NetVD55_2 Pin=VD56-2
Added Pin To Net: NetName=NetVD55_2 Pin=VD56-2
Added Pin To Net: NetName=NetVD55_2 Pin=VD56-2
Added Pin To Net: NetName=NetVD49_2 Pin=VD57-1
Added Pin To Net: NetName=NetVD55_2 Pin=VD57-2
Added Pin To Net: NetName=NetVD55_2 Pin=VD57-2
Added Pin To Net: NetName=NetVD55_2 Pin=VD57-2
Added Pin To Net: NetName=NetVD55_2 Pin=VD57-2
Added Pin To Net: NetName=NetVD49_2 Pin=VD58-1
Added Pin To Net: NetName=NetVD55_2 Pin=VD58-2
Added Pin To Net: NetName=NetVD55_2 Pin=VD58-2
Added Pin To Net: NetName=NetVD55_2 Pin=VD58-2
Added Pin To Net: NetName=NetVD55_2 Pin=VD58-2
Added Pin To Net: NetName=NetVD49_2 Pin=VD59-1
Added Pin To Net: NetName=NetVD55_2 Pin=VD59-2
Added Pin To Net: NetName=NetVD55_2 Pin=VD59-2
Added Pin To Net: NetName=NetVD55_2 Pin=VD59-2
Added Pin To Net: NetName=NetVD55_2 Pin=VD59-2
Added Pin To Net: NetName=NetVD49_2 Pin=VD60-1
Added Pin To Net: NetName=NetVD55_2 Pin=VD60-2
Added Pin To Net: NetName=NetVD55_2 Pin=VD60-2
Added Pin To Net: NetName=NetVD55_2 Pin=VD60-2
Added Pin To Net: NetName=NetVD55_2 Pin=VD60-2
Added Pin To Net: NetName=NetVD55_2 Pin=VD61-1
Added Pin To Net: NetName=NetVD61_2 Pin=VD61-2
Added Pin To Net: NetName=NetVD61_2 Pin=VD61-2
Added Pin To Net: NetName=NetVD61_2 Pin=VD61-2
Added Pin To Net: NetName=NetVD61_2 Pin=VD61-2
Added Pin To Net: NetName=NetVD55_2 Pin=VD62-1
Added Pin To Net: NetName=NetVD61_2 Pin=VD62-2
Added Pin To Net: NetName=NetVD61_2 Pin=VD62-2
Added Pin To Net: NetName=NetVD61_2 Pin=VD62-2
Added Pin To Net: NetName=NetVD61_2 Pin=VD62-2
Added Pin To Net: NetName=NetVD55_2 Pin=VD63-1
Added Pin To Net: NetName=NetVD61_2 Pin=VD63-2
Added Pin To Net: NetName=NetVD61_2 Pin=VD63-2
Added Pin To Net: NetName=NetVD61_2 Pin=VD63-2
Added Pin To Net: NetName=NetVD61_2 Pin=VD63-2
Added Pin To Net: NetName=NetVD55_2 Pin=VD64-1
Added Pin To Net: NetName=NetVD61_2 Pin=VD64-2
Added Pin To Net: NetName=NetVD61_2 Pin=VD64-2
Added Pin To Net: NetName=NetVD61_2 Pin=VD64-2
Added Pin To Net: NetName=NetVD61_2 Pin=VD64-2
Added Pin To Net: NetName=NetVD55_2 Pin=VD65-1
Added Pin To Net: NetName=NetVD61_2 Pin=VD65-2
Added Pin To Net: NetName=NetVD61_2 Pin=VD65-2
Added Pin To Net: NetName=NetVD61_2 Pin=VD65-2
Added Pin To Net: NetName=NetVD61_2 Pin=VD65-2
Added Pin To Net: NetName=NetVD55_2 Pin=VD66-1
Added Pin To Net: NetName=NetVD61_2 Pin=VD66-2
Added Pin To Net: NetName=NetVD61_2 Pin=VD66-2
Added Pin To Net: NetName=NetVD61_2 Pin=VD66-2
Added Pin To Net: NetName=NetVD61_2 Pin=VD66-2
Added Pin To Net: NetName=NetVD61_2 Pin=VD67-1
Added Pin To Net: NetName=NetVD67_2 Pin=VD67-2
Added Pin To Net: NetName=NetVD67_2 Pin=VD67-2
Added Pin To Net: NetName=NetVD67_2 Pin=VD67-2
Added Pin To Net: NetName=NetVD67_2 Pin=VD67-2
Added Pin To Net: NetName=NetVD61_2 Pin=VD68-1
Added Pin To Net: NetName=NetVD67_2 Pin=VD68-2
Added Pin To Net: NetName=NetVD67_2 Pin=VD68-2
Added Pin To Net: NetName=NetVD67_2 Pin=VD68-2
Added Pin To Net: NetName=NetVD67_2 Pin=VD68-2
Added Pin To Net: NetName=NetVD61_2 Pin=VD69-1
Added Pin To Net: NetName=NetVD67_2 Pin=VD69-2
Added Pin To Net: NetName=NetVD67_2 Pin=VD69-2
Added Pin To Net: NetName=NetVD67_2 Pin=VD69-2
Added Pin To Net: NetName=NetVD67_2 Pin=VD69-2
Added Pin To Net: NetName=NetVD61_2 Pin=VD70-1
Added Pin To Net: NetName=NetVD67_2 Pin=VD70-2
Added Pin To Net: NetName=NetVD67_2 Pin=VD70-2
Added Pin To Net: NetName=NetVD67_2 Pin=VD70-2
Added Pin To Net: NetName=NetVD67_2 Pin=VD70-2
Added Pin To Net: NetName=NetVD61_2 Pin=VD71-1
Added Pin To Net: NetName=NetVD67_2 Pin=VD71-2
Added Pin To Net: NetName=NetVD67_2 Pin=VD71-2
Added Pin To Net: NetName=NetVD67_2 Pin=VD71-2
Added Pin To Net: NetName=NetVD67_2 Pin=VD71-2
Added Pin To Net: NetName=NetVD61_2 Pin=VD72-1
Added Pin To Net: NetName=NetVD67_2 Pin=VD72-2
Added Pin To Net: NetName=NetVD67_2 Pin=VD72-2
Added Pin To Net: NetName=NetVD67_2 Pin=VD72-2
Added Pin To Net: NetName=NetVD67_2 Pin=VD72-2
Added Pin To Net: NetName=NetVD67_2 Pin=VD73-1
Added Pin To Net: NetName=NetVD73_2 Pin=VD73-2
Added Pin To Net: NetName=NetVD73_2 Pin=VD73-2
Added Pin To Net: NetName=NetVD73_2 Pin=VD73-2
Added Pin To Net: NetName=NetVD73_2 Pin=VD73-2
Added Pin To Net: NetName=NetVD67_2 Pin=VD74-1
Added Pin To Net: NetName=NetVD73_2 Pin=VD74-2
Added Pin To Net: NetName=NetVD73_2 Pin=VD74-2
Added Pin To Net: NetName=NetVD73_2 Pin=VD74-2
Added Pin To Net: NetName=NetVD73_2 Pin=VD74-2
Added Pin To Net: NetName=NetVD67_2 Pin=VD75-1
Added Pin To Net: NetName=NetVD73_2 Pin=VD75-2
Added Pin To Net: NetName=NetVD73_2 Pin=VD75-2
Added Pin To Net: NetName=NetVD73_2 Pin=VD75-2
Added Pin To Net: NetName=NetVD73_2 Pin=VD75-2
Added Pin To Net: NetName=NetVD67_2 Pin=VD76-1
Added Pin To Net: NetName=NetVD73_2 Pin=VD76-2
Added Pin To Net: NetName=NetVD73_2 Pin=VD76-2
Added Pin To Net: NetName=NetVD73_2 Pin=VD76-2
Added Pin To Net: NetName=NetVD73_2 Pin=VD76-2
Added Pin To Net: NetName=NetVD67_2 Pin=VD77-1
Added Pin To Net: NetName=NetVD73_2 Pin=VD77-2
Added Pin To Net: NetName=NetVD73_2 Pin=VD77-2
Added Pin To Net: NetName=NetVD73_2 Pin=VD77-2
Added Pin To Net: NetName=NetVD73_2 Pin=VD77-2
Added Pin To Net: NetName=NetVD67_2 Pin=VD78-1
Added Pin To Net: NetName=NetVD73_2 Pin=VD78-2
Added Pin To Net: NetName=NetVD73_2 Pin=VD78-2
Added Pin To Net: NetName=NetVD73_2 Pin=VD78-2
Added Pin To Net: NetName=NetVD73_2 Pin=VD78-2
Added Pin To Net: NetName=NetVD73_2 Pin=VD79-1
Added Pin To Net: NetName=NetVD79_2 Pin=VD79-2
Added Pin To Net: NetName=NetVD79_2 Pin=VD79-2
Added Pin To Net: NetName=NetVD79_2 Pin=VD79-2
Added Pin To Net: NetName=NetVD79_2 Pin=VD79-2
Added Pin To Net: NetName=NetVD73_2 Pin=VD80-1
Added Pin To Net: NetName=NetVD79_2 Pin=VD80-2
Added Pin To Net: NetName=NetVD79_2 Pin=VD80-2
Added Pin To Net: NetName=NetVD79_2 Pin=VD80-2
Added Pin To Net: NetName=NetVD79_2 Pin=VD80-2
Added Pin To Net: NetName=NetVD73_2 Pin=VD81-1
Added Pin To Net: NetName=NetVD79_2 Pin=VD81-2
Added Pin To Net: NetName=NetVD79_2 Pin=VD81-2
Added Pin To Net: NetName=NetVD79_2 Pin=VD81-2
Added Pin To Net: NetName=NetVD79_2 Pin=VD81-2
Added Pin To Net: NetName=NetVD73_2 Pin=VD82-1
Added Pin To Net: NetName=NetVD79_2 Pin=VD82-2
Added Pin To Net: NetName=NetVD79_2 Pin=VD82-2
Added Pin To Net: NetName=NetVD79_2 Pin=VD82-2
Added Pin To Net: NetName=NetVD79_2 Pin=VD82-2
Added Pin To Net: NetName=NetVD73_2 Pin=VD83-1
Added Pin To Net: NetName=NetVD79_2 Pin=VD83-2
Added Pin To Net: NetName=NetVD79_2 Pin=VD83-2
Added Pin To Net: NetName=NetVD79_2 Pin=VD83-2
Added Pin To Net: NetName=NetVD79_2 Pin=VD83-2
Added Pin To Net: NetName=NetVD73_2 Pin=VD84-1
Added Pin To Net: NetName=NetVD79_2 Pin=VD84-2
Added Pin To Net: NetName=NetVD79_2 Pin=VD84-2
Added Pin To Net: NetName=NetVD79_2 Pin=VD84-2
Added Pin To Net: NetName=NetVD79_2 Pin=VD84-2
Added Pin To Net: NetName=NetVD79_2 Pin=VD85-1
Added Pin To Net: NetName=NetVD85_2 Pin=VD85-2
Added Pin To Net: NetName=NetVD85_2 Pin=VD85-2
Added Pin To Net: NetName=NetVD85_2 Pin=VD85-2
Added Pin To Net: NetName=NetVD85_2 Pin=VD85-2
Added Pin To Net: NetName=NetVD79_2 Pin=VD86-1
Added Pin To Net: NetName=NetVD85_2 Pin=VD86-2
Added Pin To Net: NetName=NetVD85_2 Pin=VD86-2
Added Pin To Net: NetName=NetVD85_2 Pin=VD86-2
Added Pin To Net: NetName=NetVD85_2 Pin=VD86-2
Added Pin To Net: NetName=NetVD79_2 Pin=VD87-1
Added Pin To Net: NetName=NetVD85_2 Pin=VD87-2
Added Pin To Net: NetName=NetVD85_2 Pin=VD87-2
Added Pin To Net: NetName=NetVD85_2 Pin=VD87-2
Added Pin To Net: NetName=NetVD85_2 Pin=VD87-2
Added Pin To Net: NetName=NetVD79_2 Pin=VD88-1
Added Pin To Net: NetName=NetVD85_2 Pin=VD88-2
Added Pin To Net: NetName=NetVD85_2 Pin=VD88-2
Added Pin To Net: NetName=NetVD85_2 Pin=VD88-2
Added Pin To Net: NetName=NetVD85_2 Pin=VD88-2
Added Pin To Net: NetName=NetVD79_2 Pin=VD89-1
Added Pin To Net: NetName=NetVD85_2 Pin=VD89-2
Added Pin To Net: NetName=NetVD85_2 Pin=VD89-2
Added Pin To Net: NetName=NetVD85_2 Pin=VD89-2
Added Pin To Net: NetName=NetVD85_2 Pin=VD89-2
Added Pin To Net: NetName=NetVD79_2 Pin=VD90-1
Added Pin To Net: NetName=NetVD85_2 Pin=VD90-2
Added Pin To Net: NetName=NetVD85_2 Pin=VD90-2
Added Pin To Net: NetName=NetVD85_2 Pin=VD90-2
Added Pin To Net: NetName=NetVD85_2 Pin=VD90-2
Added Pin To Net: NetName=NetVD85_2 Pin=VD91-1
Added Pin To Net: NetName=NetVD91_2 Pin=VD91-2
Added Pin To Net: NetName=NetVD91_2 Pin=VD91-2
Added Pin To Net: NetName=NetVD91_2 Pin=VD91-2
Added Pin To Net: NetName=NetVD91_2 Pin=VD91-2
Added Pin To Net: NetName=NetVD85_2 Pin=VD92-1
Added Pin To Net: NetName=NetVD91_2 Pin=VD92-2
Added Pin To Net: NetName=NetVD91_2 Pin=VD92-2
Added Pin To Net: NetName=NetVD91_2 Pin=VD92-2
Added Pin To Net: NetName=NetVD91_2 Pin=VD92-2
Added Pin To Net: NetName=NetVD85_2 Pin=VD93-1
Added Pin To Net: NetName=NetVD91_2 Pin=VD93-2
Added Pin To Net: NetName=NetVD91_2 Pin=VD93-2
Added Pin To Net: NetName=NetVD91_2 Pin=VD93-2
Added Pin To Net: NetName=NetVD91_2 Pin=VD93-2
Added Pin To Net: NetName=NetVD85_2 Pin=VD94-1
Added Pin To Net: NetName=NetVD91_2 Pin=VD94-2
Added Pin To Net: NetName=NetVD91_2 Pin=VD94-2
Added Pin To Net: NetName=NetVD91_2 Pin=VD94-2
Added Pin To Net: NetName=NetVD91_2 Pin=VD94-2
Added Pin To Net: NetName=NetVD85_2 Pin=VD95-1
Added Pin To Net: NetName=NetVD91_2 Pin=VD95-2
Added Pin To Net: NetName=NetVD91_2 Pin=VD95-2
Added Pin To Net: NetName=NetVD91_2 Pin=VD95-2
Added Pin To Net: NetName=NetVD91_2 Pin=VD95-2
Added Pin To Net: NetName=NetVD85_2 Pin=VD96-1
Added Pin To Net: NetName=NetVD91_2 Pin=VD96-2
Added Pin To Net: NetName=NetVD91_2 Pin=VD96-2
Added Pin To Net: NetName=NetVD91_2 Pin=VD96-2
Added Pin To Net: NetName=NetVD91_2 Pin=VD96-2
Added Pin To Net: NetName=NetVD91_2 Pin=VD97-1
Added Pin To Net: NetName=NetVD97_2 Pin=VD97-2
Added Pin To Net: NetName=NetVD97_2 Pin=VD97-2
Added Pin To Net: NetName=NetVD97_2 Pin=VD97-2
Added Pin To Net: NetName=NetVD97_2 Pin=VD97-2
Added Pin To Net: NetName=NetVD91_2 Pin=VD98-1
Added Pin To Net: NetName=NetVD97_2 Pin=VD98-2
Added Pin To Net: NetName=NetVD97_2 Pin=VD98-2
Added Pin To Net: NetName=NetVD97_2 Pin=VD98-2
Added Pin To Net: NetName=NetVD97_2 Pin=VD98-2
Added Pin To Net: NetName=NetVD91_2 Pin=VD99-1
Added Pin To Net: NetName=NetVD97_2 Pin=VD99-2
Added Pin To Net: NetName=NetVD97_2 Pin=VD99-2
Added Pin To Net: NetName=NetVD97_2 Pin=VD99-2
Added Pin To Net: NetName=NetVD97_2 Pin=VD99-2
Added Pin To Net: NetName=NetVD91_2 Pin=VD100-1
Added Pin To Net: NetName=NetVD97_2 Pin=VD100-2
Added Pin To Net: NetName=NetVD97_2 Pin=VD100-2
Added Pin To Net: NetName=NetVD97_2 Pin=VD100-2
Added Pin To Net: NetName=NetVD97_2 Pin=VD100-2
Added Pin To Net: NetName=NetVD91_2 Pin=VD101-1
Added Pin To Net: NetName=NetVD97_2 Pin=VD101-2
Added Pin To Net: NetName=NetVD97_2 Pin=VD101-2
Added Pin To Net: NetName=NetVD97_2 Pin=VD101-2
Added Pin To Net: NetName=NetVD97_2 Pin=VD101-2
Added Pin To Net: NetName=NetVD91_2 Pin=VD102-1
Added Pin To Net: NetName=NetVD97_2 Pin=VD102-2
Added Pin To Net: NetName=NetVD97_2 Pin=VD102-2
Added Pin To Net: NetName=NetVD97_2 Pin=VD102-2
Added Pin To Net: NetName=NetVD97_2 Pin=VD102-2
Added Pin To Net: NetName=NetVD97_2 Pin=VD103-1
Added Pin To Net: NetName=NetVD103_2 Pin=VD103-2
Added Pin To Net: NetName=NetVD103_2 Pin=VD103-2
Added Pin To Net: NetName=NetVD103_2 Pin=VD103-2
Added Pin To Net: NetName=NetVD103_2 Pin=VD103-2
Added Pin To Net: NetName=NetVD97_2 Pin=VD104-1
Added Pin To Net: NetName=NetVD103_2 Pin=VD104-2
Added Pin To Net: NetName=NetVD103_2 Pin=VD104-2
Added Pin To Net: NetName=NetVD103_2 Pin=VD104-2
Added Pin To Net: NetName=NetVD103_2 Pin=VD104-2
Added Pin To Net: NetName=NetVD97_2 Pin=VD105-1
Added Pin To Net: NetName=NetVD103_2 Pin=VD105-2
Added Pin To Net: NetName=NetVD103_2 Pin=VD105-2
Added Pin To Net: NetName=NetVD103_2 Pin=VD105-2
Added Pin To Net: NetName=NetVD103_2 Pin=VD105-2
Added Pin To Net: NetName=NetVD97_2 Pin=VD106-1
Added Pin To Net: NetName=NetVD103_2 Pin=VD106-2
Added Pin To Net: NetName=NetVD103_2 Pin=VD106-2
Added Pin To Net: NetName=NetVD103_2 Pin=VD106-2
Added Pin To Net: NetName=NetVD103_2 Pin=VD106-2
Added Pin To Net: NetName=NetVD97_2 Pin=VD107-1
Added Pin To Net: NetName=NetVD103_2 Pin=VD107-2
Added Pin To Net: NetName=NetVD103_2 Pin=VD107-2
Added Pin To Net: NetName=NetVD103_2 Pin=VD107-2
Added Pin To Net: NetName=NetVD103_2 Pin=VD107-2
Added Pin To Net: NetName=NetVD97_2 Pin=VD108-1
Added Pin To Net: NetName=NetVD103_2 Pin=VD108-2
Added Pin To Net: NetName=NetVD103_2 Pin=VD108-2
Added Pin To Net: NetName=NetVD103_2 Pin=VD108-2
Added Pin To Net: NetName=NetVD103_2 Pin=VD108-2
Added Pin To Net: NetName=NetVD103_2 Pin=VD109-1
Added Pin To Net: NetName=NetVD109_2 Pin=VD109-2
Added Pin To Net: NetName=NetVD109_2 Pin=VD109-2
Added Pin To Net: NetName=NetVD109_2 Pin=VD109-2
Added Pin To Net: NetName=NetVD109_2 Pin=VD109-2
Added Pin To Net: NetName=NetVD103_2 Pin=VD110-1
Added Pin To Net: NetName=NetVD109_2 Pin=VD110-2
Added Pin To Net: NetName=NetVD109_2 Pin=VD110-2
Added Pin To Net: NetName=NetVD109_2 Pin=VD110-2
Added Pin To Net: NetName=NetVD109_2 Pin=VD110-2
Added Pin To Net: NetName=NetVD103_2 Pin=VD111-1
Added Pin To Net: NetName=NetVD109_2 Pin=VD111-2
Added Pin To Net: NetName=NetVD109_2 Pin=VD111-2
Added Pin To Net: NetName=NetVD109_2 Pin=VD111-2
Added Pin To Net: NetName=NetVD109_2 Pin=VD111-2
Added Pin To Net: NetName=NetVD103_2 Pin=VD112-1
Added Pin To Net: NetName=NetVD109_2 Pin=VD112-2
Added Pin To Net: NetName=NetVD109_2 Pin=VD112-2
Added Pin To Net: NetName=NetVD109_2 Pin=VD112-2
Added Pin To Net: NetName=NetVD109_2 Pin=VD112-2
Added Pin To Net: NetName=NetVD103_2 Pin=VD113-1
Added Pin To Net: NetName=NetVD109_2 Pin=VD113-2
Added Pin To Net: NetName=NetVD109_2 Pin=VD113-2
Added Pin To Net: NetName=NetVD109_2 Pin=VD113-2
Added Pin To Net: NetName=NetVD109_2 Pin=VD113-2
Added Pin To Net: NetName=NetVD103_2 Pin=VD114-1
Added Pin To Net: NetName=NetVD109_2 Pin=VD114-2
Added Pin To Net: NetName=NetVD109_2 Pin=VD114-2
Added Pin To Net: NetName=NetVD109_2 Pin=VD114-2
Added Pin To Net: NetName=NetVD109_2 Pin=VD114-2
Added Pin To Net: NetName=NetVD109_2 Pin=VD115-1
Added Pin To Net: NetName=NetVD115_2 Pin=VD115-2
Added Pin To Net: NetName=NetVD115_2 Pin=VD115-2
Added Pin To Net: NetName=NetVD115_2 Pin=VD115-2
Added Pin To Net: NetName=NetVD115_2 Pin=VD115-2
Added Pin To Net: NetName=NetVD109_2 Pin=VD116-1
Added Pin To Net: NetName=NetVD115_2 Pin=VD116-2
Added Pin To Net: NetName=NetVD115_2 Pin=VD116-2
Added Pin To Net: NetName=NetVD115_2 Pin=VD116-2
Added Pin To Net: NetName=NetVD115_2 Pin=VD116-2
Added Pin To Net: NetName=NetVD109_2 Pin=VD117-1
Added Pin To Net: NetName=NetVD115_2 Pin=VD117-2
Added Pin To Net: NetName=NetVD115_2 Pin=VD117-2
Added Pin To Net: NetName=NetVD115_2 Pin=VD117-2
Added Pin To Net: NetName=NetVD115_2 Pin=VD117-2
Added Pin To Net: NetName=NetVD109_2 Pin=VD118-1
Added Pin To Net: NetName=NetVD115_2 Pin=VD118-2
Added Pin To Net: NetName=NetVD115_2 Pin=VD118-2
Added Pin To Net: NetName=NetVD115_2 Pin=VD118-2
Added Pin To Net: NetName=NetVD115_2 Pin=VD118-2
Added Pin To Net: NetName=NetVD109_2 Pin=VD119-1
Added Pin To Net: NetName=NetVD115_2 Pin=VD119-2
Added Pin To Net: NetName=NetVD115_2 Pin=VD119-2
Added Pin To Net: NetName=NetVD115_2 Pin=VD119-2
Added Pin To Net: NetName=NetVD115_2 Pin=VD119-2
Added Pin To Net: NetName=NetVD109_2 Pin=VD120-1
Added Pin To Net: NetName=NetVD115_2 Pin=VD120-2
Added Pin To Net: NetName=NetVD115_2 Pin=VD120-2
Added Pin To Net: NetName=NetVD115_2 Pin=VD120-2
Added Pin To Net: NetName=NetVD115_2 Pin=VD120-2
Added Pin To Net: NetName=NetVD115_2 Pin=VD121-1
Added Pin To Net: NetName=NetVD121_2 Pin=VD121-2
Added Pin To Net: NetName=NetVD121_2 Pin=VD121-2
Added Pin To Net: NetName=NetVD121_2 Pin=VD121-2
Added Pin To Net: NetName=NetVD121_2 Pin=VD121-2
Added Pin To Net: NetName=NetVD115_2 Pin=VD122-1
Added Pin To Net: NetName=NetVD121_2 Pin=VD122-2
Added Pin To Net: NetName=NetVD121_2 Pin=VD122-2
Added Pin To Net: NetName=NetVD121_2 Pin=VD122-2
Added Pin To Net: NetName=NetVD121_2 Pin=VD122-2
Added Pin To Net: NetName=NetVD115_2 Pin=VD123-1
Added Pin To Net: NetName=NetVD121_2 Pin=VD123-2
Added Pin To Net: NetName=NetVD121_2 Pin=VD123-2
Added Pin To Net: NetName=NetVD121_2 Pin=VD123-2
Added Pin To Net: NetName=NetVD121_2 Pin=VD123-2
Added Pin To Net: NetName=NetVD115_2 Pin=VD124-1
Added Pin To Net: NetName=NetVD121_2 Pin=VD124-2
Added Pin To Net: NetName=NetVD121_2 Pin=VD124-2
Added Pin To Net: NetName=NetVD121_2 Pin=VD124-2
Added Pin To Net: NetName=NetVD121_2 Pin=VD124-2
Added Pin To Net: NetName=NetVD115_2 Pin=VD125-1
Added Pin To Net: NetName=NetVD121_2 Pin=VD125-2
Added Pin To Net: NetName=NetVD121_2 Pin=VD125-2
Added Pin To Net: NetName=NetVD121_2 Pin=VD125-2
Added Pin To Net: NetName=NetVD121_2 Pin=VD125-2
Added Pin To Net: NetName=NetVD115_2 Pin=VD126-1
Added Pin To Net: NetName=NetVD121_2 Pin=VD126-2
Added Pin To Net: NetName=NetVD121_2 Pin=VD126-2
Added Pin To Net: NetName=NetVD121_2 Pin=VD126-2
Added Pin To Net: NetName=NetVD121_2 Pin=VD126-2
Added Pin To Net: NetName=NetVD121_2 Pin=VD127-1
Added Pin To Net: NetName=NetVD127_2 Pin=VD127-2
Added Pin To Net: NetName=NetVD127_2 Pin=VD127-2
Added Pin To Net: NetName=NetVD127_2 Pin=VD127-2
Added Pin To Net: NetName=NetVD127_2 Pin=VD127-2
Added Pin To Net: NetName=NetVD121_2 Pin=VD128-1
Added Pin To Net: NetName=NetVD127_2 Pin=VD128-2
Added Pin To Net: NetName=NetVD127_2 Pin=VD128-2
Added Pin To Net: NetName=NetVD127_2 Pin=VD128-2
Added Pin To Net: NetName=NetVD127_2 Pin=VD128-2
Added Pin To Net: NetName=NetVD121_2 Pin=VD129-1
Added Pin To Net: NetName=NetVD127_2 Pin=VD129-2
Added Pin To Net: NetName=NetVD127_2 Pin=VD129-2
Added Pin To Net: NetName=NetVD127_2 Pin=VD129-2
Added Pin To Net: NetName=NetVD127_2 Pin=VD129-2
Added Pin To Net: NetName=NetVD121_2 Pin=VD130-1
Added Pin To Net: NetName=NetVD127_2 Pin=VD130-2
Added Pin To Net: NetName=NetVD127_2 Pin=VD130-2
Added Pin To Net: NetName=NetVD127_2 Pin=VD130-2
Added Pin To Net: NetName=NetVD127_2 Pin=VD130-2
Added Pin To Net: NetName=NetVD121_2 Pin=VD131-1
Added Pin To Net: NetName=NetVD127_2 Pin=VD131-2
Added Pin To Net: NetName=NetVD127_2 Pin=VD131-2
Added Pin To Net: NetName=NetVD127_2 Pin=VD131-2
Added Pin To Net: NetName=NetVD127_2 Pin=VD131-2
Added Pin To Net: NetName=NetVD121_2 Pin=VD132-1
Added Pin To Net: NetName=NetVD127_2 Pin=VD132-2
Added Pin To Net: NetName=NetVD127_2 Pin=VD132-2
Added Pin To Net: NetName=NetVD127_2 Pin=VD132-2
Added Pin To Net: NetName=NetVD127_2 Pin=VD132-2
Added Pin To Net: NetName=NetVD127_2 Pin=VD133-1
Added Pin To Net: NetName=NetVD133_2 Pin=VD133-2
Added Pin To Net: NetName=NetVD133_2 Pin=VD133-2
Added Pin To Net: NetName=NetVD133_2 Pin=VD133-2
Added Pin To Net: NetName=NetVD133_2 Pin=VD133-2
Added Pin To Net: NetName=NetVD127_2 Pin=VD134-1
Added Pin To Net: NetName=NetVD133_2 Pin=VD134-2
Added Pin To Net: NetName=NetVD133_2 Pin=VD134-2
Added Pin To Net: NetName=NetVD133_2 Pin=VD134-2
Added Pin To Net: NetName=NetVD133_2 Pin=VD134-2
Added Pin To Net: NetName=NetVD127_2 Pin=VD135-1
Added Pin To Net: NetName=NetVD133_2 Pin=VD135-2
Added Pin To Net: NetName=NetVD133_2 Pin=VD135-2
Added Pin To Net: NetName=NetVD133_2 Pin=VD135-2
Added Pin To Net: NetName=NetVD133_2 Pin=VD135-2
Added Pin To Net: NetName=NetVD127_2 Pin=VD136-1
Added Pin To Net: NetName=NetVD133_2 Pin=VD136-2
Added Pin To Net: NetName=NetVD133_2 Pin=VD136-2
Added Pin To Net: NetName=NetVD133_2 Pin=VD136-2
Added Pin To Net: NetName=NetVD133_2 Pin=VD136-2
Added Pin To Net: NetName=NetVD127_2 Pin=VD137-1
Added Pin To Net: NetName=NetVD133_2 Pin=VD137-2
Added Pin To Net: NetName=NetVD133_2 Pin=VD137-2
Added Pin To Net: NetName=NetVD133_2 Pin=VD137-2
Added Pin To Net: NetName=NetVD133_2 Pin=VD137-2
Added Pin To Net: NetName=NetVD127_2 Pin=VD138-1
Added Pin To Net: NetName=NetVD133_2 Pin=VD138-2
Added Pin To Net: NetName=NetVD133_2 Pin=VD138-2
Added Pin To Net: NetName=NetVD133_2 Pin=VD138-2
Added Pin To Net: NetName=NetVD133_2 Pin=VD138-2
Added Pin To Net: NetName=NetVD133_2 Pin=VD139-1
Added Pin To Net: NetName=NetVD139_2 Pin=VD139-2
Added Pin To Net: NetName=NetVD139_2 Pin=VD139-2
Added Pin To Net: NetName=NetVD139_2 Pin=VD139-2
Added Pin To Net: NetName=NetVD139_2 Pin=VD139-2
Added Pin To Net: NetName=NetVD133_2 Pin=VD140-1
Added Pin To Net: NetName=NetVD139_2 Pin=VD140-2
Added Pin To Net: NetName=NetVD139_2 Pin=VD140-2
Added Pin To Net: NetName=NetVD139_2 Pin=VD140-2
Added Pin To Net: NetName=NetVD139_2 Pin=VD140-2
Added Pin To Net: NetName=NetVD133_2 Pin=VD141-1
Added Pin To Net: NetName=NetVD139_2 Pin=VD141-2
Added Pin To Net: NetName=NetVD139_2 Pin=VD141-2
Added Pin To Net: NetName=NetVD139_2 Pin=VD141-2
Added Pin To Net: NetName=NetVD139_2 Pin=VD141-2
Added Pin To Net: NetName=NetVD133_2 Pin=VD142-1
Added Pin To Net: NetName=NetVD139_2 Pin=VD142-2
Added Pin To Net: NetName=NetVD139_2 Pin=VD142-2
Added Pin To Net: NetName=NetVD139_2 Pin=VD142-2
Added Pin To Net: NetName=NetVD139_2 Pin=VD142-2
Added Pin To Net: NetName=NetVD133_2 Pin=VD143-1
Added Pin To Net: NetName=NetVD139_2 Pin=VD143-2
Added Pin To Net: NetName=NetVD139_2 Pin=VD143-2
Added Pin To Net: NetName=NetVD139_2 Pin=VD143-2
Added Pin To Net: NetName=NetVD139_2 Pin=VD143-2
Added Pin To Net: NetName=NetVD133_2 Pin=VD144-1
Added Pin To Net: NetName=NetVD139_2 Pin=VD144-2
Added Pin To Net: NetName=NetVD139_2 Pin=VD144-2
Added Pin To Net: NetName=NetVD139_2 Pin=VD144-2
Added Pin To Net: NetName=NetVD139_2 Pin=VD144-2
Added Pin To Net: NetName=NetVD139_2 Pin=VD145-1
Added Pin To Net: NetName=NetVD145_2 Pin=VD145-2
Added Pin To Net: NetName=NetVD145_2 Pin=VD145-2
Added Pin To Net: NetName=NetVD145_2 Pin=VD145-2
Added Pin To Net: NetName=NetVD145_2 Pin=VD145-2
Added Pin To Net: NetName=NetVD139_2 Pin=VD146-1
Added Pin To Net: NetName=NetVD145_2 Pin=VD146-2
Added Pin To Net: NetName=NetVD145_2 Pin=VD146-2
Added Pin To Net: NetName=NetVD145_2 Pin=VD146-2
Added Pin To Net: NetName=NetVD145_2 Pin=VD146-2
Added Pin To Net: NetName=NetVD139_2 Pin=VD147-1
Added Pin To Net: NetName=NetVD145_2 Pin=VD147-2
Added Pin To Net: NetName=NetVD145_2 Pin=VD147-2
Added Pin To Net: NetName=NetVD145_2 Pin=VD147-2
Added Pin To Net: NetName=NetVD145_2 Pin=VD147-2
Added Pin To Net: NetName=NetVD139_2 Pin=VD148-1
Added Pin To Net: NetName=NetVD145_2 Pin=VD148-2
Added Pin To Net: NetName=NetVD145_2 Pin=VD148-2
Added Pin To Net: NetName=NetVD145_2 Pin=VD148-2
Added Pin To Net: NetName=NetVD145_2 Pin=VD148-2
Added Pin To Net: NetName=NetVD139_2 Pin=VD149-1
Added Pin To Net: NetName=NetVD145_2 Pin=VD149-2
Added Pin To Net: NetName=NetVD145_2 Pin=VD149-2
Added Pin To Net: NetName=NetVD145_2 Pin=VD149-2
Added Pin To Net: NetName=NetVD145_2 Pin=VD149-2
Added Pin To Net: NetName=NetVD139_2 Pin=VD150-1
Added Pin To Net: NetName=NetVD145_2 Pin=VD150-2
Added Pin To Net: NetName=NetVD145_2 Pin=VD150-2
Added Pin To Net: NetName=NetVD145_2 Pin=VD150-2
Added Pin To Net: NetName=NetVD145_2 Pin=VD150-2
Added Pin To Net: NetName=NetVD145_2 Pin=VD151-1
Added Pin To Net: NetName=GND Pin=VD151-2
Added Pin To Net: NetName=GND Pin=VD151-2
Added Pin To Net: NetName=GND Pin=VD151-2
Added Pin To Net: NetName=GND Pin=VD151-2
Added Pin To Net: NetName=NetVD145_2 Pin=VD152-1
Added Pin To Net: NetName=GND Pin=VD152-2
Added Pin To Net: NetName=GND Pin=VD152-2
Added Pin To Net: NetName=GND Pin=VD152-2
Added Pin To Net: NetName=GND Pin=VD152-2
Added Pin To Net: NetName=NetVD145_2 Pin=VD153-1
Added Pin To Net: NetName=GND Pin=VD153-2
Added Pin To Net: NetName=GND Pin=VD153-2
Added Pin To Net: NetName=GND Pin=VD153-2
Added Pin To Net: NetName=GND Pin=VD153-2
Added Pin To Net: NetName=NetVD145_2 Pin=VD154-1
Added Pin To Net: NetName=GND Pin=VD154-2
Added Pin To Net: NetName=GND Pin=VD154-2
Added Pin To Net: NetName=GND Pin=VD154-2
Added Pin To Net: NetName=GND Pin=VD154-2
Added Pin To Net: NetName=NetVD145_2 Pin=VD155-1
Added Pin To Net: NetName=GND Pin=VD155-2
Added Pin To Net: NetName=GND Pin=VD155-2
Added Pin To Net: NetName=GND Pin=VD155-2
Added Pin To Net: NetName=GND Pin=VD155-2
Added Pin To Net: NetName=NetVD145_2 Pin=VD156-1
Added Pin To Net: NetName=GND Pin=VD156-2
Added Pin To Net: NetName=GND Pin=VD156-2
Added Pin To Net: NetName=GND Pin=VD156-2
Added Pin To Net: NetName=GND Pin=VD156-2
Added Pin To Net: NetName=V_IN Pin=X1-1
Added Pin To Net: NetName=GND Pin=X2-1
Added Member To Class: ClassName=LED0_7 Member=Component VD1 SPWHT541MD5WAT0SB
Added Member To Class: ClassName=LED0_7 Member=Component VD2 SPWHT541MD5WAT0SB
Added Member To Class: ClassName=LED0_7 Member=Component VD3 SPWHT541MD5WAT0SB
Added Member To Class: ClassName=LED0_7 Member=Component VD4 SPWHT541MD5WAT0SB
Added Member To Class: ClassName=LED0_7 Member=Component VD5 SPWHT541MD5WAT0SB
Added Member To Class: ClassName=LED0_7 Member=Component VD6 SPWHT541MD5WAT0SB
Added Member To Class: ClassName=LED0_7 Member=Component VD7 SPWHT541MD5WAT0SB
Added Member To Class: ClassName=LED0_7 Member=Component VD8 SPWHT541MD5WAT0SB
Added Member To Class: ClassName=LED0_7 Member=Component VD9 SPWHT541MD5WAT0SB
Added Member To Class: ClassName=LED0_7 Member=Component VD10 SPWHT541MD5WAT0SB
Added Member To Class: ClassName=LED0_7 Member=Component VD11 SPWHT541MD5WAT0SB
Added Member To Class: ClassName=LED0_7 Member=Component VD12 SPWHT541MD5WAT0SB
Added Member To Class: ClassName=LED0_7 Member=Component VD13 SPWHT541MD5WAT0SB
Added Member To Class: ClassName=LED0_7 Member=Component VD14 SPWHT541MD5WAT0SB
Added Member To Class: ClassName=LED0_7 Member=Component VD15 SPWHT541MD5WAT0SB
Added Member To Class: ClassName=LED0_7 Member=Component VD16 SPWHT541MD5WAT0SB
Added Member To Class: ClassName=LED0_7 Member=Component VD17 SPWHT541MD5WAT0SB
Added Member To Class: ClassName=LED0_7 Member=Component VD18 SPWHT541MD5WAT0SB
Added Member To Class: ClassName=LED0_7 Member=Component VD19 SPWHT541MD5WAT0SB
Added Member To Class: ClassName=LED0_7 Member=Component VD20 SPWHT541MD5WAT0SB
Added Member To Class: ClassName=LED0_7 Member=Component VD21 SPWHT541MD5WAT0SB
Added Member To Class: ClassName=LED0_7 Member=Component VD22 SPWHT541MD5WAT0SB
Added Member To Class: ClassName=LED0_7 Member=Component VD23 SPWHT541MD5WAT0SB
Added Member To Class: ClassName=LED0_7 Member=Component VD24 SPWHT541MD5WAT0SB
Added Member To Class: ClassName=LED0_7 Member=Component VD25 SPWHT541MD5WAT0SB
Added Member To Class: ClassName=LED0_7 Member=Component VD26 SPWHT541MD5WAT0SB
Added Member To Class: ClassName=LED0_7 Member=Component VD27 SPWHT541MD5WAT0SB
Added Member To Class: ClassName=LED0_7 Member=Component VD28 SPWHT541MD5WAT0SB
Added Member To Class: ClassName=LED0_7 Member=Component VD29 SPWHT541MD5WAT0SB
Added Member To Class: ClassName=LED0_7 Member=Component VD30 SPWHT541MD5WAT0SB
Added Member To Class: ClassName=LED0_7 Member=Component VD31 SPWHT541MD5WAT0SB
Added Member To Class: ClassName=LED0_7 Member=Component VD32 SPWHT541MD5WAT0SB
Added Member To Class: ClassName=LED0_7 Member=Component VD33 SPWHT541MD5WAT0SB
Added Member To Class: ClassName=LED0_7 Member=Component VD34 SPWHT541MD5WAT0SB
Added Member To Class: ClassName=LED0_7 Member=Component VD35 SPWHT541MD5WAT0SB
Added Member To Class: ClassName=LED0_7 Member=Component VD36 SPWHT541MD5WAT0SB
Added Member To Class: ClassName=LED0_7 Member=Component VD37 SPWHT541MD5WAT0SB
Added Member To Class: ClassName=LED0_7 Member=Component VD38 SPWHT541MD5WAT0SB
Added Member To Class: ClassName=LED0_7 Member=Component VD39 SPWHT541MD5WAT0SB
Added Member To Class: ClassName=LED0_7 Member=Component VD40 SPWHT541MD5WAT0SB
Added Member To Class: ClassName=LED0_7 Member=Component VD41 SPWHT541MD5WAT0SB
Added Member To Class: ClassName=LED0_7 Member=Component VD42 SPWHT541MD5WAT0SB
Added Member To Class: ClassName=LED8_15 Member=Component VD43 SPWHT541MD5WAT0SB
Added Member To Class: ClassName=LED8_15 Member=Component VD44 SPWHT541MD5WAT0SB
Added Member To Class: ClassName=LED8_15 Member=Component VD45 SPWHT541MD5WAT0SB
Added Member To Class: ClassName=LED8_15 Member=Component VD46 SPWHT541MD5WAT0SB
Added Member To Class: ClassName=LED8_15 Member=Component VD47 SPWHT541MD5WAT0SB
Added Member To Class: ClassName=LED8_15 Member=Component VD48 SPWHT541MD5WAT0SB
Added Member To Class: ClassName=LED8_15 Member=Component VD49 SPWHT541MD5WAT0SB
Added Member To Class: ClassName=LED8_15 Member=Component VD50 SPWHT541MD5WAT0SB
Added Member To Class: ClassName=LED8_15 Member=Component VD51 SPWHT541MD5WAT0SB
Added Member To Class: ClassName=LED8_15 Member=Component VD52 SPWHT541MD5WAT0SB
Added Member To Class: ClassName=LED8_15 Member=Component VD53 SPWHT541MD5WAT0SB
Added Member To Class: ClassName=LED8_15 Member=Component VD54 SPWHT541MD5WAT0SB
Added Member To Class: ClassName=LED8_15 Member=Component VD55 SPWHT541MD5WAT0SB
Added Member To Class: ClassName=LED8_15 Member=Component VD56 SPWHT541MD5WAT0SB
Added Member To Class: ClassName=LED8_15 Member=Component VD57 SPWHT541MD5WAT0SB
Added Member To Class: ClassName=LED8_15 Member=Component VD58 SPWHT541MD5WAT0SB
Added Member To Class: ClassName=LED8_15 Member=Component VD59 SPWHT541MD5WAT0SB
Added Member To Class: ClassName=LED8_15 Member=Component VD60 SPWHT541MD5WAT0SB
Added Member To Class: ClassName=LED8_15 Member=Component VD61 SPWHT541MD5WAT0SB
Added Member To Class: ClassName=LED8_15 Member=Component VD62 SPWHT541MD5WAT0SB
Added Member To Class: ClassName=LED8_15 Member=Component VD63 SPWHT541MD5WAT0SB
Added Member To Class: ClassName=LED8_15 Member=Component VD64 SPWHT541MD5WAT0SB
Added Member To Class: ClassName=LED8_15 Member=Component VD65 SPWHT541MD5WAT0SB
Added Member To Class: ClassName=LED8_15 Member=Component VD66 SPWHT541MD5WAT0SB
Added Member To Class: ClassName=LED8_15 Member=Component VD67 SPWHT541MD5WAT0SB
Added Member To Class: ClassName=LED8_15 Member=Component VD68 SPWHT541MD5WAT0SB
Added Member To Class: ClassName=LED8_15 Member=Component VD69 SPWHT541MD5WAT0SB
Added Member To Class: ClassName=LED8_15 Member=Component VD70 SPWHT541MD5WAT0SB
Added Member To Class: ClassName=LED8_15 Member=Component VD71 SPWHT541MD5WAT0SB
Added Member To Class: ClassName=LED8_15 Member=Component VD72 SPWHT541MD5WAT0SB
Added Member To Class: ClassName=LED8_15 Member=Component VD73 SPWHT541MD5WAT0SB
Added Member To Class: ClassName=LED8_15 Member=Component VD74 SPWHT541MD5WAT0SB
Added Member To Class: ClassName=LED8_15 Member=Component VD75 SPWHT541MD5WAT0SB
Added Member To Class: ClassName=LED8_15 Member=Component VD76 SPWHT541MD5WAT0SB
Added Member To Class: ClassName=LED8_15 Member=Component VD77 SPWHT541MD5WAT0SB
Added Member To Class: ClassName=LED8_15 Member=Component VD78 SPWHT541MD5WAT0SB
Added Member To Class: ClassName=LED8_15 Member=Component VD79 SPWHT541MD5WAT0SB
Added Member To Class: ClassName=LED8_15 Member=Component VD80 SPWHT541MD5WAT0SB
Added Member To Class: ClassName=LED8_15 Member=Component VD81 SPWHT541MD5WAT0SB
Added Member To Class: ClassName=LED8_15 Member=Component VD82 SPWHT541MD5WAT0SB
Added Member To Class: ClassName=LED8_15 Member=Component VD83 SPWHT541MD5WAT0SB
Added Member To Class: ClassName=LED8_15 Member=Component VD84 SPWHT541MD5WAT0SB
Added Member To Class: ClassName=LED16_23 Member=Component VD85 SPWHT541MD5WAT0SB
Added Member To Class: ClassName=LED16_23 Member=Component VD86 SPWHT541MD5WAT0SB
Added Member To Class: ClassName=LED16_23 Member=Component VD87 SPWHT541MD5WAT0SB
Added Member To Class: ClassName=LED16_23 Member=Component VD88 SPWHT541MD5WAT0SB
Added Member To Class: ClassName=LED16_23 Member=Component VD89 SPWHT541MD5WAT0SB
Added Member To Class: ClassName=LED16_23 Member=Component VD90 SPWHT541MD5WAT0SB
Added Member To Class: ClassName=LED16_23 Member=Component VD91 SPWHT541MD5WAT0SB
Added Member To Class: ClassName=LED16_23 Member=Component VD92 SPWHT541MD5WAT0SB
Added Member To Class: ClassName=LED16_23 Member=Component VD93 SPWHT541MD5WAT0SB
Added Member To Class: ClassName=LED16_23 Member=Component VD94 SPWHT541MD5WAT0SB
Added Member To Class: ClassName=LED16_23 Member=Component VD95 SPWHT541MD5WAT0SB
Added Member To Class: ClassName=LED16_23 Member=Component VD96 SPWHT541MD5WAT0SB
Added Member To Class: ClassName=LED16_23 Member=Component VD97 SPWHT541MD5WAT0SB
Added Member To Class: ClassName=LED16_23 Member=Component VD98 SPWHT541MD5WAT0SB
Added Member To Class: ClassName=LED16_23 Member=Component VD99 SPWHT541MD5WAT0SB
Added Member To Class: ClassName=LED16_23 Member=Component VD100 SPWHT541MD5WAT0SB
Added Member To Class: ClassName=LED16_23 Member=Component VD101 SPWHT541MD5WAT0SB
Added Member To Class: ClassName=LED16_23 Member=Component VD102 SPWHT541MD5WAT0SB
Added Member To Class: ClassName=LED16_23 Member=Component VD103 SPWHT541MD5WAT0SB
Added Member To Class: ClassName=LED16_23 Member=Component VD104 SPWHT541MD5WAT0SB
Added Member To Class: ClassName=LED16_23 Member=Component VD105 SPWHT541MD5WAT0SB
Added Member To Class: ClassName=LED16_23 Member=Component VD106 SPWHT541MD5WAT0SB
Added Member To Class: ClassName=LED16_23 Member=Component VD107 SPWHT541MD5WAT0SB
Added Member To Class: ClassName=LED16_23 Member=Component VD108 SPWHT541MD5WAT0SB
Added Member To Class: ClassName=LED16_23 Member=Component VD109 SPWHT541MD5WAT0SB
Added Member To Class: ClassName=LED16_23 Member=Component VD110 SPWHT541MD5WAT0SB
Added Member To Class: ClassName=LED16_23 Member=Component VD111 SPWHT541MD5WAT0SB
Added Member To Class: ClassName=LED16_23 Member=Component VD112 SPWHT541MD5WAT0SB
Added Member To Class: ClassName=LED16_23 Member=Component VD113 SPWHT541MD5WAT0SB
Added Member To Class: ClassName=LED16_23 Member=Component VD114 SPWHT541MD5WAT0SB
Added Member To Class: ClassName=LED16_23 Member=Component VD115 SPWHT541MD5WAT0SB
Added Member To Class: ClassName=LED16_23 Member=Component VD116 SPWHT541MD5WAT0SB
Added Member To Class: ClassName=LED16_23 Member=Component VD117 SPWHT541MD5WAT0SB
Added Member To Class: ClassName=LED16_23 Member=Component VD118 SPWHT541MD5WAT0SB
Added Member To Class: ClassName=LED16_23 Member=Component VD119 SPWHT541MD5WAT0SB
Added Member To Class: ClassName=LED16_23 Member=Component VD120 SPWHT541MD5WAT0SB
Added Member To Class: ClassName=LED16_23 Member=Component VD121 SPWHT541MD5WAT0SB
Added Member To Class: ClassName=LED16_23 Member=Component VD122 SPWHT541MD5WAT0SB
Added Member To Class: ClassName=LED16_23 Member=Component VD123 SPWHT541MD5WAT0SB
Added Member To Class: ClassName=LED16_23 Member=Component VD124 SPWHT541MD5WAT0SB
Added Member To Class: ClassName=LED16_23 Member=Component VD125 SPWHT541MD5WAT0SB
Added Member To Class: ClassName=LED16_23 Member=Component VD126 SPWHT541MD5WAT0SB
Added Member To Class: ClassName=LED24_26 Member=Component VD127 SPWHT541MD5WAT0SB
Added Member To Class: ClassName=LED24_26 Member=Component VD128 SPWHT541MD5WAT0SB
Added Member To Class: ClassName=LED24_26 Member=Component VD129 SPWHT541MD5WAT0SB
Added Member To Class: ClassName=LED24_26 Member=Component VD130 SPWHT541MD5WAT0SB
Added Member To Class: ClassName=LED24_26 Member=Component VD131 SPWHT541MD5WAT0SB
Added Member To Class: ClassName=LED24_26 Member=Component VD132 SPWHT541MD5WAT0SB
Added Member To Class: ClassName=LED24_26 Member=Component VD133 SPWHT541MD5WAT0SB
Added Member To Class: ClassName=LED24_26 Member=Component VD134 SPWHT541MD5WAT0SB
Added Member To Class: ClassName=LED24_26 Member=Component VD135 SPWHT541MD5WAT0SB
Added Member To Class: ClassName=LED24_26 Member=Component VD136 SPWHT541MD5WAT0SB
Added Member To Class: ClassName=LED24_26 Member=Component VD137 SPWHT541MD5WAT0SB
Added Member To Class: ClassName=LED24_26 Member=Component VD138 SPWHT541MD5WAT0SB
Added Member To Class: ClassName=LED24_26 Member=Component VD139 SPWHT541MD5WAT0SB
Added Member To Class: ClassName=LED24_26 Member=Component VD140 SPWHT541MD5WAT0SB
Added Member To Class: ClassName=LED24_26 Member=Component VD141 SPWHT541MD5WAT0SB
Added Member To Class: ClassName=LED24_26 Member=Component VD142 SPWHT541MD5WAT0SB
Added Member To Class: ClassName=LED24_26 Member=Component VD143 SPWHT541MD5WAT0SB
Added Member To Class: ClassName=LED24_26 Member=Component VD144 SPWHT541MD5WAT0SB
Added Member To Class: ClassName=LED24_26 Member=Component VD145 SPWHT541MD5WAT0SB
Added Member To Class: ClassName=LED24_26 Member=Component VD146 SPWHT541MD5WAT0SB
Added Member To Class: ClassName=LED24_26 Member=Component VD147 SPWHT541MD5WAT0SB
Added Member To Class: ClassName=LED24_26 Member=Component VD148 SPWHT541MD5WAT0SB
Added Member To Class: ClassName=LED24_26 Member=Component VD149 SPWHT541MD5WAT0SB
Added Member To Class: ClassName=LED24_26 Member=Component VD150 SPWHT541MD5WAT0SB
Added Member To Class: ClassName=LED24_26 Member=Component VD151 SPWHT541MD5WAT0SB
Added Member To Class: ClassName=LED24_26 Member=Component VD152 SPWHT541MD5WAT0SB
Added Member To Class: ClassName=LED24_26 Member=Component VD153 SPWHT541MD5WAT0SB
Added Member To Class: ClassName=LED24_26 Member=Component VD154 SPWHT541MD5WAT0SB
Added Member To Class: ClassName=LED24_26 Member=Component VD155 SPWHT541MD5WAT0SB
Added Member To Class: ClassName=LED24_26 Member=Component VD156 SPWHT541MD5WAT0SB
Added Member To Class: ClassName=LED0_7 Member=Component X1 PIN_7x3mm_SMD
Added Member To Class: ClassName=LED24_26 Member=Component X2 PIN_7x3mm_SMD
Added Room: Name=LED0_7
Added Room: Name=LED8_15
Added Room: Name=LED16_23
Added Room: Name=LED24_26
