Added Component: Designator=VD37(LED_SAMSUNG)
Added Component: Designator=VD38(LED_SAMSUNG)
Added Component: Designator=VD39(LED_SAMSUNG)
Added Component: Designator=VD40(LED_SAMSUNG)
Added Component: Designator=VD41(LED_SAMSUNG)
Added Component: Designator=VD42(LED_SAMSUNG)
Added Component: Designator=VD43(LED_SAMSUNG)
Added Component: Designator=VD44(LED_SAMSUNG)
Added Component: Designator=VD45(LED_SAMSUNG)
Added Component: Designator=VD46(LED_SAMSUNG)
Added Component: Designator=VD47(LED_SAMSUNG)
Added Component: Designator=VD48(LED_SAMSUNG)
Added Component: Designator=VD49(LED_SAMSUNG)
Added Component: Designator=VD50(LED_SAMSUNG)
Added Component: Designator=VD51(LED_SAMSUNG)
Added Component: Designator=VD52(LED_SAMSUNG)
Added Component: Designator=VD53(LED_SAMSUNG)
Added Component: Designator=VD54(LED_SAMSUNG)
Added Component: Designator=VD55(LED_SAMSUNG)
Added Component: Designator=VD56(LED_SAMSUNG)
Added Component: Designator=VD57(LED_SAMSUNG)
Added Component: Designator=VD58(LED_SAMSUNG)
Added Component: Designator=VD59(LED_SAMSUNG)
Added Component: Designator=VD60(LED_SAMSUNG)
Added Component: Designator=VD61(LED_SAMSUNG)
Added Component: Designator=VD62(LED_SAMSUNG)
Added Component: Designator=VD63(LED_SAMSUNG)
Added Component: Designator=VD64(LED_SAMSUNG)
Added Component: Designator=VD65(LED_SAMSUNG)
Added Component: Designator=VD66(LED_SAMSUNG)
Added Component: Designator=VD67(LED_SAMSUNG)
Added Component: Designator=VD68(LED_SAMSUNG)
Added Component: Designator=VD69(LED_SAMSUNG)
Added Component: Designator=VD70(LED_SAMSUNG)
Added Component: Designator=VD71(LED_SAMSUNG)
Added Component: Designator=VD72(LED_SAMSUNG)
Added Component: Designator=VD73(LED_SAMSUNG)
Added Component: Designator=VD74(LED_SAMSUNG)
Added Component: Designator=VD75(LED_SAMSUNG)
Added Component: Designator=VD76(LED_SAMSUNG)
Added Component: Designator=VD77(LED_SAMSUNG)
Added Component: Designator=VD78(LED_SAMSUNG)
Added Component: Designator=VD79(LED_SAMSUNG)
Added Component: Designator=VD80(LED_SAMSUNG)
Added Component: Designator=VD81(LED_SAMSUNG)
Added Component: Designator=VD82(LED_SAMSUNG)
Added Component: Designator=VD83(LED_SAMSUNG)
Added Component: Designator=VD84(LED_SAMSUNG)
Added Component: Designator=VD85(LED_SAMSUNG)
Added Component: Designator=VD86(LED_SAMSUNG)
Added Component: Designator=VD87(LED_SAMSUNG)
Added Component: Designator=VD88(LED_SAMSUNG)
Added Component: Designator=VD89(LED_SAMSUNG)
Added Component: Designator=VD90(LED_SAMSUNG)
Added Component: Designator=VD91(LED_SAMSUNG)
Added Component: Designator=VD92(LED_SAMSUNG)
Added Component: Designator=VD93(LED_SAMSUNG)
Added Component: Designator=VD94(LED_SAMSUNG)
Added Component: Designator=VD95(LED_SAMSUNG)
Added Component: Designator=VD96(LED_SAMSUNG)
Added Component: Designator=VD97(LED_SAMSUNG)
Added Component: Designator=VD98(LED_SAMSUNG)
Added Component: Designator=VD99(LED_SAMSUNG)
Added Component: Designator=VD100(LED_SAMSUNG)
Added Component: Designator=VD101(LED_SAMSUNG)
Added Component: Designator=VD102(LED_SAMSUNG)
Added Component: Designator=VD103(LED_SAMSUNG)
Added Component: Designator=VD104(LED_SAMSUNG)
Added Component: Designator=VD105(LED_SAMSUNG)
Added Component: Designator=VD106(LED_SAMSUNG)
Added Component: Designator=VD107(LED_SAMSUNG)
Added Component: Designator=VD108(LED_SAMSUNG)
Added Component: Designator=VD109(LED_SAMSUNG)
Added Component: Designator=VD110(LED_SAMSUNG)
Added Component: Designator=VD111(LED_SAMSUNG)
Added Component: Designator=VD112(LED_SAMSUNG)
Added Component: Designator=VD113(LED_SAMSUNG)
Added Component: Designator=VD114(LED_SAMSUNG)
Added Component: Designator=VD115(LED_SAMSUNG)
Added Component: Designator=VD116(LED_SAMSUNG)
Added Component: Designator=VD117(LED_SAMSUNG)
Added Component: Designator=VD118(LED_SAMSUNG)
Added Component: Designator=VD119(LED_SAMSUNG)
Added Component: Designator=VD120(LED_SAMSUNG)
Added Component: Designator=VD121(LED_SAMSUNG)
Added Component: Designator=VD122(LED_SAMSUNG)
Added Component: Designator=VD123(LED_SAMSUNG)
Added Component: Designator=VD124(LED_SAMSUNG)
Added Component: Designator=VD125(LED_SAMSUNG)
Added Component: Designator=VD126(LED_SAMSUNG)
Added Component: Designator=VD127(LED_SAMSUNG)
Added Component: Designator=VD128(LED_SAMSUNG)
Added Component: Designator=VD129(LED_SAMSUNG)
Added Component: Designator=VD130(LED_SAMSUNG)
Added Component: Designator=VD131(LED_SAMSUNG)
Added Component: Designator=VD132(LED_SAMSUNG)
Added Component: Designator=VD133(LED_SAMSUNG)
Added Component: Designator=VD134(LED_SAMSUNG)
Added Component: Designator=VD135(LED_SAMSUNG)
Added Component: Designator=VD136(LED_SAMSUNG)
Added Component: Designator=VD137(LED_SAMSUNG)
Added Component: Designator=VD138(LED_SAMSUNG)
Added Component: Designator=VD139(LED_SAMSUNG)
Added Component: Designator=VD140(LED_SAMSUNG)
Added Component: Designator=VD141(LED_SAMSUNG)
Added Component: Designator=VD142(LED_SAMSUNG)
Added Component: Designator=VD143(LED_SAMSUNG)
Added Component: Designator=VD144(LED_SAMSUNG)
Added Component: Designator=VD145(LED_SAMSUNG)
Added Component: Designator=VD146(LED_SAMSUNG)
Added Component: Designator=VD147(LED_SAMSUNG)
Added Component: Designator=VD148(LED_SAMSUNG)
Added Component: Designator=VD149(LED_SAMSUNG)
Added Component: Designator=VD150(LED_SAMSUNG)
Added Component: Designator=VD151(LED_SAMSUNG)
Added Component: Designator=VD152(LED_SAMSUNG)
Added Component: Designator=VD153(LED_SAMSUNG)
Added Component: Designator=VD154(LED_SAMSUNG)
Added Component: Designator=VD155(LED_SAMSUNG)
Added Component: Designator=VD156(LED_SAMSUNG)
Added Component: Designator=X1(PIN_7x3mm_SMD)
Added Component: Designator=X2(PIN_7x3mm_SMD)
Added Pin To Net: NetName=V_IN Pin=X1-1
Added Pin To Net: NetName=GND Pin=X2-1
Added Member To Class: ClassName=LED0_7 Member=Component VD37 SPWHT541MD5WAT0SB
Added Member To Class: ClassName=LED0_7 Member=Component VD38 SPWHT541MD5WAT0SB
Added Member To Class: ClassName=LED0_7 Member=Component VD39 SPWHT541MD5WAT0SB
Added Member To Class: ClassName=LED0_7 Member=Component VD40 SPWHT541MD5WAT0SB
Added Member To Class: ClassName=LED0_7 Member=Component VD41 SPWHT541MD5WAT0SB
Added Member To Class: ClassName=LED0_7 Member=Component VD42 SPWHT541MD5WAT0SB
Added Member To Class: ClassName=LED8_15 Member=Component VD43 SPWHT541MD5WAT0SB
Added Member To Class: ClassName=LED8_15 Member=Component VD44 SPWHT541MD5WAT0SB
Added Member To Class: ClassName=LED8_15 Member=Component VD45 SPWHT541MD5WAT0SB
Added Member To Class: ClassName=LED8_15 Member=Component VD46 SPWHT541MD5WAT0SB
Added Member To Class: ClassName=LED8_15 Member=Component VD47 SPWHT541MD5WAT0SB
Added Member To Class: ClassName=LED8_15 Member=Component VD48 SPWHT541MD5WAT0SB
Added Member To Class: ClassName=LED8_15 Member=Component VD49 SPWHT541MD5WAT0SB
Added Member To Class: ClassName=LED8_15 Member=Component VD50 SPWHT541MD5WAT0SB
Added Member To Class: ClassName=LED8_15 Member=Component VD51 SPWHT541MD5WAT0SB
Added Member To Class: ClassName=LED8_15 Member=Component VD52 SPWHT541MD5WAT0SB
Added Member To Class: ClassName=LED8_15 Member=Component VD53 SPWHT541MD5WAT0SB
Added Member To Class: ClassName=LED8_15 Member=Component VD54 SPWHT541MD5WAT0SB
Added Member To Class: ClassName=LED8_15 Member=Component VD55 SPWHT541MD5WAT0SB
Added Member To Class: ClassName=LED8_15 Member=Component VD56 SPWHT541MD5WAT0SB
Added Member To Class: ClassName=LED8_15 Member=Component VD57 SPWHT541MD5WAT0SB
Added Member To Class: ClassName=LED8_15 Member=Component VD58 SPWHT541MD5WAT0SB
Added Member To Class: ClassName=LED8_15 Member=Component VD59 SPWHT541MD5WAT0SB
Added Member To Class: ClassName=LED8_15 Member=Component VD60 SPWHT541MD5WAT0SB
Added Member To Class: ClassName=LED8_15 Member=Component VD61 SPWHT541MD5WAT0SB
Added Member To Class: ClassName=LED8_15 Member=Component VD62 SPWHT541MD5WAT0SB
Added Member To Class: ClassName=LED8_15 Member=Component VD63 SPWHT541MD5WAT0SB
Added Member To Class: ClassName=LED8_15 Member=Component VD64 SPWHT541MD5WAT0SB
Added Member To Class: ClassName=LED8_15 Member=Component VD65 SPWHT541MD5WAT0SB
Added Member To Class: ClassName=LED8_15 Member=Component VD66 SPWHT541MD5WAT0SB
Added Member To Class: ClassName=LED8_15 Member=Component VD67 SPWHT541MD5WAT0SB
Added Member To Class: ClassName=LED8_15 Member=Component VD68 SPWHT541MD5WAT0SB
Added Member To Class: ClassName=LED8_15 Member=Component VD69 SPWHT541MD5WAT0SB
Added Member To Class: ClassName=LED8_15 Member=Component VD70 SPWHT541MD5WAT0SB
Added Member To Class: ClassName=LED8_15 Member=Component VD71 SPWHT541MD5WAT0SB
Added Member To Class: ClassName=LED8_15 Member=Component VD72 SPWHT541MD5WAT0SB
Added Member To Class: ClassName=LED8_15 Member=Component VD73 SPWHT541MD5WAT0SB
Added Member To Class: ClassName=LED8_15 Member=Component VD74 SPWHT541MD5WAT0SB
Added Member To Class: ClassName=LED8_15 Member=Component VD75 SPWHT541MD5WAT0SB
Added Member To Class: ClassName=LED8_15 Member=Component VD76 SPWHT541MD5WAT0SB
Added Member To Class: ClassName=LED8_15 Member=Component VD77 SPWHT541MD5WAT0SB
Added Member To Class: ClassName=LED8_15 Member=Component VD78 SPWHT541MD5WAT0SB
Added Member To Class: ClassName=LED8_15 Member=Component VD79 SPWHT541MD5WAT0SB
Added Member To Class: ClassName=LED8_15 Member=Component VD80 SPWHT541MD5WAT0SB
Added Member To Class: ClassName=LED8_15 Member=Component VD81 SPWHT541MD5WAT0SB
Added Member To Class: ClassName=LED8_15 Member=Component VD82 SPWHT541MD5WAT0SB
Added Member To Class: ClassName=LED8_15 Member=Component VD83 SPWHT541MD5WAT0SB
Added Member To Class: ClassName=LED8_15 Member=Component VD84 SPWHT541MD5WAT0SB
Added Member To Class: ClassName=LED16_23 Member=Component VD85 SPWHT541MD5WAT0SB
Added Member To Class: ClassName=LED16_23 Member=Component VD86 SPWHT541MD5WAT0SB
Added Member To Class: ClassName=LED16_23 Member=Component VD87 SPWHT541MD5WAT0SB
Added Member To Class: ClassName=LED16_23 Member=Component VD88 SPWHT541MD5WAT0SB
Added Member To Class: ClassName=LED16_23 Member=Component VD89 SPWHT541MD5WAT0SB
Added Member To Class: ClassName=LED16_23 Member=Component VD90 SPWHT541MD5WAT0SB
Added Member To Class: ClassName=LED16_23 Member=Component VD91 SPWHT541MD5WAT0SB
Added Member To Class: ClassName=LED16_23 Member=Component VD92 SPWHT541MD5WAT0SB
Added Member To Class: ClassName=LED16_23 Member=Component VD93 SPWHT541MD5WAT0SB
Added Member To Class: ClassName=LED16_23 Member=Component VD94 SPWHT541MD5WAT0SB
Added Member To Class: ClassName=LED16_23 Member=Component VD95 SPWHT541MD5WAT0SB
Added Member To Class: ClassName=LED16_23 Member=Component VD96 SPWHT541MD5WAT0SB
Added Member To Class: ClassName=LED16_23 Member=Component VD97 SPWHT541MD5WAT0SB
Added Member To Class: ClassName=LED16_23 Member=Component VD98 SPWHT541MD5WAT0SB
Added Member To Class: ClassName=LED16_23 Member=Component VD99 SPWHT541MD5WAT0SB
Added Member To Class: ClassName=LED16_23 Member=Component VD100 SPWHT541MD5WAT0SB
Added Member To Class: ClassName=LED16_23 Member=Component VD101 SPWHT541MD5WAT0SB
Added Member To Class: ClassName=LED16_23 Member=Component VD102 SPWHT541MD5WAT0SB
Added Member To Class: ClassName=LED16_23 Member=Component VD103 SPWHT541MD5WAT0SB
Added Member To Class: ClassName=LED16_23 Member=Component VD104 SPWHT541MD5WAT0SB
Added Member To Class: ClassName=LED16_23 Member=Component VD105 SPWHT541MD5WAT0SB
Added Member To Class: ClassName=LED16_23 Member=Component VD106 SPWHT541MD5WAT0SB
Added Member To Class: ClassName=LED16_23 Member=Component VD107 SPWHT541MD5WAT0SB
Added Member To Class: ClassName=LED16_23 Member=Component VD108 SPWHT541MD5WAT0SB
Added Member To Class: ClassName=LED16_23 Member=Component VD109 SPWHT541MD5WAT0SB
Added Member To Class: ClassName=LED16_23 Member=Component VD110 SPWHT541MD5WAT0SB
Added Member To Class: ClassName=LED16_23 Member=Component VD111 SPWHT541MD5WAT0SB
Added Member To Class: ClassName=LED16_23 Member=Component VD112 SPWHT541MD5WAT0SB
Added Member To Class: ClassName=LED16_23 Member=Component VD113 SPWHT541MD5WAT0SB
Added Member To Class: ClassName=LED16_23 Member=Component VD114 SPWHT541MD5WAT0SB
Added Member To Class: ClassName=LED16_23 Member=Component VD115 SPWHT541MD5WAT0SB
Added Member To Class: ClassName=LED16_23 Member=Component VD116 SPWHT541MD5WAT0SB
Added Member To Class: ClassName=LED16_23 Member=Component VD117 SPWHT541MD5WAT0SB
Added Member To Class: ClassName=LED16_23 Member=Component VD118 SPWHT541MD5WAT0SB
Added Member To Class: ClassName=LED16_23 Member=Component VD119 SPWHT541MD5WAT0SB
Added Member To Class: ClassName=LED16_23 Member=Component VD120 SPWHT541MD5WAT0SB
Added Member To Class: ClassName=LED16_23 Member=Component VD121 SPWHT541MD5WAT0SB
Added Member To Class: ClassName=LED16_23 Member=Component VD122 SPWHT541MD5WAT0SB
Added Member To Class: ClassName=LED16_23 Member=Component VD123 SPWHT541MD5WAT0SB
Added Member To Class: ClassName=LED16_23 Member=Component VD124 SPWHT541MD5WAT0SB
Added Member To Class: ClassName=LED16_23 Member=Component VD125 SPWHT541MD5WAT0SB
Added Member To Class: ClassName=LED16_23 Member=Component VD126 SPWHT541MD5WAT0SB
Added Member To Class: ClassName=LED24_26 Member=Component VD127 SPWHT541MD5WAT0SB
Added Member To Class: ClassName=LED24_26 Member=Component VD128 SPWHT541MD5WAT0SB
Added Member To Class: ClassName=LED24_26 Member=Component VD129 SPWHT541MD5WAT0SB
Added Member To Class: ClassName=LED24_26 Member=Component VD130 SPWHT541MD5WAT0SB
Added Member To Class: ClassName=LED24_26 Member=Component VD131 SPWHT541MD5WAT0SB
Added Member To Class: ClassName=LED24_26 Member=Component VD132 SPWHT541MD5WAT0SB
Added Member To Class: ClassName=LED24_26 Member=Component VD133 SPWHT541MD5WAT0SB
Added Member To Class: ClassName=LED24_26 Member=Component VD134 SPWHT541MD5WAT0SB
Added Member To Class: ClassName=LED24_26 Member=Component VD135 SPWHT541MD5WAT0SB
Added Member To Class: ClassName=LED24_26 Member=Component VD136 SPWHT541MD5WAT0SB
Added Member To Class: ClassName=LED24_26 Member=Component VD137 SPWHT541MD5WAT0SB
Added Member To Class: ClassName=LED24_26 Member=Component VD138 SPWHT541MD5WAT0SB
Added Member To Class: ClassName=LED24_26 Member=Component VD139 SPWHT541MD5WAT0SB
Added Member To Class: ClassName=LED24_26 Member=Component VD140 SPWHT541MD5WAT0SB
Added Member To Class: ClassName=LED24_26 Member=Component VD141 SPWHT541MD5WAT0SB
Added Member To Class: ClassName=LED24_26 Member=Component VD142 SPWHT541MD5WAT0SB
Added Member To Class: ClassName=LED24_26 Member=Component VD143 SPWHT541MD5WAT0SB
Added Member To Class: ClassName=LED24_26 Member=Component VD144 SPWHT541MD5WAT0SB
Added Member To Class: ClassName=LED24_26 Member=Component VD145 SPWHT541MD5WAT0SB
Added Member To Class: ClassName=LED24_26 Member=Component VD146 SPWHT541MD5WAT0SB
Added Member To Class: ClassName=LED24_26 Member=Component VD147 SPWHT541MD5WAT0SB
Added Member To Class: ClassName=LED24_26 Member=Component VD148 SPWHT541MD5WAT0SB
Added Member To Class: ClassName=LED24_26 Member=Component VD149 SPWHT541MD5WAT0SB
Added Member To Class: ClassName=LED24_26 Member=Component VD150 SPWHT541MD5WAT0SB
Added Member To Class: ClassName=LED24_26 Member=Component VD151 SPWHT541MD5WAT0SB
Added Member To Class: ClassName=LED24_26 Member=Component VD152 SPWHT541MD5WAT0SB
Added Member To Class: ClassName=LED24_26 Member=Component VD153 SPWHT541MD5WAT0SB
Added Member To Class: ClassName=LED24_26 Member=Component VD154 SPWHT541MD5WAT0SB
Added Member To Class: ClassName=LED24_26 Member=Component VD155 SPWHT541MD5WAT0SB
Added Member To Class: ClassName=LED24_26 Member=Component VD156 SPWHT541MD5WAT0SB
Added Member To Class: ClassName=LED0_7 Member=Component X1 PIN_7x3mm_SMD
Added Member To Class: ClassName=LED24_26 Member=Component X2 PIN_7x3mm_SMD
Added Room: Name=LED0_7
Added Room: Name=LED8_15
Added Room: Name=LED16_23
Added Room: Name=LED24_26
