Added Component: Designator=ANT1(ANT_IFA_2.4G_BEST)
Add component. Clean all parameters for all variants
Add component (AddParameter): Name = "Value"; Value = "IFA_TI_2.4G_Reference"; VariantName = "[No Variations]"
Added Component: Designator=C1(CC0603)
Add component. Clean all parameters for all variants
Add component (AddParameter): Name = "Value"; Value = "0.1uF"; VariantName = "[No Variations]"
Added Component: Designator=C2(CC0603)
Add component. Clean all parameters for all variants
Add component (AddParameter): Name = "Value"; Value = "0.1uF"; VariantName = "[No Variations]"
Added Component: Designator=C3(CC0603)
Add component. Clean all parameters for all variants
Add component (AddParameter): Name = "Value"; Value = "0.1uF"; VariantName = "[No Variations]"
Added Component: Designator=C4(CC0603)
Add component. Clean all parameters for all variants
Add component (AddParameter): Name = "Value"; Value = "0.1uF"; VariantName = "[No Variations]"
Added Component: Designator=C5(CC0603)
Add component. Clean all parameters for all variants
Add component (AddParameter): Name = "Value"; Value = "1uF"; VariantName = "[No Variations]"
Added Component: Designator=C6(CC0805)
Add component. Clean all parameters for all variants
Add component (AddParameter): Name = "Value"; Value = "10uF"; VariantName = "[No Variations]"
Added Component: Designator=C7(CC0805)
Add component. Clean all parameters for all variants
Add component (AddParameter): Name = "Value"; Value = "10uF"; VariantName = "[No Variations]"
Added Component: Designator=C8(CC0603)
Add component. Clean all parameters for all variants
Add component (AddParameter): Name = "Value"; Value = "0.1uF"; VariantName = "[No Variations]"
Added Component: Designator=C9(CC0603)
Add component. Clean all parameters for all variants
Add component (AddParameter): Name = "Value"; Value = "0.1uF"; VariantName = "[No Variations]"
Added Component: Designator=C10(CC0603)
Add component. Clean all parameters for all variants
Add component (AddParameter): Name = "Value"; Value = "22pF"; VariantName = "[No Variations]"
Added Component: Designator=C11(CC0603)
Add component. Clean all parameters for all variants
Add component (AddParameter): Name = "Value"; Value = "22pF"; VariantName = "[No Variations]"
Added Component: Designator=C12(CC0603)
Add component. Clean all parameters for all variants
Add component (AddParameter): Name = "Value"; Value = "22pF"; VariantName = "[No Variations]"
Added Component: Designator=C13(CC0603)
Add component. Clean all parameters for all variants
Add component (AddParameter): Name = "Value"; Value = "22pF"; VariantName = "[No Variations]"
Added Component: Designator=C14(CC0603)
Add component. Clean all parameters for all variants
Add component (AddParameter): Name = "Value"; Value = "1pF"; VariantName = "[No Variations]"
Added Component: Designator=C15(CC0603)
Add component. Clean all parameters for all variants
Add component (AddParameter): Name = "Value"; Value = "6.8pF"; VariantName = "[No Variations]"
Added Component: Designator=C16(CC0603)
Add component. Clean all parameters for all variants
Add component (AddParameter): Name = "Value"; Value = "12pF"; VariantName = "[No Variations]"
Added Component: Designator=C17(CC0603)
Add component. Clean all parameters for all variants
Add component (AddParameter): Name = "Value"; Value = "1pF"; VariantName = "[No Variations]"
Added Component: Designator=C18(CC0603)
Add component. Clean all parameters for all variants
Add component (AddParameter): Name = "Value"; Value = "1pF"; VariantName = "[No Variations]"
Added Component: Designator=C19(CC0603)
Add component. Clean all parameters for all variants
Add component (AddParameter): Name = "Value"; Value = "1uF"; VariantName = "[No Variations]"
Added Component: Designator=C20(CC0603)
Add component. Clean all parameters for all variants
Add component (AddParameter): Name = "Value"; Value = "1uF"; VariantName = "[No Variations]"
Added Component: Designator=C21(CC0805)
Add component. Clean all parameters for all variants
Add component (AddParameter): Name = "Value"; Value = "10uF"; VariantName = "[No Variations]"
Added Component: Designator=C22(CC0603)
Add component. Clean all parameters for all variants
Add component (AddParameter): Name = "Value"; Value = "1uF"; VariantName = "[No Variations]"
Added Component: Designator=C23(CC0603)
Add component. Clean all parameters for all variants
Add component (AddParameter): Name = "Value"; Value = "1uF"; VariantName = "[No Variations]"
Added Component: Designator=C24(CC0805)
Add component. Clean all parameters for all variants
Add component (AddParameter): Name = "Value"; Value = "10uF"; VariantName = "[No Variations]"
Added Component: Designator=C25(CC0603)
Add component. Clean all parameters for all variants
Add component (AddParameter): Name = "Value"; Value = "1uF"; VariantName = "[No Variations]"
Added Component: Designator=C26(CC0805)
Add component. Clean all parameters for all variants
Add component (AddParameter): Name = "Value"; Value = "10uF"; VariantName = "[No Variations]"
Added Component: Designator=C27(CC0603)
Add component. Clean all parameters for all variants
Add component (AddParameter): Name = "Value"; Value = "0.1uF"; VariantName = "[No Variations]"
Added Component: Designator=C28(CC0805)
Add component. Clean all parameters for all variants
Add component (AddParameter): Name = "Value"; Value = "10uF"; VariantName = "[No Variations]"
Added Component: Designator=DA1(SOT23-5)
Add component. Clean all parameters for all variants
Add component (AddParameter): Name = "Value"; Value = "AP2139-3.3"; VariantName = "[No Variations]"
Added Component: Designator=DD1(QFN32_TI)
Add component. Clean all parameters for all variants
Add component (AddParameter): Name = "Value"; Value = "CC2650"; VariantName = "[No Variations]"
Added Component: Designator=L1(L0603)
Add component. Clean all parameters for all variants
Add component (AddParameter): Name = "Value"; Value = "BLM18HE152SN1"; VariantName = "[No Variations]"
Added Component: Designator=L2(RC0805)
Add component. Clean all parameters for all variants
Add component (AddParameter): Name = "Value"; Value = "10uH"; VariantName = "[No Variations]"
Added Component: Designator=L3(L0402)
Add component. Clean all parameters for all variants
Add component (AddParameter): Name = "Value"; Value = "2.4nH"; VariantName = "[No Variations]"
Added Component: Designator=L4(L0402)
Add component. Clean all parameters for all variants
Add component (AddParameter): Name = "Value"; Value = "2nH"; VariantName = "[No Variations]"
Added Component: Designator=L5(L0402)
Add component. Clean all parameters for all variants
Add component (AddParameter): Name = "Value"; Value = "2nH"; VariantName = "[No Variations]"
Added Component: Designator=L6(L0402)
Add component. Clean all parameters for all variants
Add component (AddParameter): Name = "Value"; Value = "2.4nH"; VariantName = "[No Variations]"
Added Component: Designator=QR1(MS3V-T1R)
Add component. Clean all parameters for all variants
Add component (AddParameter): Name = "Value"; Value = ""; VariantName = "[No Variations]"
Added Component: Designator=QR2(AC5032_2)
Add component. Clean all parameters for all variants
Add component (AddParameter): Name = "Value"; Value = "SJK-6L-24.0"; VariantName = "[No Variations]"
Added Component: Designator=R1(RC0603)
Add component. Clean all parameters for all variants
Add component (AddParameter): Name = "Value"; Value = "100k"; VariantName = "[No Variations]"
Added Component: Designator=R2(RC0603)
Add component. Clean all parameters for all variants
Add component (AddParameter): Name = "Value"; Value = "470k"; VariantName = "[No Variations]"
Added Component: Designator=R3(RC0603)
Add component. Clean all parameters for all variants
Add component (AddParameter): Name = "Value"; Value = "10k"; VariantName = "[No Variations]"
Added Component: Designator=R4(RC0603)
Add component. Clean all parameters for all variants
Add component (AddParameter): Name = "Value"; Value = "10k"; VariantName = "[No Variations]"
Added Component: Designator=R5(RC0603)
Add component. Clean all parameters for all variants
Add component (AddParameter): Name = "Value"; Value = "1k"; VariantName = "[No Variations]"
Added Component: Designator=R6(RC1206)
Add component. Clean all parameters for all variants
Add component (AddParameter): Name = "Value"; Value = "1M"; VariantName = "[No Variations]"
Added Component: Designator=R7(RC0603)
Add component. Clean all parameters for all variants
Add component (AddParameter): Name = "Value"; Value = "2k"; VariantName = "[No Variations]"
Added Component: Designator=R8(RC0603)
Add component. Clean all parameters for all variants
Add component (AddParameter): Name = "Value"; Value = "10k"; VariantName = "[No Variations]"
Added Component: Designator=R9(RC0603)
Add component. Clean all parameters for all variants
Add component (AddParameter): Name = "Value"; Value = "1k5"; VariantName = "[No Variations]"
Added Component: Designator=R10(RC0603)
Add component. Clean all parameters for all variants
Add component (AddParameter): Name = "Value"; Value = "470k"; VariantName = "[No Variations]"
Added Component: Designator=R11(RC0603)
Add component. Clean all parameters for all variants
Add component (AddParameter): Name = "Value"; Value = "470k"; VariantName = "[No Variations]"
Added Component: Designator=R12(RC0603)
Add component. Clean all parameters for all variants
Add component (AddParameter): Name = "Value"; Value = "10E"; VariantName = "[No Variations]"
Added Component: Designator=R13(RC0603)
Add component. Clean all parameters for all variants
Add component (AddParameter): Name = "Value"; Value = "47k"; VariantName = "[No Variations]"
Added Component: Designator=R14(RC0603)
Add component. Clean all parameters for all variants
Add component (AddParameter): Name = "Value"; Value = "10k"; VariantName = "[No Variations]"
Added Component: Designator=R15(RC0603)
Add component. Clean all parameters for all variants
Add component (AddParameter): Name = "Value"; Value = "100k"; VariantName = "[No Variations]"
Added Component: Designator=R16(RC0603)
Add component. Clean all parameters for all variants
Add component (AddParameter): Name = "Value"; Value = "10E"; VariantName = "[No Variations]"
Added Component: Designator=R17(RC0603)
Add component. Clean all parameters for all variants
Add component (AddParameter): Name = "Value"; Value = "100k"; VariantName = "[No Variations]"
Added Component: Designator=R18(RC0603)
Add component. Clean all parameters for all variants
Add component (AddParameter): Name = "Value"; Value = "10E"; VariantName = "[No Variations]"
Added Component: Designator=R19(RC0603)
Add component. Clean all parameters for all variants
Add component (AddParameter): Name = "Value"; Value = "10E"; VariantName = "[No Variations]"
Added Component: Designator=R20(RC0603)
Add component. Clean all parameters for all variants
Add component (AddParameter): Name = "Value"; Value = "10E"; VariantName = "[No Variations]"
Added Component: Designator=REPER1(REPER1.2)
Add component. Clean all parameters for all variants
Add component (AddParameter): Name = "Value"; Value = ""; VariantName = "[No Variations]"
Added Component: Designator=REPER2(REPER1.2)
Add component. Clean all parameters for all variants
Add component (AddParameter): Name = "Value"; Value = ""; VariantName = "[No Variations]"
Added Component: Designator=VD1(SOT-23(123))
Add component. Clean all parameters for all variants
Add component (AddParameter): Name = "Value"; Value = "AP2138-3.3"; VariantName = "[No Variations]"
Added Component: Designator=VD2(LED0805)
Add component. Clean all parameters for all variants
Add component (AddParameter): Name = "Value"; Value = "LED_0805"; VariantName = "[No Variations]"
Added Component: Designator=VD3(LED_3528)
Add component. Clean all parameters for all variants
Add component (AddParameter): Name = "Value"; Value = "SFH4211-Z"; VariantName = "[No Variations]"
Added Component: Designator=VD4(LED_3528)
Add component. Clean all parameters for all variants
Add component (AddParameter): Name = "Value"; Value = "SFH4211-Z"; VariantName = "[No Variations]"
Added Component: Designator=VD5(LED_3528)
Add component. Clean all parameters for all variants
Add component (AddParameter): Name = "Value"; Value = "SFH4211-Z"; VariantName = "[No Variations]"
Added Component: Designator=VD6(LED_3528)
Add component. Clean all parameters for all variants
Add component (AddParameter): Name = "Value"; Value = "SFH4211-Z"; VariantName = "[No Variations]"
Added Component: Designator=VD7(LED_3528)
Add component. Clean all parameters for all variants
Add component (AddParameter): Name = "Value"; Value = "SFH4211-Z"; VariantName = "[No Variations]"
Added Component: Designator=VD8(LED_3528)
Add component. Clean all parameters for all variants
Add component (AddParameter): Name = "Value"; Value = "SFH4211-Z"; VariantName = "[No Variations]"
Added Component: Designator=VD9(LED_3528)
Add component. Clean all parameters for all variants
Add component (AddParameter): Name = "Value"; Value = "SFH4211-Z"; VariantName = "[No Variations]"
Added Component: Designator=VD10(LED_3528)
Add component. Clean all parameters for all variants
Add component (AddParameter): Name = "Value"; Value = "SFH4211-Z"; VariantName = "[No Variations]"
Added Component: Designator=VD11(LED_3528)
Add component. Clean all parameters for all variants
Add component (AddParameter): Name = "Value"; Value = "SFH4211-Z"; VariantName = "[No Variations]"
Added Component: Designator=VD12(LED_3528)
Add component. Clean all parameters for all variants
Add component (AddParameter): Name = "Value"; Value = "SFH4211-Z"; VariantName = "[No Variations]"
Added Component: Designator=VT1(SOT-23(123))
Add component. Clean all parameters for all variants
Add component (AddParameter): Name = "ComponentField7"; Value = "Published 8-Jun-2000"; VariantName = "[No Variations]"
Add component (AddParameter): Name = "OriginalName"; Value = "IRLML5103"; VariantName = "[No Variations]"
Add component (AddParameter): Name = "Value"; Value = "IRLML6402"; VariantName = "[No Variations]"
Added Component: Designator=VT2(SOT-23(123))
Add component. Clean all parameters for all variants
Add component (AddParameter): Name = "ComponentField7"; Value = "Published 29-Sep-2000"; VariantName = "[No Variations]"
Add component (AddParameter): Name = "OriginalName"; Value = "BC846BLT1"; VariantName = "[No Variations]"
Add component (AddParameter): Name = "Value"; Value = "BC817-40"; VariantName = "[No Variations]"
Added Component: Designator=VT3(SOT-23(123))
Add component. Clean all parameters for all variants
Add component (AddParameter): Name = "ComponentField7"; Value = "Published 29-Sep-2000"; VariantName = "[No Variations]"
Add component (AddParameter): Name = "OriginalName"; Value = "BC846BLT1"; VariantName = "[No Variations]"
Add component (AddParameter): Name = "Value"; Value = "BC817-40"; VariantName = "[No Variations]"
Added Component: Designator=VT4(SOT-23(123))
Add component. Clean all parameters for all variants
Add component (AddParameter): Name = "ComponentField7"; Value = "Published 8-Jun-2000"; VariantName = "[No Variations]"
Add component (AddParameter): Name = "OriginalName"; Value = "IRLML5103"; VariantName = "[No Variations]"
Add component (AddParameter): Name = "Value"; Value = "IRLML6402"; VariantName = "[No Variations]"
Added Component: Designator=VT5(SOT-23(123))
Add component. Clean all parameters for all variants
Add component (AddParameter): Name = "ComponentField7"; Value = "Published 29-Sep-2000"; VariantName = "[No Variations]"
Add component (AddParameter): Name = "OriginalName"; Value = "BC846BLT1"; VariantName = "[No Variations]"
Add component (AddParameter): Name = "Value"; Value = "BC817-40"; VariantName = "[No Variations]"
Added Component: Designator=VT6(SOT-23(123))
Add component. Clean all parameters for all variants
Add component (AddParameter): Name = "ComponentField7"; Value = "Published 29-Sep-2000"; VariantName = "[No Variations]"
Add component (AddParameter): Name = "OriginalName"; Value = "BC846BLT1"; VariantName = "[No Variations]"
Add component (AddParameter): Name = "Value"; Value = "BC817-40"; VariantName = "[No Variations]"
Added Component: Designator=XP1(KLS1-238)
Add component. Clean all parameters for all variants
Add component (AddParameter): Name = "Value"; Value = "KLS1-238"; VariantName = "[No Variations]"
Added Component: Designator=XP2(PLD2-10)
Add component. Clean all parameters for all variants
Add component (AddParameter): Name = "Value"; Value = "PLD2-10"; VariantName = "[No Variations]"
Added Component: Designator=XP3(MW03R)
Add component. Clean all parameters for all variants
Add component (AddParameter): Name = "Value"; Value = ""; VariantName = "[No Variations]"
Added Component: Designator=XP4(PLS2-04)
Add component. Clean all parameters for all variants
Add component (AddParameter): Name = "Value"; Value = "PLS2-04"; VariantName = "[No Variations]"
Added Component: Designator=XP5(PLS-03)
Add component. Clean all parameters for all variants
Add component (AddParameter): Name = "Value"; Value = ""; VariantName = "[No Variations]"
Added Component: Designator=XP6(PLS2-03)
Add component. Clean all parameters for all variants
Add component (AddParameter): Name = "Value"; Value = ""; VariantName = "[No Variations]"
Added Pin To Net: NetName=+3V3_CAM Pin=C23-2
Added Pin To Net: NetName=+3V3_CAM Pin=C24-2
Added Pin To Net: NetName=+3V3_CAM Pin=DA1-5
Added Pin To Net: NetName=+3V3_CAM Pin=R15-2
Added Pin To Net: NetName=+3V3_CAM Pin=XP4-1
Added Net: Name=+3V3_CAM
Added Pin To Net: NetName=+3V3_F Pin=C3-2
Added Pin To Net: NetName=+3V3_F Pin=C4-2
Added Pin To Net: NetName=+3V3_F Pin=C7-2
Added Pin To Net: NetName=+3V3_F Pin=C8-2
Added Pin To Net: NetName=+3V3_F Pin=DD1-11
Added Pin To Net: NetName=+3V3_F Pin=DD1-18
Added Pin To Net: NetName=+3V3_F Pin=DD1-28
Added Pin To Net: NetName=+3V3_F Pin=L1-2
Added Pin To Net: NetName=+3V3_F Pin=R1-2
Added Net: Name=+3V3_F
Added Pin To Net: NetName=+3V3 Pin=C20-2
Added Pin To Net: NetName=+3V3 Pin=C21-2
Added Pin To Net: NetName=+3V3 Pin=L1-1
Added Pin To Net: NetName=+3V3 Pin=VD1-2
Added Pin To Net: NetName=+3V3 Pin=VD2-1
Added Pin To Net: NetName=+3V3 Pin=XP2-1
Added Net: Name=+3V3
Added Pin To Net: NetName=+VBAT Pin=C19-2
Added Pin To Net: NetName=+VBAT Pin=C22-2
Added Pin To Net: NetName=+VBAT Pin=C25-1
Added Pin To Net: NetName=+VBAT Pin=DA1-1
Added Pin To Net: NetName=+VBAT Pin=R3-2
Added Pin To Net: NetName=+VBAT Pin=R11-2
Added Pin To Net: NetName=+VBAT Pin=R14-2
Added Pin To Net: NetName=+VBAT Pin=VD1-3
Added Pin To Net: NetName=+VBAT Pin=VT1-2
Added Pin To Net: NetName=+VBAT Pin=VT4-2
Added Pin To Net: NetName=+VBAT Pin=XP3-2
Added Pin To Net: NetName=+VBAT Pin=XP5-1
Added Net: Name=+VBAT
Added Pin To Net: NetName=+VBUS Pin=C26-2
Added Pin To Net: NetName=+VBUS Pin=C27-2
Added Pin To Net: NetName=+VBUS Pin=XP1-1
Added Net: Name=+VBUS
Added Pin To Net: NetName=+VLED Pin=VT1-3
Added Net: Name=+VLED
Added Pin To Net: NetName=BAT_MEAS Pin=DD1-20
Added Pin To Net: NetName=BAT_MEAS Pin=R10-2
Added Pin To Net: NetName=BAT_MEAS Pin=R11-1
Added Net: Name=BAT_MEAS
Added Pin To Net: NetName=BAT_STAT Pin=DD1-25
Added Pin To Net: NetName=BAT_STAT Pin=R9-2
Added Net: Name=BAT_STAT
Added Pin To Net: NetName=BT_RX Pin=DD1-7
Added Pin To Net: NetName=BT_RX Pin=XP2-7
Added Pin To Net: NetName=BT_RX Pin=XP4-3
Added Net: Name=BT_RX
Added Pin To Net: NetName=BT_TX Pin=DD1-6
Added Pin To Net: NetName=BT_TX Pin=XP2-9
Added Pin To Net: NetName=BT_TX Pin=XP4-2
Added Net: Name=BT_TX
Added Pin To Net: NetName=CAM_EN Pin=DA1-3
Added Pin To Net: NetName=CAM_EN Pin=DD1-9
Added Pin To Net: NetName=CAM_EN Pin=R2-2
Added Pin To Net: NetName=CAM_EN Pin=R4-2
Added Net: Name=CAM_EN
Added Pin To Net: NetName=EX_T_P Pin=DD1-23
Added Pin To Net: NetName=EX_T_P Pin=R13-1
Added Net: Name=EX_T_P
Added Pin To Net: NetName=EX_T Pin=DD1-24
Added Pin To Net: NetName=EX_T Pin=XP5-3
Added Net: Name=EX_T
Added Pin To Net: NetName=GND Pin=ANT1-2
Added Pin To Net: NetName=GND Pin=ANT1-2
Added Pin To Net: NetName=GND Pin=C1-2
Added Pin To Net: NetName=GND Pin=C2-2
Added Pin To Net: NetName=GND Pin=C3-1
Added Pin To Net: NetName=GND Pin=C4-1
Added Pin To Net: NetName=GND Pin=C5-2
Added Pin To Net: NetName=GND Pin=C6-1
Added Pin To Net: NetName=GND Pin=C7-1
Added Pin To Net: NetName=GND Pin=C8-1
Added Pin To Net: NetName=GND Pin=C9-1
Added Pin To Net: NetName=GND Pin=C10-2
Added Pin To Net: NetName=GND Pin=C11-2
Added Pin To Net: NetName=GND Pin=C12-2
Added Pin To Net: NetName=GND Pin=C13-2
Added Pin To Net: NetName=GND Pin=C15-1
Added Pin To Net: NetName=GND Pin=C17-2
Added Pin To Net: NetName=GND Pin=C18-2
Added Pin To Net: NetName=GND Pin=C19-1
Added Pin To Net: NetName=GND Pin=C20-1
Added Pin To Net: NetName=GND Pin=C21-1
Added Pin To Net: NetName=GND Pin=C22-1
Added Pin To Net: NetName=GND Pin=C23-1
Added Pin To Net: NetName=GND Pin=C24-1
Added Pin To Net: NetName=GND Pin=C25-2
Added Pin To Net: NetName=GND Pin=C26-1
Added Pin To Net: NetName=GND Pin=C27-1
Added Pin To Net: NetName=GND Pin=C28-1
Added Pin To Net: NetName=GND Pin=DA1-2
Added Pin To Net: NetName=GND Pin=DD1-33
Added Pin To Net: NetName=GND Pin=QR1-3
Added Pin To Net: NetName=GND Pin=R2-1
Added Pin To Net: NetName=GND Pin=R5-1
Added Pin To Net: NetName=GND Pin=R6-2
Added Pin To Net: NetName=GND Pin=R7-1
Added Pin To Net: NetName=GND Pin=R8-1
Added Pin To Net: NetName=GND Pin=R10-1
Added Pin To Net: NetName=GND Pin=VD1-1
Added Pin To Net: NetName=GND Pin=VD4-2
Added Pin To Net: NetName=GND Pin=VD6-2
Added Pin To Net: NetName=GND Pin=VD8-2
Added Pin To Net: NetName=GND Pin=VD10-2
Added Pin To Net: NetName=GND Pin=VD12-2
Added Pin To Net: NetName=GND Pin=VT2-2
Added Pin To Net: NetName=GND Pin=VT3-2
Added Pin To Net: NetName=GND Pin=VT5-2
Added Pin To Net: NetName=GND Pin=VT6-2
Added Pin To Net: NetName=GND Pin=XP1-5
Added Pin To Net: NetName=GND Pin=XP2-3
Added Pin To Net: NetName=GND Pin=XP2-5
Added Pin To Net: NetName=GND Pin=XP3-1
Added Pin To Net: NetName=GND Pin=XP4-4
Added Pin To Net: NetName=GND Pin=XP6-2
Added Net: Name=GND
Added Pin To Net: NetName=JTAG_TCK Pin=DD1-14
Added Pin To Net: NetName=JTAG_TCK Pin=XP2-4
Added Net: Name=JTAG_TCK
Added Pin To Net: NetName=JTAG_TDI Pin=DD1-16
Added Pin To Net: NetName=JTAG_TDI Pin=XP2-8
Added Net: Name=JTAG_TDI
Added Pin To Net: NetName=JTAG_TDO Pin=DD1-15
Added Pin To Net: NetName=JTAG_TDO Pin=XP2-6
Added Net: Name=JTAG_TDO
Added Pin To Net: NetName=JTAG_TMS Pin=DD1-13
Added Pin To Net: NetName=JTAG_TMS Pin=XP2-2
Added Net: Name=JTAG_TMS
Added Pin To Net: NetName=LED_EN_CAM Pin=DD1-21
Added Pin To Net: NetName=LED_EN_CAM Pin=R17-1
Added Pin To Net: NetName=LED_EN_CAM Pin=XP6-3
Added Net: Name=LED_EN_CAM
Added Pin To Net: NetName=NetANT1_1 Pin=ANT1-1
Added Pin To Net: NetName=NetANT1_1 Pin=C16-2
Added Net: Name=NetANT1_1
Added Pin To Net: NetName=NetC1_1 Pin=C1-1
Added Pin To Net: NetName=NetC1_1 Pin=C2-1
Added Pin To Net: NetName=NetC1_1 Pin=C6-2
Added Pin To Net: NetName=NetC1_1 Pin=DD1-29
Added Pin To Net: NetName=NetC1_1 Pin=DD1-32
Added Pin To Net: NetName=NetC1_1 Pin=L2-2
Added Net: Name=NetC1_1
Added Pin To Net: NetName=NetC5_1 Pin=C5-1
Added Pin To Net: NetName=NetC5_1 Pin=DD1-12
Added Net: Name=NetC5_1
Added Pin To Net: NetName=NetC12_1 Pin=C12-1
Added Pin To Net: NetName=NetC12_1 Pin=DD1-31
Added Pin To Net: NetName=NetC12_1 Pin=QR2-1
Added Net: Name=NetC12_1
Added Pin To Net: NetName=NetC13_1 Pin=C13-1
Added Pin To Net: NetName=NetC13_1 Pin=DD1-30
Added Pin To Net: NetName=NetC13_1 Pin=QR2-2
Added Net: Name=NetC13_1
Added Pin To Net: NetName=NetC14_2 Pin=C14-2
Added Pin To Net: NetName=NetC14_2 Pin=L4-1
Added Pin To Net: NetName=NetC14_2 Pin=L6-2
Added Net: Name=NetC14_2
Added Pin To Net: NetName=NetC15_2 Pin=C15-2
Added Pin To Net: NetName=NetC15_2 Pin=L3-1
Added Net: Name=NetC15_2
Added Pin To Net: NetName=NetC16_1 Pin=C16-1
Added Pin To Net: NetName=NetC16_1 Pin=L5-2
Added Net: Name=NetC16_1
Added Pin To Net: NetName=NetC17_1 Pin=C17-1
Added Pin To Net: NetName=NetC17_1 Pin=L4-2
Added Pin To Net: NetName=NetC17_1 Pin=L5-1
Added Net: Name=NetC17_1
Added Pin To Net: NetName=NetC28_2 Pin=C28-2
Added Pin To Net: NetName=NetC28_2 Pin=R12-1
Added Pin To Net: NetName=NetC28_2 Pin=R16-1
Added Pin To Net: NetName=NetC28_2 Pin=R18-1
Added Pin To Net: NetName=NetC28_2 Pin=R19-1
Added Pin To Net: NetName=NetC28_2 Pin=R20-1
Added Pin To Net: NetName=NetC28_2 Pin=VT4-3
Added Net: Name=NetC28_2
Added Pin To Net: NetName=NetDD1_17 Pin=DD1-17
Added Pin To Net: NetName=NetDD1_17 Pin=L2-1
Added Net: Name=NetDD1_17
Added Pin To Net: NetName=NetR3_1 Pin=R3-1
Added Pin To Net: NetName=NetR3_1 Pin=VT1-1
Added Pin To Net: NetName=NetR3_1 Pin=VT2-3
Added Net: Name=NetR3_1
Added Pin To Net: NetName=NetR4_1 Pin=R4-1
Added Pin To Net: NetName=NetR4_1 Pin=VT2-1
Added Net: Name=NetR4_1
Added Pin To Net: NetName=NetR5_2 Pin=R5-2
Added Net: Name=NetR5_2
Added Pin To Net: NetName=NetR6_1 Pin=R6-1
Added Pin To Net: NetName=NetR6_1 Pin=XP1-6
Added Pin To Net: NetName=NetR6_1 Pin=XP1-6
Added Pin To Net: NetName=NetR6_1 Pin=XP1-6
Added Pin To Net: NetName=NetR6_1 Pin=XP1-6
Added Pin To Net: NetName=NetR6_1 Pin=XP1-6
Added Pin To Net: NetName=NetR6_1 Pin=XP1-6
Added Net: Name=NetR6_1
Added Pin To Net: NetName=NetR7_2 Pin=R7-2
Added Net: Name=NetR7_2
Added Pin To Net: NetName=NetR8_2 Pin=R8-2
Added Net: Name=NetR8_2
Added Pin To Net: NetName=NetR9_1 Pin=R9-1
Added Pin To Net: NetName=NetR9_1 Pin=VD2-2
Added Net: Name=NetR9_1
Added Pin To Net: NetName=NetR12_2 Pin=R12-2
Added Pin To Net: NetName=NetR12_2 Pin=VD3-1
Added Net: Name=NetR12_2
Added Pin To Net: NetName=NetR13_2 Pin=R13-2
Added Pin To Net: NetName=NetR13_2 Pin=VT3-1
Added Net: Name=NetR13_2
Added Pin To Net: NetName=NetR14_1 Pin=R14-1
Added Pin To Net: NetName=NetR14_1 Pin=VT4-1
Added Pin To Net: NetName=NetR14_1 Pin=VT5-3
Added Net: Name=NetR14_1
Added Pin To Net: NetName=NetR15_1 Pin=R15-1
Added Pin To Net: NetName=NetR15_1 Pin=VT5-1
Added Pin To Net: NetName=NetR15_1 Pin=VT6-3
Added Net: Name=NetR15_1
Added Pin To Net: NetName=NetR16_2 Pin=R16-2
Added Pin To Net: NetName=NetR16_2 Pin=VD5-1
Added Net: Name=NetR16_2
Added Pin To Net: NetName=NetR17_2 Pin=R17-2
Added Pin To Net: NetName=NetR17_2 Pin=VT6-1
Added Net: Name=NetR17_2
Added Pin To Net: NetName=NetR18_2 Pin=R18-2
Added Pin To Net: NetName=NetR18_2 Pin=VD7-1
Added Net: Name=NetR18_2
Added Pin To Net: NetName=NetR19_2 Pin=R19-2
Added Pin To Net: NetName=NetR19_2 Pin=VD9-1
Added Net: Name=NetR19_2
Added Pin To Net: NetName=NetR20_2 Pin=R20-2
Added Pin To Net: NetName=NetR20_2 Pin=VD11-1
Added Net: Name=NetR20_2
Added Pin To Net: NetName=NetVD3_2 Pin=VD3-2
Added Pin To Net: NetName=NetVD3_2 Pin=VD4-1
Added Net: Name=NetVD3_2
Added Pin To Net: NetName=NetVD5_2 Pin=VD5-2
Added Pin To Net: NetName=NetVD5_2 Pin=VD6-1
Added Net: Name=NetVD5_2
Added Pin To Net: NetName=NetVD7_2 Pin=VD7-2
Added Pin To Net: NetName=NetVD7_2 Pin=VD8-1
Added Net: Name=NetVD7_2
Added Pin To Net: NetName=NetVD9_2 Pin=VD9-2
Added Pin To Net: NetName=NetVD9_2 Pin=VD10-1
Added Net: Name=NetVD9_2
Added Pin To Net: NetName=NetVD11_2 Pin=VD11-2
Added Pin To Net: NetName=NetVD11_2 Pin=VD12-1
Added Net: Name=NetVD11_2
Added Pin To Net: NetName=NetVT3_3 Pin=VT3-3
Added Pin To Net: NetName=NetVT3_3 Pin=XP5-2
Added Net: Name=NetVT3_3
Added Pin To Net: NetName=RESET Pin=C9-2
Added Pin To Net: NetName=RESET Pin=DD1-19
Added Pin To Net: NetName=RESET Pin=R1-1
Added Pin To Net: NetName=RESET Pin=XP2-10
Added Net: Name=RESET
Added Pin To Net: NetName=RF_N Pin=C18-1
Added Pin To Net: NetName=RF_N Pin=DD1-2
Added Pin To Net: NetName=RF_N Pin=L6-1
Added Net: Name=RF_N
Added Pin To Net: NetName=RF_P Pin=C14-1
Added Pin To Net: NetName=RF_P Pin=DD1-1
Added Pin To Net: NetName=RF_P Pin=L3-2
Added Net: Name=RF_P
Added Pin To Net: NetName=X32K_Q1 Pin=C10-1
Added Pin To Net: NetName=X32K_Q1 Pin=DD1-4
Added Pin To Net: NetName=X32K_Q1 Pin=QR1-2
Added Net: Name=X32K_Q1
Added Pin To Net: NetName=X32K_Q2 Pin=C11-1
Added Pin To Net: NetName=X32K_Q2 Pin=DD1-5
Added Pin To Net: NetName=X32K_Q2 Pin=QR1-1
Added Net: Name=X32K_Q2
Added Class: Name=[3]-BLE
Added Class: Name=[4]-RF
Added Class: Name=[5]-POWER
Added Class: Name=[6]-CHARGER
Added Class: Name=[7]-CONNECTORS
Added Class: Name=[8]-IR_BACKLIGHT
