Change Component Designator: Old Designator=C24 New Designator=C20
Change Component Designator: Old Designator=C28 New Designator=C23
Change Component Designator: Old Designator=C? New Designator=C19
Change Component Designator: Old Designator=C? New Designator=C21
Change Component Designator: Old Designator=C? New Designator=C22
Change Component Designator: Old Designator=C? New Designator=C24
Change Component Designator: Old Designator=C? New Designator=C25
Change Component Designator: Old Designator=C? New Designator=C26
Change Component Designator: Old Designator=FU6 New Designator=FU23
Change Component Designator: Old Designator=FU? New Designator=FU21
Change Component Designator: Old Designator=FU? New Designator=FU22
Change Component Designator: Old Designator=R? New Designator=R36
Change Component Designator: Old Designator=R? New Designator=R37
Change Component Designator: Old Designator=R? New Designator=R38
Change Component Designator: Old Designator=R? New Designator=R39
Change Component Designator: Old Designator=R? New Designator=R40
Change Component Designator: Old Designator=R? New Designator=R41
Change Component Designator: Old Designator=R? New Designator=R42
Change Component Designator: Old Designator=VD22 New Designator=VD33
Change Component Designator: Old Designator=VD23 New Designator=VD34
Change Component Designator: Old Designator=VD24 New Designator=VD35
