Change Component Designator: Old Designator=C1 New Designator=C7
Change Component Designator: Old Designator=C2 New Designator=C8
Change Component Designator: Old Designator=C3 New Designator=C9
Change Component Designator: Old Designator=C4 New Designator=C12
Change Component Designator: Old Designator=C5 New Designator=C10
Change Component Designator: Old Designator=C6 New Designator=C11
Change Component Designator: Old Designator=C7 New Designator=C15
Change Component Designator: Old Designator=C8 New Designator=C13
Change Component Designator: Old Designator=C10 New Designator=C14
Change Component Designator: Old Designator=DD1 New Designator=DD2
Change Component Designator: Old Designator=DD2 New Designator=DD3
Change Component Designator: Old Designator=J1 New Designator=J2
Change Component Designator: Old Designator=J2 New Designator=J1
Change Component Designator: Old Designator=R1 New Designator=R2
Change Component Designator: Old Designator=R2 New Designator=R1
Change Component Designator: Old Designator=R4 New Designator=R3
Change Component Designator: Old Designator=R5 New Designator=R4
Change Component Designator: Old Designator=R6 New Designator=R5
Change Component Designator: Old Designator=VD5 New Designator=VD2
Change Component Designator: Old Designator=VD6 New Designator=VD3
Change Component Designator: Old Designator=XP2 New Designator=XP1
