Change Component Designator: Old Designator=C11 New Designator=C16
Change Component Designator: Old Designator=C12 New Designator=C17
Change Component Designator: Old Designator=C13 New Designator=C18
Change Component Designator: Old Designator=C14 New Designator=C19
Change Component Designator: Old Designator=C15 New Designator=C21
Change Component Designator: Old Designator=C16 New Designator=C20
Change Component Designator: Old Designator=C17 New Designator=C22
Change Component Designator: Old Designator=C18 New Designator=C23
Change Component Designator: Old Designator=C19 New Designator=C24
Change Component Designator: Old Designator=FU5 New Designator=FU3
Change Component Designator: Old Designator=R12 New Designator=R13
Change Component Designator: Old Designator=R13 New Designator=R12
Change Component Designator: Old Designator=R14 New Designator=R15
Change Component Designator: Old Designator=R15 New Designator=R14
Change Component Designator: Old Designator=R? New Designator=R6
Change Component Designator: Old Designator=VD8 New Designator=VD4
Change Component Designator: Old Designator=VD9 New Designator=VD5
Change Component Designator: Old Designator=VD10 New Designator=VD6
Change Component Designator: Old Designator=VD11 New Designator=VD7
Change Component Designator: Old Designator=VD12 New Designator=VD8
Change Component Designator: Old Designator=XP3 New Designator=XP2
