Added Pin To Net: NetName=NetC15_1 Pin=C31-1
Added Pin To Net: NetName=NetC15_1 Pin=C32-1
Change Class Name : Old Net Name=Main New Net Name=Analog_out
Added Member To Class: ClassName=Analog_out Member=Component C1 0.1uFx50V
Added Member To Class: ClassName=Analog_out Member=Component C2 0.1uFx50V
Added Member To Class: ClassName=Analog_out Member=Component C3 0.1uFx50V
Added Member To Class: ClassName=Analog_out Member=Component C4 0.1uFx50V
Added Member To Class: ClassName=Analog_out Member=Component C5 0.1uFx50V
Added Member To Class: ClassName=Analog_out Member=Component C6 0.1uFx50V
Added Member To Class: ClassName=Analog_out Member=Component C7 0.1uFx50V
Added Member To Class: ClassName=Analog_out Member=Component C8 0.1uFx50V
Added Member To Class: ClassName=Analog_out Member=Component C9 1uFx50V
Added Member To Class: ClassName=Analog_out Member=Component C10 1uFx50V
Added Member To Class: ClassName=Analog_out Member=Component C11 10uF
Added Member To Class: ClassName=Analog_out Member=Component C12 0.1uF
Added Member To Class: ClassName=Analog_out Member=Component C13 0.1uF
Added Member To Class: ClassName=Analog_out Member=Component C14 1uFx50V
Added Member To Class: ClassName=Analog_out Member=Component C15 1uFx50V
Added Member To Class: ClassName=Analog_out Member=Component C31 1uFx50V
Added Member To Class: ClassName=Analog_out Member=Component C32 1uFx50V
Added Member To Class: ClassName=Analog_out Member=Component DA1 LM358D
Added Member To Class: ClassName=Analog_out Member=Component DA2 MIC2025-2BM
Added Member To Class: ClassName=Analog_out Member=Component R1 12k
Added Member To Class: ClassName=Analog_out Member=Component R2 12k
Added Member To Class: ClassName=Analog_out Member=Component R3 12k
Added Member To Class: ClassName=Analog_out Member=Component R4 12k
Added Member To Class: ClassName=Analog_out Member=Component R5 12k
Added Member To Class: ClassName=Analog_out Member=Component R6 12k
Added Member To Class: ClassName=Analog_out Member=Component R7 12k
Added Member To Class: ClassName=Analog_out Member=Component R8 12k
Added Member To Class: ClassName=Analog_out Member=Component R9 12k
Added Member To Class: ClassName=Analog_out Member=Component R10 12k
Added Member To Class: ClassName=Analog_out Member=Component R11 12k
Added Member To Class: ClassName=Analog_out Member=Component R12 12k
Added Member To Class: ClassName=Analog_out Member=Component R13 12k
Added Member To Class: ClassName=Analog_out Member=Component R14 12k
Added Member To Class: ClassName=Analog_out Member=Component R16 2k7
Added Member To Class: ClassName=Analog_out Member=Component R17 2k7
Added Member To Class: ClassName=Analog_out Member=Component R18 470E
Added Member To Class: ClassName=Analog_out Member=Component REPER1 REPER1.2
Added Member To Class: ClassName=Analog_out Member=Component REPER2 REPER1.2
Added Member To Class: ClassName=Analog_out Member=Component VD1 BL-B21V1F
Added Member To Class: ClassName=Analog_out Member=Component X17 PIN_1mm
Added Member To Class: ClassName=Analog_out Member=Component X18 PIN_1mm
Added Member To Class: ClassName=Analog_out Member=Component X19 PIN_1mm
Added Member To Class: ClassName=Analog_out Member=Component X20 PIN_1mm
Added Member To Class: ClassName=Analog_out Member=Component X21 PIN_1mm
Added Member To Class: ClassName=Analog_out Member=Component X22 PIN_1mm
Added Member To Class: ClassName=Analog_out Member=Component X23 PIN_1mm
Added Member To Class: ClassName=Analog_out Member=Component X24 PIN_1mm
Added Member To Class: ClassName=Analog_out Member=Component X25 SJ-43516-SMT
