Change Component Designator: Old Designator=C9 New Designator=C1
Change Component Designator: Old Designator=C10 New Designator=C2
Change Component Designator: Old Designator=C11 New Designator=C5
Change Component Designator: Old Designator=C12 New Designator=C6
Change Component Designator: Old Designator=C13 New Designator=C7
Change Component Designator: Old Designator=C14 New Designator=C8
Change Component Designator: Old Designator=C15 New Designator=C9
Change Component Designator: Old Designator=C16 New Designator=C10
Change Component Designator: Old Designator=C17 New Designator=C11
Change Component Designator: Old Designator=C18 New Designator=C12
Change Component Designator: Old Designator=C19 New Designator=C13
Change Component Designator: Old Designator=C20 New Designator=C14
Change Component Designator: Old Designator=C21 New Designator=C15
Change Component Designator: Old Designator=C40 New Designator=C3
Change Component Designator: Old Designator=C41 New Designator=C4
Change Component Designator: Old Designator=DD2 New Designator=DD1
Change Component Designator: Old Designator=DD2 New Designator=DD1
Change Component Designator: Old Designator=DD2 New Designator=DD1
Change Component Designator: Old Designator=DD3 New Designator=DD2
Change Component Designator: Old Designator=J1 New Designator=J2
Change Component Designator: Old Designator=J2 New Designator=J1
Change Component Designator: Old Designator=R26 New Designator=R1
Change Component Designator: Old Designator=R27 New Designator=R2
Change Component Designator: Old Designator=R28 New Designator=R4
Change Component Designator: Old Designator=R29 New Designator=R5
Change Component Designator: Old Designator=R37 New Designator=R3
Change Component Designator: Old Designator=VD? New Designator=VD1
Change Component Designator: Old Designator=VD? New Designator=VD2
