Change Component Designator: Old Designator=C23 New Designator=C30
Change Component Designator: Old Designator=C24 New Designator=C31
Change Component Designator: Old Designator=C25 New Designator=C32
Change Component Designator: Old Designator=C26 New Designator=C33
Change Component Designator: Old Designator=C27 New Designator=C34
Change Component Designator: Old Designator=C28 New Designator=C35
Change Component Designator: Old Designator=C29 New Designator=C36
Change Component Designator: Old Designator=C30 New Designator=C37
Change Component Designator: Old Designator=C31 New Designator=C38
Change Component Designator: Old Designator=C32 New Designator=C39
Change Component Designator: Old Designator=C33 New Designator=C42
Change Component Designator: Old Designator=C34 New Designator=C43
Change Component Designator: Old Designator=C? New Designator=C40
Change Component Designator: Old Designator=C? New Designator=C41
Change Component Designator: Old Designator=FU? New Designator=FU11
Change Component Designator: Old Designator=R35 New Designator=R36
Change Component Designator: Old Designator=R? New Designator=R35
Change Component Designator: Old Designator=VD20 New Designator=VD14
Change Component Designator: Old Designator=VD21 New Designator=VD15
Change Component Designator: Old Designator=VD? New Designator=VD16
Change Component Designator: Old Designator=VD? New Designator=VD17
