Removed Pin From Net: NetName=GND Pin=C16-1
Removed Pin From Net: NetName=DQ Pin=C16-2
Removed Pin From Net: NetName=GND Pin=C40-1
Removed Pin From Net: NetName=GND Pin=C41-2
Removed Pin From Net: NetName=DQ Pin=R6-1
Removed Pin From Net: NetName=+3V3 Pin=R6-2
Removed Pin From Net: NetName=DQ Pin=R7-2
Removed Pin From Net: NetName=+3V3 Pin=R35-2
Removed Pin From Net: NetName=GND Pin=VD3-1
Removed Pin From Net: NetName=+3V3 Pin=VD3-2
Removed Pin From Net: NetName=DQ Pin=VD3-3
Removed Pin From Net: NetName=GND Pin=VD16-1
Removed Pin From Net: NetName=GND Pin=VD17-1
Removed Pin From Net: NetName=GND Pin=XP8-1
Removed Member From Class: ClassName=[2]-Input Member=C16
Removed Member From Class: ClassName=[9]-Power Member=C40
Removed Member From Class: ClassName=[9]-Power Member=C41
Removed Member From Class: ClassName=[9]-Power Member=FU11
Removed Member From Class: ClassName=[2]-Input Member=R6
Removed Member From Class: ClassName=[2]-Input Member=R7
Removed Member From Class: ClassName=[9]-Power Member=R35
Removed Member From Class: ClassName=[2]-Input Member=VD3
Removed Member From Class: ClassName=[9]-Power Member=VD16
Removed Member From Class: ClassName=[9]-Power Member=VD17
Removed Member From Class: ClassName=[3]-Connection Member=XP8
