Removed Pin From Net: NetName=SIMRST1 Pin=XP5-3
Removed Pin From Net: NetName=SIMIO1 Pin=XP5-4
Removed Pin From Net: NetName=SIM1_PRES Pin=XP5-5
Removed Pin From Net: NetName=SIMVCC1 Pin=XP5-6
Removed Pin From Net: NetName=SIMRST2 Pin=XP5-7
Removed Pin From Net: NetName=SIMCLK2 Pin=XP5-8
Removed Pin From Net: NetName=SIMVCC2 Pin=XP5-9
Removed Pin From Net: NetName=SIMIO2 Pin=XP5-10
Removed Pin From Net: NetName=GND Pin=XP5-11
Removed Pin From Net: NetName=V_AUX Pin=XP5-12
Removed Pin From Net: NetName=USB_D- Pin=XP5-13
Removed Pin From Net: NetName=VUSB Pin=XP5-14
Removed Pin From Net: NetName=GND Pin=XP5-15
Removed Pin From Net: NetName=USB_D+ Pin=XP5-16
Added Pin To Net: NetName=SIMIO1 Pin=XP5-3
Added Pin To Net: NetName=SIMRST1 Pin=XP5-4
Added Pin To Net: NetName=SIMVCC1 Pin=XP5-5
Added Pin To Net: NetName=SIM1_PRES Pin=XP5-6
Added Pin To Net: NetName=SIMCLK2 Pin=XP5-7
Added Pin To Net: NetName=SIMRST2 Pin=XP5-8
Added Pin To Net: NetName=SIMIO2 Pin=XP5-9
Added Pin To Net: NetName=SIMVCC2 Pin=XP5-10
Added Pin To Net: NetName=V_AUX Pin=XP5-11
Added Pin To Net: NetName=GND Pin=XP5-12
Added Pin To Net: NetName=VUSB Pin=XP5-13
Added Pin To Net: NetName=USB_D- Pin=XP5-14
Added Pin To Net: NetName=USB_D+ Pin=XP5-15
Added Pin To Net: NetName=GND Pin=XP5-16
