Removed Pin From Net: NetName=GND Pin=XP5-1
Removed Pin From Net: NetName=NetC38_1 Pin=XP5-2
Removed Pin From Net: NetName=NetC95_2 Pin=XP5-3
Removed Pin From Net: NetName=NetC37_1 Pin=XP5-4
Removed Pin From Net: NetName=NetC39_2 Pin=XP5-5
Removed Pin From Net: NetName=NetR29_2 Pin=XP5-6
Removed Pin From Net: NetName=NetC33_2 Pin=XP5-7
Removed Pin From Net: NetName=NetC34_2 Pin=XP5-8
Removed Pin From Net: NetName=NetC31_2 Pin=XP5-9
Removed Pin From Net: NetName=NetC32_2 Pin=XP5-10
Removed Pin From Net: NetName=V_AUX Pin=XP5-11
Removed Pin From Net: NetName=GND Pin=XP5-12
Removed Pin From Net: NetName=VUSB Pin=XP5-13
Removed Pin From Net: NetName=USB_D- Pin=XP5-14
Removed Pin From Net: NetName=USB_D+ Pin=XP5-15
Removed Pin From Net: NetName=GND Pin=XP5-16
Added Pin To Net: NetName=NetC38_1 Pin=XP5-1
Added Pin To Net: NetName=GND Pin=XP5-2
Added Pin To Net: NetName=NetC37_1 Pin=XP5-3
Added Pin To Net: NetName=NetC95_2 Pin=XP5-4
Added Pin To Net: NetName=NetR29_2 Pin=XP5-5
Added Pin To Net: NetName=NetC39_2 Pin=XP5-6
Added Pin To Net: NetName=NetC34_2 Pin=XP5-7
Added Pin To Net: NetName=NetC33_2 Pin=XP5-8
Added Pin To Net: NetName=NetC32_2 Pin=XP5-9
Added Pin To Net: NetName=NetC31_2 Pin=XP5-10
Added Pin To Net: NetName=GND Pin=XP5-11
Added Pin To Net: NetName=V_AUX Pin=XP5-12
Added Pin To Net: NetName=USB_D- Pin=XP5-13
Added Pin To Net: NetName=VUSB Pin=XP5-14
Added Pin To Net: NetName=GND Pin=XP5-15
Added Pin To Net: NetName=USB_D+ Pin=XP5-16
Change Net Name : Old Net Name=GND New Net Name=USB_D+
Change Net Name : Old Net Name=VUSB New Net Name=USB_D-
