Added Component: Designator=M1(NanoPiNeo_CORE)
Add component. Clean all parameters for all variants
Add component (AddParameter): Name = "Value"; Value = "NanoPi Neo Core"; VariantName = "[No Variations]"
Added Pin To Net: NetName=VUSB Pin=M1-1
Added Pin To Net: NetName=STATE_LED Pin=M1-2
Added Pin To Net: NetName=USB_D+ Pin=M1-3
Added Pin To Net: NetName=GSM_LED Pin=M1-4
Added Pin To Net: NetName=USB_D- Pin=M1-5
Added Pin To Net: NetName=GPS_LED Pin=M1-6
Added Pin To Net: NetName=WLAN_D+ Pin=M1-7
Added Pin To Net: NetName=WLAN_LED Pin=M1-8
Added Pin To Net: NetName=WLAN_D- Pin=M1-9
Added Pin To Net: NetName=WLAN_EN Pin=M1-11
Added Pin To Net: NetName=GSM_ON Pin=M1-13
Added Pin To Net: NetName=CAM0_LED Pin=M1-15
Added Pin To Net: NetName=CAM1_LED Pin=M1-17
Added Pin To Net: NetName=NetM1_18 Pin=M1-18
Added Pin To Net: NetName=CAM2_LED Pin=M1-19
Added Pin To Net: NetName=NetM1_20 Pin=M1-20
Added Pin To Net: NetName=CAM3_LED Pin=M1-21
Added Pin To Net: NetName=VUSB Pin=M1-22
Added Pin To Net: NetName=GND Pin=M1-23
Added Pin To Net: NetName=GND Pin=M1-24
Added Pin To Net: NetName=NetDD4_19 Pin=M1-27
Added Pin To Net: NetName=NetDD4_20 Pin=M1-28
Added Pin To Net: NetName=NetDD4_22 Pin=M1-29
Added Pin To Net: NetName=NetDD4_21 Pin=M1-30
Added Pin To Net: NetName=GND Pin=M1-35
Added Pin To Net: NetName=GND Pin=M1-36
Added Pin To Net: NetName=NetM1_37 Pin=M1-37
Added Pin To Net: NetName=NetDA8_3 Pin=M1-38
Added Pin To Net: NetName=NetM1_39 Pin=M1-39
Added Pin To Net: NetName=NetDA6_12 Pin=M1-40
Added Pin To Net: NetName=VUSB Pin=M1-41
Added Pin To Net: NetName=NetDA6_2 Pin=M1-42
Added Pin To Net: NetName=VUSB Pin=M1-43
Added Pin To Net: NetName=VUSB Pin=M1-46
Added Pin To Net: NetName=SDA_RTC Pin=M1-47
Added Pin To Net: NetName=VUSB Pin=M1-48
Added Pin To Net: NetName=SCL_RTC Pin=M1-49
Added Pin To Net: NetName=GND Pin=M1-50
Added Pin To Net: NetName=NetM1_51 Pin=M1-51
Added Pin To Net: NetName=RX_GPS Pin=M1-52
Added Pin To Net: NetName=GND Pin=M1-53
Added Pin To Net: NetName=TX_GPS Pin=M1-54
Added Pin To Net: NetName=MCU_RXD Pin=M1-55
Added Pin To Net: NetName=NetM1_56 Pin=M1-56
Added Pin To Net: NetName=NetM1_57 Pin=M1-57
Added Pin To Net: NetName=GND Pin=M1-58
Added Pin To Net: NetName=NetM1_59 Pin=M1-59
Added Pin To Net: NetName=INPUT_0 Pin=M1-60
Added Pin To Net: NetName=INPUT_1 Pin=M1-62
Added Pin To Net: NetName=LED1_ON Pin=M1-63
Added Pin To Net: NetName=GND Pin=M1-64
Added Pin To Net: NetName=LED2_ON Pin=M1-65
Added Pin To Net: NetName=MCU_TXD Pin=M1-66
Added Pin To Net: NetName=LED3_ON Pin=M1-67
Added Pin To Net: NetName=LED4_ON Pin=M1-68
Added Member To Class: ClassName=[6]-H3_MAIN Member=Component M1 NanoPi Neo Core
