Removed Pin From Net: NetName=VUSB Pin=XP5-8
Removed Pin From Net: NetName=USB_D+ Pin=XP5-10
Removed Pin From Net: NetName=USB_D- Pin=XP5-11
Removed Pin From Net: NetName=NetC32_2 Pin=XP10-1
Removed Pin From Net: NetName=NetC34_2 Pin=XP10-2
Removed Pin From Net: NetName=NetC31_2 Pin=XP10-3
Removed Pin From Net: NetName=GND Pin=XP10-4
Removed Pin From Net: NetName=GND Pin=XP10-6
Removed Pin From Net: NetName=NetC39_2 Pin=XP10-7
Removed Pin From Net: NetName=NetC37_1 Pin=XP10-8
Removed Pin From Net: NetName=NetC95_2 Pin=XP10-9
Removed Pin From Net: NetName=GND Pin=XP10-10
Removed Pin From Net: NetName=NetC38_1 Pin=XP10-11
Removed Pin From Net: NetName=+VEXT Pin=XP10-13
Removed Pin From Net: NetName=NetR29_2 Pin=XP10-14
Removed Pin From Net: NetName=NetM1_51 Pin=XP10-16
Added Pin To Net: NetName=+3V9 Pin=XP5-8
Added Pin To Net: NetName=NetM1_51 Pin=XP5-11
Added Pin To Net: NetName=GND Pin=XP10-1
Added Pin To Net: NetName=NetC32_2 Pin=XP10-2
Added Pin To Net: NetName=NetC34_2 Pin=XP10-3
Added Pin To Net: NetName=NetC31_2 Pin=XP10-4
Added Pin To Net: NetName=NetC39_2 Pin=XP10-6
Added Pin To Net: NetName=NetC37_1 Pin=XP10-7
Added Pin To Net: NetName=NetC95_2 Pin=XP10-8
Added Pin To Net: NetName=NetC38_1 Pin=XP10-9
Added Pin To Net: NetName=NetR29_2 Pin=XP10-10
Added Pin To Net: NetName=+VEXT Pin=XP10-11
Added Pin To Net: NetName=VUSB Pin=XP10-13
Added Pin To Net: NetName=USB_D- Pin=XP10-14
Added Pin To Net: NetName=USB_D+ Pin=XP10-15
Added Pin To Net: NetName=GND Pin=XP10-16
Added Pin To Net: NetName=NetXP5_10 Pin=XP5-10
Added Net: Name=NetXP5_10
