Removed Pin From Net: NetName=6A Pin=DD1-17
Removed Pin From Net: NetName=6F Pin=DD1-18
Removed Pin From Net: NetName=6G Pin=DD1-19
Removed Pin From Net: NetName=6E Pin=DD1-20
Removed Pin From Net: NetName=6D Pin=DD1-21
Removed Pin From Net: NetName=COL1 Pin=DD1-22
Removed Pin From Net: NetName=COL2 Pin=DD1-23
Removed Pin From Net: NetName=2D Pin=DD2-29
Removed Pin From Net: NetName=DP2 Pin=DD2-30
Removed Pin From Net: NetName=3C Pin=DD2-31
Removed Pin From Net: NetName=3B Pin=DD2-32
Removed Pin From Net: NetName=3A Pin=DD2-33
Removed Pin From Net: NetName=3F Pin=DD2-34
Removed Pin From Net: NetName=3G Pin=DD2-35
Removed Pin From Net: NetName=3E Pin=DD2-36
Removed Pin From Net: NetName=3D Pin=DD2-37
Removed Pin From Net: NetName=DP3 Pin=DD2-38
Removed Pin From Net: NetName=4C Pin=DD2-39
Removed Pin From Net: NetName=4B Pin=DD2-40
Removed Pin From Net: NetName=4A Pin=DD2-41
Removed Pin From Net: NetName=4F Pin=DD2-42
Removed Pin From Net: NetName=4G Pin=DD2-43
Removed Pin From Net: NetName=4E Pin=DD2-44
Removed Pin From Net: NetName=4D Pin=DD2-45
Removed Pin From Net: NetName=DP4 Pin=DD2-46
Removed Pin From Net: NetName=5C Pin=DD2-47
Removed Pin From Net: NetName=5B Pin=DD2-48
Removed Pin From Net: NetName=5A Pin=DD2-49
Removed Pin From Net: NetName=5F Pin=DD2-50
Removed Pin From Net: NetName=5G Pin=DD2-51
Removed Pin From Net: NetName=5E Pin=DD2-52
Removed Pin From Net: NetName=5D Pin=DD2-53
Removed Pin From Net: NetName=DP5 Pin=DD2-54
Removed Pin From Net: NetName=6C Pin=DD2-55
Removed Pin From Net: NetName=6B Pin=DD2-56
Added Pin To Net: NetName=6C Pin=DD1-17
Added Pin To Net: NetName=6B Pin=DD1-18
Added Pin To Net: NetName=6A Pin=DD1-19
Added Pin To Net: NetName=6F Pin=DD1-20
Added Pin To Net: NetName=6G Pin=DD1-21
Added Pin To Net: NetName=6E Pin=DD1-22
Added Pin To Net: NetName=6D Pin=DD1-23
Added Pin To Net: NetName=COL1 Pin=DD1-24
Added Pin To Net: NetName=COL2 Pin=DD1-25
Added Pin To Net: NetName=2G Pin=DD2-29
Added Pin To Net: NetName=2E Pin=DD2-30
Added Pin To Net: NetName=2D Pin=DD2-31
Added Pin To Net: NetName=DP2 Pin=DD2-32
Added Pin To Net: NetName=3C Pin=DD2-33
Added Pin To Net: NetName=3B Pin=DD2-34
Added Pin To Net: NetName=3A Pin=DD2-35
Added Pin To Net: NetName=3F Pin=DD2-36
Added Pin To Net: NetName=3G Pin=DD2-37
Added Pin To Net: NetName=3E Pin=DD2-38
Added Pin To Net: NetName=3D Pin=DD2-39
Added Pin To Net: NetName=DP3 Pin=DD2-40
Added Pin To Net: NetName=4C Pin=DD2-41
Added Pin To Net: NetName=4B Pin=DD2-42
Added Pin To Net: NetName=4A Pin=DD2-43
Added Pin To Net: NetName=4F Pin=DD2-44
Added Pin To Net: NetName=4G Pin=DD2-45
Added Pin To Net: NetName=4E Pin=DD2-46
Added Pin To Net: NetName=4D Pin=DD2-47
Added Pin To Net: NetName=DP4 Pin=DD2-48
Added Pin To Net: NetName=5C Pin=DD2-49
Added Pin To Net: NetName=5B Pin=DD2-50
Added Pin To Net: NetName=5A Pin=DD2-51
Added Pin To Net: NetName=5F Pin=DD2-52
Added Pin To Net: NetName=5G Pin=DD2-53
Added Pin To Net: NetName=5E Pin=DD2-54
Added Pin To Net: NetName=5D Pin=DD2-55
Added Pin To Net: NetName=DP5 Pin=DD2-56
