Added Component: Designator=R1(RC1206)
Added Component: Designator=XP1(MIF2X02PRP)
Added Component: Designator=XP2(MIF2X02PRP)
Added Component: Designator=XP3(MIF2X02PRP)
Added Component: Designator=XP4(MIF2X02PRP)
Added Pin To Net: NetName=GND Pin=XP1-1
Added Pin To Net: NetName=GND Pin=XP2-1
Added Pin To Net: NetName=GND Pin=XP3-1
Added Pin To Net: NetName=GND Pin=XP4-1
Added Net: Name=GND
Added Pin To Net: NetName=NetR1_1 Pin=R1-1
Added Pin To Net: NetName=NetR1_1 Pin=XP1-4
Added Pin To Net: NetName=NetR1_1 Pin=XP2-4
Added Pin To Net: NetName=NetR1_1 Pin=XP3-4
Added Pin To Net: NetName=NetR1_1 Pin=XP4-4
Added Net: Name=NetR1_1
Added Pin To Net: NetName=NetR1_2 Pin=R1-2
Added Pin To Net: NetName=NetR1_2 Pin=XP1-2
Added Pin To Net: NetName=NetR1_2 Pin=XP2-2
Added Pin To Net: NetName=NetR1_2 Pin=XP3-2
Added Pin To Net: NetName=NetR1_2 Pin=XP4-2
Added Net: Name=NetR1_2
Added Pin To Net: NetName=VIN Pin=XP1-3
Added Pin To Net: NetName=VIN Pin=XP2-3
Added Pin To Net: NetName=VIN Pin=XP3-3
Added Pin To Net: NetName=VIN Pin=XP4-3
Added Net: Name=VIN
Added Class: Name=Main
