Removed Pin From Net: NetName=GND Pin=C6-1
Removed Pin From Net: NetName=+5V Pin=C6-2
Removed Pin From Net: NetName=GND Pin=DA1-3
Removed Pin From Net: NetName=GND Pin=DA1-4
Removed Pin From Net: NetName=+5V Pin=DA1-8
Removed Pin From Net: NetName=GND Pin=R1-1
Removed Pin From Net: NetName=GND Pin=R2-1
Removed Pin From Net: NetName=GND Pin=R3-1
Removed Pin From Net: NetName=GND Pin=R4-1
Removed Pin From Net: NetName=GND Pin=R5-1
Removed Pin From Net: NetName=GND Pin=R6-1
Removed Pin From Net: NetName=GND Pin=R7-1
Removed Pin From Net: NetName=GND Pin=R8-1
Removed Pin From Net: NetName=GND Pin=R9-1
Removed Pin From Net: NetName=+5V Pin=R11-2
Removed Pin From Net: NetName=+5V Pin=R12-2
Removed Pin From Net: NetName=GND Pin=R14-1
Removed Pin From Net: NetName=GND Pin=R15-1
Removed Pin From Net: NetName=NetR16_1 Pin=VD1-1
Removed Pin From Net: NetName=GND Pin=VD1-2
Removed Pin From Net: NetName=NetR17_1 Pin=VD2-1
Removed Pin From Net: NetName=GND Pin=VD2-2
Removed Pin From Net: NetName=GND Pin=VD3-2
Removed Pin From Net: NetName=GND Pin=VD4-2
Removed Pin From Net: NetName=GND Pin=VD5-2
Removed Pin From Net: NetName=GND Pin=VD6-2
Removed Pin From Net: NetName=GND Pin=VD7-2
Removed Pin From Net: NetName=GND Pin=VD8-2
Removed Pin From Net: NetName=GND Pin=VD9-2
Removed Pin From Net: NetName=GND Pin=VD10-2
Removed Pin From Net: NetName=GND Pin=VD11-2
Removed Pin From Net: NetName=GND Pin=VD12-2
Removed Pin From Net: NetName=GND Pin=VD13-2
Removed Pin From Net: NetName=GND Pin=VD14-2
Removed Pin From Net: NetName=GND Pin=VD15-2
Removed Pin From Net: NetName=GND Pin=VD16-2
Removed Pin From Net: NetName=GND Pin=VD17-2
Removed Pin From Net: NetName=GND Pin=VD18-2
Removed Pin From Net: NetName=GND Pin=VD19-2
Removed Pin From Net: NetName=GND Pin=VD20-2
Removed Pin From Net: NetName=NetR10_1 Pin=VT1-1
Removed Pin From Net: NetName=NetR1_2 Pin=VT1-2
Removed Pin From Net: NetName=NetR13_1 Pin=VT2-1
Removed Pin From Net: NetName=GND Pin=VT2-2
Removed Pin From Net: NetName=NetR10_1 Pin=VT2-3
Removed Member From Class: ClassName=LED_backlight Member=R18
Removed Member From Class: ClassName=LED_backlight Member=R19
Removed Member From Class: ClassName=LED_backlight Member=R20
Removed Member From Class: ClassName=LED_backlight Member=R21
Removed Member From Class: ClassName=LED_backlight Member=R22
Removed Member From Class: ClassName=LED_backlight Member=R23
Removed Member From Class: ClassName=LED_backlight Member=R24
Removed Member From Class: ClassName=LED_backlight Member=R25
Removed Member From Class: ClassName=LED_backlight Member=R26
Removed Member From Class: ClassName=LED_backlight Member=R27
Removed Member From Class: ClassName=LED_backlight Member=R28
Removed Member From Class: ClassName=LED_backlight Member=R29
Removed Member From Class: ClassName=LED_backlight Member=R30
Removed Member From Class: ClassName=LED_backlight Member=R31
Removed Member From Class: ClassName=LED_backlight Member=R32
Removed Member From Class: ClassName=LED_backlight Member=R33
Removed Member From Class: ClassName=LED_backlight Member=R34
Removed Member From Class: ClassName=LED_backlight Member=R35
Removed Member From Class: ClassName=LED_backlight Member=R36
Removed Member From Class: ClassName=LED_backlight Member=R37
Removed Member From Class: ClassName=LED_backlight Member=R38
Change Component DesignItemId : Designator=R10 Old DesignItemId=RC0603 New DesignItemId=RC0805
Change Component DesignItemId : Designator=R11 Old DesignItemId=RC0603 New DesignItemId=RC0805
Change Component DesignItemId : Designator=R12 Old DesignItemId=RC0603 New DesignItemId=RC0805
Change Component DesignItemId : Designator=R13 Old DesignItemId=RC0603 New DesignItemId=RC0805
Change Component DesignItemId : Designator=R14 Old DesignItemId=RC0603 New DesignItemId=RC0805
Change Component DesignItemId : Designator=R15 Old DesignItemId=RC0603 New DesignItemId=RC0805
Change Component DesignItemId : Designator=R16 Old DesignItemId=RC0603 New DesignItemId=RC0805
Change Component DesignItemId : Designator=R17 Old DesignItemId=RC0603 New DesignItemId=RC0805
Change Component DesignItemId : Designator=R1 Old DesignItemId=RC1206 New DesignItemId=RC0805
Change Component DesignItemId : Designator=R2 Old DesignItemId=RC1206 New DesignItemId=RC0805
Change Component DesignItemId : Designator=R3 Old DesignItemId=RC1206 New DesignItemId=RC0805
Change Component DesignItemId : Designator=R4 Old DesignItemId=RC1206 New DesignItemId=RC0805
Change Component DesignItemId : Designator=R5 Old DesignItemId=RC1206 New DesignItemId=RC0805
Change Component DesignItemId : Designator=R6 Old DesignItemId=RC1206 New DesignItemId=RC0805
Change Component DesignItemId : Designator=R7 Old DesignItemId=RC1206 New DesignItemId=RC0805
Change Component DesignItemId : Designator=R8 Old DesignItemId=RC1206 New DesignItemId=RC0805
Change Component DesignItemId : Designator=R9 Old DesignItemId=RC1206 New DesignItemId=RC0805
Change Component Footprint: Designator=R10 Old Footprint=RC0603 New Footprint=RC0805
Change Component Footprint: Designator=R11 Old Footprint=RC0603 New Footprint=RC0805
Change Component Footprint: Designator=R12 Old Footprint=RC0603 New Footprint=RC0805
Change Component Footprint: Designator=R13 Old Footprint=RC0603 New Footprint=RC0805
Change Component Footprint: Designator=R14 Old Footprint=RC0603 New Footprint=RC0805
Change Component Footprint: Designator=R15 Old Footprint=RC0603 New Footprint=RC0805
Change Component Footprint: Designator=R16 Old Footprint=RC0603 New Footprint=RC0805
Change Component Footprint: Designator=R17 Old Footprint=RC0603 New Footprint=RC0805
Change Component Footprint: Designator=R1 Old Footprint=RC1206 New Footprint=RC0805
Change Component Footprint: Designator=R2 Old Footprint=RC1206 New Footprint=RC0805
Change Component Footprint: Designator=R3 Old Footprint=RC1206 New Footprint=RC0805
Change Component Footprint: Designator=R4 Old Footprint=RC1206 New Footprint=RC0805
Change Component Footprint: Designator=R5 Old Footprint=RC1206 New Footprint=RC0805
Change Component Footprint: Designator=R6 Old Footprint=RC1206 New Footprint=RC0805
Change Component Footprint: Designator=R7 Old Footprint=RC1206 New Footprint=RC0805
Change Component Footprint: Designator=R8 Old Footprint=RC1206 New Footprint=RC0805
Change Component Footprint: Designator=R9 Old Footprint=RC1206 New Footprint=RC0805
Change Component Comment : Designator=R10 Old Comment=10k New Comment=82E
Change Component Comment : Designator=R13 Old Comment=10k New Comment=82E
Change Component Comment : Designator=R14 Old Comment=10k New Comment=82E
Change Component Comment : Designator=R15 Old Comment=10k New Comment=82E
Change Component Comment : Designator=R11 Old Comment=26k1 New Comment=82E
Change Component Comment : Designator=R1 Old Comment=120E New Comment=82E
Change Component Comment : Designator=R2 Old Comment=120E New Comment=82E
Change Component Comment : Designator=R3 Old Comment=120E New Comment=82E
Change Component Comment : Designator=R4 Old Comment=120E New Comment=82E
Change Component Comment : Designator=R5 Old Comment=120E New Comment=82E
Change Component Comment : Designator=R6 Old Comment=120E New Comment=82E
Change Component Comment : Designator=R7 Old Comment=120E New Comment=82E
Change Component Comment : Designator=R8 Old Comment=120E New Comment=82E
Change Component Comment : Designator=R9 Old Comment=120E New Comment=82E
Change Component Comment : Designator=R16 Old Comment=200E New Comment=82E
Change Component Comment : Designator=R17 Old Comment=200E New Comment=82E
Change Component Comment : Designator=R12 Old Comment=NCP18XH103J03RB New Comment=82E
Added Component: Designator=VD24(3528LED)
Added Component: Designator=VD25(3528LED)
Added Component: Designator=VD26(3528LED)
Added Component: Designator=VD27(3528LED)
Added Component: Designator=VD28(3528LED)
Added Component: Designator=VD29(3528LED)
Added Component: Designator=VD30(3528LED)
Added Component: Designator=VD32(3528LED)
Added Component: Designator=VD33(3528LED)
Added Component: Designator=VD34(3528LED)
Added Component: Designator=VD35(3528LED)
Added Component: Designator=VD36(3528LED)
Added Component: Designator=VD37(3528LED)
Added Component: Designator=VD38(3528LED)
Added Component: Designator=VD39(3528LED)
Added Component: Designator=VD40(3528LED)
Added Component: Designator=VD41(3528LED)
Added Component: Designator=VD42(3528LED)
Added Component: Designator=VD43(3528LED)
Added Component: Designator=VD44(3528LED)
Added Component: Designator=VD45(3528LED)
Added Component: Designator=VD46(3528LED)
Added Component: Designator=VD47(3528LED)
Added Component: Designator=VD48(3528LED)
Added Component: Designator=VD49(3528LED)
Added Component: Designator=VD50(3528LED)
Added Component: Designator=VD51(3528LED)
Added Component: Designator=VD52(3528LED)
Added Pin To Net: NetName=NetR1_2 Pin=R10-2
Added Pin To Net: NetName=NetR1_2 Pin=R11-2
Added Pin To Net: NetName=NetR1_2 Pin=R12-2
Added Pin To Net: NetName=NetR1_2 Pin=R13-2
Added Pin To Net: NetName=NetR1_2 Pin=R14-2
Added Pin To Net: NetName=NetR1_2 Pin=R15-2
Added Pin To Net: NetName=NetR1_2 Pin=R16-2
Added Pin To Net: NetName=NetR1_2 Pin=R17-2
Added Pin To Net: NetName=NetR10_1 Pin=VD10-1
Added Pin To Net: NetName=GND Pin=VD24-2
Added Pin To Net: NetName=GND Pin=VD25-2
Added Pin To Net: NetName=GND Pin=VD26-2
Added Pin To Net: NetName=GND Pin=VD27-2
Added Pin To Net: NetName=GND Pin=VD28-2
Added Pin To Net: NetName=GND Pin=VD29-2
Added Pin To Net: NetName=GND Pin=VD30-2
Added Pin To Net: NetName=NetR13_1 Pin=VD34-1
Added Pin To Net: NetName=NetR16_1 Pin=VD37-1
Added Pin To Net: NetName=NetR17_1 Pin=VD38-1
Added Pin To Net: NetName=GND Pin=VD46-2
Added Pin To Net: NetName=GND Pin=VD47-2
Added Pin To Net: NetName=GND Pin=VD48-2
Added Pin To Net: NetName=GND Pin=VD49-2
Added Pin To Net: NetName=GND Pin=VD50-2
Added Pin To Net: NetName=GND Pin=VD51-2
Added Pin To Net: NetName=GND Pin=VD52-2
Added Pin To Net: NetName=NetR1_2 Pin=XP1-5
Added Pin To Net: NetName=NetR1_1 Pin=R1-1
Added Pin To Net: NetName=NetR1_1 Pin=VD1-1
Added Net: Name=NetR1_1
Added Pin To Net: NetName=NetR2_1 Pin=R2-1
Added Pin To Net: NetName=NetR2_1 Pin=VD2-1
Added Net: Name=NetR2_1
Added Pin To Net: NetName=NetR3_1 Pin=R3-1
Added Pin To Net: NetName=NetR3_1 Pin=VD3-1
Added Net: Name=NetR3_1
Added Pin To Net: NetName=NetR4_1 Pin=R4-1
Added Pin To Net: NetName=NetR4_1 Pin=VD4-1
Added Net: Name=NetR4_1
Added Pin To Net: NetName=NetR5_1 Pin=R5-1
Added Pin To Net: NetName=NetR5_1 Pin=VD5-1
Added Net: Name=NetR5_1
Added Pin To Net: NetName=NetR6_1 Pin=R6-1
Added Pin To Net: NetName=NetR6_1 Pin=VD6-1
Added Net: Name=NetR6_1
Added Pin To Net: NetName=NetR7_1 Pin=R7-1
Added Pin To Net: NetName=NetR7_1 Pin=VD7-1
Added Net: Name=NetR7_1
Added Pin To Net: NetName=NetR8_1 Pin=R8-1
Added Pin To Net: NetName=NetR8_1 Pin=VD8-1
Added Net: Name=NetR8_1
Added Pin To Net: NetName=NetR9_1 Pin=R9-1
Added Pin To Net: NetName=NetR9_1 Pin=VD9-1
Added Net: Name=NetR9_1
Added Pin To Net: NetName=NetR11_1 Pin=R11-1
Added Pin To Net: NetName=NetR11_1 Pin=VD32-1
Added Net: Name=NetR11_1
Added Pin To Net: NetName=NetR12_1 Pin=R12-1
Added Pin To Net: NetName=NetR12_1 Pin=VD33-1
Added Net: Name=NetR12_1
Added Pin To Net: NetName=NetR14_1 Pin=R14-1
Added Pin To Net: NetName=NetR14_1 Pin=VD35-1
Added Net: Name=NetR14_1
Added Pin To Net: NetName=NetR15_1 Pin=R15-1
Added Pin To Net: NetName=NetR15_1 Pin=VD36-1
Added Net: Name=NetR15_1
Added Pin To Net: NetName=NetVD1_2 Pin=VD1-2
Added Pin To Net: NetName=NetVD1_2 Pin=VD11-1
Added Net: Name=NetVD1_2
Added Pin To Net: NetName=NetVD2_2 Pin=VD2-2
Added Pin To Net: NetName=NetVD2_2 Pin=VD12-1
Added Net: Name=NetVD2_2
Added Pin To Net: NetName=NetVD3_2 Pin=VD3-2
Added Pin To Net: NetName=NetVD3_2 Pin=VD13-1
Added Net: Name=NetVD3_2
Added Pin To Net: NetName=NetVD4_2 Pin=VD4-2
Added Pin To Net: NetName=NetVD4_2 Pin=VD14-1
Added Net: Name=NetVD4_2
Added Pin To Net: NetName=NetVD5_2 Pin=VD5-2
Added Pin To Net: NetName=NetVD5_2 Pin=VD15-1
Added Net: Name=NetVD5_2
Added Pin To Net: NetName=NetVD6_2 Pin=VD6-2
Added Pin To Net: NetName=NetVD6_2 Pin=VD16-1
Added Net: Name=NetVD6_2
Added Pin To Net: NetName=NetVD7_2 Pin=VD7-2
Added Pin To Net: NetName=NetVD7_2 Pin=VD17-1
Added Net: Name=NetVD7_2
Added Pin To Net: NetName=NetVD8_2 Pin=VD8-2
Added Pin To Net: NetName=NetVD8_2 Pin=VD18-1
Added Net: Name=NetVD8_2
Added Pin To Net: NetName=NetVD9_2 Pin=VD9-2
Added Pin To Net: NetName=NetVD9_2 Pin=VD19-1
Added Net: Name=NetVD9_2
Added Pin To Net: NetName=NetVD10_2 Pin=VD10-2
Added Pin To Net: NetName=NetVD10_2 Pin=VD20-1
Added Net: Name=NetVD10_2
Added Pin To Net: NetName=NetVD11_2 Pin=VD11-2
Added Pin To Net: NetName=NetVD11_2 Pin=VD21-1
Added Net: Name=NetVD11_2
Added Pin To Net: NetName=NetVD12_2 Pin=VD12-2
Added Pin To Net: NetName=NetVD12_2 Pin=VD22-1
Added Net: Name=NetVD12_2
Added Pin To Net: NetName=NetVD13_2 Pin=VD13-2
Added Pin To Net: NetName=NetVD13_2 Pin=VD23-1
Added Net: Name=NetVD13_2
Added Pin To Net: NetName=NetVD14_2 Pin=VD14-2
Added Pin To Net: NetName=NetVD14_2 Pin=VD24-1
Added Net: Name=NetVD14_2
Added Pin To Net: NetName=NetVD15_2 Pin=VD15-2
Added Pin To Net: NetName=NetVD15_2 Pin=VD25-1
Added Net: Name=NetVD15_2
Added Pin To Net: NetName=NetVD16_2 Pin=VD16-2
Added Pin To Net: NetName=NetVD16_2 Pin=VD26-1
Added Net: Name=NetVD16_2
Added Pin To Net: NetName=NetVD17_2 Pin=VD17-2
Added Pin To Net: NetName=NetVD17_2 Pin=VD27-1
Added Net: Name=NetVD17_2
Added Pin To Net: NetName=NetVD18_2 Pin=VD18-2
Added Pin To Net: NetName=NetVD18_2 Pin=VD28-1
Added Net: Name=NetVD18_2
Added Pin To Net: NetName=NetVD19_2 Pin=VD19-2
Added Pin To Net: NetName=NetVD19_2 Pin=VD29-1
Added Net: Name=NetVD19_2
Added Pin To Net: NetName=NetVD20_2 Pin=VD20-2
Added Pin To Net: NetName=NetVD20_2 Pin=VD30-1
Added Net: Name=NetVD20_2
Added Pin To Net: NetName=NetVD32_2 Pin=VD32-2
Added Pin To Net: NetName=NetVD32_2 Pin=VD39-1
Added Net: Name=NetVD32_2
Added Pin To Net: NetName=NetVD33_2 Pin=VD33-2
Added Pin To Net: NetName=NetVD33_2 Pin=VD40-1
Added Net: Name=NetVD33_2
Added Pin To Net: NetName=NetVD34_2 Pin=VD34-2
Added Pin To Net: NetName=NetVD34_2 Pin=VD41-1
Added Net: Name=NetVD34_2
Added Pin To Net: NetName=NetVD35_2 Pin=VD35-2
Added Pin To Net: NetName=NetVD35_2 Pin=VD42-1
Added Net: Name=NetVD35_2
Added Pin To Net: NetName=NetVD36_2 Pin=VD36-2
Added Pin To Net: NetName=NetVD36_2 Pin=VD43-1
Added Net: Name=NetVD36_2
Added Pin To Net: NetName=NetVD37_2 Pin=VD37-2
Added Pin To Net: NetName=NetVD37_2 Pin=VD44-1
Added Net: Name=NetVD37_2
Added Pin To Net: NetName=NetVD38_2 Pin=VD38-2
Added Pin To Net: NetName=NetVD38_2 Pin=VD45-1
Added Net: Name=NetVD38_2
Added Pin To Net: NetName=NetVD39_2 Pin=VD39-2
Added Pin To Net: NetName=NetVD39_2 Pin=VD46-1
Added Net: Name=NetVD39_2
Added Pin To Net: NetName=NetVD40_2 Pin=VD40-2
Added Pin To Net: NetName=NetVD40_2 Pin=VD47-1
Added Net: Name=NetVD40_2
Added Pin To Net: NetName=NetVD41_2 Pin=VD41-2
Added Pin To Net: NetName=NetVD41_2 Pin=VD48-1
Added Net: Name=NetVD41_2
Added Pin To Net: NetName=NetVD42_2 Pin=VD42-2
Added Pin To Net: NetName=NetVD42_2 Pin=VD49-1
Added Net: Name=NetVD42_2
Added Pin To Net: NetName=NetVD43_2 Pin=VD43-2
Added Pin To Net: NetName=NetVD43_2 Pin=VD50-1
Added Net: Name=NetVD43_2
Added Pin To Net: NetName=NetVD44_2 Pin=VD44-2
Added Pin To Net: NetName=NetVD44_2 Pin=VD51-1
Added Net: Name=NetVD44_2
Added Pin To Net: NetName=NetVD45_2 Pin=VD45-2
Added Pin To Net: NetName=NetVD45_2 Pin=VD52-1
Added Net: Name=NetVD45_2
Added Pin To Net: NetName=NetXP1_6 Pin=XP1-6
Added Net: Name=NetXP1_6
Added Member To Class: ClassName=LED_backlight Member=Component R1 82E
Added Member To Class: ClassName=LED_backlight Member=Component R2 82E
Added Member To Class: ClassName=LED_backlight Member=Component R3 82E
Added Member To Class: ClassName=LED_backlight Member=Component R4 82E
Added Member To Class: ClassName=LED_backlight Member=Component R5 82E
Added Member To Class: ClassName=LED_backlight Member=Component R6 82E
Added Member To Class: ClassName=LED_backlight Member=Component R7 82E
Added Member To Class: ClassName=LED_backlight Member=Component R8 82E
Added Member To Class: ClassName=LED_backlight Member=Component R9 82E
Added Member To Class: ClassName=LED_backlight Member=Component R10 82E
Added Member To Class: ClassName=LED_backlight Member=Component R11 82E
Added Member To Class: ClassName=LED_backlight Member=Component R12 82E
Added Member To Class: ClassName=LED_backlight Member=Component R13 82E
Added Member To Class: ClassName=LED_backlight Member=Component R14 82E
Added Member To Class: ClassName=LED_backlight Member=Component R15 82E
Added Member To Class: ClassName=LED_backlight Member=Component VD24 LED_3528
Added Member To Class: ClassName=LED_backlight Member=Component VD25 LED_3528
Added Member To Class: ClassName=LED_backlight Member=Component VD26 LED_3528
Added Member To Class: ClassName=LED_backlight Member=Component VD27 LED_3528
Added Member To Class: ClassName=LED_backlight Member=Component VD28 LED_3528
Added Member To Class: ClassName=LED_backlight Member=Component VD29 LED_3528
Added Member To Class: ClassName=LED_backlight Member=Component VD30 LED_3528
Added Member To Class: ClassName=LED_backlight Member=Component VD32 LED_3528
Added Member To Class: ClassName=LED_backlight Member=Component VD33 LED_3528
Added Member To Class: ClassName=LED_backlight Member=Component VD34 LED_3528
Added Member To Class: ClassName=LED_backlight Member=Component VD35 LED_3528
Added Member To Class: ClassName=LED_backlight Member=Component VD36 LED_3528
Added Member To Class: ClassName=LED_backlight Member=Component VD37 LED_3528
Added Member To Class: ClassName=LED_backlight Member=Component VD38 LED_3528
Added Member To Class: ClassName=LED_backlight Member=Component VD39 LED_3528
Added Member To Class: ClassName=LED_backlight Member=Component VD40 LED_3528
Added Member To Class: ClassName=LED_backlight Member=Component VD41 LED_3528
Added Member To Class: ClassName=LED_backlight Member=Component VD42 LED_3528
Added Member To Class: ClassName=LED_backlight Member=Component VD43 LED_3528
Added Member To Class: ClassName=LED_backlight Member=Component VD44 LED_3528
Added Member To Class: ClassName=LED_backlight Member=Component VD45 LED_3528
Added Member To Class: ClassName=LED_backlight Member=Component VD46 LED_3528
Added Member To Class: ClassName=LED_backlight Member=Component VD47 LED_3528
Added Member To Class: ClassName=LED_backlight Member=Component VD48 LED_3528
Added Member To Class: ClassName=LED_backlight Member=Component VD49 LED_3528
Added Member To Class: ClassName=LED_backlight Member=Component VD50 LED_3528
Added Member To Class: ClassName=LED_backlight Member=Component VD51 LED_3528
Added Member To Class: ClassName=LED_backlight Member=Component VD52 LED_3528
