Removed Pin From Net: NetName=VBAT_F Pin=C2-1
Removed Pin From Net: NetName=VBAT_F Pin=C3-2
Removed Pin From Net: NetName=VBAT_F Pin=C4-1
Removed Pin From Net: NetName=VBAT_F Pin=DA1-9
Removed Pin From Net: NetName=VBAT_F Pin=DA1-10
Removed Pin From Net: NetName=VBAT Pin=XP2-1
Removed Pin From Net: NetName=NetC14_1 Pin=XP2-10
Added Component: Designator=C20(CC0603)
Added Component: Designator=DD2(EIAJ_SO8)
Added Pin To Net: NetName=VBAT Pin=C2-1
Added Pin To Net: NetName=VBAT Pin=C3-2
Added Pin To Net: NetName=VBAT Pin=C4-1
Added Pin To Net: NetName=VBAT Pin=C20-1
Added Pin To Net: NetName=GND Pin=C20-2
Added Pin To Net: NetName=VBAT Pin=DA1-9
Added Pin To Net: NetName=VBAT Pin=DA1-10
Added Pin To Net: NetName=VBAT Pin=DD2-3
Added Pin To Net: NetName=GND Pin=DD2-4
Added Pin To Net: NetName=VBAT Pin=DD2-7
Added Pin To Net: NetName=VBAT Pin=DD2-8
Added Pin To Net: NetName=VBAT_F Pin=XP2-1
Added Pin To Net: NetName=GND Pin=XP2-6
Added Pin To Net: NetName=NetC14_1 Pin=XP2-7
Added Pin To Net: NetName=GND Pin=XP2-10
Change Net Name : Old Net Name=NetC1_2 New Net Name=RF_P
Change Net Name : Old Net Name=NetC5_2 New Net Name=RF_TX
Change Net Name : Old Net Name=NetC9_1 New Net Name=RF_N
Change Net Name : Old Net Name=NetC14_1 New Net Name=RESET
Change Net Name : Old Net Name=NetDA1_2 New Net Name=SS0
Change Net Name : Old Net Name=NetDD1_13 New Net Name=JTAG_TMS
Added Pin To Net: NetName=JTAG_TCK Pin=DD1-14
Added Pin To Net: NetName=JTAG_TCK Pin=XP2-3
Added Net: Name=JTAG_TCK
Added Pin To Net: NetName=JTAG_TDI Pin=DD1-16
Added Pin To Net: NetName=JTAG_TDI Pin=XP2-5
Added Net: Name=JTAG_TDI
Added Pin To Net: NetName=JTAG_TDO Pin=DD1-15
Added Pin To Net: NetName=JTAG_TDO Pin=XP2-4
Added Net: Name=JTAG_TDO
Added Pin To Net: NetName=MISO Pin=DA1-3
Added Pin To Net: NetName=MISO Pin=DD1-25
Added Pin To Net: NetName=MISO Pin=DD2-2
Added Net: Name=MISO
Added Pin To Net: NetName=MOSI Pin=DA1-4
Added Pin To Net: NetName=MOSI Pin=DD1-24
Added Pin To Net: NetName=MOSI Pin=DD2-5
Added Net: Name=MOSI
Added Pin To Net: NetName=RF_RXD Pin=DD1-7
Added Pin To Net: NetName=RF_RXD Pin=XP2-9
Added Net: Name=RF_RXD
Added Pin To Net: NetName=RF_TXD Pin=DD1-6
Added Pin To Net: NetName=RF_TXD Pin=XP2-8
Added Net: Name=RF_TXD
Added Pin To Net: NetName=SCK Pin=DA1-1
Added Pin To Net: NetName=SCK Pin=DD1-23
Added Pin To Net: NetName=SCK Pin=DD2-6
Added Net: Name=SCK
Added Pin To Net: NetName=SS1 Pin=DD1-21
Added Pin To Net: NetName=SS1 Pin=DD2-1
Added Net: Name=SS1
Added Member To Class: ClassName=Main Member=Component C20 0.1uF
Added Member To Class: ClassName=Main Member=Component DD2 M25PE16
