Change Component Designator: Old Designator=C10 New Designator=C15
Change Component Designator: Old Designator=C11 New Designator=C16
Change Component Designator: Old Designator=C12 New Designator=C17
Change Component Designator: Old Designator=C13 New Designator=C18
Change Component Designator: Old Designator=C14 New Designator=C20
Change Component Designator: Old Designator=C15 New Designator=C21
Change Component Designator: Old Designator=C16 New Designator=C22
Change Component Designator: Old Designator=C17 New Designator=C23
Change Component Designator: Old Designator=C18 New Designator=C24
Change Component Designator: Old Designator=C19 New Designator=C25
Change Component Designator: Old Designator=C20 New Designator=C26
Change Component Designator: Old Designator=C21 New Designator=C27
Change Component Designator: Old Designator=C23 New Designator=C19
Change Component Designator: Old Designator=C35 New Designator=C14
Change Component Designator: Old Designator=DA1 New Designator=DA5
Change Component Designator: Old Designator=DA2 New Designator=DA6
Change Component Designator: Old Designator=FU? New Designator=FU3
Change Component Designator: Old Designator=L2 New Designator=L1
Change Component Designator: Old Designator=R7 New Designator=R18
Change Component Designator: Old Designator=R8 New Designator=R19
Change Component Designator: Old Designator=R9 New Designator=R20
Change Component Designator: Old Designator=R10 New Designator=R15
Change Component Designator: Old Designator=R10 New Designator=R21
Change Component Designator: Old Designator=R11 New Designator=R16
Change Component Designator: Old Designator=R11 New Designator=R22
Change Component Designator: Old Designator=R12 New Designator=R23
Change Component Designator: Old Designator=R13 New Designator=R17
Change Component Designator: Old Designator=VD3 New Designator=VD2
Change Component Designator: Old Designator=VD4 New Designator=VD6
Change Component Designator: Old Designator=VD5 New Designator=VD4
Change Component Designator: Old Designator=VD6 New Designator=VD5
Change Component Designator: Old Designator=VD? New Designator=VD3
Change Component Designator: Old Designator=VT1 New Designator=VT3
Change Component Designator: Old Designator=VT2 New Designator=VT4
