Added Component: Designator=C1(CC0603)
Added Component: Designator=C2(CC0603)
Added Component: Designator=C3(CC0603)
Added Component: Designator=C4(CC0603)
Added Component: Designator=C5(CC0603)
Added Component: Designator=C6(CC0603)
Added Component: Designator=C7(CC0603)
Added Component: Designator=C8(CC0603)
Added Component: Designator=C9(CC0603)
Added Component: Designator=C10(CC0603)
Added Component: Designator=C11(CC0603)
Added Component: Designator=C12(CC0603)
Added Component: Designator=C13(CC0603-3M)
Added Component: Designator=C14(CC1206)
Added Component: Designator=C15(CC0603)
Added Component: Designator=C16(CC0603)
Added Component: Designator=C17(TAJ-D-1M)
Added Component: Designator=C18(CC1210)
Added Component: Designator=C19(CC1210)
Added Component: Designator=C20(CC0603)
Added Component: Designator=C21(CC0603)
Added Component: Designator=C22(CC0603)
Added Component: Designator=C23(CC0603)
Added Component: Designator=C24(CC0603)
Added Component: Designator=C25(CC0805)
Added Component: Designator=C26(CC0805)
Added Component: Designator=C27(CC0603)
Added Component: Designator=DA1(SOT-23(123))
Added Component: Designator=DA2(SOT-23(123))
Added Component: Designator=DA3(SOT-23(123))
Added Component: Designator=DA4(SOT-23(123))
Added Component: Designator=DA5(S-PDSO-G10)
Added Component: Designator=DA6(SOT23-5)
Added Component: Designator=DD1(LQFP-48)
Added Component: Designator=DD2(EIAJ_SO8)
Added Component: Designator=DD3(SO-8)
Added Component: Designator=FU1(RC1210)
Added Component: Designator=FU2(RC1210)
Added Component: Designator=FU3(MF-SMDF)
Added Component: Designator=J1(PLS-02)
Added Component: Designator=J2(PLS-02)
Added Component: Designator=J3(PLS-02)
Added Component: Designator=L1(SDR0603)
Added Component: Designator=R1(RC0603)
Added Component: Designator=R2(RC0603)
Added Component: Designator=R3(RC0603)
Added Component: Designator=R4(RC0603)
Added Component: Designator=R5(RC0603)
Added Component: Designator=R6(RC0603)
Added Component: Designator=R7(RC0603)
Added Component: Designator=R8(RC0402)
Added Component: Designator=R9(RC0603)
Added Component: Designator=R10(RC0603)
Added Component: Designator=R11(RC0402)
Added Component: Designator=R12(RC0603)
Added Component: Designator=R13(RC0603)
Added Component: Designator=R14(RC0603)
Added Component: Designator=R15(RC1206)
Added Component: Designator=R16(RC1206)
Added Component: Designator=R17(RC1206)
Added Component: Designator=R18(RC0603)
Added Component: Designator=R19(RC0603)
Added Component: Designator=R20(RC0603)
Added Component: Designator=R21(RC0603)
Added Component: Designator=R22(RC0603)
Added Component: Designator=R23(RC0603)
Added Component: Designator=VD1(SOT-23(123))
Added Component: Designator=VD2(SMA)
Added Component: Designator=VD3(SMB)
Added Component: Designator=VD4(SOT-23(123))
Added Component: Designator=VD5(SOT-23(123))
Added Component: Designator=VD6(SMA)
Added Component: Designator=VT1(SOT-23(123))
Added Component: Designator=VT2(SOT-23(123))
Added Component: Designator=VT3(D-PAK(TO-252AA))
Added Component: Designator=VT4(SOT-23(123))
Added Component: Designator=X1(PIN_7x3mm_SMD)
Added Component: Designator=X2(PIN_7x3mm_SMD)
Added Component: Designator=X3(PIN_7x3mm_SMD)
Added Component: Designator=X4(PIN_7x3mm_SMD)
Added Component: Designator=X5(PIN_7x3mm_SMD)
Added Component: Designator=XP1(PIN6)
Added Pin To Net: NetName=+3V3 Pin=C3-2
Added Pin To Net: NetName=+3V3 Pin=C4-2
Added Pin To Net: NetName=+3V3 Pin=C5-2
Added Pin To Net: NetName=+3V3 Pin=C6-2
Added Pin To Net: NetName=+3V3 Pin=C7-2
Added Pin To Net: NetName=+3V3 Pin=C8-2
Added Pin To Net: NetName=+3V3 Pin=C9-2
Added Pin To Net: NetName=+3V3 Pin=C12-1
Added Pin To Net: NetName=+3V3 Pin=C13-2
Added Pin To Net: NetName=+3V3 Pin=C24-1
Added Pin To Net: NetName=+3V3 Pin=C25-2
Added Pin To Net: NetName=+3V3 Pin=DA1-1
Added Pin To Net: NetName=+3V3 Pin=DA2-1
Added Pin To Net: NetName=+3V3 Pin=DA3-1
Added Pin To Net: NetName=+3V3 Pin=DA4-1
Added Pin To Net: NetName=+3V3 Pin=DA6-5
Added Pin To Net: NetName=+3V3 Pin=DD1-8
Added Pin To Net: NetName=+3V3 Pin=DD1-17
Added Pin To Net: NetName=+3V3 Pin=DD1-41
Added Pin To Net: NetName=+3V3 Pin=DD2-3
Added Pin To Net: NetName=+3V3 Pin=DD2-7
Added Pin To Net: NetName=+3V3 Pin=DD2-8
Added Pin To Net: NetName=+3V3 Pin=DD3-3
Added Pin To Net: NetName=+3V3 Pin=DD3-7
Added Pin To Net: NetName=+3V3 Pin=DD3-8
Added Pin To Net: NetName=+3V3 Pin=R2-2
Added Pin To Net: NetName=+3V3 Pin=R3-2
Added Pin To Net: NetName=+3V3 Pin=R4-2
Added Pin To Net: NetName=+3V3 Pin=R5-2
Added Pin To Net: NetName=+3V3 Pin=R6-2
Added Pin To Net: NetName=+3V3 Pin=R7-2
Added Pin To Net: NetName=+3V3 Pin=R12-2
Added Pin To Net: NetName=+3V3 Pin=R22-2
Added Net: Name=+3V3
Added Pin To Net: NetName=+5V Pin=C10-2
Added Pin To Net: NetName=+5V Pin=C16-1
Added Pin To Net: NetName=+5V Pin=C17-1
Added Pin To Net: NetName=+5V Pin=C26-2
Added Pin To Net: NetName=+5V Pin=C27-1
Added Pin To Net: NetName=+5V Pin=DA6-1
Added Pin To Net: NetName=+5V Pin=DA6-3
Added Pin To Net: NetName=+5V Pin=DD1-20
Added Pin To Net: NetName=+5V Pin=L1-2
Added Pin To Net: NetName=+5V Pin=R18-2
Added Net: Name=+5V
Added Pin To Net: NetName=CANHF Pin=FU1-2
Added Pin To Net: NetName=CANHF Pin=X3-1
Added Net: Name=CANHF
Added Pin To Net: NetName=CANH Pin=DD1-19
Added Pin To Net: NetName=CANH Pin=FU1-1
Added Pin To Net: NetName=CANH Pin=VD1-1
Added Net: Name=CANH
Added Pin To Net: NetName=CANLF Pin=FU2-2
Added Pin To Net: NetName=CANLF Pin=X4-1
Added Net: Name=CANLF
Added Pin To Net: NetName=CANL Pin=DD1-18
Added Pin To Net: NetName=CANL Pin=FU2-1
Added Pin To Net: NetName=CANL Pin=VD1-2
Added Net: Name=CANL
Added Pin To Net: NetName=GND Pin=C1-1
Added Pin To Net: NetName=GND Pin=C2-1
Added Pin To Net: NetName=GND Pin=C3-1
Added Pin To Net: NetName=GND Pin=C4-1
Added Pin To Net: NetName=GND Pin=C5-1
Added Pin To Net: NetName=GND Pin=C6-1
Added Pin To Net: NetName=GND Pin=C7-1
Added Pin To Net: NetName=GND Pin=C8-1
Added Pin To Net: NetName=GND Pin=C9-1
Added Pin To Net: NetName=GND Pin=C10-1
Added Pin To Net: NetName=GND Pin=C11-1
Added Pin To Net: NetName=GND Pin=C12-2
Added Pin To Net: NetName=GND Pin=C13-1
Added Pin To Net: NetName=GND Pin=C14-1
Added Pin To Net: NetName=GND Pin=C16-2
Added Pin To Net: NetName=GND Pin=C17-2
Added Pin To Net: NetName=GND Pin=C18-1
Added Pin To Net: NetName=GND Pin=C19-1
Added Pin To Net: NetName=GND Pin=C20-2
Added Pin To Net: NetName=GND Pin=C21-2
Added Pin To Net: NetName=GND Pin=C22-2
Added Pin To Net: NetName=GND Pin=C23-2
Added Pin To Net: NetName=GND Pin=C24-2
Added Pin To Net: NetName=GND Pin=C25-1
Added Pin To Net: NetName=GND Pin=C26-1
Added Pin To Net: NetName=GND Pin=C27-2
Added Pin To Net: NetName=GND Pin=DA1-3
Added Pin To Net: NetName=GND Pin=DA2-3
Added Pin To Net: NetName=GND Pin=DA3-3
Added Pin To Net: NetName=GND Pin=DA4-3
Added Pin To Net: NetName=GND Pin=DA5-9
Added Pin To Net: NetName=GND Pin=DA5-11
Added Pin To Net: NetName=GND Pin=DA6-2
Added Pin To Net: NetName=GND Pin=DD1-5
Added Pin To Net: NetName=GND Pin=DD1-21
Added Pin To Net: NetName=GND Pin=DD1-44
Added Pin To Net: NetName=GND Pin=DD2-4
Added Pin To Net: NetName=GND Pin=DD3-4
Added Pin To Net: NetName=GND Pin=J1-2
Added Pin To Net: NetName=GND Pin=J2-1
Added Pin To Net: NetName=GND Pin=R10-1
Added Pin To Net: NetName=GND Pin=R14-1
Added Pin To Net: NetName=GND Pin=R17-2
Added Pin To Net: NetName=GND Pin=R20-1
Added Pin To Net: NetName=GND Pin=R21-1
Added Pin To Net: NetName=GND Pin=R23-1
Added Pin To Net: NetName=GND Pin=VD1-3
Added Pin To Net: NetName=GND Pin=VD3-1
Added Pin To Net: NetName=GND Pin=VD5-1
Added Pin To Net: NetName=GND Pin=VD6-1
Added Pin To Net: NetName=GND Pin=VT1-2
Added Pin To Net: NetName=GND Pin=VT2-2
Added Pin To Net: NetName=GND Pin=X1-1
Added Pin To Net: NetName=GND Pin=XP1-5
Added Net: Name=GND
Added Pin To Net: NetName=ISP_START Pin=C2-2
Added Pin To Net: NetName=ISP_START Pin=DD1-4
Added Pin To Net: NetName=ISP_START Pin=J2-2
Added Pin To Net: NetName=ISP_START Pin=R3-1
Added Net: Name=ISP_START
Added Pin To Net: NetName=LED Pin=DD1-27
Added Pin To Net: NetName=LED Pin=R9-1
Added Net: Name=LED
Added Pin To Net: NetName=MISO Pin=DD1-26
Added Pin To Net: NetName=MISO Pin=DD2-2
Added Pin To Net: NetName=MISO Pin=DD3-2
Added Net: Name=MISO
Added Pin To Net: NetName=MOSI Pin=DD1-38
Added Pin To Net: NetName=MOSI Pin=DD2-5
Added Pin To Net: NetName=MOSI Pin=DD3-5
Added Net: Name=MOSI
Added Pin To Net: NetName=NetC14_2 Pin=C14-2
Added Pin To Net: NetName=NetC14_2 Pin=R15-2
Added Pin To Net: NetName=NetC14_2 Pin=VD2-2
Added Pin To Net: NetName=NetC14_2 Pin=VD3-2
Added Pin To Net: NetName=NetC14_2 Pin=VD4-3
Added Pin To Net: NetName=NetC14_2 Pin=VT3-3
Added Pin To Net: NetName=NetC14_2 Pin=VT4-2
Added Net: Name=NetC14_2
Added Pin To Net: NetName=NetC15_1 Pin=C15-1
Added Pin To Net: NetName=NetC15_1 Pin=DA5-10
Added Pin To Net: NetName=NetC15_1 Pin=L1-1
Added Pin To Net: NetName=NetC15_1 Pin=VD6-2
Added Net: Name=NetC15_1
Added Pin To Net: NetName=NetC15_2 Pin=C15-2
Added Pin To Net: NetName=NetC15_2 Pin=DA5-1
Added Net: Name=NetC15_2
Added Pin To Net: NetName=NetC21_1 Pin=C21-1
Added Pin To Net: NetName=NetC21_1 Pin=DA5-4
Added Net: Name=NetC21_1
Added Pin To Net: NetName=NetC22_1 Pin=C22-1
Added Pin To Net: NetName=NetC22_1 Pin=DA5-8
Added Pin To Net: NetName=NetC22_1 Pin=R19-2
Added Net: Name=NetC22_1
Added Pin To Net: NetName=NetC23_1 Pin=C23-1
Added Pin To Net: NetName=NetC23_1 Pin=R19-1
Added Net: Name=NetC23_1
Added Pin To Net: NetName=NetDA5_5 Pin=DA5-5
Added Pin To Net: NetName=NetDA5_5 Pin=R20-2
Added Net: Name=NetDA5_5
Added Pin To Net: NetName=NetDA5_7 Pin=DA5-7
Added Pin To Net: NetName=NetDA5_7 Pin=R18-1
Added Pin To Net: NetName=NetDA5_7 Pin=R21-2
Added Net: Name=NetDA5_7
Added Pin To Net: NetName=NetDA6_4 Pin=DA6-4
Added Pin To Net: NetName=NetDA6_4 Pin=R22-1
Added Pin To Net: NetName=NetDA6_4 Pin=R23-2
Added Net: Name=NetDA6_4
Added Pin To Net: NetName=NetDD1_22 Pin=DD1-22
Added Pin To Net: NetName=NetDD1_22 Pin=R10-2
Added Net: Name=NetDD1_22
Added Pin To Net: NetName=NetFU3_2 Pin=FU3-2
Added Pin To Net: NetName=NetFU3_2 Pin=VD2-1
Added Net: Name=NetFU3_2
Added Pin To Net: NetName=NetJ3_1 Pin=J3-1
Added Pin To Net: NetName=NetJ3_1 Pin=VT1-3
Added Net: Name=NetJ3_1
Added Pin To Net: NetName=NetJ3_2 Pin=J3-2
Added Pin To Net: NetName=NetJ3_2 Pin=R8-1
Added Net: Name=NetJ3_2
Added Pin To Net: NetName=NetR1_1 Pin=R1-1
Added Pin To Net: NetName=NetR1_1 Pin=XP1-2
Added Net: Name=NetR1_1
Added Pin To Net: NetName=NetR9_2 Pin=R9-2
Added Pin To Net: NetName=NetR9_2 Pin=VT1-1
Added Net: Name=NetR9_2
Added Pin To Net: NetName=NetR11_1 Pin=R11-1
Added Pin To Net: NetName=NetR11_1 Pin=VT2-3
Added Pin To Net: NetName=NetR11_1 Pin=X5-1
Added Net: Name=NetR11_1
Added Pin To Net: NetName=NetR13_2 Pin=R13-2
Added Pin To Net: NetName=NetR13_2 Pin=VT2-1
Added Net: Name=NetR13_2
Added Pin To Net: NetName=NetR15_1 Pin=R15-1
Added Pin To Net: NetName=NetR15_1 Pin=R16-1
Added Pin To Net: NetName=NetR15_1 Pin=VD5-3
Added Net: Name=NetR15_1
Added Pin To Net: NetName=NetR16_2 Pin=R16-2
Added Pin To Net: NetName=NetR16_2 Pin=VT4-1
Added Net: Name=NetR16_2
Added Pin To Net: NetName=NetR17_1 Pin=R17-1
Added Pin To Net: NetName=NetR17_1 Pin=VD4-1
Added Pin To Net: NetName=NetR17_1 Pin=VT3-1
Added Pin To Net: NetName=NetR17_1 Pin=VT4-3
Added Net: Name=NetR17_1
Added Pin To Net: NetName=PULSE Pin=DD1-40
Added Pin To Net: NetName=PULSE Pin=R13-1
Added Net: Name=PULSE
Added Pin To Net: NetName=RESET Pin=C1-2
Added Pin To Net: NetName=RESET Pin=DD1-3
Added Pin To Net: NetName=RESET Pin=J1-1
Added Pin To Net: NetName=RESET Pin=R2-1
Added Net: Name=RESET
Added Pin To Net: NetName=RXD Pin=DD1-46
Added Pin To Net: NetName=RXD Pin=XP1-3
Added Net: Name=RXD
Added Pin To Net: NetName=SCK Pin=DD1-13
Added Pin To Net: NetName=SCK Pin=DD2-6
Added Pin To Net: NetName=SCK Pin=DD3-6
Added Net: Name=SCK
Added Pin To Net: NetName=SENSOR1 Pin=DA1-2
Added Pin To Net: NetName=SENSOR1 Pin=DD1-33
Added Pin To Net: NetName=SENSOR1 Pin=R4-1
Added Net: Name=SENSOR1
Added Pin To Net: NetName=SENSOR2 Pin=DA2-2
Added Pin To Net: NetName=SENSOR2 Pin=DD1-34
Added Pin To Net: NetName=SENSOR2 Pin=R5-1
Added Net: Name=SENSOR2
Added Pin To Net: NetName=SENSOR3 Pin=DA3-2
Added Pin To Net: NetName=SENSOR3 Pin=DD1-35
Added Pin To Net: NetName=SENSOR3 Pin=R6-1
Added Net: Name=SENSOR3
Added Pin To Net: NetName=SENSOR4 Pin=DA4-2
Added Pin To Net: NetName=SENSOR4 Pin=DD1-39
Added Pin To Net: NetName=SENSOR4 Pin=R7-1
Added Net: Name=SENSOR4
Added Pin To Net: NetName=SS0 Pin=DD1-2
Added Pin To Net: NetName=SS0 Pin=DD3-1
Added Net: Name=SS0
Added Pin To Net: NetName=SS1 Pin=DD1-1
Added Pin To Net: NetName=SS1 Pin=DD2-1
Added Net: Name=SS1
Added Pin To Net: NetName=TEMPERATURE Pin=C11-2
Added Pin To Net: NetName=TEMPERATURE Pin=DD1-32
Added Pin To Net: NetName=TEMPERATURE Pin=R12-1
Added Pin To Net: NetName=TEMPERATURE Pin=R14-2
Added Net: Name=TEMPERATURE
Added Pin To Net: NetName=TXD Pin=DD1-47
Added Pin To Net: NetName=TXD Pin=R1-2
Added Net: Name=TXD
Added Pin To Net: NetName=VIN_F Pin=C18-2
Added Pin To Net: NetName=VIN_F Pin=C19-2
Added Pin To Net: NetName=VIN_F Pin=C20-1
Added Pin To Net: NetName=VIN_F Pin=DA5-2
Added Pin To Net: NetName=VIN_F Pin=VT3-2
Added Net: Name=VIN_F
Added Pin To Net: NetName=VIN Pin=FU3-1
Added Pin To Net: NetName=VIN Pin=R8-2
Added Pin To Net: NetName=VIN Pin=R11-2
Added Pin To Net: NetName=VIN Pin=X2-1
Added Net: Name=VIN
Added Pin To Net: NetName=XTAL_IN Pin=DD1-6
Added Net: Name=XTAL_IN
Added Pin To Net: NetName=XTAL_OUT Pin=DD1-7
Added Net: Name=XTAL_OUT
Added Class: Name=Connections
Added Class: Name=Hall_sensor
Added Class: Name=MCU
Added Class: Name=Power
