Change Component Designator: Old Designator=C? New Designator=C7
Change Component Designator: Old Designator=C? New Designator=C8
Change Component Designator: Old Designator=FU1 New Designator=FU3
Change Component Designator: Old Designator=FU1 New Designator=FU4
Change Component Designator: Old Designator=FU1 New Designator=FU5
Change Component Designator: Old Designator=FU1 New Designator=FU6
Change Component Designator: Old Designator=FU4 New Designator=FU7
Change Component Designator: Old Designator=R1 New Designator=R10
Change Component Designator: Old Designator=R? New Designator=R9
Change Component Designator: Old Designator=R? New Designator=R11
Change Component Designator: Old Designator=R? New Designator=R12
Change Component Designator: Old Designator=R? New Designator=R13
Change Component Designator: Old Designator=R? New Designator=R14
Change Component Designator: Old Designator=R? New Designator=R15
Change Component Designator: Old Designator=R? New Designator=R16
Change Component Designator: Old Designator=R? New Designator=R17
Change Component Designator: Old Designator=R? New Designator=R18
Change Component Designator: Old Designator=R? New Designator=R19
Change Component Designator: Old Designator=VD? New Designator=VD2
Change Component Designator: Old Designator=VD? New Designator=VD3
Change Component Designator: Old Designator=VD? New Designator=VD4
Change Component Designator: Old Designator=VD? New Designator=VD5
Change Component Designator: Old Designator=VT1 New Designator=VT2
Change Component Designator: Old Designator=VT? New Designator=VT1
Change Component Designator: Old Designator=VT? New Designator=VT3
Change Component Designator: Old Designator=XP3 New Designator=XP6
Change Component Designator: Old Designator=XP3 New Designator=XP7
Change Component Designator: Old Designator=XP? New Designator=XP2
Change Component Designator: Old Designator=XP? New Designator=XP4
Change Component Designator: Old Designator=XP? New Designator=XP5
Change Component Designator: Old Designator=XP? New Designator=XP8
