Removed Pin From Net: NetName=+3V3 Pin=R9-2
Removed Pin From Net: NetName=+3V3 Pin=XP4-1
Removed Pin From Net: NetName=GND Pin=XP4-3
Removed Member From Class: ClassName=Connection Member=R9
Removed Member From Class: ClassName=Connection Member=VD2
Added Component: Designator=C36(CC0603)
Added Component: Designator=C37(CC0603)
Added Component: Designator=C38(CC0603)
Added Component: Designator=C39(CC0603)
Added Component: Designator=C40(CC0603)
Added Component: Designator=DD6(SO16_M)
Added Pin To Net: NetName=+3V3 Pin=C37-1
Added Pin To Net: NetName=GND Pin=C38-1
Added Pin To Net: NetName=GND Pin=C40-1
Added Pin To Net: NetName=+3V3 Pin=C40-2
Added Pin To Net: NetName=GND Pin=DD6-15
Added Pin To Net: NetName=+3V3 Pin=DD6-16
Added Pin To Net: NetName=GND Pin=XP4-1
Added Pin To Net: NetName=NetC36_1 Pin=C36-1
Added Pin To Net: NetName=NetC36_1 Pin=DD6-3
Added Net: Name=NetC36_1
Added Pin To Net: NetName=NetC36_2 Pin=C36-2
Added Pin To Net: NetName=NetC36_2 Pin=DD6-1
Added Net: Name=NetC36_2
Added Pin To Net: NetName=NetC37_2 Pin=C37-2
Added Pin To Net: NetName=NetC37_2 Pin=DD6-2
Added Net: Name=NetC37_2
Added Pin To Net: NetName=NetC38_2 Pin=C38-2
Added Pin To Net: NetName=NetC38_2 Pin=DD6-6
Added Net: Name=NetC38_2
Added Pin To Net: NetName=NetC39_1 Pin=C39-1
Added Pin To Net: NetName=NetC39_1 Pin=DD6-5
Added Net: Name=NetC39_1
Added Pin To Net: NetName=NetC39_2 Pin=C39-2
Added Pin To Net: NetName=NetC39_2 Pin=DD6-4
Added Net: Name=NetC39_2
Added Pin To Net: NetName=NetDD6_9 Pin=DD6-9
Added Net: Name=NetDD6_9
Added Pin To Net: NetName=NetDD6_10 Pin=DD6-10
Added Net: Name=NetDD6_10
Added Pin To Net: NetName=RX232 Pin=DD2-49
Added Net: Name=RX232
Added Pin To Net: NetName=RXD Pin=DD6-8
Added Pin To Net: NetName=RXD Pin=XP4-2
Added Net: Name=RXD
Added Pin To Net: NetName=TX232 Pin=DD2-50
Added Net: Name=TX232
Added Pin To Net: NetName=TXD Pin=DD6-7
Added Pin To Net: NetName=TXD Pin=XP4-3
Added Net: Name=TXD
Added Class: Name=RS232
