Change Component Designator: Old Designator=C10 New Designator=C23
Change Component Designator: Old Designator=C11 New Designator=C24
Change Component Designator: Old Designator=C14 New Designator=C27
Change Component Designator: Old Designator=C15 New Designator=C28
Change Component Designator: Old Designator=C16 New Designator=C29
Change Component Designator: Old Designator=C17 New Designator=C30
Change Component Designator: Old Designator=C18 New Designator=C31
Change Component Designator: Old Designator=C19 New Designator=C32
Change Component Designator: Old Designator=C20 New Designator=C33
Change Component Designator: Old Designator=C21 New Designator=C34
Change Component Designator: Old Designator=C? New Designator=C25
Change Component Designator: Old Designator=C? New Designator=C26
Change Component Designator: Old Designator=DA2 New Designator=DA3
Change Component Designator: Old Designator=DA? New Designator=DA2
Change Component Designator: Old Designator=L? New Designator=L2
Change Component Designator: Old Designator=R7 New Designator=R30
Change Component Designator: Old Designator=R8 New Designator=R31
Change Component Designator: Old Designator=R9 New Designator=R32
Change Component Designator: Old Designator=R10 New Designator=R33
Change Component Designator: Old Designator=R11 New Designator=R34
Change Component Designator: Old Designator=R12 New Designator=R35
Change Component Designator: Old Designator=VD4 New Designator=VD21
Change Component Designator: Old Designator=VD? New Designator=VD20
