Added Component: Designator=R1(RC0603)
Add component. Clean all parameters for all variants
Add component (AddParameter): Name = "Value"; Value = "1k"; VariantName = "[No Variations]"
Added Component: Designator=VD1(LED0805)
Add component. Clean all parameters for all variants
Add component (AddParameter): Name = "Value"; Value = "LED_0805"; VariantName = "[No Variations]"
Added Component: Designator=XP1(PLS-08)
Add component. Clean all parameters for all variants
Add component (AddParameter): Name = "Value"; Value = ""; VariantName = "[No Variations]"
Added Component: Designator=XP2(BH-10)
Add component. Clean all parameters for all variants
Add component (AddParameter): Name = "Value"; Value = ""; VariantName = "[No Variations]"
Added Pin To Net: NetName=NetR1_2 Pin=R1-2
Added Pin To Net: NetName=NetR1_2 Pin=VD1-1
Added Net: Name=NetR1_2
Added Pin To Net: NetName=NetVD1_2 Pin=VD1-2
Added Pin To Net: NetName=NetVD1_2 Pin=XP2-10
Added Net: Name=NetVD1_2
Added Pin To Net: NetName=NetXP1_1 Pin=XP1-1
Added Pin To Net: NetName=NetXP1_1 Pin=XP2-1
Added Net: Name=NetXP1_1
Added Pin To Net: NetName=NetXP1_2 Pin=XP1-2
Added Pin To Net: NetName=NetXP1_2 Pin=XP2-2
Added Net: Name=NetXP1_2
Added Pin To Net: NetName=NetXP1_3 Pin=XP1-3
Added Pin To Net: NetName=NetXP1_3 Pin=XP2-3
Added Net: Name=NetXP1_3
Added Pin To Net: NetName=NetXP1_4 Pin=XP1-4
Added Pin To Net: NetName=NetXP1_4 Pin=XP2-4
Added Net: Name=NetXP1_4
Added Pin To Net: NetName=NetXP1_5 Pin=XP1-5
Added Pin To Net: NetName=NetXP1_5 Pin=XP2-5
Added Net: Name=NetXP1_5
Added Pin To Net: NetName=NetXP1_6 Pin=XP1-6
Added Pin To Net: NetName=NetXP1_6 Pin=XP2-6
Added Net: Name=NetXP1_6
Added Pin To Net: NetName=NetXP1_7 Pin=XP1-7
Added Pin To Net: NetName=NetXP1_7 Pin=XP2-7
Added Net: Name=NetXP1_7
Added Pin To Net: NetName=NetXP1_8 Pin=XP1-8
Added Pin To Net: NetName=NetXP1_8 Pin=XP2-8
Added Net: Name=NetXP1_8
Added Pin To Net: NetName=VIN Pin=R1-1
Added Pin To Net: NetName=VIN Pin=XP2-9
Added Net: Name=VIN
Added Class: Name=Main
