Change Component Designator: Old Designator=C1 New Designator=C2
Change Component Designator: Old Designator=C2 New Designator=C8
Change Component Designator: Old Designator=C3 New Designator=C7
Change Component Designator: Old Designator=C4 New Designator=C1
Change Component Designator: Old Designator=C5 New Designator=C3
Change Component Designator: Old Designator=C7 New Designator=C11
Change Component Designator: Old Designator=C8 New Designator=C10
Change Component Designator: Old Designator=C9 New Designator=C4
Change Component Designator: Old Designator=C12 New Designator=C5
Change Component Designator: Old Designator=C13 New Designator=C9
Change Component Designator: Old Designator=FU1 New Designator=FU2
Change Component Designator: Old Designator=FU2 New Designator=FU1
Change Component Designator: Old Designator=J? New Designator=J1
Change Component Designator: Old Designator=R1 New Designator=R6
Change Component Designator: Old Designator=R2 New Designator=R8
Change Component Designator: Old Designator=R3 New Designator=R1
Change Component Designator: Old Designator=R4 New Designator=R7
Change Component Designator: Old Designator=R6 New Designator=R2
Change Component Designator: Old Designator=R7 New Designator=R4
Change Component Designator: Old Designator=R8 New Designator=R3
Change Component Designator: Old Designator=R9 New Designator=R5
Change Component Designator: Old Designator=VD1 New Designator=VD3
Change Component Designator: Old Designator=VD2 New Designator=VD4
Change Component Designator: Old Designator=VD3 New Designator=VD1
Change Component Designator: Old Designator=VD4 New Designator=VD2
Change Component Designator: Old Designator=XP1 New Designator=XP2
Change Component Designator: Old Designator=XP2 New Designator=XP1
