Change Component Designator: Old Designator=C1 New Designator=C3
Change Component Designator: Old Designator=C2 New Designator=C1
Change Component Designator: Old Designator=C3 New Designator=C4
Change Component Designator: Old Designator=C4 New Designator=C8
Change Component Designator: Old Designator=C5 New Designator=C2
Change Component Designator: Old Designator=C6 New Designator=C5
Change Component Designator: Old Designator=C9 New Designator=C6
Change Component Designator: Old Designator=C11 New Designator=C10
Change Component Designator: Old Designator=C12 New Designator=C9
Change Component Designator: Old Designator=C? New Designator=C11
Change Component Designator: Old Designator=C? New Designator=C12
Change Component Designator: Old Designator=FU3 New Designator=FU2
Change Component Designator: Old Designator=FU4 New Designator=FU1
Change Component Designator: Old Designator=R1 New Designator=R4
Change Component Designator: Old Designator=R5 New Designator=R3
Change Component Designator: Old Designator=R6 New Designator=R2
Change Component Designator: Old Designator=R8 New Designator=R1
Change Component Designator: Old Designator=R? New Designator=R5
Change Component Designator: Old Designator=R? New Designator=R6
Change Component Designator: Old Designator=R? New Designator=R7
Change Component Designator: Old Designator=R? New Designator=R8
Change Component Designator: Old Designator=R? New Designator=R9
Change Component Designator: Old Designator=R? New Designator=R10
Change Component Designator: Old Designator=VD7 New Designator=VD1
Change Component Designator: Old Designator=VD? New Designator=VD2
Change Component Designator: Old Designator=VD? New Designator=VD3
Change Component Designator: Old Designator=VD? New Designator=VD4
Change Component Designator: Old Designator=XP4 New Designator=XP2
Change Component Designator: Old Designator=XP5 New Designator=XP1
