Change Component Designator: Old Designator=C10 New Designator=C21
Change Component Designator: Old Designator=C11 New Designator=C22
Change Component Designator: Old Designator=C13 New Designator=C23
Change Component Designator: Old Designator=C14 New Designator=C20
Change Component Designator: Old Designator=C16 New Designator=C18
Change Component Designator: Old Designator=C18 New Designator=C16
Change Component Designator: Old Designator=FU6 New Designator=FU5
Change Component Designator: Old Designator=R9 New Designator=R25
Change Component Designator: Old Designator=R10 New Designator=R26
Change Component Designator: Old Designator=R11 New Designator=R22
Change Component Designator: Old Designator=R12 New Designator=R23
Change Component Designator: Old Designator=R13 New Designator=R19
Change Component Designator: Old Designator=R14 New Designator=R20
Change Component Designator: Old Designator=R15 New Designator=R24
Change Component Designator: Old Designator=R16 New Designator=R27
Change Component Designator: Old Designator=R17 New Designator=R21
Change Component Designator: Old Designator=VD8 New Designator=VD15
Change Component Designator: Old Designator=VD9 New Designator=VD11
Change Component Designator: Old Designator=VD10 New Designator=VD13
Change Component Designator: Old Designator=VD12 New Designator=VD14
Change Component Designator: Old Designator=VD13 New Designator=VD12
Change Component Designator: Old Designator=VT1 New Designator=VT4
Change Component Designator: Old Designator=VT2 New Designator=VT3
Change Component Designator: Old Designator=XP? New Designator=XP6
