Change Component Designator: Old Designator=C16 New Designator=C18
Change Component Designator: Old Designator=C17 New Designator=C21
Change Component Designator: Old Designator=C18 New Designator=C23
Change Component Designator: Old Designator=C19 New Designator=C20
Change Component Designator: Old Designator=C20 New Designator=C17
Change Component Designator: Old Designator=C21 New Designator=C19
Change Component Designator: Old Designator=C23 New Designator=C14
Change Component Designator: Old Designator=C24 New Designator=C15
Change Component Designator: Old Designator=C25 New Designator=C16
Change Component Designator: Old Designator=R18 New Designator=R21
Change Component Designator: Old Designator=R19 New Designator=R22
Change Component Designator: Old Designator=R20 New Designator=R25
Change Component Designator: Old Designator=R21 New Designator=R19
Change Component Designator: Old Designator=R22 New Designator=R20
Change Component Designator: Old Designator=R24 New Designator=R17
Change Component Designator: Old Designator=R25 New Designator=R18
Change Component Designator: Old Designator=R26 New Designator=R24
Change Component Designator: Old Designator=VD11 New Designator=VD12
Change Component Designator: Old Designator=VD12 New Designator=VD15
Change Component Designator: Old Designator=VD15 New Designator=VD11
Change Component Designator: Old Designator=VT3 New Designator=VT4
Change Component Designator: Old Designator=VT4 New Designator=VT3
Change Component Designator: Old Designator=XP5 New Designator=XP4
