Removed Pin From Net: NetName=NetK1_1 Pin=K1-1
Removed Pin From Net: NetName=NetK1_11 Pin=K1-11
Removed Pin From Net: NetName=NetK1_12 Pin=K1-12
Removed Pin From Net: NetName=NetK1_14 Pin=K1-14
Removed Pin From Net: NetName=NetK2_1 Pin=K2-1
Removed Pin From Net: NetName=NetK2_11 Pin=K2-11
Removed Pin From Net: NetName=NetK2_12 Pin=K2-12
Removed Pin From Net: NetName=NetK2_14 Pin=K2-14
Removed Pin From Net: NetName=ANALOG2 Pin=XP4-2
Removed Pin From Net: NetName=SENSE1 Pin=XP5-1
Removed Pin From Net: NetName=SENSE2 Pin=XP5-2
Removed Pin From Net: NetName=NetK1_12 Pin=XP7-1
Removed Pin From Net: NetName=NetK1_11 Pin=XP7-2
Removed Pin From Net: NetName=NetK1_14 Pin=XP7-3
Removed Pin From Net: NetName=NetK2_12 Pin=XP8-1
Removed Pin From Net: NetName=NetK2_11 Pin=XP8-2
Removed Pin From Net: NetName=NetK2_14 Pin=XP8-3
Removed Member From Class: ClassName=Main Member=C24
Removed Member From Class: ClassName=Output Member=XP5
Removed Member From Class: ClassName=Output Member=XP7
Removed Member From Class: ClassName=Output Member=XP8
Change Component DesignItemId : Designator=XP4 Old DesignItemId=TC020060 New DesignItemId=MIF2X05PRP
Change Component Footprint: Designator=XP4 Old Footprint=TC020060 New Footprint=MIF2X05PRP
Change Component Comment : Designator=XP4 Old Comment=TC020060 New Comment=MIF2X05PRP
Change Component Designator: OldDesignator=C2 NewDesignator=C3
Change Component Designator: OldDesignator=C3 NewDesignator=C4
Change Component Designator: OldDesignator=C4 NewDesignator=C5
Change Component Designator: OldDesignator=C5 NewDesignator=C6
Change Component Designator: OldDesignator=C6 NewDesignator=C7
Change Component Designator: OldDesignator=C7 NewDesignator=C8
Change Component Designator: OldDesignator=C8 NewDesignator=C9
Change Component Designator: OldDesignator=C9 NewDesignator=C10
Change Component Designator: OldDesignator=C10 NewDesignator=C11
Change Component Designator: OldDesignator=C11 NewDesignator=C13
Change Component Designator: OldDesignator=C13 NewDesignator=C14
Change Component Designator: OldDesignator=C14 NewDesignator=C15
Change Component Designator: OldDesignator=C15 NewDesignator=C16
Change Component Designator: OldDesignator=C16 NewDesignator=C17
Change Component Designator: OldDesignator=C17 NewDesignator=C19
Change Component Designator: OldDesignator=C18 NewDesignator=C21
Change Component Designator: OldDesignator=C19 NewDesignator=C22
Change Component Designator: OldDesignator=C21 NewDesignator=C23
Change Component Designator: OldDesignator=C22 NewDesignator=C24
Change Component Designator: OldDesignator=C23 NewDesignator=C25
Change Component Designator: OldDesignator=C24 NewDesignator=C2
Change Component Designator: OldDesignator=C25 NewDesignator=C18
Change Component Designator: OldDesignator=K1 NewDesignator=K2
Change Component Designator: OldDesignator=K2 NewDesignator=K1
Change Component Designator: OldDesignator=R2 NewDesignator=R1
Change Component Designator: OldDesignator=R3 NewDesignator=R2
Change Component Designator: OldDesignator=R4 NewDesignator=R3
Change Component Designator: OldDesignator=R5 NewDesignator=R4
Change Component Designator: OldDesignator=R6 NewDesignator=R5
Change Component Designator: OldDesignator=R8 NewDesignator=R6
Change Component Designator: OldDesignator=R10 NewDesignator=R8
Change Component Designator: OldDesignator=R11 NewDesignator=R10
Change Component Designator: OldDesignator=R12 NewDesignator=R11
Change Component Designator: OldDesignator=R13 NewDesignator=R12
Change Component Designator: OldDesignator=R14 NewDesignator=R13
Change Component Designator: OldDesignator=R15 NewDesignator=R14
Change Component Designator: OldDesignator=R16 NewDesignator=R15
Change Component Designator: OldDesignator=R17 NewDesignator=R16
Change Component Designator: OldDesignator=R18 NewDesignator=R17
Change Component Designator: OldDesignator=R19 NewDesignator=R18
Change Component Designator: OldDesignator=R20 NewDesignator=R19
Change Component Designator: OldDesignator=R21 NewDesignator=R20
Change Component Designator: OldDesignator=R22 NewDesignator=R21
Change Component Designator: OldDesignator=R23 NewDesignator=R22
Change Component Designator: OldDesignator=R24 NewDesignator=R23
Change Component Designator: OldDesignator=R25 NewDesignator=R24
Change Component Designator: OldDesignator=R26 NewDesignator=R25
Change Component Designator: OldDesignator=R27 NewDesignator=R26
Change Component Designator: OldDesignator=VD1 NewDesignator=VD2
Change Component Designator: OldDesignator=VD2 NewDesignator=VD1
Change Component Designator: OldDesignator=VD3 NewDesignator=VD4
Change Component Designator: OldDesignator=VD4 NewDesignator=VD3
Change Component Designator: OldDesignator=XP1 NewDesignator=XP2
Change Component Designator: OldDesignator=XP2 NewDesignator=XP1
Change Component Designator: OldDesignator=XP6 NewDesignator=XP5
Added Pin To Net: NetName=NetK1_1 Pin=K1-1
Added Pin To Net: NetName=NetK1_11 Pin=K1-11
Added Pin To Net: NetName=NetK1_12 Pin=K1-12
Added Pin To Net: NetName=NetK1_14 Pin=K1-14
Added Pin To Net: NetName=NetK2_1 Pin=K2-1
Added Pin To Net: NetName=NetK2_11 Pin=K2-11
Added Pin To Net: NetName=NetK2_12 Pin=K2-12
Added Pin To Net: NetName=NetK2_14 Pin=K2-14
Added Pin To Net: NetName=SENSE1 Pin=XP4-2
Added Pin To Net: NetName=NetK1_12 Pin=XP4-3
Added Pin To Net: NetName=NetK1_14 Pin=XP4-4
Added Pin To Net: NetName=NetK1_14 Pin=XP4-4
Added Pin To Net: NetName=NetK1_11 Pin=XP4-5
Added Pin To Net: NetName=ANALOG2 Pin=XP4-6
Added Pin To Net: NetName=SENSE2 Pin=XP4-7
Added Pin To Net: NetName=NetK2_12 Pin=XP4-8
Added Pin To Net: NetName=NetK2_14 Pin=XP4-9
Added Pin To Net: NetName=NetK2_14 Pin=XP4-9
Added Pin To Net: NetName=NetK2_11 Pin=XP4-10
Change Net Name : Old Net Name=NetC15_2 New Net Name=NetC16_2
Change Net Name : Old Net Name=NetC21_2 New Net Name=NetC23_2
Change Net Name : Old Net Name=NetR2_2 New Net Name=NetR1_2
Change Net Name : Old Net Name=NetR3_2 New Net Name=NetR2_2
Change Net Name : Old Net Name=NetR11_1 New Net Name=NetR10_1
Change Net Name : Old Net Name=NetR13_2 New Net Name=NetR12_2
Change Net Name : Old Net Name=NetR15_1 New Net Name=NetR14_1
Change Net Name : Old Net Name=NetR17_2 New Net Name=NetR16_2
Change Net Name : Old Net Name=NetR19_1 New Net Name=NetR18_1
Change Net Name : Old Net Name=NetR20_1 New Net Name=NetR19_1
Change Net Name : Old Net Name=NetR21_1 New Net Name=NetR20_1
Added Member To Class: ClassName=Main Member=Component C13 0.1uF
