Removed Pin From Net: NetName=GND Pin=C10-1
Removed Pin From Net: NetName=ISP_VAR Pin=C10-2
Removed Pin From Net: NetName=GND Pin=C11-1
Removed Pin From Net: NetName=ISP_START Pin=C11-2
Removed Pin From Net: NetName=ISP_VAR Pin=R4-1
Removed Pin From Net: NetName=ISP_START Pin=R5-1
Removed Pin From Net: NetName=VCC Pin=R5-2
Removed Pin From Net: NetName=ISP_START Pin=XP3-1
Removed Pin From Net: NetName=GND Pin=XP3-2
Removed Pin From Net: NetName=GND Pin=XP3-3
Removed Pin From Net: NetName=ISP_VAR Pin=XP3-4
Removed Member From Class: ClassName=Main Member=C12
Removed Member From Class: ClassName=Main Member=C13
Removed Member From Class: ClassName=Power Member=C25
Removed Member From Class: ClassName=Main Member=XP3
Change Component Designator: OldDesignator=C1 NewDesignator=C2
Change Component Designator: OldDesignator=C2 NewDesignator=C8
Change Component Designator: OldDesignator=C3 NewDesignator=C7
Change Component Designator: OldDesignator=C4 NewDesignator=C1
Change Component Designator: OldDesignator=C5 NewDesignator=C3
Change Component Designator: OldDesignator=C7 NewDesignator=C11
Change Component Designator: OldDesignator=C8 NewDesignator=C10
Change Component Designator: OldDesignator=C9 NewDesignator=C4
Change Component Designator: OldDesignator=C12 NewDesignator=C5
Change Component Designator: OldDesignator=C13 NewDesignator=C9
Change Component Designator: OldDesignator=C14 NewDesignator=C12
Change Component Designator: OldDesignator=C15 NewDesignator=C13
Change Component Designator: OldDesignator=C16 NewDesignator=C18
Change Component Designator: OldDesignator=C17 NewDesignator=C21
Change Component Designator: OldDesignator=C18 NewDesignator=C23
Change Component Designator: OldDesignator=C19 NewDesignator=C20
Change Component Designator: OldDesignator=C20 NewDesignator=C17
Change Component Designator: OldDesignator=C21 NewDesignator=C19
Change Component Designator: OldDesignator=C23 NewDesignator=C14
Change Component Designator: OldDesignator=C24 NewDesignator=C15
Change Component Designator: OldDesignator=C25 NewDesignator=C16
Change Component Designator: OldDesignator=FU1 NewDesignator=FU2
Change Component Designator: OldDesignator=FU2 NewDesignator=FU1
Change Component Designator: OldDesignator=R1 NewDesignator=R6
Change Component Designator: OldDesignator=R2 NewDesignator=R9
Change Component Designator: OldDesignator=R3 NewDesignator=R1
Change Component Designator: OldDesignator=R4 NewDesignator=R8
Change Component Designator: OldDesignator=R6 NewDesignator=R2
Change Component Designator: OldDesignator=R7 NewDesignator=R4
Change Component Designator: OldDesignator=R8 NewDesignator=R3
Change Component Designator: OldDesignator=R9 NewDesignator=R5
Change Component Designator: OldDesignator=R10 NewDesignator=R14
Change Component Designator: OldDesignator=R11 NewDesignator=R16
Change Component Designator: OldDesignator=R12 NewDesignator=R10
Change Component Designator: OldDesignator=R13 NewDesignator=R12
Change Component Designator: OldDesignator=R14 NewDesignator=R15
Change Component Designator: OldDesignator=R15 NewDesignator=R17
Change Component Designator: OldDesignator=R16 NewDesignator=R11
Change Component Designator: OldDesignator=R17 NewDesignator=R13
Change Component Designator: OldDesignator=R18 NewDesignator=R22
Change Component Designator: OldDesignator=R19 NewDesignator=R23
Change Component Designator: OldDesignator=R20 NewDesignator=R26
Change Component Designator: OldDesignator=R21 NewDesignator=R20
Change Component Designator: OldDesignator=R22 NewDesignator=R21
Change Component Designator: OldDesignator=R23 NewDesignator=R24
Change Component Designator: OldDesignator=R24 NewDesignator=R18
Change Component Designator: OldDesignator=R25 NewDesignator=R19
Change Component Designator: OldDesignator=R26 NewDesignator=R25
Change Component Designator: OldDesignator=VD1 NewDesignator=VD3
Change Component Designator: OldDesignator=VD2 NewDesignator=VD4
Change Component Designator: OldDesignator=VD3 NewDesignator=VD1
Change Component Designator: OldDesignator=VD4 NewDesignator=VD2
Change Component Designator: OldDesignator=VD6 NewDesignator=VD9
Change Component Designator: OldDesignator=VD8 NewDesignator=VD10
Change Component Designator: OldDesignator=VD9 NewDesignator=VD8
Change Component Designator: OldDesignator=VD10 NewDesignator=VD6
Change Component Designator: OldDesignator=VD11 NewDesignator=VD12
Change Component Designator: OldDesignator=VD12 NewDesignator=VD15
Change Component Designator: OldDesignator=VD15 NewDesignator=VD11
Change Component Designator: OldDesignator=VT3 NewDesignator=VT4
Change Component Designator: OldDesignator=VT4 NewDesignator=VT3
Change Component Designator: OldDesignator=XP1 NewDesignator=XP2
Change Component Designator: OldDesignator=XP2 NewDesignator=XP1
Change Component Designator: OldDesignator=XP4 NewDesignator=XP3
Change Component Designator: OldDesignator=XP5 NewDesignator=XP4
Added Component: Designator=J1(PLS-02)
Added Component: Designator=R7(RC0603-3M)
Added Pin To Net: NetName=ISP_START Pin=J1-1
Added Pin To Net: NetName=GND Pin=J1-2
Added Pin To Net: NetName=ISP_VAR Pin=R7-1
Added Pin To Net: NetName=VCC Pin=R7-2
Added Pin To Net: NetName=ISP_START Pin=R8-1
Change Net Name : Old Net Name=NetC16_2 New Net Name=NetC18_2
Change Net Name : Old Net Name=NetC23_2 New Net Name=NetC14_2
Change Net Name : Old Net Name=NetR1_2 New Net Name=NetR6_2
Change Net Name : Old Net Name=NetR2_2 New Net Name=NetR9_2
Change Net Name : Old Net Name=NetR10_1 New Net Name=NetR14_1
Change Net Name : Old Net Name=NetR12_2 New Net Name=NetR10_2
Change Net Name : Old Net Name=NetR14_1 New Net Name=NetR15_1
Change Net Name : Old Net Name=NetR16_2 New Net Name=NetR11_2
Change Net Name : Old Net Name=NetR18_1 New Net Name=NetR22_1
Change Net Name : Old Net Name=NetR19_1 New Net Name=NetR23_1
Change Net Name : Old Net Name=NetR20_1 New Net Name=NetR26_1
Added Member To Class: ClassName=Power Member=Component C23 4.7uFx10V
Added Member To Class: ClassName=Main Member=Component J1 PLS-02
