Removed Member From Class: ClassName=Output Member=C3
Removed Member From Class: ClassName=Power Member=C3
Removed Member From Class: ClassName=Output Member=C9
Removed Member From Class: ClassName=Power Member=C13
Removed Member From Class: ClassName=Output Member=XP1
Removed Member From Class: ClassName=Power Member=XP1
Change Component Designator: OldDesignator=C12 NewDesignator=C13
Change Component Designator: OldDesignator=C13 NewDesignator=C14
Change Component Designator: OldDesignator=C14 NewDesignator=C15
Change Component Designator: OldDesignator=C15 NewDesignator=C16
Change Component Designator: OldDesignator=C16 NewDesignator=C17
Change Component Designator: OldDesignator=C17 NewDesignator=C18
Change Component Designator: OldDesignator=C18 NewDesignator=C19
Change Component Designator: OldDesignator=C19 NewDesignator=C20
Change Component Designator: OldDesignator=C20 NewDesignator=C21
Change Component Designator: OldDesignator=C21 NewDesignator=C22
Change Component Designator: OldDesignator=C22 NewDesignator=C23
Change Component Designator: OldDesignator=C23 NewDesignator=C24
Added Component: Designator=C12(CC0603-3M)
Added Pin To Net: NetName=GND Pin=C12-1
Added Pin To Net: NetName=ISP_START Pin=C12-2
Change Net Name : Old Net Name=NetC14_2 New Net Name=NetC15_2
Change Net Name : Old Net Name=NetC18_2 New Net Name=NetC19_2
Added Member To Class: ClassName=Main Member=Component C5 0.1uF
Added Member To Class: ClassName=Main Member=Component C9 0.1uF
Added Member To Class: ClassName=Main Member=Component C12 220pF
Added Member To Class: ClassName=Output Member=Component C13 0.1uF
Added Member To Class: ClassName=Output Member=Component C14 0.1uF
Added Member To Class: ClassName=Power Member=Component C16 1000uF x 6.3V
Added Member To Class: ClassName=Power Member=Component C24 4.7uFx10V
Added Member To Class: ClassName=Main Member=Component J1 PLS-02
Added Member To Class: ClassName=Main Member=Component R7 10k
Added Member To Class: ClassName=Output Member=Component XP2 MIF2X05PRP
Added Member To Class: ClassName=Power Member=Component XP3 MIF2X02PRP
