Removed Pin From Net: NetName=NetK1_12 Pin=XP4-3
Removed Pin From Net: NetName=NetK1_14 Pin=XP4-4
Removed Pin From Net: NetName=NetK1_11 Pin=XP4-5
Removed Pin From Net: NetName=ANALOG2 Pin=XP4-6
Removed Pin From Net: NetName=SENSE2 Pin=XP4-7
Removed Pin From Net: NetName=NetK2_12 Pin=XP4-8
Removed Pin From Net: NetName=NetK2_14 Pin=XP4-9
Removed Pin From Net: NetName=NetK2_14 Pin=XP4-9
Removed Pin From Net: NetName=NetK2_11 Pin=XP4-10
Removed Pin From Net: NetName=NetK2_11 Pin=XP4-10
Added Pin To Net: NetName=SENSE2 Pin=XP4-3
Added Pin To Net: NetName=ANALOG2 Pin=XP4-4
Added Pin To Net: NetName=NetK1_14 Pin=XP4-5
Added Pin To Net: NetName=NetK2_11 Pin=XP4-6
Added Pin To Net: NetName=NetK2_12 Pin=XP4-7
Added Pin To Net: NetName=NetK2_14 Pin=XP4-8
Added Pin To Net: NetName=NetK1_11 Pin=XP4-9
Added Pin To Net: NetName=NetK1_11 Pin=XP4-9
Added Pin To Net: NetName=NetK1_12 Pin=XP4-10
Added Pin To Net: NetName=NetK1_12 Pin=XP4-10
