Removed Pin From Net: NetName=NetC1_1 Pin=C1-1
Removed Pin From Net: NetName=NetC1_1 Pin=C2-1
Removed Pin From Net: NetName=NetC1_1 Pin=C3-1
Removed Pin From Net: NetName=NetC1_2 Pin=R1-1
Removed Pin From Net: NetName=NetC2_2 Pin=R2-1
Removed Pin From Net: NetName=NetC3_2 Pin=R3-1
Removed Pin From Net: NetName=NetC1_1 Pin=XP1-2
Change Component Comment : Designator=R1 Old Comment=39E New Comment=ÑFR 1/2W-S (3 x 9)  27E
Change Component Comment : Designator=R2 Old Comment=39E New Comment=ÑFR 1/2W-S (3 x 9)  27E
Change Component Comment : Designator=R3 Old Comment=39E New Comment=ÑFR 1/2W-S (3 x 9)  27E
Change Component Comment : Designator=C1 Old Comment=MKS4O121003F00KSSD New Comment=TS08S02S104KBB0D0R
Change Component Comment : Designator=C2 Old Comment=MKS4O121003F00KSSD New Comment=TS08S02S104KBB0D0R
Change Component Comment : Designator=C3 Old Comment=MKS4O121003F00KSSD New Comment=TS08S02S104KBB0D0R
Change component parameters: Designator = "C1"; Footprint = "CAP_HV_13x5"; UniqueID = "\KTOOEBZR"
Change component parameters. Clean all parameters for all variants
Change component parameters (AddParameter): Name = "Value"; Value = "TS08S02S104KBB0D0R"; VariantName = "[No Variations]"
Change component parameters: Designator = "C2"; Footprint = "CAP_HV_13x5"; UniqueID = "\XVFYFDGC"
Change component parameters. Clean all parameters for all variants
Change component parameters (AddParameter): Name = "Value"; Value = "TS08S02S104KBB0D0R"; VariantName = "[No Variations]"
Change component parameters: Designator = "C3"; Footprint = "CAP_HV_13x5"; UniqueID = "\OVCHTUZF"
Change component parameters. Clean all parameters for all variants
Change component parameters (AddParameter): Name = "Value"; Value = "TS08S02S104KBB0D0R"; VariantName = "[No Variations]"
Change component parameters: Designator = "R1"; Footprint = "RES_10x4_THD"; UniqueID = "\BCSRZRPT"
Change component parameters. Clean all parameters for all variants
Change component parameters (AddParameter): Name = "Value"; Value = "ÑFR 1/2W-S (3 x 9)  27E"; VariantName = "[No Variations]"
Change component parameters: Designator = "R2"; Footprint = "RES_10x4_THD"; UniqueID = "\DAALKXOF"
Change component parameters. Clean all parameters for all variants
Change component parameters (AddParameter): Name = "Value"; Value = "ÑFR 1/2W-S (3 x 9)  27E"; VariantName = "[No Variations]"
Change component parameters: Designator = "R3"; Footprint = "RES_10x4_THD"; UniqueID = "\ADTPOETB"
Change component parameters. Clean all parameters for all variants
Change component parameters (AddParameter): Name = "Value"; Value = "ÑFR 1/2W-S (3 x 9)  27E"; VariantName = "[No Variations]"
Added Component: Designator=RV1(Varistor_14MM)
Add component. Clean all parameters for all variants
Add component (AddParameter): Name = "Value"; Value = "KLS6-14D431K"; VariantName = "[No Variations]"
Added Pin To Net: NetName=NetC1_1 Pin=RV1-2
Change Net Name : Old Net Name=NetC1_1 New Net Name=NetR1_2
Added Pin To Net: NetName=NetC1_1 Pin=C1-1
Added Pin To Net: NetName=NetC1_1 Pin=R1-1
Added Net: Name=NetC1_1
Added Pin To Net: NetName=NetC2_1 Pin=C2-1
Added Pin To Net: NetName=NetC2_1 Pin=R2-1
Added Net: Name=NetC2_1
Added Pin To Net: NetName=NetC3_1 Pin=C3-1
Added Pin To Net: NetName=NetC3_1 Pin=R3-1
Added Net: Name=NetC3_1
Added Pin To Net: NetName=NetRV1_1 Pin=RV1-1
Added Pin To Net: NetName=NetRV1_1 Pin=XP1-2
Added Net: Name=NetRV1_1
Added Member To Class: ClassName=Filter Member=Component RV1 KLS6-14D431K
Added Room: Name=Filter
