Change Component Designator: Old Designator=C2 New Designator=C1
Change Component Designator: Old Designator=C2 New Designator=C3
Change Component Designator: Old Designator=C2 New Designator=C4
Change Component Designator: Old Designator=C2 New Designator=C9
Change Component Designator: Old Designator=C2 New Designator=C10
Change Component Designator: Old Designator=C6 New Designator=C5
Change Component Designator: Old Designator=C6 New Designator=C11
Change Component Designator: Old Designator=C8 New Designator=C7
Change Component Designator: Old Designator=C8 New Designator=C12
Change Component Designator: Old Designator=DA2 New Designator=DA1
Change Component Designator: Old Designator=DA2 New Designator=DA3
Change Component Designator: Old Designator=L2 New Designator=L1
Change Component Designator: Old Designator=L2 New Designator=L3
Change Component Designator: Old Designator=R6 New Designator=R1
Change Component Designator: Old Designator=R6 New Designator=R2
Change Component Designator: Old Designator=R6 New Designator=R3
Change Component Designator: Old Designator=R6 New Designator=R4
Change Component Designator: Old Designator=R6 New Designator=R5
Change Component Designator: Old Designator=R6 New Designator=R7
Change Component Designator: Old Designator=R6 New Designator=R8
Change Component Designator: Old Designator=R6 New Designator=R9
Change Component Designator: Old Designator=VD2 New Designator=VD1
Change Component Designator: Old Designator=VD2 New Designator=VD3
Change Component Designator: Old Designator=X2 New Designator=X1
Change Component Designator: Old Designator=X2 New Designator=X5
Change Component Designator: Old Designator=X3 New Designator=X4
Change Component Designator: Old Designator=X3 New Designator=X6
