Added Component: Designator=BR1(SDIP)
Added Component: Designator=C1(CC1206)
Added Component: Designator=C2(CC1206)
Added Component: Designator=C3(CC1206)
Added Component: Designator=C4(CC1206)
Added Component: Designator=C5(CAP_7.5_SMD_2)
Added Component: Designator=C6(CAP_7.5_SMD_2)
Added Component: Designator=C7(CC1206)
Added Component: Designator=C8(CC1206)
Added Component: Designator=C9(CC1206)
Added Component: Designator=C10(CC1206)
Added Component: Designator=C11(CAP_7.5_SMD_2)
Added Component: Designator=C12(CC1206)
Added Component: Designator=C13(CAP_630V_SMD)
Added Component: Designator=C14(CAP_630V_SMD)
Added Component: Designator=DA1(eSOP-12)
Added Component: Designator=DA2(eSOP-12)
Added Component: Designator=DA3(eSOP-12)
Added Component: Designator=F1(Fuse Belfuse)
Added Component: Designator=L1(IND_CDRH129)
Added Component: Designator=L2(IND_CDRH129)
Added Component: Designator=L3(IND_CDRH129)
Added Component: Designator=L4(IND_CDRH129)
Added Component: Designator=L5(IND_CDRH129)
Added Component: Designator=L6(IND_CDRH129)
Added Component: Designator=L7(IND_CDRH129)
Added Component: Designator=R1(RC1206)
Added Component: Designator=R2(RC1206)
Added Component: Designator=R3(RC1206)
Added Component: Designator=R4(RC1206)
Added Component: Designator=R5(RC1206)
Added Component: Designator=R6(RC1206)
Added Component: Designator=R7(RC1206)
Added Component: Designator=R8(RC1206)
Added Component: Designator=R9(RC1206)
Added Component: Designator=R10(RC1206)
Added Component: Designator=R11(RC1206)
Added Component: Designator=R12(RC1206)
Added Component: Designator=REPER1(REPER1.2)
Added Component: Designator=REPER2(REPER1.2)
Added Component: Designator=RU1(Varistor_7mm_SMD)
Added Component: Designator=VD1(SMA)
Added Component: Designator=VD2(SMA)
Added Component: Designator=VD3(SMA)
Added Component: Designator=VD4(SMA)
Added Component: Designator=X1(PIN_7x3mm_SMD)
Added Component: Designator=X2(PIN_7x3mm_SMD)
Added Component: Designator=X3(PIN_7x3mm_SMD)
Added Component: Designator=X4(PIN_7x3mm_SMD)
Added Component: Designator=X5(PIN_7x3mm_SMD)
Added Component: Designator=X6(PIN_7x3mm_SMD)
Added Component: Designator=XP1(Poke-In 2pin)
Added Pin To Net: NetName=GND Pin=BR1-4
Added Pin To Net: NetName=GND Pin=C5-1
Added Pin To Net: NetName=GND Pin=C6-1
Added Pin To Net: NetName=GND Pin=C11-1
Added Pin To Net: NetName=GND Pin=C13-1
Added Pin To Net: NetName=GND Pin=C14-1
Added Pin To Net: NetName=GND Pin=R3-2
Added Pin To Net: NetName=GND Pin=R4-2
Added Pin To Net: NetName=GND Pin=R8-2
Added Pin To Net: NetName=GND Pin=VD1-1
Added Pin To Net: NetName=GND Pin=VD2-1
Added Pin To Net: NetName=GND Pin=VD3-1
Added Pin To Net: NetName=GND Pin=X3-1
Added Pin To Net: NetName=GND Pin=X4-1
Added Pin To Net: NetName=GND Pin=X6-1
Added Net: Name=GND
Added Pin To Net: NetName=NetBR1_1 Pin=BR1-1
Added Pin To Net: NetName=NetBR1_1 Pin=L4-2
Added Pin To Net: NetName=NetBR1_1 Pin=R10-2
Added Pin To Net: NetName=NetBR1_1 Pin=RU1-2
Added Net: Name=NetBR1_1
Added Pin To Net: NetName=NetBR1_2 Pin=BR1-2
Added Pin To Net: NetName=NetBR1_2 Pin=L7-2
Added Pin To Net: NetName=NetBR1_2 Pin=R12-2
Added Pin To Net: NetName=NetBR1_2 Pin=RU1-1
Added Net: Name=NetBR1_2
Added Pin To Net: NetName=NetBR1_3 Pin=BR1-3
Added Pin To Net: NetName=NetBR1_3 Pin=C13-2
Added Pin To Net: NetName=NetBR1_3 Pin=L5-1
Added Pin To Net: NetName=NetBR1_3 Pin=L6-1
Added Pin To Net: NetName=NetBR1_3 Pin=R11-1
Added Net: Name=NetBR1_3
Added Pin To Net: NetName=NetC1_1 Pin=C1-1
Added Pin To Net: NetName=NetC1_1 Pin=C3-2
Added Pin To Net: NetName=NetC1_1 Pin=C7-2
Added Pin To Net: NetName=NetC1_1 Pin=DA1-7
Added Pin To Net: NetName=NetC1_1 Pin=DA1-8
Added Pin To Net: NetName=NetC1_1 Pin=DA1-9
Added Pin To Net: NetName=NetC1_1 Pin=DA1-10
Added Pin To Net: NetName=NetC1_1 Pin=DA1-11
Added Pin To Net: NetName=NetC1_1 Pin=DA1-12
Added Pin To Net: NetName=NetC1_1 Pin=DA1-13
Added Pin To Net: NetName=NetC1_1 Pin=L1-1
Added Pin To Net: NetName=NetC1_1 Pin=R5-2
Added Net: Name=NetC1_1
Added Pin To Net: NetName=NetC1_2 Pin=C1-2
Added Pin To Net: NetName=NetC1_2 Pin=DA1-3
Added Net: Name=NetC1_2
Added Pin To Net: NetName=NetC2_1 Pin=C2-1
Added Pin To Net: NetName=NetC2_1 Pin=C4-2
Added Pin To Net: NetName=NetC2_1 Pin=C8-2
Added Pin To Net: NetName=NetC2_1 Pin=DA2-7
Added Pin To Net: NetName=NetC2_1 Pin=DA2-8
Added Pin To Net: NetName=NetC2_1 Pin=DA2-9
Added Pin To Net: NetName=NetC2_1 Pin=DA2-10
Added Pin To Net: NetName=NetC2_1 Pin=DA2-11
Added Pin To Net: NetName=NetC2_1 Pin=DA2-12
Added Pin To Net: NetName=NetC2_1 Pin=DA2-13
Added Pin To Net: NetName=NetC2_1 Pin=L2-1
Added Pin To Net: NetName=NetC2_1 Pin=R6-2
Added Net: Name=NetC2_1
Added Pin To Net: NetName=NetC2_2 Pin=C2-2
Added Pin To Net: NetName=NetC2_2 Pin=DA2-3
Added Net: Name=NetC2_2
Added Pin To Net: NetName=NetC3_1 Pin=C3-1
Added Pin To Net: NetName=NetC3_1 Pin=DA1-2
Added Pin To Net: NetName=NetC3_1 Pin=R1-2
Added Net: Name=NetC3_1
Added Pin To Net: NetName=NetC4_1 Pin=C4-1
Added Pin To Net: NetName=NetC4_1 Pin=DA2-2
Added Pin To Net: NetName=NetC4_1 Pin=R2-2
Added Net: Name=NetC4_1
Added Pin To Net: NetName=NetC5_2 Pin=C5-2
Added Pin To Net: NetName=NetC5_2 Pin=L1-2
Added Pin To Net: NetName=NetC5_2 Pin=R3-1
Added Pin To Net: NetName=NetC5_2 Pin=X1-1
Added Net: Name=NetC5_2
Added Pin To Net: NetName=NetC6_2 Pin=C6-2
Added Pin To Net: NetName=NetC6_2 Pin=L2-2
Added Pin To Net: NetName=NetC6_2 Pin=R4-1
Added Pin To Net: NetName=NetC6_2 Pin=X2-1
Added Net: Name=NetC6_2
Added Pin To Net: NetName=NetC7_1 Pin=C7-1
Added Pin To Net: NetName=NetC7_1 Pin=R1-1
Added Pin To Net: NetName=NetC7_1 Pin=R5-1
Added Pin To Net: NetName=NetC7_1 Pin=VD1-2
Added Net: Name=NetC7_1
Added Pin To Net: NetName=NetC8_1 Pin=C8-1
Added Pin To Net: NetName=NetC8_1 Pin=R2-1
Added Pin To Net: NetName=NetC8_1 Pin=R6-1
Added Pin To Net: NetName=NetC8_1 Pin=VD2-2
Added Net: Name=NetC8_1
Added Pin To Net: NetName=NetC9_1 Pin=C9-1
Added Pin To Net: NetName=NetC9_1 Pin=C10-2
Added Pin To Net: NetName=NetC9_1 Pin=C12-2
Added Pin To Net: NetName=NetC9_1 Pin=DA3-7
Added Pin To Net: NetName=NetC9_1 Pin=DA3-8
Added Pin To Net: NetName=NetC9_1 Pin=DA3-9
Added Pin To Net: NetName=NetC9_1 Pin=DA3-10
Added Pin To Net: NetName=NetC9_1 Pin=DA3-11
Added Pin To Net: NetName=NetC9_1 Pin=DA3-12
Added Pin To Net: NetName=NetC9_1 Pin=DA3-13
Added Pin To Net: NetName=NetC9_1 Pin=L3-1
Added Pin To Net: NetName=NetC9_1 Pin=R9-2
Added Net: Name=NetC9_1
Added Pin To Net: NetName=NetC9_2 Pin=C9-2
Added Pin To Net: NetName=NetC9_2 Pin=DA3-3
Added Net: Name=NetC9_2
Added Pin To Net: NetName=NetC10_1 Pin=C10-1
Added Pin To Net: NetName=NetC10_1 Pin=DA3-2
Added Pin To Net: NetName=NetC10_1 Pin=R7-2
Added Net: Name=NetC10_1
Added Pin To Net: NetName=NetC11_2 Pin=C11-2
Added Pin To Net: NetName=NetC11_2 Pin=L3-2
Added Pin To Net: NetName=NetC11_2 Pin=R8-1
Added Pin To Net: NetName=NetC11_2 Pin=X5-1
Added Net: Name=NetC11_2
Added Pin To Net: NetName=NetC12_1 Pin=C12-1
Added Pin To Net: NetName=NetC12_1 Pin=R7-1
Added Pin To Net: NetName=NetC12_1 Pin=R9-1
Added Pin To Net: NetName=NetC12_1 Pin=VD3-2
Added Net: Name=NetC12_1
Added Pin To Net: NetName=NetC14_2 Pin=C14-2
Added Pin To Net: NetName=NetC14_2 Pin=L5-2
Added Pin To Net: NetName=NetC14_2 Pin=L6-2
Added Pin To Net: NetName=NetC14_2 Pin=R11-2
Added Pin To Net: NetName=NetC14_2 Pin=VD4-1
Added Net: Name=NetC14_2
Added Pin To Net: NetName=NetDA1_6 Pin=DA1-6
Added Pin To Net: NetName=NetDA1_6 Pin=DA2-6
Added Pin To Net: NetName=NetDA1_6 Pin=DA3-6
Added Pin To Net: NetName=NetDA1_6 Pin=VD4-2
Added Net: Name=NetDA1_6
Added Pin To Net: NetName=NetF1_1 Pin=F1-1
Added Pin To Net: NetName=NetF1_1 Pin=L4-1
Added Pin To Net: NetName=NetF1_1 Pin=R10-1
Added Net: Name=NetF1_1
Added Pin To Net: NetName=NetF1_2 Pin=F1-2
Added Pin To Net: NetName=NetF1_2 Pin=XP1-3
Added Net: Name=NetF1_2
Added Pin To Net: NetName=NetL7_1 Pin=L7-1
Added Pin To Net: NetName=NetL7_1 Pin=R12-1
Added Pin To Net: NetName=NetL7_1 Pin=XP1-4
Added Net: Name=NetL7_1
Added Class: Name=DriverIC
Added Class: Name=Input_AC
