Change Component Designator: Old Designator=F? New Designator=F1
Change Component Designator: Old Designator=F? New Designator=F2
Change Component Designator: Old Designator=J? New Designator=J7
Change Component Designator: Old Designator=J? New Designator=J8
Change Component Designator: Old Designator=J? New Designator=J9
Change Component Designator: Old Designator=R? New Designator=R36
Change Component Designator: Old Designator=R? New Designator=R37
Change Component Designator: Old Designator=R? New Designator=R38
Change Component Designator: Old Designator=R? New Designator=R39
Change Component Designator: Old Designator=R? New Designator=R40
Change Component Designator: Old Designator=R? New Designator=R41
Change Component Designator: Old Designator=REL? New Designator=REL1
Change Component Designator: Old Designator=REL? New Designator=REL2
Change Component Designator: Old Designator=REL? New Designator=REL3
Change Component Designator: Old Designator=VD? New Designator=VD9
Change Component Designator: Old Designator=VD? New Designator=VD10
Change Component Designator: Old Designator=VD? New Designator=VD11
Change Component Designator: Old Designator=VD? New Designator=VD12
Change Component Designator: Old Designator=VD? New Designator=VD13
Change Component Designator: Old Designator=VD? New Designator=VD14
Change Component Designator: Old Designator=VD? New Designator=VD15
Change Component Designator: Old Designator=VD? New Designator=VD16
Change Component Designator: Old Designator=VD? New Designator=VD17
Change Component Designator: Old Designator=VD? New Designator=VD18
Change Component Designator: Old Designator=VT? New Designator=VT7
Change Component Designator: Old Designator=VT? New Designator=VT8
Change Component Designator: Old Designator=VT? New Designator=VT9
