Removed Pin From Net: NetName=GND Pin=C1-2
Removed Pin From Net: NetName=GND Pin=C2-1
Removed Pin From Net: NetName=GND Pin=C3-1
Removed Pin From Net: NetName=GND Pin=C4-2
Removed Pin From Net: NetName=GND Pin=C5-1
Removed Pin From Net: NetName=GND Pin=C6-1
Removed Pin From Net: NetName=GND Pin=C7-2
Removed Pin From Net: NetName=GND Pin=C8-2
Removed Pin From Net: NetName=+3V3 Pin=C9-1
Removed Pin From Net: NetName=+3V3 Pin=C10-2
Removed Pin From Net: NetName=GND Pin=C11-1
Removed Pin From Net: NetName=GND Pin=C13-1
Removed Pin From Net: NetName=GND Pin=C14-1
Removed Pin From Net: NetName=GND Pin=C28-1
Removed Pin From Net: NetName=GND Pin=C29-2
Removed Pin From Net: NetName=+3V3 Pin=DA1-5
Removed Pin From Net: NetName=GND Pin=DD1-5
Removed Pin From Net: NetName=GND Pin=DD1-21
Removed Pin From Net: NetName=GND Pin=DD1-22
Removed Pin From Net: NetName=GND Pin=DD1-41
Removed Pin From Net: NetName=GND Pin=DD2-4
Removed Pin From Net: NetName=GND Pin=DD3-4
Removed Pin From Net: NetName=GND Pin=DD4-4
Removed Pin From Net: NetName=GND Pin=J1-2
Removed Pin From Net: NetName=GND Pin=J3-2
Removed Pin From Net: NetName=GND Pin=QR2-3
Removed Pin From Net: NetName=+3V3 Pin=R5-2
Removed Pin From Net: NetName=GND Pin=R7-1
Removed Pin From Net: NetName=+3V3 Pin=R56-1
Removed Pin From Net: NetName=+3V3 Pin=R57-1
Removed Pin From Net: NetName=+3V3 Pin=R58-1
Removed Pin From Net: NetName=+3V3 Pin=R59-1
Removed Pin From Net: NetName=GND Pin=U1-3
Removed Pin From Net: NetName=GND Pin=U2-3
Removed Pin From Net: NetName=GND Pin=U3-3
Removed Pin From Net: NetName=GND Pin=VD1-2
Removed Pin From Net: NetName=GND Pin=VD2-2
Removed Pin From Net: NetName=GND Pin=VD3-1
Removed Pin From Net: NetName=+3V3 Pin=VD3-2
Removed Pin From Net: NetName=GND Pin=VD33-1
Removed Pin From Net: NetName=GND Pin=VT1-2
Removed Pin From Net: NetName=GND Pin=VT2-2
Removed Pin From Net: NetName=GND Pin=VT3-2
Removed Pin From Net: NetName=GND Pin=VT4-2
Removed Pin From Net: NetName=GND Pin=XP1-2
Added Component: Designator=C30(FILM_CAP_5-10)
Add component. Clean all parameters for all variants
Add component (AddParameter): Name = "Value"; Value = "{Value}"; VariantName = "[No Variations]"
Added Component: Designator=C31(CC16X10_CAP0.5(1)(Primary))
Add component. Clean all parameters for all variants
Add component (AddParameter): Name = "Value"; Value = "470uFx35V"; VariantName = "[No Variations]"
Added Component: Designator=C32(CC0603)
Add component. Clean all parameters for all variants
Add component (AddParameter): Name = "Value"; Value = "0.1 uF"; VariantName = "[No Variations]"
Added Component: Designator=C33(CC16X10_CAP0.5(1)(Primary))
Add component. Clean all parameters for all variants
Add component (AddParameter): Name = "Value"; Value = "470uFx35V"; VariantName = "[No Variations]"
Added Component: Designator=C34(CC0603)
Add component. Clean all parameters for all variants
Add component (AddParameter): Name = "Value"; Value = "0.1 uF"; VariantName = "[No Variations]"
Added Component: Designator=C35(FILM_CAP_5-10)
Add component. Clean all parameters for all variants
Add component (AddParameter): Name = "Value"; Value = "10nF"; VariantName = "[No Variations]"
Added Component: Designator=C36(FILM_CAP_5-10)
Add component. Clean all parameters for all variants
Add component (AddParameter): Name = "Value"; Value = "10nF"; VariantName = "[No Variations]"
Added Component: Designator=C37(FILM_CAP_5-10)
Add component. Clean all parameters for all variants
Add component (AddParameter): Name = "Value"; Value = "10nF"; VariantName = "[No Variations]"
Added Component: Designator=DA3(CME0303S3C)
Add component. Clean all parameters for all variants
Added Component: Designator=DA4(D-PAK(TO-252AA))
Add component. Clean all parameters for all variants
Add component (AddParameter): Name = "Value"; Value = ""; VariantName = "[No Variations]"
Added Component: Designator=FU8(MF-SMDF)
Add component. Clean all parameters for all variants
Add component (AddParameter): Name = "Value"; Value = "MF-SMDF050"; VariantName = "[No Variations]"
Added Component: Designator=R62(RC0805)
Add component. Clean all parameters for all variants
Add component (AddParameter): Name = "Value"; Value = "0E"; VariantName = "[No Variations]"
Added Component: Designator=R63(RC0805)
Add component. Clean all parameters for all variants
Add component (AddParameter): Name = "Value"; Value = "0E"; VariantName = "[No Variations]"
Added Component: Designator=R64(RES_10x4_THD)
Add component. Clean all parameters for all variants
Add component (AddParameter): Name = "Value"; Value = "39E"; VariantName = "[No Variations]"
Added Component: Designator=R65(RES_10x4_THD)
Add component. Clean all parameters for all variants
Add component (AddParameter): Name = "Value"; Value = "39E"; VariantName = "[No Variations]"
Added Component: Designator=R66(RES_10x4_THD)
Add component. Clean all parameters for all variants
Add component (AddParameter): Name = "Value"; Value = "39E"; VariantName = "[No Variations]"
Added Component: Designator=XP15(2EDGR-5.0)
Add component. Clean all parameters for all variants
Add component (AddParameter): Name = "Value"; Value = "2EDGR-5.0-02P-14-00AH"; VariantName = "[No Variations]"
Added Pin To Net: NetName=GND Pin=C31-1
Added Pin To Net: NetName=GND Pin=C32-2
Added Pin To Net: NetName=GND Pin=C33-1
Added Pin To Net: NetName=GND Pin=C34-2
Added Pin To Net: NetName=NetF1_2 Pin=C35-1
Added Pin To Net: NetName=NetREL1_5 Pin=C35-2
Added Pin To Net: NetName=NetREL1_5 Pin=C35-3
Added Pin To Net: NetName=NetREL1_5 Pin=C35-4
Added Pin To Net: NetName=NetF1_2 Pin=C36-1
Added Pin To Net: NetName=NetREL2_5 Pin=C36-2
Added Pin To Net: NetName=NetREL2_5 Pin=C36-3
Added Pin To Net: NetName=NetREL2_5 Pin=C36-4
Added Pin To Net: NetName=NetREL3_5 Pin=C37-1
Added Pin To Net: NetName=NetF1_2 Pin=C37-2
Added Pin To Net: NetName=NetF1_2 Pin=C37-3
Added Pin To Net: NetName=NetF1_2 Pin=C37-4
Added Pin To Net: NetName=GND Pin=DA3-1
Added Pin To Net: NetName=+3V3 Pin=DA3-4
Added Pin To Net: NetName=GND Pin=DA4-2
Added Pin To Net: NetName=+VIN_F Pin=FU8-1
Added Pin To Net: NetName=+3V3 Pin=R62-2
Added Pin To Net: NetName=GND Pin=R63-1
Added Pin To Net: NetName=NetF1_2 Pin=R64-1
Added Pin To Net: NetName=NetREL1_5 Pin=R64-2
Added Pin To Net: NetName=NetF1_2 Pin=R65-1
Added Pin To Net: NetName=NetREL2_5 Pin=R65-2
Added Pin To Net: NetName=NetREL3_5 Pin=R66-1
Added Pin To Net: NetName=NetF1_2 Pin=R66-2
Added Pin To Net: NetName=GND Pin=XP15-2
Change Net Name : Old Net Name=+3V3 New Net Name=+3V3_F
Change Net Name : Old Net Name=NetF1_2 New Net Name=NetC35_1
Change Net Name : Old Net Name=NetREL1_5 New Net Name=NetC35_2
Change Net Name : Old Net Name=NetREL2_5 New Net Name=NetC36_2
Change Net Name : Old Net Name=NetREL3_5 New Net Name=NetC37_1
Added Pin To Net: NetName=+3V3 Pin=C9-1
Added Pin To Net: NetName=+3V3 Pin=C10-2
Added Pin To Net: NetName=+3V3 Pin=DA1-5
Added Pin To Net: NetName=+3V3 Pin=DA3-2
Added Pin To Net: NetName=+3V3 Pin=R5-2
Added Pin To Net: NetName=+3V3 Pin=R56-1
Added Pin To Net: NetName=+3V3 Pin=R57-1
Added Pin To Net: NetName=+3V3 Pin=R58-1
Added Pin To Net: NetName=+3V3 Pin=R59-1
Added Pin To Net: NetName=+3V3 Pin=R62-1
Added Pin To Net: NetName=+3V3 Pin=VD3-2
Added Net: Name=+3V3
Added Pin To Net: NetName=+12V_OUT Pin=C33-2
Added Pin To Net: NetName=+12V_OUT Pin=C34-1
Added Pin To Net: NetName=+12V_OUT Pin=DA4-3
Added Pin To Net: NetName=+12V_OUT Pin=XP15-1
Added Net: Name=+12V_OUT
Added Pin To Net: NetName=GND_MCU Pin=C1-2
Added Pin To Net: NetName=GND_MCU Pin=C2-1
Added Pin To Net: NetName=GND_MCU Pin=C3-1
Added Pin To Net: NetName=GND_MCU Pin=C4-2
Added Pin To Net: NetName=GND_MCU Pin=C5-1
Added Pin To Net: NetName=GND_MCU Pin=C6-1
Added Pin To Net: NetName=GND_MCU Pin=C7-2
Added Pin To Net: NetName=GND_MCU Pin=C8-2
Added Pin To Net: NetName=GND_MCU Pin=C11-1
Added Pin To Net: NetName=GND_MCU Pin=C13-1
Added Pin To Net: NetName=GND_MCU Pin=C14-1
Added Pin To Net: NetName=GND_MCU Pin=C28-1
Added Pin To Net: NetName=GND_MCU Pin=C29-2
Added Pin To Net: NetName=GND_MCU Pin=DA3-3
Added Pin To Net: NetName=GND_MCU Pin=DD1-5
Added Pin To Net: NetName=GND_MCU Pin=DD1-21
Added Pin To Net: NetName=GND_MCU Pin=DD1-22
Added Pin To Net: NetName=GND_MCU Pin=DD1-41
Added Pin To Net: NetName=GND_MCU Pin=DD2-4
Added Pin To Net: NetName=GND_MCU Pin=DD3-4
Added Pin To Net: NetName=GND_MCU Pin=DD4-4
Added Pin To Net: NetName=GND_MCU Pin=J1-2
Added Pin To Net: NetName=GND_MCU Pin=J3-2
Added Pin To Net: NetName=GND_MCU Pin=QR2-3
Added Pin To Net: NetName=GND_MCU Pin=R7-1
Added Pin To Net: NetName=GND_MCU Pin=R63-2
Added Pin To Net: NetName=GND_MCU Pin=U1-3
Added Pin To Net: NetName=GND_MCU Pin=U2-3
Added Pin To Net: NetName=GND_MCU Pin=U3-3
Added Pin To Net: NetName=GND_MCU Pin=VD1-2
Added Pin To Net: NetName=GND_MCU Pin=VD2-2
Added Pin To Net: NetName=GND_MCU Pin=VD3-1
Added Pin To Net: NetName=GND_MCU Pin=VD33-1
Added Pin To Net: NetName=GND_MCU Pin=VT1-2
Added Pin To Net: NetName=GND_MCU Pin=VT2-2
Added Pin To Net: NetName=GND_MCU Pin=VT3-2
Added Pin To Net: NetName=GND_MCU Pin=VT4-2
Added Pin To Net: NetName=GND_MCU Pin=XP1-2
Added Net: Name=GND_MCU
Added Pin To Net: NetName=NetC30_2 Pin=C30-2
Added Pin To Net: NetName=NetC30_2 Pin=C30-3
Added Pin To Net: NetName=NetC30_2 Pin=C30-4
Added Net: Name=NetC30_2
Added Pin To Net: NetName=NetC31_2 Pin=C31-2
Added Pin To Net: NetName=NetC31_2 Pin=C32-1
Added Pin To Net: NetName=NetC31_2 Pin=DA4-1
Added Pin To Net: NetName=NetC31_2 Pin=FU8-2
Added Net: Name=NetC31_2
Added Member To Class: ClassName=[8]-OUTPUTS Member=Component C30 {Value}
Added Member To Class: ClassName=[8]-OUTPUTS Member=Component C31 470uFx35V
Added Member To Class: ClassName=[8]-OUTPUTS Member=Component C32 0.1 uF
Added Member To Class: ClassName=[8]-OUTPUTS Member=Component C33 470uFx35V
Added Member To Class: ClassName=[8]-OUTPUTS Member=Component C34 0.1 uF
Added Member To Class: ClassName=[9]-RELAYS Member=Component C35 10nF
Added Member To Class: ClassName=[9]-RELAYS Member=Component C36 10nF
Added Member To Class: ClassName=[9]-RELAYS Member=Component C37 10nF
Added Member To Class: ClassName=[5]-MCU_POWER Member=Component DA3 CME0303S3C
Added Member To Class: ClassName=[8]-OUTPUTS Member=Component DA4 MC78M05CDTRK
Added Member To Class: ClassName=[8]-OUTPUTS Member=Component FU8 MF-SMDF050
Added Member To Class: ClassName=[5]-MCU_POWER Member=Component R62 0E
Added Member To Class: ClassName=[5]-MCU_POWER Member=Component R63 0E
Added Member To Class: ClassName=[9]-RELAYS Member=Component R64 39E
Added Member To Class: ClassName=[9]-RELAYS Member=Component R65 39E
Added Member To Class: ClassName=[9]-RELAYS Member=Component R66 39E
Added Member To Class: ClassName=[15]-MAIN_CONNECTORS Member=Component XP15 2EDGR-5.0-02P-14-00AH
