Added Component: Designator=BUZ1(BUZZER_12)
Add component. Clean all parameters for all variants
Add component (AddParameter): Name = "Value"; Value = "EMB-1203"; VariantName = "[No Variations]"
Added Component: Designator=C1(CC0603)
Add component. Clean all parameters for all variants
Add component (AddParameter): Name = "Value"; Value = "0.1uF"; VariantName = "[No Variations]"
Added Component: Designator=C2(CC0603)
Add component. Clean all parameters for all variants
Add component (AddParameter): Name = "Value"; Value = "0.1uF"; VariantName = "[No Variations]"
Added Component: Designator=C3(CC0603)
Add component. Clean all parameters for all variants
Add component (AddParameter): Name = "Value"; Value = "0.1uF"; VariantName = "[No Variations]"
Added Component: Designator=C4(CC0603)
Add component. Clean all parameters for all variants
Add component (AddParameter): Name = "Value"; Value = ""; VariantName = "[No Variations]"
Added Component: Designator=C5(CC0603)
Add component. Clean all parameters for all variants
Add component (AddParameter): Name = "Value"; Value = "22pF"; VariantName = "[No Variations]"
Added Component: Designator=C6(CC0603)
Add component. Clean all parameters for all variants
Add component (AddParameter): Name = "Value"; Value = "22pF"; VariantName = "[No Variations]"
Added Component: Designator=C7(CC0603)
Add component. Clean all parameters for all variants
Add component (AddParameter): Name = "Value"; Value = "0.1uF"; VariantName = "[No Variations]"
Added Component: Designator=C8(CC0603)
Add component. Clean all parameters for all variants
Add component (AddParameter): Name = "Value"; Value = "0.1uF"; VariantName = "[No Variations]"
Added Component: Designator=C9(CC0603)
Add component. Clean all parameters for all variants
Add component (AddParameter): Name = "Value"; Value = "0.1uF"; VariantName = "[No Variations]"
Added Component: Designator=C10(CC0805)
Add component. Clean all parameters for all variants
Add component (AddParameter): Name = "Value"; Value = "10uFx6.3V"; VariantName = "[No Variations]"
Added Component: Designator=C11(CC0603)
Add component. Clean all parameters for all variants
Add component (AddParameter): Name = "Value"; Value = "0.1uF"; VariantName = "[No Variations]"
Added Component: Designator=C12(CC0603)
Add component. Clean all parameters for all variants
Add component (AddParameter): Name = "Value"; Value = "0.1uF"; VariantName = "[No Variations]"
Added Component: Designator=C13(CC0603)
Add component. Clean all parameters for all variants
Add component (AddParameter): Name = "Value"; Value = "200pF"; VariantName = "[No Variations]"
Added Component: Designator=C14(CC0603)
Add component. Clean all parameters for all variants
Add component (AddParameter): Name = "Value"; Value = "200pF"; VariantName = "[No Variations]"
Added Component: Designator=C15(CC1206)
Add component. Clean all parameters for all variants
Add component (AddParameter): Name = "Value"; Value = "0.1uFx250V"; VariantName = "[No Variations]"
Added Component: Designator=C16(CC16X10_CAP0.5(1)(Primary))
Add component. Clean all parameters for all variants
Add component (AddParameter): Name = "Value"; Value = "470uFx35V"; VariantName = "[No Variations]"
Added Component: Designator=C17(CC16X10_CAP0.5(1)(Primary))
Add component. Clean all parameters for all variants
Add component (AddParameter): Name = "Value"; Value = "470uFx35V"; VariantName = "[No Variations]"
Added Component: Designator=C18(CC0603)
Add component. Clean all parameters for all variants
Add component (AddParameter): Name = "Value"; Value = "0.1 uF"; VariantName = "[No Variations]"
Added Component: Designator=C19(CC0603)
Add component. Clean all parameters for all variants
Add component (AddParameter): Name = "Value"; Value = "0.1 uF"; VariantName = "[No Variations]"
Added Component: Designator=C20(CC8X3.5)
Add component. Clean all parameters for all variants
Add component (AddParameter): Name = "Value"; Value = "1000uFx6.3V"; VariantName = "[No Variations]"
Added Component: Designator=C21(CC16X10_CAP0.5(1)(Primary))
Add component. Clean all parameters for all variants
Add component (AddParameter): Name = "Value"; Value = "470uFx35V"; VariantName = "[No Variations]"
Added Component: Designator=C22(CC0603)
Add component. Clean all parameters for all variants
Add component (AddParameter): Name = "Value"; Value = "0.1 uF"; VariantName = "[No Variations]"
Added Component: Designator=C23(CC0603)
Add component. Clean all parameters for all variants
Add component (AddParameter): Name = "Value"; Value = "10 nF"; VariantName = "[No Variations]"
Added Component: Designator=C24(CC0603)
Add component. Clean all parameters for all variants
Add component (AddParameter): Name = "Value"; Value = "330pF"; VariantName = "[No Variations]"
Added Component: Designator=C25(CC0603)
Add component. Clean all parameters for all variants
Add component (AddParameter): Name = "Value"; Value = "560pF"; VariantName = "[No Variations]"
Added Component: Designator=C26(CAP_D12.5_H25)
Add component. Clean all parameters for all variants
Add component (AddParameter): Name = "Value"; Value = "DRE10/2.5"; VariantName = "[No Variations]"
Added Component: Designator=C27(CAP_D12.5_H25)
Add component. Clean all parameters for all variants
Add component (AddParameter): Name = "Value"; Value = "DRE10/2.5"; VariantName = "[No Variations]"
Added Component: Designator=C28(CC0603)
Add component. Clean all parameters for all variants
Add component (AddParameter): Name = "Value"; Value = "0.1uF"; VariantName = "[No Variations]"
Added Component: Designator=C29(CC8X11.5_L)
Add component. Clean all parameters for all variants
Add component (AddParameter): Name = "Value"; Value = "1Fx2.7V"; VariantName = "[No Variations]"
Added Component: Designator=DA1(SOT23-5)
Add component. Clean all parameters for all variants
Add component (AddParameter): Name = "ComponentLink1Description"; Value = "Manufacturer Link"; VariantName = "[No Variations]"
Add component (AddParameter): Name = "ComponentLink1URL"; Value = "http://www.microchip.com"; VariantName = "[No Variations]"
Add component (AddParameter): Name = "ComponentLink2Description"; Value = "Datasheet"; VariantName = "[No Variations]"
Add component (AddParameter): Name = "ComponentLink2URL"; Value = "http://ww1.microchip.com/downloads/en/DeviceDoc/22070a.pdf"; VariantName = "[No Variations]"
Add component (AddParameter): Name = "ComponentLink3Description"; Value = "Packaging Specification"; VariantName = "[No Variations]"
Add component (AddParameter): Name = "ComponentLink3URL"; Value = "http://ww1.microchip.com/downloads/en/PackagingSpec/00049AW.pdf"; VariantName = "[No Variations]"
Add component (AddParameter): Name = "DatasheetVersion"; Value = "revA, Aug-2007"; VariantName = "[No Variations]"
Add component (AddParameter): Name = "PackageDescription"; Value = "5-Lead Plastic Small Outline Transistor (DC) [SOT-223]"; VariantName = "[No Variations]"
Add component (AddParameter): Name = "PackageReference"; Value = "SOT-223-DC5"; VariantName = "[No Variations]"
Add component (AddParameter): Name = "PackageVersion"; Value = "revAW, Oct-2008"; VariantName = "[No Variations]"
Add component (AddParameter): Name = "Published"; Value = "29-Jan-2009"; VariantName = "[No Variations]"
Add component (AddParameter): Name = "Publisher"; Value = "Altium Limited"; VariantName = "[No Variations]"
Added Component: Designator=DA2(S-PDSO-G10)
Add component. Clean all parameters for all variants
Added Component: Designator=DD1(LQFP48)
Add component. Clean all parameters for all variants
Add component (AddParameter): Name = "Value"; Value = "LPC11C24FBD48"; VariantName = "[No Variations]"
Added Component: Designator=DD2(EIAJ_SO8)
Add component. Clean all parameters for all variants
Add component (AddParameter): Name = "Value"; Value = "IS25LP016D-JBLE"; VariantName = "[No Variations]"
Added Component: Designator=DD3(SO-8)
Add component. Clean all parameters for all variants
Add component (AddParameter): Name = "Value"; Value = ""; VariantName = "[No Variations]"
Added Component: Designator=DD4(SO-8)
Add component. Clean all parameters for all variants
Add component (AddParameter): Name = "Value"; Value = "PCF8563"; VariantName = "[No Variations]"
Added Component: Designator=F1(Fuse_5x20)
Add component. Clean all parameters for all variants
Add component (AddParameter): Name = "Value"; Value = "KLS5-266(5x20)"; VariantName = "[No Variations]"
Added Component: Designator=F2(Fuse_5x20)
Add component. Clean all parameters for all variants
Add component (AddParameter): Name = "Value"; Value = "KLS5-266(5x20)"; VariantName = "[No Variations]"
Added Component: Designator=FU1(RC1210)
Add component. Clean all parameters for all variants
Add component (AddParameter): Name = "Value"; Value = ""; VariantName = "[No Variations]"
Added Component: Designator=FU2(RC1210)
Add component. Clean all parameters for all variants
Add component (AddParameter): Name = "Value"; Value = ""; VariantName = "[No Variations]"
Added Component: Designator=FU3(MF-SMDF)
Add component. Clean all parameters for all variants
Add component (AddParameter): Name = "Value"; Value = "MF-SMDF050"; VariantName = "[No Variations]"
Added Component: Designator=FU4(MF-SMDF)
Add component. Clean all parameters for all variants
Add component (AddParameter): Name = "Value"; Value = "MF-SMDF050"; VariantName = "[No Variations]"
Added Component: Designator=FU5(MF-SMDF)
Add component. Clean all parameters for all variants
Add component (AddParameter): Name = "Value"; Value = "MF-SMDF050"; VariantName = "[No Variations]"
Added Component: Designator=FU6(RXE-110)
Add component. Clean all parameters for all variants
Add component (AddParameter): Name = "Value"; Value = ""; VariantName = "[No Variations]"
Added Component: Designator=FU7(MF-SMDF)
Add component. Clean all parameters for all variants
Add component (AddParameter): Name = "Value"; Value = "MF-SMDF050"; VariantName = "[No Variations]"
Added Component: Designator=J1(PLS-02)
Add component. Clean all parameters for all variants
Add component (AddParameter): Name = "Value"; Value = ""; VariantName = "[No Variations]"
Added Component: Designator=J2(PLS-02)
Add component. Clean all parameters for all variants
Add component (AddParameter): Name = "Value"; Value = ""; VariantName = "[No Variations]"
Added Component: Designator=J3(PLS-02)
Add component. Clean all parameters for all variants
Add component (AddParameter): Name = "Value"; Value = ""; VariantName = "[No Variations]"
Added Component: Designator=J4(PLS-02)
Add component. Clean all parameters for all variants
Add component (AddParameter): Name = "Value"; Value = ""; VariantName = "[No Variations]"
Added Component: Designator=J5(PLS-02)
Add component. Clean all parameters for all variants
Add component (AddParameter): Name = "Value"; Value = ""; VariantName = "[No Variations]"
Added Component: Designator=J6(PLS-02)
Add component. Clean all parameters for all variants
Add component (AddParameter): Name = "Value"; Value = ""; VariantName = "[No Variations]"
Added Component: Designator=J7(PLS-02)
Add component. Clean all parameters for all variants
Add component (AddParameter): Name = "Value"; Value = ""; VariantName = "[No Variations]"
Added Component: Designator=J8(PLS-02)
Add component. Clean all parameters for all variants
Add component (AddParameter): Name = "Value"; Value = ""; VariantName = "[No Variations]"
Added Component: Designator=J9(PLS-02)
Add component. Clean all parameters for all variants
Add component (AddParameter): Name = "Value"; Value = ""; VariantName = "[No Variations]"
Added Component: Designator=L1(SDR0805)
Add component. Clean all parameters for all variants
Add component (AddParameter): Name = "Value"; Value = "33uH"; VariantName = "[No Variations]"
Added Component: Designator=L2(SDR0805)
Add component. Clean all parameters for all variants
Add component (AddParameter): Name = "Value"; Value = "15uH"; VariantName = "[No Variations]"
Added Component: Designator=QR1(AC5032_2)
Add component. Clean all parameters for all variants
Add component (AddParameter): Name = "Value"; Value = "NX5032GA-12.000MHz LN-CD-1"; VariantName = "[No Variations]"
Added Component: Designator=QR2(MS3V-T1R)
Add component. Clean all parameters for all variants
Add component (AddParameter): Name = "Value"; Value = "MS3V-T1R"; VariantName = "[No Variations]"
Added Component: Designator=R1(RC0603)
Add component. Clean all parameters for all variants
Add component (AddParameter): Name = "Value"; Value = "510E"; VariantName = "[No Variations]"
Added Component: Designator=R2(RC0603)
Add component. Clean all parameters for all variants
Add component (AddParameter): Name = "Value"; Value = "510E"; VariantName = "[No Variations]"
Added Component: Designator=R3(RC0603)
Add component. Clean all parameters for all variants
Add component (AddParameter): Name = "Value"; Value = "2k2"; VariantName = "[No Variations]"
Added Component: Designator=R4(RC0603)
Add component. Clean all parameters for all variants
Add component (AddParameter): Name = "Value"; Value = "2k2"; VariantName = "[No Variations]"
Added Component: Designator=R5(RC0603)
Add component. Clean all parameters for all variants
Add component (AddParameter): Name = "Value"; Value = "11k 1%"; VariantName = "[No Variations]"
Added Component: Designator=R6(RC1206)
Add component. Clean all parameters for all variants
Add component (AddParameter): Name = "Value"; Value = "470k"; VariantName = "[No Variations]"
Added Component: Designator=R7(RC0603)
Add component. Clean all parameters for all variants
Add component (AddParameter): Name = "Value"; Value = "100k"; VariantName = "[No Variations]"
Added Component: Designator=R8(RC0603)
Add component. Clean all parameters for all variants
Add component (AddParameter): Name = "Value"; Value = "18k 1%"; VariantName = "[No Variations]"
Added Component: Designator=R9(RC0603)
Add component. Clean all parameters for all variants
Add component (AddParameter): Name = "Value"; Value = "100E"; VariantName = "[No Variations]"
Added Component: Designator=R10(RC0603)
Add component. Clean all parameters for all variants
Add component (AddParameter): Name = "Value"; Value = "100E"; VariantName = "[No Variations]"
Added Component: Designator=R11(RC0603)
Add component. Clean all parameters for all variants
Add component (AddParameter): Name = "Value"; Value = "10k"; VariantName = "[No Variations]"
Added Component: Designator=R12(RC0603)
Add component. Clean all parameters for all variants
Add component (AddParameter): Name = "Value"; Value = "10k"; VariantName = "[No Variations]"
Added Component: Designator=R13(RC0805)
Add component. Clean all parameters for all variants
Add component (AddParameter): Name = "Value"; Value = "120E"; VariantName = "[No Variations]"
Added Component: Designator=R14(RC0603)
Add component. Clean all parameters for all variants
Add component (AddParameter): Name = "Value"; Value = "10k"; VariantName = "[No Variations]"
Added Component: Designator=R15(RC0603)
Add component. Clean all parameters for all variants
Add component (AddParameter): Name = "Value"; Value = "1k"; VariantName = "[No Variations]"
Added Component: Designator=R16(RC0603)
Add component. Clean all parameters for all variants
Add component (AddParameter): Name = "Value"; Value = "1k"; VariantName = "[No Variations]"
Added Component: Designator=R17(RC0603)
Add component. Clean all parameters for all variants
Add component (AddParameter): Name = "Value"; Value = "10k"; VariantName = "[No Variations]"
Added Component: Designator=R18(RC0603)
Add component. Clean all parameters for all variants
Add component (AddParameter): Name = "Value"; Value = "10k"; VariantName = "[No Variations]"
Added Component: Designator=R19(RC0603)
Add component. Clean all parameters for all variants
Add component (AddParameter): Name = "Value"; Value = "510E"; VariantName = "[No Variations]"
Added Component: Designator=R20(RC0603)
Add component. Clean all parameters for all variants
Add component (AddParameter): Name = "Value"; Value = "10k"; VariantName = "[No Variations]"
Added Component: Designator=R21(RC0603)
Add component. Clean all parameters for all variants
Add component (AddParameter): Name = "Value"; Value = "1k"; VariantName = "[No Variations]"
Added Component: Designator=R22(RC0603)
Add component. Clean all parameters for all variants
Add component (AddParameter): Name = "Value"; Value = "1k"; VariantName = "[No Variations]"
Added Component: Designator=R23(RC0603)
Add component. Clean all parameters for all variants
Add component (AddParameter): Name = "Value"; Value = "10k"; VariantName = "[No Variations]"
Added Component: Designator=R24(RC0603)
Add component. Clean all parameters for all variants
Add component (AddParameter): Name = "Value"; Value = "10k"; VariantName = "[No Variations]"
Added Component: Designator=R25(RC0603)
Add component. Clean all parameters for all variants
Add component (AddParameter): Name = "Value"; Value = "510E"; VariantName = "[No Variations]"
Added Component: Designator=R26(RC0603)
Add component. Clean all parameters for all variants
Add component (AddParameter): Name = "Value"; Value = "10k"; VariantName = "[No Variations]"
Added Component: Designator=R27(RC0603)
Add component. Clean all parameters for all variants
Add component (AddParameter): Name = "Value"; Value = "1k"; VariantName = "[No Variations]"
Added Component: Designator=R28(RC0603)
Add component. Clean all parameters for all variants
Add component (AddParameter): Name = "Value"; Value = "1k"; VariantName = "[No Variations]"
Added Component: Designator=R29(RC0603)
Add component. Clean all parameters for all variants
Add component (AddParameter): Name = "Value"; Value = "10k"; VariantName = "[No Variations]"
Added Component: Designator=R30(RC0603)
Add component. Clean all parameters for all variants
Add component (AddParameter): Name = "Value"; Value = "10k"; VariantName = "[No Variations]"
Added Component: Designator=R31(RC0603)
Add component. Clean all parameters for all variants
Add component (AddParameter): Name = "Value"; Value = "510E"; VariantName = "[No Variations]"
Added Component: Designator=R32(RC0603)
Add component. Clean all parameters for all variants
Add component (AddParameter): Name = "Value"; Value = "10k"; VariantName = "[No Variations]"
Added Component: Designator=R33(RC0603)
Add component. Clean all parameters for all variants
Add component (AddParameter): Name = "Value"; Value = "4k7"; VariantName = "[No Variations]"
Added Component: Designator=R34(RC0603)
Add component. Clean all parameters for all variants
Add component (AddParameter): Name = "Value"; Value = "10k"; VariantName = "[No Variations]"
Added Component: Designator=R35(RC0603)
Add component. Clean all parameters for all variants
Add component (AddParameter): Name = "Value"; Value = "10k"; VariantName = "[No Variations]"
Added Component: Designator=R36(RC0603)
Add component. Clean all parameters for all variants
Add component (AddParameter): Name = "Value"; Value = "4k7"; VariantName = "[No Variations]"
Added Component: Designator=R37(RC0603)
Add component. Clean all parameters for all variants
Add component (AddParameter): Name = "Value"; Value = "4k7"; VariantName = "[No Variations]"
Added Component: Designator=R38(RC0603)
Add component. Clean all parameters for all variants
Add component (AddParameter): Name = "Value"; Value = "10k"; VariantName = "[No Variations]"
Added Component: Designator=R39(RC0603)
Add component. Clean all parameters for all variants
Add component (AddParameter): Name = "Value"; Value = "10k"; VariantName = "[No Variations]"
Added Component: Designator=R40(RC0603)
Add component. Clean all parameters for all variants
Add component (AddParameter): Name = "Value"; Value = "4k7"; VariantName = "[No Variations]"
Added Component: Designator=R41(RC0603)
Add component. Clean all parameters for all variants
Add component (AddParameter): Name = "Value"; Value = "10k"; VariantName = "[No Variations]"
Added Component: Designator=R42(RC1206)
Add component. Clean all parameters for all variants
Add component (AddParameter): Name = "Value"; Value = "220k"; VariantName = "[No Variations]"
Added Component: Designator=R43(RC0603)
Add component. Clean all parameters for all variants
Add component (AddParameter): Name = "Value"; Value = "4k7"; VariantName = "[No Variations]"
Added Component: Designator=R44(RC1206)
Add component. Clean all parameters for all variants
Add component (AddParameter): Name = "Value"; Value = "220k"; VariantName = "[No Variations]"
Added Component: Designator=R45(RC1206)
Add component. Clean all parameters for all variants
Add component (AddParameter): Name = "Value"; Value = "220k"; VariantName = "[No Variations]"
Added Component: Designator=R46(RC0603)
Add component. Clean all parameters for all variants
Add component (AddParameter): Name = "Value"; Value = "62k 1%"; VariantName = "[No Variations]"
Added Component: Designator=R47(RC0603)
Add component. Clean all parameters for all variants
Add component (AddParameter): Name = "Value"; Value = "12k"; VariantName = "[No Variations]"
Added Component: Designator=R48(RC0603)
Add component. Clean all parameters for all variants
Add component (AddParameter): Name = "Value"; Value = "240k"; VariantName = "[No Variations]"
Added Component: Designator=R49(RC0603)
Add component. Clean all parameters for all variants
Add component (AddParameter): Name = "Value"; Value = "12k 1%"; VariantName = "[No Variations]"
Added Component: Designator=R50(R2512)
Add component. Clean all parameters for all variants
Add component (AddParameter): Name = "Value"; Value = "39E"; VariantName = "[No Variations]"
Added Component: Designator=R51(R2512)
Add component. Clean all parameters for all variants
Add component (AddParameter): Name = "Value"; Value = "39E"; VariantName = "[No Variations]"
Added Component: Designator=R52(R2512)
Add component. Clean all parameters for all variants
Add component (AddParameter): Name = "Value"; Value = "39E"; VariantName = "[No Variations]"
Added Component: Designator=R53(R2512)
Add component. Clean all parameters for all variants
Add component (AddParameter): Name = "Value"; Value = "39E"; VariantName = "[No Variations]"
Added Component: Designator=R54(RC0603)
Add component. Clean all parameters for all variants
Add component (AddParameter): Name = "Value"; Value = "1k"; VariantName = "[No Variations]"
Added Component: Designator=R55(RC0603)
Add component. Clean all parameters for all variants
Add component (AddParameter): Name = "Value"; Value = "10k"; VariantName = "[No Variations]"
Added Component: Designator=R56(RC0603)
Add component. Clean all parameters for all variants
Add component (AddParameter): Name = "Value"; Value = "1k"; VariantName = "[No Variations]"
Added Component: Designator=R57(RC0603)
Add component. Clean all parameters for all variants
Add component (AddParameter): Name = "Value"; Value = "1k"; VariantName = "[No Variations]"
Added Component: Designator=R58(RC0603)
Add component. Clean all parameters for all variants
Add component (AddParameter): Name = "Value"; Value = "1k"; VariantName = "[No Variations]"
Added Component: Designator=R59(RC0603)
Add component. Clean all parameters for all variants
Add component (AddParameter): Name = "Value"; Value = "1k"; VariantName = "[No Variations]"
Added Component: Designator=R60(RC0805)
Add component. Clean all parameters for all variants
Add component (AddParameter): Name = "Value"; Value = "120E"; VariantName = "[No Variations]"
Added Component: Designator=R61(RC0805)
Add component. Clean all parameters for all variants
Add component (AddParameter): Name = "Value"; Value = "120E"; VariantName = "[No Variations]"
Added Component: Designator=REL1(RELAY_SRD-05)
Add component. Clean all parameters for all variants
Add component (AddParameter): Name = "Value"; Value = "LEG05"; VariantName = "[No Variations]"
Added Component: Designator=REL2(RELAY_SRD-05)
Add component. Clean all parameters for all variants
Add component (AddParameter): Name = "Value"; Value = "LEG05"; VariantName = "[No Variations]"
Added Component: Designator=REL3(RELAY_SRD-05)
Add component. Clean all parameters for all variants
Add component (AddParameter): Name = "Value"; Value = "LEG05"; VariantName = "[No Variations]"
Added Component: Designator=REP1(REPER1.2)
Add component. Clean all parameters for all variants
Add component (AddParameter): Name = "Value"; Value = "REPER_POINT_1.2"; VariantName = "[No Variations]"
Added Component: Designator=REP2(REPER1.2)
Add component. Clean all parameters for all variants
Add component (AddParameter): Name = "Value"; Value = "REPER_POINT_1.2"; VariantName = "[No Variations]"
Added Component: Designator=U1(PC817)
Add component. Clean all parameters for all variants
Add component (AddParameter): Name = "Value"; Value = ""; VariantName = "[No Variations]"
Added Component: Designator=U2(PC817)
Add component. Clean all parameters for all variants
Add component (AddParameter): Name = "Value"; Value = ""; VariantName = "[No Variations]"
Added Component: Designator=U3(PC817)
Add component. Clean all parameters for all variants
Add component (AddParameter): Name = "Value"; Value = ""; VariantName = "[No Variations]"
Added Component: Designator=VD1(LED0805)
Add component. Clean all parameters for all variants
Add component (AddParameter): Name = "Value"; Value = "LED_0805"; VariantName = "[No Variations]"
Added Component: Designator=VD2(LED0805)
Add component. Clean all parameters for all variants
Add component (AddParameter): Name = "Value"; Value = "LED_0805"; VariantName = "[No Variations]"
Added Component: Designator=VD3(SOT-23(GSD))
Add component. Clean all parameters for all variants
Add component (AddParameter): Name = "ComponentField6"; Value = "Published 8-Jun-2000, Modified 11-July-2000: SIM Model Added."; VariantName = "[No Variations]"
Add component (AddParameter): Name = "Value"; Value = ""; VariantName = "[No Variations]"
Added Component: Designator=VD4(SOT-23(123))
Add component. Clean all parameters for all variants
Added Component: Designator=VD5(LED0805)
Add component. Clean all parameters for all variants
Add component (AddParameter): Name = "Value"; Value = "LED_0805"; VariantName = "[No Variations]"
Added Component: Designator=VD6(LED0805)
Add component. Clean all parameters for all variants
Add component (AddParameter): Name = "Value"; Value = "LED_0805"; VariantName = "[No Variations]"
Added Component: Designator=VD7(LED0805)
Add component. Clean all parameters for all variants
Add component (AddParameter): Name = "Value"; Value = "LED_0805"; VariantName = "[No Variations]"
Added Component: Designator=VD8(LED0805)
Add component. Clean all parameters for all variants
Add component (AddParameter): Name = "Value"; Value = "LED_0805"; VariantName = "[No Variations]"
Added Component: Designator=VD9(SMA)
Add component. Clean all parameters for all variants
Add component (AddParameter): Name = "Value"; Value = "{Value}"; VariantName = "[No Variations]"
Added Component: Designator=VD10(SOD-80)
Add component. Clean all parameters for all variants
Add component (AddParameter): Name = "Value"; Value = ""; VariantName = "[No Variations]"
Added Component: Designator=VD11(SOD-80)
Add component. Clean all parameters for all variants
Add component (AddParameter): Name = "Value"; Value = ""; VariantName = "[No Variations]"
Added Component: Designator=VD12(LED0805)
Add component. Clean all parameters for all variants
Add component (AddParameter): Name = "Value"; Value = "LED_0805"; VariantName = "[No Variations]"
Added Component: Designator=VD13(LED0805)
Add component. Clean all parameters for all variants
Add component (AddParameter): Name = "Value"; Value = "LED_0805"; VariantName = "[No Variations]"
Added Component: Designator=VD14(SMA)
Add component. Clean all parameters for all variants
Add component (AddParameter): Name = "Value"; Value = "{Value}"; VariantName = "[No Variations]"
Added Component: Designator=VD15(SMA)
Add component. Clean all parameters for all variants
Add component (AddParameter): Name = "Value"; Value = "{Value}"; VariantName = "[No Variations]"
Added Component: Designator=VD16(SMA)
Add component. Clean all parameters for all variants
Add component (AddParameter): Name = "Value"; Value = "{Value}"; VariantName = "[No Variations]"
Added Component: Designator=VD17(SOD-80)
Add component. Clean all parameters for all variants
Add component (AddParameter): Name = "Value"; Value = ""; VariantName = "[No Variations]"
Added Component: Designator=VD18(LED0805)
Add component. Clean all parameters for all variants
Add component (AddParameter): Name = "Value"; Value = "LED_0805"; VariantName = "[No Variations]"
Added Component: Designator=VD19(SMA)
Add component. Clean all parameters for all variants
Add component (AddParameter): Name = "Value"; Value = "{Value}"; VariantName = "[No Variations]"
Added Component: Designator=VD20(SOT-23(123))
Add component. Clean all parameters for all variants
Add component (AddParameter): Name = "Value"; Value = "BZX84C15"; VariantName = "[No Variations]"
Added Component: Designator=VD21(DO-201)
Add component. Clean all parameters for all variants
Add component (AddParameter): Name = "Value"; Value = "1.5KE150A"; VariantName = "[No Variations]"
Added Component: Designator=VD22(LED0805)
Add component. Clean all parameters for all variants
Add component (AddParameter): Name = "Value"; Value = "LED_0805"; VariantName = "[No Variations]"
Added Component: Designator=VD23(SOT-23(123))
Add component. Clean all parameters for all variants
Add component (AddParameter): Name = "Value"; Value = "BZX84C39"; VariantName = "[No Variations]"
Added Component: Designator=VD24(SMA)
Add component. Clean all parameters for all variants
Add component (AddParameter): Name = "Value"; Value = "{Value}"; VariantName = "[No Variations]"
Added Component: Designator=VD25(SMA)
Add component. Clean all parameters for all variants
Add component (AddParameter): Name = "Value"; Value = "{Value}"; VariantName = "[No Variations]"
Added Component: Designator=VD26(LED0805)
Add component. Clean all parameters for all variants
Add component (AddParameter): Name = "Value"; Value = "LED_0805"; VariantName = "[No Variations]"
Added Component: Designator=VD27(SOD-80)
Add component. Clean all parameters for all variants
Add component (AddParameter): Name = "Value"; Value = ""; VariantName = "[No Variations]"
Added Component: Designator=VD28(SOD-80)
Add component. Clean all parameters for all variants
Add component (AddParameter): Name = "Value"; Value = ""; VariantName = "[No Variations]"
Added Component: Designator=VD29(SOD-80)
Add component. Clean all parameters for all variants
Add component (AddParameter): Name = "Value"; Value = ""; VariantName = "[No Variations]"
Added Component: Designator=VD30(SOD-80)
Add component. Clean all parameters for all variants
Add component (AddParameter): Name = "Value"; Value = ""; VariantName = "[No Variations]"
Added Component: Designator=VD31(SOT-23(GSD))
Add component. Clean all parameters for all variants
Add component (AddParameter): Name = "ComponentField6"; Value = "Published 8-Jun-2000, Modified 11-July-2000: SIM Model Added."; VariantName = "[No Variations]"
Add component (AddParameter): Name = "Value"; Value = ""; VariantName = "[No Variations]"
Added Component: Designator=VD32(SOT-23(GSD))
Add component. Clean all parameters for all variants
Add component (AddParameter): Name = "ComponentField6"; Value = "Published 8-Jun-2000, Modified 11-July-2000: SIM Model Added."; VariantName = "[No Variations]"
Add component (AddParameter): Name = "Value"; Value = ""; VariantName = "[No Variations]"
Added Component: Designator=VD33(SOT-23(123))
Add component. Clean all parameters for all variants
Add component (AddParameter): Name = "Value"; Value = "BZX84C2V7"; VariantName = "[No Variations]"
Added Component: Designator=VD34(SMA)
Add component. Clean all parameters for all variants
Add component (AddParameter): Name = "Value"; Value = "{Value}"; VariantName = "[No Variations]"
Added Component: Designator=VT1(SOT-23(123))
Add component. Clean all parameters for all variants
Add component (AddParameter): Name = "ComponentField7"; Value = "Published 29-Sep-2000"; VariantName = "[No Variations]"
Add component (AddParameter): Name = "OriginalName"; Value = "BC846BLT1"; VariantName = "[No Variations]"
Add component (AddParameter): Name = "Value"; Value = "BC817-40"; VariantName = "[No Variations]"
Added Component: Designator=VT2(SOT-23(123))
Add component. Clean all parameters for all variants
Add component (AddParameter): Name = "ComponentField7"; Value = "Published 29-Sep-2000"; VariantName = "[No Variations]"
Add component (AddParameter): Name = "OriginalName"; Value = "BC846BLT1"; VariantName = "[No Variations]"
Add component (AddParameter): Name = "Value"; Value = "BC817-40"; VariantName = "[No Variations]"
Added Component: Designator=VT3(SOT-23(123))
Add component. Clean all parameters for all variants
Add component (AddParameter): Name = "ComponentField7"; Value = "Published 29-Sep-2000"; VariantName = "[No Variations]"
Add component (AddParameter): Name = "OriginalName"; Value = "BC846BLT1"; VariantName = "[No Variations]"
Add component (AddParameter): Name = "Value"; Value = "BC817-40"; VariantName = "[No Variations]"
Added Component: Designator=VT4(SOT-23(123))
Add component. Clean all parameters for all variants
Add component (AddParameter): Name = "ComponentField7"; Value = "Published 29-Sep-2000"; VariantName = "[No Variations]"
Add component (AddParameter): Name = "OriginalName"; Value = "BC846BLT1"; VariantName = "[No Variations]"
Add component (AddParameter): Name = "Value"; Value = "BC817-40"; VariantName = "[No Variations]"
Added Component: Designator=VT5(SOT-23(123))
Add component. Clean all parameters for all variants
Add component (AddParameter): Name = "ComponentField7"; Value = "Published 29-Sep-2000"; VariantName = "[No Variations]"
Add component (AddParameter): Name = "OriginalName"; Value = "BC846BLT1"; VariantName = "[No Variations]"
Add component (AddParameter): Name = "Value"; Value = "BC817-40"; VariantName = "[No Variations]"
Added Component: Designator=VT6(SOT-23(123))
Add component. Clean all parameters for all variants
Add component (AddParameter): Name = "ComponentField7"; Value = "Published 29-Sep-2000"; VariantName = "[No Variations]"
Add component (AddParameter): Name = "OriginalName"; Value = "BC846BLT1"; VariantName = "[No Variations]"
Add component (AddParameter): Name = "Value"; Value = "BC817-40"; VariantName = "[No Variations]"
Added Component: Designator=VT7(SOT-23(123))
Add component. Clean all parameters for all variants
Add component (AddParameter): Name = "ComponentField7"; Value = "Published 29-Sep-2000"; VariantName = "[No Variations]"
Add component (AddParameter): Name = "OriginalName"; Value = "BC846BLT1"; VariantName = "[No Variations]"
Add component (AddParameter): Name = "Value"; Value = "BC817-40"; VariantName = "[No Variations]"
Added Component: Designator=VT8(SOT-23(123))
Add component. Clean all parameters for all variants
Add component (AddParameter): Name = "ComponentField7"; Value = "Published 29-Sep-2000"; VariantName = "[No Variations]"
Add component (AddParameter): Name = "OriginalName"; Value = "BC846BLT1"; VariantName = "[No Variations]"
Add component (AddParameter): Name = "Value"; Value = "BC817-40"; VariantName = "[No Variations]"
Added Component: Designator=VT9(SOT-23(123))
Add component. Clean all parameters for all variants
Add component (AddParameter): Name = "ComponentField7"; Value = "Published 29-Sep-2000"; VariantName = "[No Variations]"
Add component (AddParameter): Name = "OriginalName"; Value = "BC846BLT1"; VariantName = "[No Variations]"
Add component (AddParameter): Name = "Value"; Value = "BC817-40"; VariantName = "[No Variations]"
Added Component: Designator=VT10(D-PAK(TO-252AA))
Add component. Clean all parameters for all variants
Add component (AddParameter): Name = "ComponentField7"; Value = "Published 8-Jun-2000"; VariantName = "[No Variations]"
Add component (AddParameter): Name = "OriginalName"; Value = "IRLML5103"; VariantName = "[No Variations]"
Add component (AddParameter): Name = "Value"; Value = "FQD7P20"; VariantName = "[No Variations]"
Added Component: Designator=VT11(SOT-23(123))
Add component. Clean all parameters for all variants
Add component (AddParameter): Name = "ComponentField7"; Value = "Published 29-Sep-2000"; VariantName = "[No Variations]"
Add component (AddParameter): Name = "OriginalName"; Value = "BC846BLT1"; VariantName = "[No Variations]"
Add component (AddParameter): Name = "Value"; Value = "BC857"; VariantName = "[No Variations]"
Added Component: Designator=VT12(SOT-23(123))
Add component. Clean all parameters for all variants
Add component (AddParameter): Name = "ComponentField7"; Value = "Published 29-Sep-2000"; VariantName = "[No Variations]"
Add component (AddParameter): Name = "OriginalName"; Value = "BC846BLT1"; VariantName = "[No Variations]"
Add component (AddParameter): Name = "Value"; Value = "BC817-40"; VariantName = "[No Variations]"
Added Component: Designator=XP1(PLS-03)
Add component. Clean all parameters for all variants
Add component (AddParameter): Name = "Value"; Value = ""; VariantName = "[No Variations]"
Added Component: Designator=XP2(PLS-03)
Add component. Clean all parameters for all variants
Add component (AddParameter): Name = "Value"; Value = ""; VariantName = "[No Variations]"
Added Component: Designator=XP3(2EDGR-5.0)
Add component. Clean all parameters for all variants
Add component (AddParameter): Name = "Value"; Value = "2EDGR-5.0-02P-14-00AH"; VariantName = "[No Variations]"
Added Component: Designator=XP4(2EDGR-5.0)
Add component. Clean all parameters for all variants
Add component (AddParameter): Name = "Value"; Value = "2EDGR-5.0-02P-14-00AH"; VariantName = "[No Variations]"
Added Component: Designator=XP5(2EDGR-5.0)
Add component. Clean all parameters for all variants
Add component (AddParameter): Name = "Value"; Value = "2EDGR-5.0-02P-14-00AH"; VariantName = "[No Variations]"
Added Component: Designator=XP6(2EDGR-5.0)
Add component. Clean all parameters for all variants
Add component (AddParameter): Name = "Value"; Value = "2EDGR-5.0-02P-14-00AH"; VariantName = "[No Variations]"
Added Component: Designator=XP7(BH-10)
Add component. Clean all parameters for all variants
Add component (AddParameter): Name = "Value"; Value = ""; VariantName = "[No Variations]"
Added Component: Designator=XP8(2EDGR-5.0)
Add component. Clean all parameters for all variants
Add component (AddParameter): Name = "Value"; Value = "2EDGR-5.0-02P-14-00AH"; VariantName = "[No Variations]"
Added Component: Designator=XP9(MIF2X02PRP)
Add component. Clean all parameters for all variants
Add component (AddParameter): Name = "Value"; Value = ""; VariantName = "[No Variations]"
Added Component: Designator=XP10(2EDGR-5.0)
Add component. Clean all parameters for all variants
Add component (AddParameter): Name = "Value"; Value = "2EDGR-5.0-02P-14-00AH"; VariantName = "[No Variations]"
Added Component: Designator=XP11(MIF2X02PRP)
Add component. Clean all parameters for all variants
Add component (AddParameter): Name = "Value"; Value = ""; VariantName = "[No Variations]"
Added Component: Designator=XP12(2EDGR-5.0)
Add component. Clean all parameters for all variants
Add component (AddParameter): Name = "Value"; Value = "2EDGR-5.0-02P-14-00AH"; VariantName = "[No Variations]"
Added Component: Designator=XP13(MIF2X03PRP)
Add component. Clean all parameters for all variants
Add component (AddParameter): Name = "Value"; Value = ""; VariantName = "[No Variations]"
Added Component: Designator=XP14(2EDGR-5.0)
Add component. Clean all parameters for all variants
Add component (AddParameter): Name = "Value"; Value = "2EDGR-5.0-02P-14-00AH"; VariantName = "[No Variations]"
Added Pin To Net: NetName=+3V3 Pin=C1-1
Added Pin To Net: NetName=+3V3 Pin=C2-2
Added Pin To Net: NetName=+3V3 Pin=C4-1
Added Pin To Net: NetName=+3V3 Pin=C7-1
Added Pin To Net: NetName=+3V3 Pin=C8-1
Added Pin To Net: NetName=+3V3 Pin=C9-1
Added Pin To Net: NetName=+3V3 Pin=C10-2
Added Pin To Net: NetName=+3V3 Pin=DA1-5
Added Pin To Net: NetName=+3V3 Pin=DD1-8
Added Pin To Net: NetName=+3V3 Pin=DD1-17
Added Pin To Net: NetName=+3V3 Pin=DD1-44
Added Pin To Net: NetName=+3V3 Pin=DD2-3
Added Pin To Net: NetName=+3V3 Pin=DD2-7
Added Pin To Net: NetName=+3V3 Pin=DD2-8
Added Pin To Net: NetName=+3V3 Pin=DD3-3
Added Pin To Net: NetName=+3V3 Pin=DD3-8
Added Pin To Net: NetName=+3V3 Pin=R3-2
Added Pin To Net: NetName=+3V3 Pin=R4-2
Added Pin To Net: NetName=+3V3 Pin=R5-2
Added Pin To Net: NetName=+3V3 Pin=R10-2
Added Pin To Net: NetName=+3V3 Pin=R11-1
Added Pin To Net: NetName=+3V3 Pin=R14-1
Added Pin To Net: NetName=+3V3 Pin=R15-2
Added Pin To Net: NetName=+3V3 Pin=R17-2
Added Pin To Net: NetName=+3V3 Pin=R18-2
Added Pin To Net: NetName=+3V3 Pin=R21-2
Added Pin To Net: NetName=+3V3 Pin=R23-2
Added Pin To Net: NetName=+3V3 Pin=R24-2
Added Pin To Net: NetName=+3V3 Pin=R27-2
Added Pin To Net: NetName=+3V3 Pin=R29-2
Added Pin To Net: NetName=+3V3 Pin=R30-2
Added Pin To Net: NetName=+3V3 Pin=R56-1
Added Pin To Net: NetName=+3V3 Pin=R57-1
Added Pin To Net: NetName=+3V3 Pin=R58-1
Added Pin To Net: NetName=+3V3 Pin=R59-1
Added Pin To Net: NetName=+3V3 Pin=VD3-2
Added Pin To Net: NetName=+3V3 Pin=VD31-1
Added Net: Name=+3V3
Added Pin To Net: NetName=+5V_RELAY Pin=R36-2
Added Pin To Net: NetName=+5V_RELAY Pin=R37-2
Added Pin To Net: NetName=+5V_RELAY Pin=R40-2
Added Pin To Net: NetName=+5V_RELAY Pin=REL1-1
Added Pin To Net: NetName=+5V_RELAY Pin=REL2-1
Added Pin To Net: NetName=+5V_RELAY Pin=REL3-1
Added Pin To Net: NetName=+5V_RELAY Pin=VD9-2
Added Pin To Net: NetName=+5V_RELAY Pin=VD10-2
Added Pin To Net: NetName=+5V_RELAY Pin=VD11-2
Added Pin To Net: NetName=+5V_RELAY Pin=VD17-2
Added Net: Name=+5V_RELAY
Added Pin To Net: NetName=+5V Pin=C3-2
Added Pin To Net: NetName=+5V Pin=C12-1
Added Pin To Net: NetName=+5V Pin=C19-1
Added Pin To Net: NetName=+5V Pin=C20-1
Added Pin To Net: NetName=+5V Pin=DA1-1
Added Pin To Net: NetName=+5V Pin=DA1-3
Added Pin To Net: NetName=+5V Pin=DD1-20
Added Pin To Net: NetName=+5V Pin=FU7-2
Added Pin To Net: NetName=+5V Pin=L2-2
Added Pin To Net: NetName=+5V Pin=R46-2
Added Pin To Net: NetName=+5V Pin=R50-2
Added Pin To Net: NetName=+5V Pin=R51-2
Added Pin To Net: NetName=+5V Pin=R52-2
Added Pin To Net: NetName=+5V Pin=R53-2
Added Pin To Net: NetName=+5V Pin=VD9-1
Added Pin To Net: NetName=+5V Pin=VD25-2
Added Pin To Net: NetName=+5V Pin=XP2-3
Added Pin To Net: NetName=+5V Pin=XP7-9
Added Net: Name=+5V
Added Pin To Net: NetName=+VIN_F Pin=C21-2
Added Pin To Net: NetName=+VIN_F Pin=C22-1
Added Pin To Net: NetName=+VIN_F Pin=DA2-2
Added Pin To Net: NetName=+VIN_F Pin=J4-2
Added Pin To Net: NetName=+VIN_F Pin=J5-2
Added Pin To Net: NetName=+VIN_F Pin=J6-2
Added Pin To Net: NetName=+VIN_F Pin=R33-2
Added Pin To Net: NetName=+VIN_F Pin=R43-2
Added Pin To Net: NetName=+VIN_F Pin=VD34-2
Added Pin To Net: NetName=+VIN_F Pin=VT10-2
Added Pin To Net: NetName=+VIN_F Pin=XP2-1
Added Pin To Net: NetName=+VIN_F Pin=XP13-6
Added Pin To Net: NetName=+VIN_F Pin=XP14-1
Added Net: Name=+VIN_F
Added Pin To Net: NetName=+VIN Pin=FU6-1
Added Pin To Net: NetName=+VIN Pin=XP9-3
Added Pin To Net: NetName=+VIN Pin=XP11-3
Added Net: Name=+VIN
Added Pin To Net: NetName=BL_7SEG Pin=DD1-31
Added Pin To Net: NetName=BL_7SEG Pin=R34-1
Added Net: Name=BL_7SEG
Added Pin To Net: NetName=BL_KB Pin=DD1-25
Added Pin To Net: NetName=BL_KB Pin=R55-1
Added Net: Name=BL_KB
Added Pin To Net: NetName=BUZZER Pin=DD1-23
Added Pin To Net: NetName=BUZZER Pin=R12-1
Added Net: Name=BUZZER
Added Pin To Net: NetName=CANH Pin=DD1-19
Added Pin To Net: NetName=CANH Pin=FU2-2
Added Pin To Net: NetName=CANH Pin=XP9-4
Added Pin To Net: NetName=CANH Pin=XP11-4
Added Net: Name=CANH
Added Pin To Net: NetName=CANL Pin=DD1-18
Added Pin To Net: NetName=CANL Pin=FU1-2
Added Pin To Net: NetName=CANL Pin=XP9-2
Added Pin To Net: NetName=CANL Pin=XP11-2
Added Net: Name=CANL
Added Pin To Net: NetName=COL1_MCU Pin=DD1-27
Added Pin To Net: NetName=COL1_MCU Pin=VD27-2
Added Net: Name=COL1_MCU
Added Pin To Net: NetName=COL2_MCU Pin=DD1-28
Added Pin To Net: NetName=COL2_MCU Pin=VD29-2
Added Net: Name=COL2_MCU
Added Pin To Net: NetName=COL3_MCU Pin=DD1-29
Added Pin To Net: NetName=COL3_MCU Pin=VD28-2
Added Net: Name=COL3_MCU
Added Pin To Net: NetName=COL4_MCU Pin=DD1-32
Added Pin To Net: NetName=COL4_MCU Pin=VD30-2
Added Net: Name=COL4_MCU
Added Pin To Net: NetName=COUNTER_1 Pin=DD1-45
Added Pin To Net: NetName=COUNTER_1 Pin=R17-1
Added Pin To Net: NetName=COUNTER_1 Pin=VT2-3
Added Net: Name=COUNTER_1
Added Pin To Net: NetName=COUNTER_2 Pin=DD1-33
Added Pin To Net: NetName=COUNTER_2 Pin=R29-1
Added Pin To Net: NetName=COUNTER_2 Pin=VT4-3
Added Net: Name=COUNTER_2
Added Pin To Net: NetName=GND Pin=C1-2
Added Pin To Net: NetName=GND Pin=C2-1
Added Pin To Net: NetName=GND Pin=C3-1
Added Pin To Net: NetName=GND Pin=C4-2
Added Pin To Net: NetName=GND Pin=C5-1
Added Pin To Net: NetName=GND Pin=C6-1
Added Pin To Net: NetName=GND Pin=C7-2
Added Pin To Net: NetName=GND Pin=C8-2
Added Pin To Net: NetName=GND Pin=C9-2
Added Pin To Net: NetName=GND Pin=C10-1
Added Pin To Net: NetName=GND Pin=C11-1
Added Pin To Net: NetName=GND Pin=C12-2
Added Pin To Net: NetName=GND Pin=C13-1
Added Pin To Net: NetName=GND Pin=C14-1
Added Pin To Net: NetName=GND Pin=C15-1
Added Pin To Net: NetName=GND Pin=C16-1
Added Pin To Net: NetName=GND Pin=C17-1
Added Pin To Net: NetName=GND Pin=C19-2
Added Pin To Net: NetName=GND Pin=C20-2
Added Pin To Net: NetName=GND Pin=C21-1
Added Pin To Net: NetName=GND Pin=C22-2
Added Pin To Net: NetName=GND Pin=C23-2
Added Pin To Net: NetName=GND Pin=C24-2
Added Pin To Net: NetName=GND Pin=C25-2
Added Pin To Net: NetName=GND Pin=C26-2
Added Pin To Net: NetName=GND Pin=C27-1
Added Pin To Net: NetName=GND Pin=C28-1
Added Pin To Net: NetName=GND Pin=C29-2
Added Pin To Net: NetName=GND Pin=DA1-2
Added Pin To Net: NetName=GND Pin=DA2-9
Added Pin To Net: NetName=GND Pin=DA2-11
Added Pin To Net: NetName=GND Pin=DD1-5
Added Pin To Net: NetName=GND Pin=DD1-21
Added Pin To Net: NetName=GND Pin=DD1-22
Added Pin To Net: NetName=GND Pin=DD1-41
Added Pin To Net: NetName=GND Pin=DD2-4
Added Pin To Net: NetName=GND Pin=DD3-4
Added Pin To Net: NetName=GND Pin=DD4-4
Added Pin To Net: NetName=GND Pin=J1-2
Added Pin To Net: NetName=GND Pin=J3-2
Added Pin To Net: NetName=GND Pin=QR2-3
Added Pin To Net: NetName=GND Pin=R7-1
Added Pin To Net: NetName=GND Pin=R8-1
Added Pin To Net: NetName=GND Pin=R45-1
Added Pin To Net: NetName=GND Pin=R48-1
Added Pin To Net: NetName=GND Pin=R49-1
Added Pin To Net: NetName=GND Pin=R50-1
Added Pin To Net: NetName=GND Pin=R51-1
Added Pin To Net: NetName=GND Pin=R52-1
Added Pin To Net: NetName=GND Pin=R53-1
Added Pin To Net: NetName=GND Pin=R54-1
Added Pin To Net: NetName=GND Pin=U1-2
Added Pin To Net: NetName=GND Pin=U1-3
Added Pin To Net: NetName=GND Pin=U2-2
Added Pin To Net: NetName=GND Pin=U2-3
Added Pin To Net: NetName=GND Pin=U3-2
Added Pin To Net: NetName=GND Pin=U3-3
Added Pin To Net: NetName=GND Pin=VD1-2
Added Pin To Net: NetName=GND Pin=VD2-2
Added Pin To Net: NetName=GND Pin=VD3-1
Added Pin To Net: NetName=GND Pin=VD4-3
Added Pin To Net: NetName=GND Pin=VD21-1
Added Pin To Net: NetName=GND Pin=VD22-2
Added Pin To Net: NetName=GND Pin=VD23-1
Added Pin To Net: NetName=GND Pin=VD24-1
Added Pin To Net: NetName=GND Pin=VD25-1
Added Pin To Net: NetName=GND Pin=VD26-2
Added Pin To Net: NetName=GND Pin=VD33-1
Added Pin To Net: NetName=GND Pin=VT1-2
Added Pin To Net: NetName=GND Pin=VT2-2
Added Pin To Net: NetName=GND Pin=VT3-2
Added Pin To Net: NetName=GND Pin=VT4-2
Added Pin To Net: NetName=GND Pin=VT5-2
Added Pin To Net: NetName=GND Pin=VT6-2
Added Pin To Net: NetName=GND Pin=VT7-2
Added Pin To Net: NetName=GND Pin=VT8-2
Added Pin To Net: NetName=GND Pin=VT9-2
Added Pin To Net: NetName=GND Pin=VT12-2
Added Pin To Net: NetName=GND Pin=XP1-2
Added Pin To Net: NetName=GND Pin=XP9-1
Added Pin To Net: NetName=GND Pin=XP10-2
Added Pin To Net: NetName=GND Pin=XP11-1
Added Pin To Net: NetName=GND Pin=XP12-2
Added Pin To Net: NetName=GND Pin=XP13-1
Added Net: Name=GND
Added Pin To Net: NetName=ISP_START Pin=C14-2
Added Pin To Net: NetName=ISP_START Pin=DD1-4
Added Pin To Net: NetName=ISP_START Pin=J3-1
Added Pin To Net: NetName=ISP_START Pin=R14-2
Added Net: Name=ISP_START
Added Pin To Net: NetName=L_FL_VLV_RELAY Pin=DD1-12
Added Pin To Net: NetName=L_FL_VLV_RELAY Pin=R38-1
Added Net: Name=L_FL_VLV_RELAY
Added Pin To Net: NetName=LED_ERROR Pin=DD1-10
Added Pin To Net: NetName=LED_ERROR Pin=R1-2
Added Net: Name=LED_ERROR
Added Pin To Net: NetName=LED_STATE Pin=DD1-9
Added Pin To Net: NetName=LED_STATE Pin=R2-2
Added Net: Name=LED_STATE
Added Pin To Net: NetName=M/S Pin=DD1-48
Added Net: Name=M/S
Added Pin To Net: NetName=M_VLV_RELAY Pin=DD1-11
Added Pin To Net: NetName=M_VLV_RELAY Pin=R41-1
Added Net: Name=M_VLV_RELAY
Added Pin To Net: NetName=MISO Pin=DD1-26
Added Pin To Net: NetName=MISO Pin=DD2-2
Added Pin To Net: NetName=MISO Pin=DD3-2
Added Net: Name=MISO
Added Pin To Net: NetName=MOSI Pin=DD1-38
Added Pin To Net: NetName=MOSI Pin=DD2-5
Added Pin To Net: NetName=MOSI Pin=DD3-5
Added Net: Name=MOSI
Added Pin To Net: NetName=NetBUZ1_1 Pin=BUZ1-1
Added Pin To Net: NetName=NetBUZ1_1 Pin=R10-1
Added Net: Name=NetBUZ1_1
Added Pin To Net: NetName=NetBUZ1_2 Pin=BUZ1-2
Added Pin To Net: NetName=NetBUZ1_2 Pin=VT1-3
Added Net: Name=NetBUZ1_2
Added Pin To Net: NetName=NetC5_2 Pin=C5-2
Added Pin To Net: NetName=NetC5_2 Pin=QR1-1
Added Net: Name=NetC5_2
Added Pin To Net: NetName=NetC6_2 Pin=C6-2
Added Pin To Net: NetName=NetC6_2 Pin=QR1-2
Added Net: Name=NetC6_2
Added Pin To Net: NetName=NetC15_2 Pin=C15-2
Added Pin To Net: NetName=NetC15_2 Pin=C16-2
Added Pin To Net: NetName=NetC15_2 Pin=C17-2
Added Pin To Net: NetName=NetC15_2 Pin=L1-2
Added Pin To Net: NetName=NetC15_2 Pin=R42-2
Added Pin To Net: NetName=NetC15_2 Pin=VD20-3
Added Pin To Net: NetName=NetC15_2 Pin=VT10-3
Added Pin To Net: NetName=NetC15_2 Pin=VT11-2
Added Net: Name=NetC15_2
Added Pin To Net: NetName=NetC18_1 Pin=C18-1
Added Pin To Net: NetName=NetC18_1 Pin=DA2-10
Added Pin To Net: NetName=NetC18_1 Pin=L2-1
Added Pin To Net: NetName=NetC18_1 Pin=VD24-2
Added Net: Name=NetC18_1
Added Pin To Net: NetName=NetC18_2 Pin=C18-2
Added Pin To Net: NetName=NetC18_2 Pin=DA2-1
Added Net: Name=NetC18_2
Added Pin To Net: NetName=NetC23_1 Pin=C23-1
Added Pin To Net: NetName=NetC23_1 Pin=DA2-4
Added Net: Name=NetC23_1
Added Pin To Net: NetName=NetC24_1 Pin=C24-1
Added Pin To Net: NetName=NetC24_1 Pin=DA2-8
Added Pin To Net: NetName=NetC24_1 Pin=R47-2
Added Net: Name=NetC24_1
Added Pin To Net: NetName=NetC25_1 Pin=C25-1
Added Pin To Net: NetName=NetC25_1 Pin=R47-1
Added Net: Name=NetC25_1
Added Pin To Net: NetName=NetC26_1 Pin=C26-1
Added Pin To Net: NetName=NetC26_1 Pin=C27-2
Added Net: Name=NetC26_1
Added Pin To Net: NetName=NetC28_2 Pin=C28-2
Added Pin To Net: NetName=NetC28_2 Pin=DD4-8
Added Pin To Net: NetName=NetC28_2 Pin=VD31-3
Added Pin To Net: NetName=NetC28_2 Pin=VD32-3
Added Net: Name=NetC28_2
Added Pin To Net: NetName=NetC29_1 Pin=C29-1
Added Pin To Net: NetName=NetC29_1 Pin=R60-2
Added Pin To Net: NetName=NetC29_1 Pin=R61-2
Added Pin To Net: NetName=NetC29_1 Pin=VD32-1
Added Pin To Net: NetName=NetC29_1 Pin=VD33-3
Added Net: Name=NetC29_1
Added Pin To Net: NetName=NetDA1_4 Pin=DA1-4
Added Pin To Net: NetName=NetDA1_4 Pin=R5-1
Added Pin To Net: NetName=NetDA1_4 Pin=R8-2
Added Net: Name=NetDA1_4
Added Pin To Net: NetName=NetDA2_5 Pin=DA2-5
Added Pin To Net: NetName=NetDA2_5 Pin=R48-2
Added Net: Name=NetDA2_5
Added Pin To Net: NetName=NetDA2_7 Pin=DA2-7
Added Pin To Net: NetName=NetDA2_7 Pin=R46-1
Added Pin To Net: NetName=NetDA2_7 Pin=R49-2
Added Net: Name=NetDA2_7
Added Pin To Net: NetName=NetDD4_1 Pin=DD4-1
Added Pin To Net: NetName=NetDD4_1 Pin=QR2-2
Added Net: Name=NetDD4_1
Added Pin To Net: NetName=NetDD4_2 Pin=DD4-2
Added Pin To Net: NetName=NetDD4_2 Pin=QR2-1
Added Net: Name=NetDD4_2
Added Pin To Net: NetName=NetF1_1 Pin=F1-1
Added Pin To Net: NetName=NetF1_1 Pin=F1-1
Added Pin To Net: NetName=NetF1_1 Pin=XP3-1
Added Net: Name=NetF1_1
Added Pin To Net: NetName=NetF1_2 Pin=F1-2
Added Pin To Net: NetName=NetF1_2 Pin=F1-2
Added Pin To Net: NetName=NetF1_2 Pin=REL1-3
Added Pin To Net: NetName=NetF1_2 Pin=REL2-3
Added Pin To Net: NetName=NetF1_2 Pin=REL3-3
Added Net: Name=NetF1_2
Added Pin To Net: NetName=NetF2_1 Pin=F2-1
Added Pin To Net: NetName=NetF2_1 Pin=F2-1
Added Pin To Net: NetName=NetF2_1 Pin=XP3-2
Added Net: Name=NetF2_1
Added Pin To Net: NetName=NetF2_2 Pin=F2-2
Added Pin To Net: NetName=NetF2_2 Pin=F2-2
Added Pin To Net: NetName=NetF2_2 Pin=J7-1
Added Pin To Net: NetName=NetF2_2 Pin=J8-1
Added Pin To Net: NetName=NetF2_2 Pin=J9-1
Added Pin To Net: NetName=NetF2_2 Pin=XP4-2
Added Pin To Net: NetName=NetF2_2 Pin=XP5-2
Added Pin To Net: NetName=NetF2_2 Pin=XP6-2
Added Net: Name=NetF2_2
Added Pin To Net: NetName=NetFU1_1 Pin=FU1-1
Added Pin To Net: NetName=NetFU1_1 Pin=J2-1
Added Pin To Net: NetName=NetFU1_1 Pin=VD4-2
Added Net: Name=NetFU1_1
Added Pin To Net: NetName=NetFU2_1 Pin=FU2-1
Added Pin To Net: NetName=NetFU2_1 Pin=R13-2
Added Pin To Net: NetName=NetFU2_1 Pin=VD4-1
Added Net: Name=NetFU2_1
Added Pin To Net: NetName=NetFU3_1 Pin=FU3-1
Added Pin To Net: NetName=NetFU3_1 Pin=VD8-2
Added Pin To Net: NetName=NetFU3_1 Pin=VT6-3
Added Net: Name=NetFU3_1
Added Pin To Net: NetName=NetFU3_2 Pin=FU3-2
Added Pin To Net: NetName=NetFU3_2 Pin=VD34-1
Added Pin To Net: NetName=NetFU3_2 Pin=XP14-2
Added Net: Name=NetFU3_2
Added Pin To Net: NetName=NetFU4_1 Pin=FU4-1
Added Pin To Net: NetName=NetFU4_1 Pin=VT5-3
Added Net: Name=NetFU4_1
Added Pin To Net: NetName=NetFU4_2 Pin=FU4-2
Added Pin To Net: NetName=NetFU4_2 Pin=XP13-5
Added Net: Name=NetFU4_2
Added Pin To Net: NetName=NetFU5_1 Pin=FU5-1
Added Pin To Net: NetName=NetFU5_1 Pin=XP2-2
Added Net: Name=NetFU5_1
Added Pin To Net: NetName=NetFU5_2 Pin=FU5-2
Added Pin To Net: NetName=NetFU5_2 Pin=XP10-1
Added Net: Name=NetFU5_2
Added Pin To Net: NetName=NetFU6_2 Pin=FU6-2
Added Pin To Net: NetName=NetFU6_2 Pin=VD19-1
Added Net: Name=NetFU6_2
Added Pin To Net: NetName=NetFU7_1 Pin=FU7-1
Added Pin To Net: NetName=NetFU7_1 Pin=XP13-3
Added Net: Name=NetFU7_1
Added Pin To Net: NetName=NetJ2_2 Pin=J2-2
Added Pin To Net: NetName=NetJ2_2 Pin=R13-1
Added Net: Name=NetJ2_2
Added Pin To Net: NetName=NetJ4_1 Pin=J4-1
Added Pin To Net: NetName=NetJ4_1 Pin=R16-2
Added Net: Name=NetJ4_1
Added Pin To Net: NetName=NetJ5_1 Pin=J5-1
Added Pin To Net: NetName=NetJ5_1 Pin=R22-2
Added Net: Name=NetJ5_1
Added Pin To Net: NetName=NetJ6_1 Pin=J6-1
Added Pin To Net: NetName=NetJ6_1 Pin=R28-2
Added Net: Name=NetJ6_1
Added Pin To Net: NetName=NetJ7_2 Pin=J7-2
Added Pin To Net: NetName=NetJ7_2 Pin=VD14-1
Added Net: Name=NetJ7_2
Added Pin To Net: NetName=NetJ8_2 Pin=J8-2
Added Pin To Net: NetName=NetJ8_2 Pin=VD15-1
Added Net: Name=NetJ8_2
Added Pin To Net: NetName=NetJ9_2 Pin=J9-2
Added Pin To Net: NetName=NetJ9_2 Pin=VD16-1
Added Net: Name=NetJ9_2
Added Pin To Net: NetName=NetL1_1 Pin=L1-1
Added Pin To Net: NetName=NetL1_1 Pin=VD19-2
Added Pin To Net: NetName=NetL1_1 Pin=VD21-2
Added Net: Name=NetL1_1
Added Pin To Net: NetName=NetR1_1 Pin=R1-1
Added Pin To Net: NetName=NetR1_1 Pin=VD1-1
Added Net: Name=NetR1_1
Added Pin To Net: NetName=NetR2_1 Pin=R2-1
Added Pin To Net: NetName=NetR2_1 Pin=VD2-1
Added Net: Name=NetR2_1
Added Pin To Net: NetName=NetR9_1 Pin=R9-1
Added Net: Name=NetR9_1
Added Pin To Net: NetName=NetR9_2 Pin=R9-2
Added Pin To Net: NetName=NetR9_2 Pin=XP1-1
Added Net: Name=NetR9_2
Added Pin To Net: NetName=NetR12_2 Pin=R12-2
Added Pin To Net: NetName=NetR12_2 Pin=VT1-1
Added Net: Name=NetR12_2
Added Pin To Net: NetName=NetR15_1 Pin=R15-1
Added Pin To Net: NetName=NetR15_1 Pin=VD5-1
Added Net: Name=NetR15_1
Added Pin To Net: NetName=NetR16_1 Pin=R16-1
Added Pin To Net: NetName=NetR16_1 Pin=R19-1
Added Pin To Net: NetName=NetR16_1 Pin=XP8-1
Added Net: Name=NetR16_1
Added Pin To Net: NetName=NetR18_1 Pin=R18-1
Added Pin To Net: NetName=NetR18_1 Pin=R20-1
Added Pin To Net: NetName=NetR18_1 Pin=U1-4
Added Pin To Net: NetName=NetR18_1 Pin=VD5-2
Added Net: Name=NetR18_1
Added Pin To Net: NetName=NetR19_2 Pin=R19-2
Added Pin To Net: NetName=NetR19_2 Pin=U1-1
Added Net: Name=NetR19_2
Added Pin To Net: NetName=NetR20_2 Pin=R20-2
Added Pin To Net: NetName=NetR20_2 Pin=VT2-1
Added Net: Name=NetR20_2
Added Pin To Net: NetName=NetR21_1 Pin=R21-1
Added Pin To Net: NetName=NetR21_1 Pin=VD6-1
Added Net: Name=NetR21_1
Added Pin To Net: NetName=NetR22_1 Pin=R22-1
Added Pin To Net: NetName=NetR22_1 Pin=R25-1
Added Pin To Net: NetName=NetR22_1 Pin=XP12-1
Added Net: Name=NetR22_1
Added Pin To Net: NetName=NetR23_1 Pin=R23-1
Added Pin To Net: NetName=NetR23_1 Pin=VT3-3
Added Net: Name=NetR23_1
Added Pin To Net: NetName=NetR24_1 Pin=R24-1
Added Pin To Net: NetName=NetR24_1 Pin=R26-1
Added Pin To Net: NetName=NetR24_1 Pin=U2-4
Added Pin To Net: NetName=NetR24_1 Pin=VD6-2
Added Net: Name=NetR24_1
Added Pin To Net: NetName=NetR25_2 Pin=R25-2
Added Pin To Net: NetName=NetR25_2 Pin=U2-1
Added Net: Name=NetR25_2
Added Pin To Net: NetName=NetR26_2 Pin=R26-2
Added Pin To Net: NetName=NetR26_2 Pin=VT3-1
Added Net: Name=NetR26_2
Added Pin To Net: NetName=NetR27_1 Pin=R27-1
Added Pin To Net: NetName=NetR27_1 Pin=VD7-1
Added Net: Name=NetR27_1
Added Pin To Net: NetName=NetR28_1 Pin=R28-1
Added Pin To Net: NetName=NetR28_1 Pin=R31-1
Added Pin To Net: NetName=NetR28_1 Pin=XP8-2
Added Net: Name=NetR28_1
Added Pin To Net: NetName=NetR30_1 Pin=R30-1
Added Pin To Net: NetName=NetR30_1 Pin=R32-1
Added Pin To Net: NetName=NetR30_1 Pin=U3-4
Added Pin To Net: NetName=NetR30_1 Pin=VD7-2
Added Net: Name=NetR30_1
Added Pin To Net: NetName=NetR31_2 Pin=R31-2
Added Pin To Net: NetName=NetR31_2 Pin=U3-1
Added Net: Name=NetR31_2
Added Pin To Net: NetName=NetR32_2 Pin=R32-2
Added Pin To Net: NetName=NetR32_2 Pin=VT4-1
Added Net: Name=NetR32_2
Added Pin To Net: NetName=NetR33_1 Pin=R33-1
Added Pin To Net: NetName=NetR33_1 Pin=VD8-1
Added Net: Name=NetR33_1
Added Pin To Net: NetName=NetR34_2 Pin=R34-2
Added Pin To Net: NetName=NetR34_2 Pin=VT5-1
Added Net: Name=NetR34_2
Added Pin To Net: NetName=NetR35_2 Pin=R35-2
Added Pin To Net: NetName=NetR35_2 Pin=VT6-1
Added Net: Name=NetR35_2
Added Pin To Net: NetName=NetR36_1 Pin=R36-1
Added Pin To Net: NetName=NetR36_1 Pin=VD12-1
Added Net: Name=NetR36_1
Added Pin To Net: NetName=NetR37_1 Pin=R37-1
Added Pin To Net: NetName=NetR37_1 Pin=VD13-1
Added Net: Name=NetR37_1
Added Pin To Net: NetName=NetR38_2 Pin=R38-2
Added Pin To Net: NetName=NetR38_2 Pin=VT7-1
Added Net: Name=NetR38_2
Added Pin To Net: NetName=NetR39_2 Pin=R39-2
Added Pin To Net: NetName=NetR39_2 Pin=VT8-1
Added Net: Name=NetR39_2
Added Pin To Net: NetName=NetR40_1 Pin=R40-1
Added Pin To Net: NetName=NetR40_1 Pin=VD18-1
Added Net: Name=NetR40_1
Added Pin To Net: NetName=NetR41_2 Pin=R41-2
Added Pin To Net: NetName=NetR41_2 Pin=VT9-1
Added Net: Name=NetR41_2
Added Pin To Net: NetName=NetR42_1 Pin=R42-1
Added Pin To Net: NetName=NetR42_1 Pin=R44-1
Added Pin To Net: NetName=NetR42_1 Pin=VD23-3
Added Net: Name=NetR42_1
Added Pin To Net: NetName=NetR43_1 Pin=R43-1
Added Pin To Net: NetName=NetR43_1 Pin=VD22-1
Added Net: Name=NetR43_1
Added Pin To Net: NetName=NetR44_2 Pin=R44-2
Added Pin To Net: NetName=NetR44_2 Pin=VT11-1
Added Net: Name=NetR44_2
Added Pin To Net: NetName=NetR45_2 Pin=R45-2
Added Pin To Net: NetName=NetR45_2 Pin=VD20-1
Added Pin To Net: NetName=NetR45_2 Pin=VT10-1
Added Pin To Net: NetName=NetR45_2 Pin=VT11-3
Added Net: Name=NetR45_2
Added Pin To Net: NetName=NetR54_2 Pin=R54-2
Added Pin To Net: NetName=NetR54_2 Pin=VD26-1
Added Net: Name=NetR54_2
Added Pin To Net: NetName=NetR55_2 Pin=R55-2
Added Pin To Net: NetName=NetR55_2 Pin=VT12-1
Added Net: Name=NetR55_2
Added Pin To Net: NetName=NetR60_1 Pin=R60-1
Added Pin To Net: NetName=NetR60_1 Pin=R61-1
Added Pin To Net: NetName=NetR60_1 Pin=VD31-2
Added Net: Name=NetR60_1
Added Pin To Net: NetName=NetREL1_2 Pin=REL1-2
Added Pin To Net: NetName=NetREL1_2 Pin=VD10-1
Added Pin To Net: NetName=NetREL1_2 Pin=VD12-2
Added Pin To Net: NetName=NetREL1_2 Pin=VT7-3
Added Net: Name=NetREL1_2
Added Pin To Net: NetName=NetREL1_5 Pin=REL1-5
Added Pin To Net: NetName=NetREL1_5 Pin=VD16-2
Added Pin To Net: NetName=NetREL1_5 Pin=XP6-1
Added Net: Name=NetREL1_5
Added Pin To Net: NetName=NetREL2_2 Pin=REL2-2
Added Pin To Net: NetName=NetREL2_2 Pin=VD11-1
Added Pin To Net: NetName=NetREL2_2 Pin=VD13-2
Added Pin To Net: NetName=NetREL2_2 Pin=VT8-3
Added Net: Name=NetREL2_2
Added Pin To Net: NetName=NetREL2_5 Pin=REL2-5
Added Pin To Net: NetName=NetREL2_5 Pin=VD14-2
Added Pin To Net: NetName=NetREL2_5 Pin=XP4-1
Added Net: Name=NetREL2_5
Added Pin To Net: NetName=NetREL3_2 Pin=REL3-2
Added Pin To Net: NetName=NetREL3_2 Pin=VD17-1
Added Pin To Net: NetName=NetREL3_2 Pin=VD18-2
Added Pin To Net: NetName=NetREL3_2 Pin=VT9-3
Added Net: Name=NetREL3_2
Added Pin To Net: NetName=NetREL3_5 Pin=REL3-5
Added Pin To Net: NetName=NetREL3_5 Pin=VD15-2
Added Pin To Net: NetName=NetREL3_5 Pin=XP5-1
Added Net: Name=NetREL3_5
Added Pin To Net: NetName=NetVD27_1 Pin=VD27-1
Added Pin To Net: NetName=NetVD27_1 Pin=XP7-1
Added Net: Name=NetVD27_1
Added Pin To Net: NetName=NetVD28_1 Pin=VD28-1
Added Pin To Net: NetName=NetVD28_1 Pin=XP7-3
Added Net: Name=NetVD28_1
Added Pin To Net: NetName=NetVD29_1 Pin=VD29-1
Added Pin To Net: NetName=NetVD29_1 Pin=XP7-2
Added Net: Name=NetVD29_1
Added Pin To Net: NetName=NetVD30_1 Pin=VD30-1
Added Pin To Net: NetName=NetVD30_1 Pin=XP7-4
Added Net: Name=NetVD30_1
Added Pin To Net: NetName=NetVT12_3 Pin=VT12-3
Added Pin To Net: NetName=NetVT12_3 Pin=XP7-10
Added Net: Name=NetVT12_3
Added Pin To Net: NetName=NetXP1_3 Pin=XP1-3
Added Net: Name=NetXP1_3
Added Pin To Net: NetName=OD_COUNTER Pin=DD1-30
Added Pin To Net: NetName=OD_COUNTER Pin=R35-1
Added Net: Name=OD_COUNTER
Added Pin To Net: NetName=PISTOL_MCU Pin=DD1-24
Added Net: Name=PISTOL_MCU
Added Pin To Net: NetName=PUMP_RELAY Pin=DD1-1
Added Pin To Net: NetName=PUMP_RELAY Pin=R39-1
Added Net: Name=PUMP_RELAY
Added Pin To Net: NetName=RESET Pin=C13-2
Added Pin To Net: NetName=RESET Pin=DD1-3
Added Pin To Net: NetName=RESET Pin=J1-1
Added Pin To Net: NetName=RESET Pin=R11-2
Added Net: Name=RESET
Added Pin To Net: NetName=ROW1_MCU Pin=DD1-39
Added Pin To Net: NetName=ROW1_MCU Pin=R59-2
Added Pin To Net: NetName=ROW1_MCU Pin=XP7-5
Added Net: Name=ROW1_MCU
Added Pin To Net: NetName=ROW2_MCU Pin=DD1-40
Added Pin To Net: NetName=ROW2_MCU Pin=R58-2
Added Pin To Net: NetName=ROW2_MCU Pin=XP7-6
Added Net: Name=ROW2_MCU
Added Pin To Net: NetName=ROW3_MCU Pin=DD1-36
Added Pin To Net: NetName=ROW3_MCU Pin=R57-2
Added Pin To Net: NetName=ROW3_MCU Pin=XP7-7
Added Net: Name=ROW3_MCU
Added Pin To Net: NetName=ROW4_MCU Pin=DD1-37
Added Pin To Net: NetName=ROW4_MCU Pin=R56-2
Added Pin To Net: NetName=ROW4_MCU Pin=XP7-8
Added Net: Name=ROW4_MCU
Added Pin To Net: NetName=RXD Pin=DD1-46
Added Net: Name=RXD
Added Pin To Net: NetName=SCK Pin=DD1-13
Added Pin To Net: NetName=SCK Pin=DD2-6
Added Pin To Net: NetName=SCK Pin=DD3-6
Added Net: Name=SCK
Added Pin To Net: NetName=SCL Pin=DD1-15
Added Pin To Net: NetName=SCL Pin=DD4-6
Added Pin To Net: NetName=SCL Pin=R4-1
Added Pin To Net: NetName=SCL Pin=XP13-2
Added Net: Name=SCL
Added Pin To Net: NetName=SDA Pin=DD1-16
Added Pin To Net: NetName=SDA Pin=DD4-5
Added Pin To Net: NetName=SDA Pin=R3-1
Added Pin To Net: NetName=SDA Pin=XP13-4
Added Net: Name=SDA
Added Pin To Net: NetName=SETTINGS_BLOCK Pin=DD1-43
Added Net: Name=SETTINGS_BLOCK
Added Pin To Net: NetName=SETTINGS_DEF Pin=DD1-42
Added Net: Name=SETTINGS_DEF
Added Pin To Net: NetName=SS0 Pin=DD1-2
Added Pin To Net: NetName=SS0 Pin=DD2-1
Added Net: Name=SS0
Added Pin To Net: NetName=SS1 Pin=DD1-14
Added Pin To Net: NetName=SS1 Pin=DD3-1
Added Net: Name=SS1
Added Pin To Net: NetName=TXD Pin=DD1-47
Added Net: Name=TXD
Added Pin To Net: NetName=V_IN Pin=C11-2
Added Pin To Net: NetName=V_IN Pin=DD1-35
Added Pin To Net: NetName=V_IN Pin=R6-2
Added Pin To Net: NetName=V_IN Pin=R7-2
Added Pin To Net: NetName=V_IN Pin=VD3-3
Added Net: Name=V_IN
Added Pin To Net: NetName=V_SYS Pin=DD1-34
Added Net: Name=V_SYS
Added Pin To Net: NetName=VIN_F Pin=R6-1
Added Net: Name=VIN_F
Added Pin To Net: NetName=XTAL1 Pin=DD1-6
Added Net: Name=XTAL1
Added Pin To Net: NetName=XTAL2 Pin=DD1-7
Added Net: Name=XTAL2
Added Class: Name=[3]-MCU_MAIN
Added Class: Name=[4]-MCU_MEMORY
Added Class: Name=[5]-MCU_POWER
Added Class: Name=[6]-MCU_CONNECTORS
Added Class: Name=[7]-INPUTS
Added Class: Name=[8]-OUTPUTS
Added Class: Name=[9]-RELAYS
Added Class: Name=[10]-MAIN_POWER
Added Class: Name=[11]-POWER_BACKUP
Added Class: Name=[12]-POWER_CONNECTORS
Added Class: Name=[13]-KB_CONNECTORS
Added Class: Name=[14]-RTC
Added Class: Name=[15]-MAIN_CONNECTORS
