Added Component: Designator=C1(CC0603)
Added Component: Designator=C2(CC0603)
Added Component: Designator=C3(CC0603)
Added Component: Designator=C4(CC0603)
Added Component: Designator=C5(CC0603)
Added Component: Designator=C6(CC0603)
Added Component: Designator=C7(CC0603)
Added Component: Designator=C8(CC0603)
Added Component: Designator=C9(CC0603)
Added Component: Designator=C10(CC0603)
Added Component: Designator=C11(CC0603)
Added Component: Designator=C12(CC0603)
Added Component: Designator=C13(CC0603)
Added Component: Designator=C14(CC0603)
Added Component: Designator=C15(CC0603)
Added Component: Designator=C16(CC1206)
Added Component: Designator=C17(CC0603)
Added Component: Designator=C18(CC0603)
Added Component: Designator=C19(CC8X3.5)
Added Component: Designator=C20(CC16X10_CAP0.5(1)(Primary))
Added Component: Designator=C21(CC0603)
Added Component: Designator=C22(CC0603)
Added Component: Designator=C23(CC0603)
Added Component: Designator=C24(CC0603)
Added Component: Designator=DA1(S-PDSO-G10)
Added Component: Designator=DD1(SO-8)
Added Component: Designator=DD2(TQFP-80_0.5)
Added Component: Designator=DD3(EIAJ_SO8)
Added Component: Designator=FU1(RC1210)
Added Component: Designator=FU2(RC1210)
Added Component: Designator=FU3(RC1210)
Added Component: Designator=FU4(RC1210)
Added Component: Designator=FU5(RXE-110)
Added Component: Designator=J1(PLS-02)
Added Component: Designator=J2(PLS-02)
Added Component: Designator=L1(SDR0805)
Added Component: Designator=QR1(AC5032_2)
Added Component: Designator=R1(RC0603)
Added Component: Designator=R2(RC0603)
Added Component: Designator=R3(RC0603)
Added Component: Designator=R4(RC0603)
Added Component: Designator=R5(RC0603)
Added Component: Designator=R6(RC0603)
Added Component: Designator=R7(RC0603)
Added Component: Designator=R8(RC1206)
Added Component: Designator=R9(RC1206)
Added Component: Designator=R10(RC1206)
Added Component: Designator=R11(RC0603)
Added Component: Designator=R12(RC0603)
Added Component: Designator=R13(RC0603)
Added Component: Designator=R14(RC0603)
Added Component: Designator=U1(SO-8)
Added Component: Designator=VD1(SOT-23(123))
Added Component: Designator=VD2(SOT-23(GSD))
Added Component: Designator=VD3(SMB)
Added Component: Designator=VD4(SMB)
Added Component: Designator=VD5(SOT-23(GSD))
Added Component: Designator=VD6(LED0805)
Added Component: Designator=VD7(LED0805)
Added Component: Designator=VD8(LED0805)
Added Component: Designator=VD9(LED0805)
Added Component: Designator=VD10(SMA)
Added Component: Designator=VD11(SOT-23(123))
Added Component: Designator=VD12(DO-201)
Added Component: Designator=VD13(SOT-23(123))
Added Component: Designator=VD14(SMA)
Added Component: Designator=VT1(D-PAK(TO-252AA))
Added Component: Designator=VT2(SOT-23(123))
Added Component: Designator=XP1(DG306-5.0)
Added Component: Designator=XP2(DG306-5.0)
Added Component: Designator=XP4(PIN10M)
Added Pin To Net: NetName=+3V3 Pin=C1-2
Added Pin To Net: NetName=+3V3 Pin=C2-1
Added Pin To Net: NetName=+3V3 Pin=C7-2
Added Pin To Net: NetName=+3V3 Pin=C8-2
Added Pin To Net: NetName=+3V3 Pin=C9-2
Added Pin To Net: NetName=+3V3 Pin=C10-2
Added Pin To Net: NetName=+3V3 Pin=C11-2
Added Pin To Net: NetName=+3V3 Pin=C12-2
Added Pin To Net: NetName=+3V3 Pin=C13-2
Added Pin To Net: NetName=+3V3 Pin=C14-2
Added Pin To Net: NetName=+3V3 Pin=C15-1
Added Pin To Net: NetName=+3V3 Pin=C18-1
Added Pin To Net: NetName=+3V3 Pin=C19-1
Added Pin To Net: NetName=+3V3 Pin=DD1-3
Added Pin To Net: NetName=+3V3 Pin=DD2-8
Added Pin To Net: NetName=+3V3 Pin=DD2-10
Added Pin To Net: NetName=+3V3 Pin=DD2-21
Added Pin To Net: NetName=+3V3 Pin=DD2-34
Added Pin To Net: NetName=+3V3 Pin=DD2-42
Added Pin To Net: NetName=+3V3 Pin=DD2-56
Added Pin To Net: NetName=+3V3 Pin=DD2-67
Added Pin To Net: NetName=+3V3 Pin=DD2-77
Added Pin To Net: NetName=+3V3 Pin=DD3-3
Added Pin To Net: NetName=+3V3 Pin=DD3-7
Added Pin To Net: NetName=+3V3 Pin=DD3-8
Added Pin To Net: NetName=+3V3 Pin=L1-2
Added Pin To Net: NetName=+3V3 Pin=R2-2
Added Pin To Net: NetName=+3V3 Pin=R3-2
Added Pin To Net: NetName=+3V3 Pin=R11-2
Added Pin To Net: NetName=+3V3 Pin=U1-8
Added Pin To Net: NetName=+3V3 Pin=XP4-1
Added Net: Name=+3V3
Added Pin To Net: NetName=485_LED Pin=DD2-54
Added Pin To Net: NetName=485_LED Pin=R6-2
Added Net: Name=485_LED
Added Pin To Net: NetName=CAN_D Pin=DD1-1
Added Pin To Net: NetName=CAN_D Pin=DD2-38
Added Net: Name=CAN_D
Added Pin To Net: NetName=CAN_EN Pin=DD1-5
Added Pin To Net: NetName=CAN_EN Pin=DD2-64
Added Net: Name=CAN_EN
Added Pin To Net: NetName=CAN_LED Pin=DD2-55
Added Pin To Net: NetName=CAN_LED Pin=R5-2
Added Net: Name=CAN_LED
Added Pin To Net: NetName=CAN_R Pin=DD1-4
Added Pin To Net: NetName=CAN_R Pin=DD2-37
Added Net: Name=CAN_R
Added Pin To Net: NetName=GND Pin=C1-1
Added Pin To Net: NetName=GND Pin=C2-2
Added Pin To Net: NetName=GND Pin=C3-1
Added Pin To Net: NetName=GND Pin=C4-1
Added Pin To Net: NetName=GND Pin=C5-1
Added Pin To Net: NetName=GND Pin=C6-2
Added Pin To Net: NetName=GND Pin=C7-1
Added Pin To Net: NetName=GND Pin=C8-1
Added Pin To Net: NetName=GND Pin=C9-1
Added Pin To Net: NetName=GND Pin=C10-1
Added Pin To Net: NetName=GND Pin=C11-1
Added Pin To Net: NetName=GND Pin=C12-1
Added Pin To Net: NetName=GND Pin=C13-1
Added Pin To Net: NetName=GND Pin=C14-1
Added Pin To Net: NetName=GND Pin=C15-2
Added Pin To Net: NetName=GND Pin=C16-1
Added Pin To Net: NetName=GND Pin=C18-2
Added Pin To Net: NetName=GND Pin=C19-2
Added Pin To Net: NetName=GND Pin=C20-1
Added Pin To Net: NetName=GND Pin=C21-2
Added Pin To Net: NetName=GND Pin=C22-2
Added Pin To Net: NetName=GND Pin=C23-2
Added Pin To Net: NetName=GND Pin=C24-2
Added Pin To Net: NetName=GND Pin=DA1-9
Added Pin To Net: NetName=GND Pin=DA1-11
Added Pin To Net: NetName=GND Pin=DD1-2
Added Pin To Net: NetName=GND Pin=DD1-8
Added Pin To Net: NetName=GND Pin=DD2-9
Added Pin To Net: NetName=GND Pin=DD2-12
Added Pin To Net: NetName=GND Pin=DD2-24
Added Pin To Net: NetName=GND Pin=DD2-33
Added Pin To Net: NetName=GND Pin=DD2-43
Added Pin To Net: NetName=GND Pin=DD2-57
Added Pin To Net: NetName=GND Pin=DD2-66
Added Pin To Net: NetName=GND Pin=DD2-78
Added Pin To Net: NetName=GND Pin=DD3-4
Added Pin To Net: NetName=GND Pin=J1-1
Added Pin To Net: NetName=GND Pin=J2-2
Added Pin To Net: NetName=GND Pin=R10-1
Added Pin To Net: NetName=GND Pin=R13-1
Added Pin To Net: NetName=GND Pin=R14-1
Added Pin To Net: NetName=GND Pin=U1-5
Added Pin To Net: NetName=GND Pin=VD1-3
Added Pin To Net: NetName=GND Pin=VD3-2
Added Pin To Net: NetName=GND Pin=VD4-1
Added Pin To Net: NetName=GND Pin=VD6-2
Added Pin To Net: NetName=GND Pin=VD7-2
Added Pin To Net: NetName=GND Pin=VD8-2
Added Pin To Net: NetName=GND Pin=VD9-2
Added Pin To Net: NetName=GND Pin=VD12-1
Added Pin To Net: NetName=GND Pin=VD13-1
Added Pin To Net: NetName=GND Pin=VD14-1
Added Pin To Net: NetName=GND Pin=XP1-1
Added Pin To Net: NetName=GND Pin=XP4-6
Added Pin To Net: NetName=GND Pin=XP4-10
Added Net: Name=GND
Added Pin To Net: NetName=MISO Pin=DD2-46
Added Pin To Net: NetName=MISO Pin=DD3-2
Added Net: Name=MISO
Added Pin To Net: NetName=MOSI Pin=DD2-45
Added Pin To Net: NetName=MOSI Pin=DD3-5
Added Net: Name=MOSI
Added Pin To Net: NetName=NetC3_2 Pin=C3-2
Added Pin To Net: NetName=NetC3_2 Pin=DD2-19
Added Pin To Net: NetName=NetC3_2 Pin=QR1-1
Added Net: Name=NetC3_2
Added Pin To Net: NetName=NetC4_2 Pin=C4-2
Added Pin To Net: NetName=NetC4_2 Pin=DD2-20
Added Pin To Net: NetName=NetC4_2 Pin=QR1-2
Added Net: Name=NetC4_2
Added Pin To Net: NetName=NetC5_2 Pin=C5-2
Added Pin To Net: NetName=NetC5_2 Pin=DD2-14
Added Pin To Net: NetName=NetC5_2 Pin=J1-2
Added Pin To Net: NetName=NetC5_2 Pin=R2-1
Added Net: Name=NetC5_2
Added Pin To Net: NetName=NetC16_2 Pin=C16-2
Added Pin To Net: NetName=NetC16_2 Pin=FU5-2
Added Pin To Net: NetName=NetC16_2 Pin=R8-2
Added Pin To Net: NetName=NetC16_2 Pin=VD11-3
Added Pin To Net: NetName=NetC16_2 Pin=VD12-2
Added Pin To Net: NetName=NetC16_2 Pin=VT1-2
Added Pin To Net: NetName=NetC16_2 Pin=VT2-2
Added Net: Name=NetC16_2
Added Pin To Net: NetName=NetC17_1 Pin=C17-1
Added Pin To Net: NetName=NetC17_1 Pin=DA1-10
Added Pin To Net: NetName=NetC17_1 Pin=L1-1
Added Pin To Net: NetName=NetC17_1 Pin=VD14-2
Added Net: Name=NetC17_1
Added Pin To Net: NetName=NetC17_2 Pin=C17-2
Added Pin To Net: NetName=NetC17_2 Pin=DA1-1
Added Net: Name=NetC17_2
Added Pin To Net: NetName=NetC22_1 Pin=C22-1
Added Pin To Net: NetName=NetC22_1 Pin=DA1-4
Added Net: Name=NetC22_1
Added Pin To Net: NetName=NetC23_1 Pin=C23-1
Added Pin To Net: NetName=NetC23_1 Pin=DA1-8
Added Pin To Net: NetName=NetC23_1 Pin=R12-2
Added Net: Name=NetC23_1
Added Pin To Net: NetName=NetC24_1 Pin=C24-1
Added Pin To Net: NetName=NetC24_1 Pin=R12-1
Added Net: Name=NetC24_1
Added Pin To Net: NetName=NetDA1_5 Pin=DA1-5
Added Pin To Net: NetName=NetDA1_5 Pin=R13-2
Added Net: Name=NetDA1_5
Added Pin To Net: NetName=NetDA1_7 Pin=DA1-7
Added Pin To Net: NetName=NetDA1_7 Pin=R11-1
Added Pin To Net: NetName=NetDA1_7 Pin=R14-2
Added Net: Name=NetDA1_7
Added Pin To Net: NetName=NetDD1_6 Pin=DD1-6
Added Pin To Net: NetName=NetDD1_6 Pin=FU2-1
Added Pin To Net: NetName=NetDD1_6 Pin=VD1-1
Added Net: Name=NetDD1_6
Added Pin To Net: NetName=NetDD1_7 Pin=DD1-7
Added Pin To Net: NetName=NetDD1_7 Pin=FU1-1
Added Pin To Net: NetName=NetDD1_7 Pin=VD1-2
Added Net: Name=NetDD1_7
Added Pin To Net: NetName=NetFU1_2 Pin=FU1-2
Added Net: Name=NetFU1_2
Added Pin To Net: NetName=NetFU2_2 Pin=FU2-2
Added Pin To Net: NetName=NetFU2_2 Pin=XP2-1
Added Net: Name=NetFU2_2
Added Pin To Net: NetName=NetFU3_1 Pin=FU3-1
Added Pin To Net: NetName=NetFU3_1 Pin=U1-6
Added Pin To Net: NetName=NetFU3_1 Pin=VD2-3
Added Net: Name=NetFU3_1
Added Pin To Net: NetName=NetFU3_2 Pin=FU3-2
Added Pin To Net: NetName=NetFU3_2 Pin=XP2-2
Added Net: Name=NetFU3_2
Added Pin To Net: NetName=NetFU4_1 Pin=FU4-1
Added Pin To Net: NetName=NetFU4_1 Pin=U1-7
Added Pin To Net: NetName=NetFU4_1 Pin=VD5-3
Added Net: Name=NetFU4_1
Added Pin To Net: NetName=NetFU4_2 Pin=FU4-2
Added Net: Name=NetFU4_2
Added Pin To Net: NetName=NetFU5_1 Pin=FU5-1
Added Pin To Net: NetName=NetFU5_1 Pin=VD10-2
Added Net: Name=NetFU5_1
Added Pin To Net: NetName=NetR1_2 Pin=R1-2
Added Net: Name=NetR1_2
Added Pin To Net: NetName=NetR4_1 Pin=R4-1
Added Pin To Net: NetName=NetR4_1 Pin=VD6-1
Added Net: Name=NetR4_1
Added Pin To Net: NetName=NetR5_1 Pin=R5-1
Added Pin To Net: NetName=NetR5_1 Pin=VD7-1
Added Net: Name=NetR5_1
Added Pin To Net: NetName=NetR6_1 Pin=R6-1
Added Pin To Net: NetName=NetR6_1 Pin=VD8-1
Added Net: Name=NetR6_1
Added Pin To Net: NetName=NetR7_1 Pin=R7-1
Added Pin To Net: NetName=NetR7_1 Pin=VD9-1
Added Net: Name=NetR7_1
Added Pin To Net: NetName=NetR8_1 Pin=R8-1
Added Pin To Net: NetName=NetR8_1 Pin=R9-2
Added Pin To Net: NetName=NetR8_1 Pin=VD13-3
Added Net: Name=NetR8_1
Added Pin To Net: NetName=NetR9_1 Pin=R9-1
Added Pin To Net: NetName=NetR9_1 Pin=VT2-1
Added Net: Name=NetR9_1
Added Pin To Net: NetName=NetR10_2 Pin=R10-2
Added Pin To Net: NetName=NetR10_2 Pin=VD11-1
Added Pin To Net: NetName=NetR10_2 Pin=VT1-1
Added Pin To Net: NetName=NetR10_2 Pin=VT2-3
Added Net: Name=NetR10_2
Added Pin To Net: NetName=NetVD2_1 Pin=VD2-1
Added Pin To Net: NetName=NetVD2_1 Pin=VD3-1
Added Pin To Net: NetName=NetVD2_1 Pin=VD5-1
Added Net: Name=NetVD2_1
Added Pin To Net: NetName=NetVD2_2 Pin=VD2-2
Added Pin To Net: NetName=NetVD2_2 Pin=VD4-2
Added Pin To Net: NetName=NetVD2_2 Pin=VD5-2
Added Net: Name=NetVD2_2
Added Pin To Net: NetName=PWR_LED Pin=DD2-58
Added Pin To Net: NetName=PWR_LED Pin=R4-2
Added Net: Name=PWR_LED
Added Pin To Net: NetName=RESET Pin=XP4-7
Added Net: Name=RESET
Added Pin To Net: NetName=RF_LED Pin=DD2-53
Added Pin To Net: NetName=RF_LED Pin=R7-2
Added Net: Name=RF_LED
Added Pin To Net: NetName=RF_RX Pin=DD2-68
Added Pin To Net: NetName=RF_RX Pin=XP4-8
Added Net: Name=RF_RX
Added Pin To Net: NetName=RF_TX Pin=DD2-65
Added Pin To Net: NetName=RF_TX Pin=XP4-9
Added Net: Name=RF_TX
Added Pin To Net: NetName=RS485_EN Pin=DD2-63
Added Pin To Net: NetName=RS485_EN Pin=U1-2
Added Pin To Net: NetName=RS485_EN Pin=U1-3
Added Net: Name=RS485_EN
Added Pin To Net: NetName=RXD_485 Pin=DD2-59
Added Pin To Net: NetName=RXD_485 Pin=U1-1
Added Net: Name=RXD_485
Added Pin To Net: NetName=RXD Pin=DD2-80
Added Net: Name=RXD
Added Pin To Net: NetName=SCK Pin=DD2-47
Added Pin To Net: NetName=SCK Pin=DD3-6
Added Net: Name=SCK
Added Pin To Net: NetName=SS Pin=DD2-48
Added Pin To Net: NetName=SS Pin=DD3-1
Added Net: Name=SS
Added Pin To Net: NetName=TST Pin=C6-1
Added Pin To Net: NetName=TST Pin=DD2-41
Added Pin To Net: NetName=TST Pin=J2-1
Added Pin To Net: NetName=TST Pin=R3-1
Added Net: Name=TST
Added Pin To Net: NetName=TXD_485 Pin=DD2-60
Added Pin To Net: NetName=TXD_485 Pin=U1-4
Added Net: Name=TXD_485
Added Pin To Net: NetName=TXD Pin=DD2-79
Added Pin To Net: NetName=TXD Pin=R1-1
Added Net: Name=TXD
Added Pin To Net: NetName=VIN_F Pin=C20-2
Added Pin To Net: NetName=VIN_F Pin=C21-1
Added Pin To Net: NetName=VIN_F Pin=DA1-2
Added Pin To Net: NetName=VIN_F Pin=VT1-3
Added Net: Name=VIN_F
Added Pin To Net: NetName=VIN Pin=VD10-1
Added Pin To Net: NetName=VIN Pin=XP1-2
Added Net: Name=VIN
Added Class: Name=Interface
Added Class: Name=Main
Added Class: Name=Power
