Change Component Designator: Old Designator=C1 New Designator=C16
Change Component Designator: Old Designator=C6 New Designator=C17
Change Component Designator: Old Designator=C7 New Designator=C18
Change Component Designator: Old Designator=C8 New Designator=C19
Change Component Designator: Old Designator=C9 New Designator=C20
Change Component Designator: Old Designator=C10 New Designator=C21
Change Component Designator: Old Designator=C11 New Designator=C22
Change Component Designator: Old Designator=C12 New Designator=C23
Change Component Designator: Old Designator=C13 New Designator=C24
Change Component Designator: Old Designator=DA2 New Designator=DA1
Change Component Designator: Old Designator=FU3 New Designator=FU5
Change Component Designator: Old Designator=R1 New Designator=R8
Change Component Designator: Old Designator=R2 New Designator=R9
Change Component Designator: Old Designator=R4 New Designator=R10
Change Component Designator: Old Designator=R6 New Designator=R11
Change Component Designator: Old Designator=R7 New Designator=R12
Change Component Designator: Old Designator=R8 New Designator=R13
Change Component Designator: Old Designator=R9 New Designator=R14
Change Component Designator: Old Designator=VD1 New Designator=VD10
Change Component Designator: Old Designator=VD3 New Designator=VD11
Change Component Designator: Old Designator=VD4 New Designator=VD12
Change Component Designator: Old Designator=VD5 New Designator=VD13
Change Component Designator: Old Designator=VD6 New Designator=VD14
