Added Component: Designator=VD1(LED_Samsung)
Added Component: Designator=VD2(LED_Samsung)
Added Component: Designator=VD3(LED_Samsung)
Added Component: Designator=VD4(LED_Samsung)
Added Component: Designator=VD5(LED_Samsung)
Added Component: Designator=VD6(LED_Samsung)
Added Component: Designator=VD7(LED_Samsung)
Added Component: Designator=VD8(LED_Samsung)
Added Component: Designator=VD9(LED_Samsung)
Added Component: Designator=VD10(LED_Samsung)
Added Component: Designator=VD11(LED_Samsung)
Added Component: Designator=VD12(LED_Samsung)
Added Component: Designator=VD13(LED_Samsung)
Added Component: Designator=VD14(LED_Samsung)
Added Component: Designator=VD15(LED_Samsung)
Added Component: Designator=VD16(LED_Samsung)
Added Component: Designator=VD17(LED_Samsung)
Added Component: Designator=VD18(LED_Samsung)
Added Component: Designator=VD19(LED_Samsung)
Added Component: Designator=VD20(LED_Samsung)
Added Component: Designator=VD21(LED_Samsung)
Added Component: Designator=VD22(LED_Samsung)
Added Component: Designator=VD23(LED_Samsung)
Added Component: Designator=VD24(LED_Samsung)
Added Component: Designator=VD25(LED_Samsung)
Added Component: Designator=VD26(LED_Samsung)
Added Component: Designator=VD27(LED_Samsung)
Added Component: Designator=VD28(LED_Samsung)
Added Component: Designator=VD29(LED_Samsung)
Added Component: Designator=VD30(LED_Samsung)
Added Component: Designator=VD31(LED_Samsung)
Added Component: Designator=VD32(LED_Samsung)
Added Component: Designator=VD33(LED_Samsung)
Added Component: Designator=VD34(LED_Samsung)
Added Component: Designator=VD35(LED_Samsung)
Added Component: Designator=VD36(LED_Samsung)
Added Component: Designator=VD37(LED_Samsung)
Added Component: Designator=VD38(LED_Samsung)
Added Component: Designator=VD39(LED_Samsung)
Added Component: Designator=VD40(LED_Samsung)
Added Component: Designator=VD41(LED_Samsung)
Added Component: Designator=VD42(LED_Samsung)
Added Component: Designator=VD43(LED_Samsung)
Added Component: Designator=VD44(LED_Samsung)
Added Component: Designator=VD45(LED_Samsung)
Added Component: Designator=VD46(LED_Samsung)
Added Component: Designator=VD47(LED_Samsung)
Added Component: Designator=VD48(LED_Samsung)
Added Component: Designator=VD49(LED_Samsung)
Added Component: Designator=VD50(LED_Samsung)
Added Component: Designator=VD51(LED_Samsung)
Added Component: Designator=VD52(LED_Samsung)
Added Component: Designator=VD53(LED_Samsung)
Added Component: Designator=VD54(LED_Samsung)
Added Component: Designator=VD55(LED_Samsung)
Added Component: Designator=VD56(LED_Samsung)
Added Component: Designator=VD57(LED_Samsung)
Added Component: Designator=VD58(LED_Samsung)
Added Component: Designator=VD59(LED_Samsung)
Added Component: Designator=VD60(LED_Samsung)
Added Component: Designator=VD61(LED_Samsung)
Added Component: Designator=VD62(LED_Samsung)
Added Component: Designator=VD63(LED_Samsung)
Added Component: Designator=VD64(LED_Samsung)
Added Component: Designator=VD65(LED_Samsung)
Added Component: Designator=VD66(LED_Samsung)
Added Component: Designator=VD67(LED_Samsung)
Added Component: Designator=VD68(LED_Samsung)
Added Component: Designator=VD69(LED_Samsung)
Added Component: Designator=VD70(LED_Samsung)
Added Component: Designator=VD71(LED_Samsung)
Added Component: Designator=VD72(LED_Samsung)
Added Component: Designator=VD73(LED_Samsung)
Added Component: Designator=VD74(LED_Samsung)
Added Component: Designator=VD75(LED_Samsung)
Added Component: Designator=VD76(LED_Samsung)
Added Component: Designator=VD77(LED_Samsung)
Added Component: Designator=VD78(LED_Samsung)
Added Component: Designator=VD79(LED_Samsung)
Added Component: Designator=VD80(LED_Samsung)
Added Component: Designator=VD81(LED_Samsung)
Added Component: Designator=VD82(LED_Samsung)
Added Component: Designator=VD83(LED_Samsung)
Added Component: Designator=VD84(LED_Samsung)
Added Component: Designator=VD85(LED_Samsung)
Added Component: Designator=VD86(LED_Samsung)
Added Component: Designator=VD87(LED_Samsung)
Added Component: Designator=VD88(LED_Samsung)
Added Component: Designator=VD89(LED_Samsung)
Added Component: Designator=VD90(LED_Samsung)
Added Component: Designator=VD91(LED_Samsung)
Added Component: Designator=VD92(LED_Samsung)
Added Component: Designator=VD93(LED_Samsung)
Added Component: Designator=VD94(LED_Samsung)
Added Component: Designator=VD95(LED_Samsung)
Added Component: Designator=VD96(LED_Samsung)
Added Component: Designator=VD97(LED_Samsung)
Added Component: Designator=VD98(LED_Samsung)
Added Component: Designator=VD99(LED_Samsung)
Added Component: Designator=VD100(LED_Samsung)
Added Component: Designator=VD101(LED_Samsung)
Added Component: Designator=VD102(LED_Samsung)
Added Component: Designator=VD103(LED_Samsung)
Added Component: Designator=VD104(LED_Samsung)
Added Component: Designator=VD105(LED_Samsung)
Added Component: Designator=VD106(LED_Samsung)
Added Component: Designator=VD107(LED_Samsung)
Added Component: Designator=VD108(LED_Samsung)
Added Component: Designator=VD109(LED_Samsung)
Added Component: Designator=VD110(LED_Samsung)
Added Component: Designator=VD111(LED_Samsung)
Added Component: Designator=VD112(LED_Samsung)
Added Component: Designator=VD113(LED_Samsung)
Added Component: Designator=VD114(LED_Samsung)
Added Component: Designator=VD115(LED_Samsung)
Added Component: Designator=VD116(LED_Samsung)
Added Component: Designator=VD117(LED_Samsung)
Added Component: Designator=VD118(LED_Samsung)
Added Component: Designator=VD119(LED_Samsung)
Added Component: Designator=VD120(LED_Samsung)
Added Component: Designator=VD121(LED_Samsung)
Added Component: Designator=VD122(LED_Samsung)
Added Component: Designator=VD123(LED_Samsung)
Added Component: Designator=VD124(LED_Samsung)
Added Component: Designator=VD125(LED_Samsung)
Added Component: Designator=VD126(LED_Samsung)
Added Component: Designator=VD127(LED_Samsung)
Added Component: Designator=VD128(LED_Samsung)
Added Component: Designator=VD129(LED_Samsung)
Added Component: Designator=VD130(LED_Samsung)
Added Component: Designator=VD131(LED_Samsung)
Added Component: Designator=VD132(LED_Samsung)
Added Component: Designator=X1(PIN_7x3mm_SMD)
Added Component: Designator=X2(PIN_7x3mm_SMD)
Added Component: Designator=X3(PIN_7x3mm_SMD)
Added Component: Designator=X4(PIN_7x3mm_SMD)
Added Component: Designator=X5(PIN_7x3mm_SMD)
Added Component: Designator=X6(PIN_7x3mm_SMD)
Added Component: Designator=X7(PIN_7x3mm_SMD)
Added Pin To Net: NetName=GND Pin=VD127-2
Added Pin To Net: NetName=GND Pin=VD127-2
Added Pin To Net: NetName=GND Pin=VD127-2
Added Pin To Net: NetName=GND Pin=VD128-2
Added Pin To Net: NetName=GND Pin=VD128-2
Added Pin To Net: NetName=GND Pin=VD128-2
Added Pin To Net: NetName=GND Pin=VD129-2
Added Pin To Net: NetName=GND Pin=VD129-2
Added Pin To Net: NetName=GND Pin=VD129-2
Added Pin To Net: NetName=GND Pin=VD130-2
Added Pin To Net: NetName=GND Pin=VD130-2
Added Pin To Net: NetName=GND Pin=VD130-2
Added Pin To Net: NetName=GND Pin=VD131-2
Added Pin To Net: NetName=GND Pin=VD131-2
Added Pin To Net: NetName=GND Pin=VD131-2
Added Pin To Net: NetName=GND Pin=VD132-2
Added Pin To Net: NetName=GND Pin=VD132-2
Added Pin To Net: NetName=GND Pin=VD132-2
Added Pin To Net: NetName=GND Pin=X4-1
Added Pin To Net: NetName=GND Pin=X7-1
Added Net: Name=GND
Added Pin To Net: NetName=NetVD1_1 Pin=VD1-1
Added Pin To Net: NetName=NetVD1_1 Pin=VD1-1
Added Pin To Net: NetName=NetVD1_1 Pin=VD2-1
Added Pin To Net: NetName=NetVD1_1 Pin=VD2-1
Added Pin To Net: NetName=NetVD1_1 Pin=VD3-1
Added Pin To Net: NetName=NetVD1_1 Pin=VD3-1
Added Pin To Net: NetName=NetVD1_1 Pin=VD4-1
Added Pin To Net: NetName=NetVD1_1 Pin=VD4-1
Added Pin To Net: NetName=NetVD1_1 Pin=VD5-1
Added Pin To Net: NetName=NetVD1_1 Pin=VD5-1
Added Pin To Net: NetName=NetVD1_1 Pin=VD6-1
Added Pin To Net: NetName=NetVD1_1 Pin=VD6-1
Added Pin To Net: NetName=NetVD1_1 Pin=X1-1
Added Net: Name=NetVD1_1
Added Pin To Net: NetName=NetVD1_2 Pin=VD1-2
Added Pin To Net: NetName=NetVD1_2 Pin=VD1-2
Added Pin To Net: NetName=NetVD1_2 Pin=VD1-2
Added Pin To Net: NetName=NetVD1_2 Pin=VD2-2
Added Pin To Net: NetName=NetVD1_2 Pin=VD2-2
Added Pin To Net: NetName=NetVD1_2 Pin=VD2-2
Added Pin To Net: NetName=NetVD1_2 Pin=VD3-2
Added Pin To Net: NetName=NetVD1_2 Pin=VD3-2
Added Pin To Net: NetName=NetVD1_2 Pin=VD3-2
Added Pin To Net: NetName=NetVD1_2 Pin=VD4-2
Added Pin To Net: NetName=NetVD1_2 Pin=VD4-2
Added Pin To Net: NetName=NetVD1_2 Pin=VD4-2
Added Pin To Net: NetName=NetVD1_2 Pin=VD5-2
Added Pin To Net: NetName=NetVD1_2 Pin=VD5-2
Added Pin To Net: NetName=NetVD1_2 Pin=VD5-2
Added Pin To Net: NetName=NetVD1_2 Pin=VD6-2
Added Pin To Net: NetName=NetVD1_2 Pin=VD6-2
Added Pin To Net: NetName=NetVD1_2 Pin=VD6-2
Added Pin To Net: NetName=NetVD1_2 Pin=VD7-1
Added Pin To Net: NetName=NetVD1_2 Pin=VD7-1
Added Pin To Net: NetName=NetVD1_2 Pin=VD8-1
Added Pin To Net: NetName=NetVD1_2 Pin=VD8-1
Added Pin To Net: NetName=NetVD1_2 Pin=VD9-1
Added Pin To Net: NetName=NetVD1_2 Pin=VD9-1
Added Pin To Net: NetName=NetVD1_2 Pin=VD10-1
Added Pin To Net: NetName=NetVD1_2 Pin=VD10-1
Added Pin To Net: NetName=NetVD1_2 Pin=VD11-1
Added Pin To Net: NetName=NetVD1_2 Pin=VD11-1
Added Pin To Net: NetName=NetVD1_2 Pin=VD12-1
Added Pin To Net: NetName=NetVD1_2 Pin=VD12-1
Added Net: Name=NetVD1_2
Added Pin To Net: NetName=NetVD7_2 Pin=VD7-2
Added Pin To Net: NetName=NetVD7_2 Pin=VD7-2
Added Pin To Net: NetName=NetVD7_2 Pin=VD7-2
Added Pin To Net: NetName=NetVD7_2 Pin=VD8-2
Added Pin To Net: NetName=NetVD7_2 Pin=VD8-2
Added Pin To Net: NetName=NetVD7_2 Pin=VD8-2
Added Pin To Net: NetName=NetVD7_2 Pin=VD9-2
Added Pin To Net: NetName=NetVD7_2 Pin=VD9-2
Added Pin To Net: NetName=NetVD7_2 Pin=VD9-2
Added Pin To Net: NetName=NetVD7_2 Pin=VD10-2
Added Pin To Net: NetName=NetVD7_2 Pin=VD10-2
Added Pin To Net: NetName=NetVD7_2 Pin=VD10-2
Added Pin To Net: NetName=NetVD7_2 Pin=VD11-2
Added Pin To Net: NetName=NetVD7_2 Pin=VD11-2
Added Pin To Net: NetName=NetVD7_2 Pin=VD11-2
Added Pin To Net: NetName=NetVD7_2 Pin=VD12-2
Added Pin To Net: NetName=NetVD7_2 Pin=VD12-2
Added Pin To Net: NetName=NetVD7_2 Pin=VD12-2
Added Pin To Net: NetName=NetVD7_2 Pin=VD13-1
Added Pin To Net: NetName=NetVD7_2 Pin=VD13-1
Added Pin To Net: NetName=NetVD7_2 Pin=VD14-1
Added Pin To Net: NetName=NetVD7_2 Pin=VD14-1
Added Pin To Net: NetName=NetVD7_2 Pin=VD15-1
Added Pin To Net: NetName=NetVD7_2 Pin=VD15-1
Added Pin To Net: NetName=NetVD7_2 Pin=VD16-1
Added Pin To Net: NetName=NetVD7_2 Pin=VD16-1
Added Pin To Net: NetName=NetVD7_2 Pin=VD17-1
Added Pin To Net: NetName=NetVD7_2 Pin=VD17-1
Added Pin To Net: NetName=NetVD7_2 Pin=VD18-1
Added Pin To Net: NetName=NetVD7_2 Pin=VD18-1
Added Net: Name=NetVD7_2
Added Pin To Net: NetName=NetVD13_2 Pin=VD13-2
Added Pin To Net: NetName=NetVD13_2 Pin=VD13-2
Added Pin To Net: NetName=NetVD13_2 Pin=VD13-2
Added Pin To Net: NetName=NetVD13_2 Pin=VD14-2
Added Pin To Net: NetName=NetVD13_2 Pin=VD14-2
Added Pin To Net: NetName=NetVD13_2 Pin=VD14-2
Added Pin To Net: NetName=NetVD13_2 Pin=VD15-2
Added Pin To Net: NetName=NetVD13_2 Pin=VD15-2
Added Pin To Net: NetName=NetVD13_2 Pin=VD15-2
Added Pin To Net: NetName=NetVD13_2 Pin=VD16-2
Added Pin To Net: NetName=NetVD13_2 Pin=VD16-2
Added Pin To Net: NetName=NetVD13_2 Pin=VD16-2
Added Pin To Net: NetName=NetVD13_2 Pin=VD17-2
Added Pin To Net: NetName=NetVD13_2 Pin=VD17-2
Added Pin To Net: NetName=NetVD13_2 Pin=VD17-2
Added Pin To Net: NetName=NetVD13_2 Pin=VD18-2
Added Pin To Net: NetName=NetVD13_2 Pin=VD18-2
Added Pin To Net: NetName=NetVD13_2 Pin=VD18-2
Added Pin To Net: NetName=NetVD13_2 Pin=VD19-1
Added Pin To Net: NetName=NetVD13_2 Pin=VD19-1
Added Pin To Net: NetName=NetVD13_2 Pin=VD20-1
Added Pin To Net: NetName=NetVD13_2 Pin=VD20-1
Added Pin To Net: NetName=NetVD13_2 Pin=VD21-1
Added Pin To Net: NetName=NetVD13_2 Pin=VD21-1
Added Pin To Net: NetName=NetVD13_2 Pin=VD22-1
Added Pin To Net: NetName=NetVD13_2 Pin=VD22-1
Added Pin To Net: NetName=NetVD13_2 Pin=VD23-1
Added Pin To Net: NetName=NetVD13_2 Pin=VD23-1
Added Pin To Net: NetName=NetVD13_2 Pin=VD24-1
Added Pin To Net: NetName=NetVD13_2 Pin=VD24-1
Added Net: Name=NetVD13_2
Added Pin To Net: NetName=NetVD19_2 Pin=VD19-2
Added Pin To Net: NetName=NetVD19_2 Pin=VD19-2
Added Pin To Net: NetName=NetVD19_2 Pin=VD19-2
Added Pin To Net: NetName=NetVD19_2 Pin=VD20-2
Added Pin To Net: NetName=NetVD19_2 Pin=VD20-2
Added Pin To Net: NetName=NetVD19_2 Pin=VD20-2
Added Pin To Net: NetName=NetVD19_2 Pin=VD21-2
Added Pin To Net: NetName=NetVD19_2 Pin=VD21-2
Added Pin To Net: NetName=NetVD19_2 Pin=VD21-2
Added Pin To Net: NetName=NetVD19_2 Pin=VD22-2
Added Pin To Net: NetName=NetVD19_2 Pin=VD22-2
Added Pin To Net: NetName=NetVD19_2 Pin=VD22-2
Added Pin To Net: NetName=NetVD19_2 Pin=VD23-2
Added Pin To Net: NetName=NetVD19_2 Pin=VD23-2
Added Pin To Net: NetName=NetVD19_2 Pin=VD23-2
Added Pin To Net: NetName=NetVD19_2 Pin=VD24-2
Added Pin To Net: NetName=NetVD19_2 Pin=VD24-2
Added Pin To Net: NetName=NetVD19_2 Pin=VD24-2
Added Pin To Net: NetName=NetVD19_2 Pin=VD25-1
Added Pin To Net: NetName=NetVD19_2 Pin=VD25-1
Added Pin To Net: NetName=NetVD19_2 Pin=VD26-1
Added Pin To Net: NetName=NetVD19_2 Pin=VD26-1
Added Pin To Net: NetName=NetVD19_2 Pin=VD27-1
Added Pin To Net: NetName=NetVD19_2 Pin=VD27-1
Added Pin To Net: NetName=NetVD19_2 Pin=VD28-1
Added Pin To Net: NetName=NetVD19_2 Pin=VD28-1
Added Pin To Net: NetName=NetVD19_2 Pin=VD29-1
Added Pin To Net: NetName=NetVD19_2 Pin=VD29-1
Added Pin To Net: NetName=NetVD19_2 Pin=VD30-1
Added Pin To Net: NetName=NetVD19_2 Pin=VD30-1
Added Net: Name=NetVD19_2
Added Pin To Net: NetName=NetVD25_2 Pin=VD25-2
Added Pin To Net: NetName=NetVD25_2 Pin=VD25-2
Added Pin To Net: NetName=NetVD25_2 Pin=VD25-2
Added Pin To Net: NetName=NetVD25_2 Pin=VD26-2
Added Pin To Net: NetName=NetVD25_2 Pin=VD26-2
Added Pin To Net: NetName=NetVD25_2 Pin=VD26-2
Added Pin To Net: NetName=NetVD25_2 Pin=VD27-2
Added Pin To Net: NetName=NetVD25_2 Pin=VD27-2
Added Pin To Net: NetName=NetVD25_2 Pin=VD27-2
Added Pin To Net: NetName=NetVD25_2 Pin=VD28-2
Added Pin To Net: NetName=NetVD25_2 Pin=VD28-2
Added Pin To Net: NetName=NetVD25_2 Pin=VD28-2
Added Pin To Net: NetName=NetVD25_2 Pin=VD29-2
Added Pin To Net: NetName=NetVD25_2 Pin=VD29-2
Added Pin To Net: NetName=NetVD25_2 Pin=VD29-2
Added Pin To Net: NetName=NetVD25_2 Pin=VD30-2
Added Pin To Net: NetName=NetVD25_2 Pin=VD30-2
Added Pin To Net: NetName=NetVD25_2 Pin=VD30-2
Added Pin To Net: NetName=NetVD25_2 Pin=VD31-1
Added Pin To Net: NetName=NetVD25_2 Pin=VD31-1
Added Pin To Net: NetName=NetVD25_2 Pin=VD32-1
Added Pin To Net: NetName=NetVD25_2 Pin=VD32-1
Added Pin To Net: NetName=NetVD25_2 Pin=VD33-1
Added Pin To Net: NetName=NetVD25_2 Pin=VD33-1
Added Pin To Net: NetName=NetVD25_2 Pin=VD34-1
Added Pin To Net: NetName=NetVD25_2 Pin=VD34-1
Added Pin To Net: NetName=NetVD25_2 Pin=VD35-1
Added Pin To Net: NetName=NetVD25_2 Pin=VD35-1
Added Pin To Net: NetName=NetVD25_2 Pin=VD36-1
Added Pin To Net: NetName=NetVD25_2 Pin=VD36-1
Added Net: Name=NetVD25_2
Added Pin To Net: NetName=NetVD31_2 Pin=VD31-2
Added Pin To Net: NetName=NetVD31_2 Pin=VD31-2
Added Pin To Net: NetName=NetVD31_2 Pin=VD31-2
Added Pin To Net: NetName=NetVD31_2 Pin=VD32-2
Added Pin To Net: NetName=NetVD31_2 Pin=VD32-2
Added Pin To Net: NetName=NetVD31_2 Pin=VD32-2
Added Pin To Net: NetName=NetVD31_2 Pin=VD33-2
Added Pin To Net: NetName=NetVD31_2 Pin=VD33-2
Added Pin To Net: NetName=NetVD31_2 Pin=VD33-2
Added Pin To Net: NetName=NetVD31_2 Pin=VD34-2
Added Pin To Net: NetName=NetVD31_2 Pin=VD34-2
Added Pin To Net: NetName=NetVD31_2 Pin=VD34-2
Added Pin To Net: NetName=NetVD31_2 Pin=VD35-2
Added Pin To Net: NetName=NetVD31_2 Pin=VD35-2
Added Pin To Net: NetName=NetVD31_2 Pin=VD35-2
Added Pin To Net: NetName=NetVD31_2 Pin=VD36-2
Added Pin To Net: NetName=NetVD31_2 Pin=VD36-2
Added Pin To Net: NetName=NetVD31_2 Pin=VD36-2
Added Pin To Net: NetName=NetVD31_2 Pin=VD37-1
Added Pin To Net: NetName=NetVD31_2 Pin=VD37-1
Added Pin To Net: NetName=NetVD31_2 Pin=VD38-1
Added Pin To Net: NetName=NetVD31_2 Pin=VD38-1
Added Pin To Net: NetName=NetVD31_2 Pin=VD39-1
Added Pin To Net: NetName=NetVD31_2 Pin=VD39-1
Added Pin To Net: NetName=NetVD31_2 Pin=VD40-1
Added Pin To Net: NetName=NetVD31_2 Pin=VD40-1
Added Pin To Net: NetName=NetVD31_2 Pin=VD41-1
Added Pin To Net: NetName=NetVD31_2 Pin=VD41-1
Added Pin To Net: NetName=NetVD31_2 Pin=VD42-1
Added Pin To Net: NetName=NetVD31_2 Pin=VD42-1
Added Net: Name=NetVD31_2
Added Pin To Net: NetName=NetVD37_2 Pin=VD37-2
Added Pin To Net: NetName=NetVD37_2 Pin=VD37-2
Added Pin To Net: NetName=NetVD37_2 Pin=VD37-2
Added Pin To Net: NetName=NetVD37_2 Pin=VD38-2
Added Pin To Net: NetName=NetVD37_2 Pin=VD38-2
Added Pin To Net: NetName=NetVD37_2 Pin=VD38-2
Added Pin To Net: NetName=NetVD37_2 Pin=VD39-2
Added Pin To Net: NetName=NetVD37_2 Pin=VD39-2
Added Pin To Net: NetName=NetVD37_2 Pin=VD39-2
Added Pin To Net: NetName=NetVD37_2 Pin=VD40-2
Added Pin To Net: NetName=NetVD37_2 Pin=VD40-2
Added Pin To Net: NetName=NetVD37_2 Pin=VD40-2
Added Pin To Net: NetName=NetVD37_2 Pin=VD41-2
Added Pin To Net: NetName=NetVD37_2 Pin=VD41-2
Added Pin To Net: NetName=NetVD37_2 Pin=VD41-2
Added Pin To Net: NetName=NetVD37_2 Pin=VD42-2
Added Pin To Net: NetName=NetVD37_2 Pin=VD42-2
Added Pin To Net: NetName=NetVD37_2 Pin=VD42-2
Added Pin To Net: NetName=NetVD37_2 Pin=VD43-1
Added Pin To Net: NetName=NetVD37_2 Pin=VD43-1
Added Pin To Net: NetName=NetVD37_2 Pin=VD44-1
Added Pin To Net: NetName=NetVD37_2 Pin=VD44-1
Added Pin To Net: NetName=NetVD37_2 Pin=VD45-1
Added Pin To Net: NetName=NetVD37_2 Pin=VD45-1
Added Pin To Net: NetName=NetVD37_2 Pin=VD46-1
Added Pin To Net: NetName=NetVD37_2 Pin=VD46-1
Added Pin To Net: NetName=NetVD37_2 Pin=VD47-1
Added Pin To Net: NetName=NetVD37_2 Pin=VD47-1
Added Pin To Net: NetName=NetVD37_2 Pin=VD48-1
Added Pin To Net: NetName=NetVD37_2 Pin=VD48-1
Added Net: Name=NetVD37_2
Added Pin To Net: NetName=NetVD43_2 Pin=VD43-2
Added Pin To Net: NetName=NetVD43_2 Pin=VD43-2
Added Pin To Net: NetName=NetVD43_2 Pin=VD43-2
Added Pin To Net: NetName=NetVD43_2 Pin=VD44-2
Added Pin To Net: NetName=NetVD43_2 Pin=VD44-2
Added Pin To Net: NetName=NetVD43_2 Pin=VD44-2
Added Pin To Net: NetName=NetVD43_2 Pin=VD45-2
Added Pin To Net: NetName=NetVD43_2 Pin=VD45-2
Added Pin To Net: NetName=NetVD43_2 Pin=VD45-2
Added Pin To Net: NetName=NetVD43_2 Pin=VD46-2
Added Pin To Net: NetName=NetVD43_2 Pin=VD46-2
Added Pin To Net: NetName=NetVD43_2 Pin=VD46-2
Added Pin To Net: NetName=NetVD43_2 Pin=VD47-2
Added Pin To Net: NetName=NetVD43_2 Pin=VD47-2
Added Pin To Net: NetName=NetVD43_2 Pin=VD47-2
Added Pin To Net: NetName=NetVD43_2 Pin=VD48-2
Added Pin To Net: NetName=NetVD43_2 Pin=VD48-2
Added Pin To Net: NetName=NetVD43_2 Pin=VD48-2
Added Pin To Net: NetName=NetVD43_2 Pin=VD49-1
Added Pin To Net: NetName=NetVD43_2 Pin=VD49-1
Added Pin To Net: NetName=NetVD43_2 Pin=VD50-1
Added Pin To Net: NetName=NetVD43_2 Pin=VD50-1
Added Pin To Net: NetName=NetVD43_2 Pin=VD51-1
Added Pin To Net: NetName=NetVD43_2 Pin=VD51-1
Added Pin To Net: NetName=NetVD43_2 Pin=VD52-1
Added Pin To Net: NetName=NetVD43_2 Pin=VD52-1
Added Pin To Net: NetName=NetVD43_2 Pin=VD53-1
Added Pin To Net: NetName=NetVD43_2 Pin=VD53-1
Added Pin To Net: NetName=NetVD43_2 Pin=VD54-1
Added Pin To Net: NetName=NetVD43_2 Pin=VD54-1
Added Net: Name=NetVD43_2
Added Pin To Net: NetName=NetVD49_2 Pin=VD49-2
Added Pin To Net: NetName=NetVD49_2 Pin=VD49-2
Added Pin To Net: NetName=NetVD49_2 Pin=VD49-2
Added Pin To Net: NetName=NetVD49_2 Pin=VD50-2
Added Pin To Net: NetName=NetVD49_2 Pin=VD50-2
Added Pin To Net: NetName=NetVD49_2 Pin=VD50-2
Added Pin To Net: NetName=NetVD49_2 Pin=VD51-2
Added Pin To Net: NetName=NetVD49_2 Pin=VD51-2
Added Pin To Net: NetName=NetVD49_2 Pin=VD51-2
Added Pin To Net: NetName=NetVD49_2 Pin=VD52-2
Added Pin To Net: NetName=NetVD49_2 Pin=VD52-2
Added Pin To Net: NetName=NetVD49_2 Pin=VD52-2
Added Pin To Net: NetName=NetVD49_2 Pin=VD53-2
Added Pin To Net: NetName=NetVD49_2 Pin=VD53-2
Added Pin To Net: NetName=NetVD49_2 Pin=VD53-2
Added Pin To Net: NetName=NetVD49_2 Pin=VD54-2
Added Pin To Net: NetName=NetVD49_2 Pin=VD54-2
Added Pin To Net: NetName=NetVD49_2 Pin=VD54-2
Added Pin To Net: NetName=NetVD49_2 Pin=VD55-1
Added Pin To Net: NetName=NetVD49_2 Pin=VD55-1
Added Pin To Net: NetName=NetVD49_2 Pin=VD56-1
Added Pin To Net: NetName=NetVD49_2 Pin=VD56-1
Added Pin To Net: NetName=NetVD49_2 Pin=VD57-1
Added Pin To Net: NetName=NetVD49_2 Pin=VD57-1
Added Pin To Net: NetName=NetVD49_2 Pin=VD58-1
Added Pin To Net: NetName=NetVD49_2 Pin=VD58-1
Added Pin To Net: NetName=NetVD49_2 Pin=VD59-1
Added Pin To Net: NetName=NetVD49_2 Pin=VD59-1
Added Pin To Net: NetName=NetVD49_2 Pin=VD60-1
Added Pin To Net: NetName=NetVD49_2 Pin=VD60-1
Added Net: Name=NetVD49_2
Added Pin To Net: NetName=NetVD55_2 Pin=VD55-2
Added Pin To Net: NetName=NetVD55_2 Pin=VD55-2
Added Pin To Net: NetName=NetVD55_2 Pin=VD55-2
Added Pin To Net: NetName=NetVD55_2 Pin=VD56-2
Added Pin To Net: NetName=NetVD55_2 Pin=VD56-2
Added Pin To Net: NetName=NetVD55_2 Pin=VD56-2
Added Pin To Net: NetName=NetVD55_2 Pin=VD57-2
Added Pin To Net: NetName=NetVD55_2 Pin=VD57-2
Added Pin To Net: NetName=NetVD55_2 Pin=VD57-2
Added Pin To Net: NetName=NetVD55_2 Pin=VD58-2
Added Pin To Net: NetName=NetVD55_2 Pin=VD58-2
Added Pin To Net: NetName=NetVD55_2 Pin=VD58-2
Added Pin To Net: NetName=NetVD55_2 Pin=VD59-2
Added Pin To Net: NetName=NetVD55_2 Pin=VD59-2
Added Pin To Net: NetName=NetVD55_2 Pin=VD59-2
Added Pin To Net: NetName=NetVD55_2 Pin=VD60-2
Added Pin To Net: NetName=NetVD55_2 Pin=VD60-2
Added Pin To Net: NetName=NetVD55_2 Pin=VD60-2
Added Pin To Net: NetName=NetVD55_2 Pin=VD61-1
Added Pin To Net: NetName=NetVD55_2 Pin=VD61-1
Added Pin To Net: NetName=NetVD55_2 Pin=VD62-1
Added Pin To Net: NetName=NetVD55_2 Pin=VD62-1
Added Pin To Net: NetName=NetVD55_2 Pin=VD63-1
Added Pin To Net: NetName=NetVD55_2 Pin=VD63-1
Added Pin To Net: NetName=NetVD55_2 Pin=VD64-1
Added Pin To Net: NetName=NetVD55_2 Pin=VD64-1
Added Pin To Net: NetName=NetVD55_2 Pin=VD65-1
Added Pin To Net: NetName=NetVD55_2 Pin=VD65-1
Added Pin To Net: NetName=NetVD55_2 Pin=VD66-1
Added Pin To Net: NetName=NetVD55_2 Pin=VD66-1
Added Net: Name=NetVD55_2
Added Pin To Net: NetName=NetVD61_2 Pin=VD61-2
Added Pin To Net: NetName=NetVD61_2 Pin=VD61-2
Added Pin To Net: NetName=NetVD61_2 Pin=VD61-2
Added Pin To Net: NetName=NetVD61_2 Pin=VD62-2
Added Pin To Net: NetName=NetVD61_2 Pin=VD62-2
Added Pin To Net: NetName=NetVD61_2 Pin=VD62-2
Added Pin To Net: NetName=NetVD61_2 Pin=VD63-2
Added Pin To Net: NetName=NetVD61_2 Pin=VD63-2
Added Pin To Net: NetName=NetVD61_2 Pin=VD63-2
Added Pin To Net: NetName=NetVD61_2 Pin=VD64-2
Added Pin To Net: NetName=NetVD61_2 Pin=VD64-2
Added Pin To Net: NetName=NetVD61_2 Pin=VD64-2
Added Pin To Net: NetName=NetVD61_2 Pin=VD65-2
Added Pin To Net: NetName=NetVD61_2 Pin=VD65-2
Added Pin To Net: NetName=NetVD61_2 Pin=VD65-2
Added Pin To Net: NetName=NetVD61_2 Pin=VD66-2
Added Pin To Net: NetName=NetVD61_2 Pin=VD66-2
Added Pin To Net: NetName=NetVD61_2 Pin=VD66-2
Added Pin To Net: NetName=NetVD61_2 Pin=VD67-1
Added Pin To Net: NetName=NetVD61_2 Pin=VD67-1
Added Pin To Net: NetName=NetVD61_2 Pin=VD68-1
Added Pin To Net: NetName=NetVD61_2 Pin=VD68-1
Added Pin To Net: NetName=NetVD61_2 Pin=VD69-1
Added Pin To Net: NetName=NetVD61_2 Pin=VD69-1
Added Pin To Net: NetName=NetVD61_2 Pin=VD70-1
Added Pin To Net: NetName=NetVD61_2 Pin=VD70-1
Added Pin To Net: NetName=NetVD61_2 Pin=VD71-1
Added Pin To Net: NetName=NetVD61_2 Pin=VD71-1
Added Pin To Net: NetName=NetVD61_2 Pin=VD72-1
Added Pin To Net: NetName=NetVD61_2 Pin=VD72-1
Added Net: Name=NetVD61_2
Added Pin To Net: NetName=NetVD67_2 Pin=VD67-2
Added Pin To Net: NetName=NetVD67_2 Pin=VD67-2
Added Pin To Net: NetName=NetVD67_2 Pin=VD67-2
Added Pin To Net: NetName=NetVD67_2 Pin=VD68-2
Added Pin To Net: NetName=NetVD67_2 Pin=VD68-2
Added Pin To Net: NetName=NetVD67_2 Pin=VD68-2
Added Pin To Net: NetName=NetVD67_2 Pin=VD69-2
Added Pin To Net: NetName=NetVD67_2 Pin=VD69-2
Added Pin To Net: NetName=NetVD67_2 Pin=VD69-2
Added Pin To Net: NetName=NetVD67_2 Pin=VD70-2
Added Pin To Net: NetName=NetVD67_2 Pin=VD70-2
Added Pin To Net: NetName=NetVD67_2 Pin=VD70-2
Added Pin To Net: NetName=NetVD67_2 Pin=VD71-2
Added Pin To Net: NetName=NetVD67_2 Pin=VD71-2
Added Pin To Net: NetName=NetVD67_2 Pin=VD71-2
Added Pin To Net: NetName=NetVD67_2 Pin=VD72-2
Added Pin To Net: NetName=NetVD67_2 Pin=VD72-2
Added Pin To Net: NetName=NetVD67_2 Pin=VD72-2
Added Pin To Net: NetName=NetVD67_2 Pin=VD73-1
Added Pin To Net: NetName=NetVD67_2 Pin=VD73-1
Added Pin To Net: NetName=NetVD67_2 Pin=VD74-1
Added Pin To Net: NetName=NetVD67_2 Pin=VD74-1
Added Pin To Net: NetName=NetVD67_2 Pin=VD75-1
Added Pin To Net: NetName=NetVD67_2 Pin=VD75-1
Added Pin To Net: NetName=NetVD67_2 Pin=VD76-1
Added Pin To Net: NetName=NetVD67_2 Pin=VD76-1
Added Pin To Net: NetName=NetVD67_2 Pin=VD77-1
Added Pin To Net: NetName=NetVD67_2 Pin=VD77-1
Added Pin To Net: NetName=NetVD67_2 Pin=VD78-1
Added Pin To Net: NetName=NetVD67_2 Pin=VD78-1
Added Net: Name=NetVD67_2
Added Pin To Net: NetName=NetVD73_2 Pin=VD73-2
Added Pin To Net: NetName=NetVD73_2 Pin=VD73-2
Added Pin To Net: NetName=NetVD73_2 Pin=VD73-2
Added Pin To Net: NetName=NetVD73_2 Pin=VD74-2
Added Pin To Net: NetName=NetVD73_2 Pin=VD74-2
Added Pin To Net: NetName=NetVD73_2 Pin=VD74-2
Added Pin To Net: NetName=NetVD73_2 Pin=VD75-2
Added Pin To Net: NetName=NetVD73_2 Pin=VD75-2
Added Pin To Net: NetName=NetVD73_2 Pin=VD75-2
Added Pin To Net: NetName=NetVD73_2 Pin=VD76-2
Added Pin To Net: NetName=NetVD73_2 Pin=VD76-2
Added Pin To Net: NetName=NetVD73_2 Pin=VD76-2
Added Pin To Net: NetName=NetVD73_2 Pin=VD77-2
Added Pin To Net: NetName=NetVD73_2 Pin=VD77-2
Added Pin To Net: NetName=NetVD73_2 Pin=VD77-2
Added Pin To Net: NetName=NetVD73_2 Pin=VD78-2
Added Pin To Net: NetName=NetVD73_2 Pin=VD78-2
Added Pin To Net: NetName=NetVD73_2 Pin=VD78-2
Added Pin To Net: NetName=NetVD73_2 Pin=VD79-1
Added Pin To Net: NetName=NetVD73_2 Pin=VD79-1
Added Pin To Net: NetName=NetVD73_2 Pin=VD80-1
Added Pin To Net: NetName=NetVD73_2 Pin=VD80-1
Added Pin To Net: NetName=NetVD73_2 Pin=VD81-1
Added Pin To Net: NetName=NetVD73_2 Pin=VD81-1
Added Pin To Net: NetName=NetVD73_2 Pin=VD82-1
Added Pin To Net: NetName=NetVD73_2 Pin=VD82-1
Added Pin To Net: NetName=NetVD73_2 Pin=VD83-1
Added Pin To Net: NetName=NetVD73_2 Pin=VD83-1
Added Pin To Net: NetName=NetVD73_2 Pin=VD84-1
Added Pin To Net: NetName=NetVD73_2 Pin=VD84-1
Added Net: Name=NetVD73_2
Added Pin To Net: NetName=NetVD79_2 Pin=VD79-2
Added Pin To Net: NetName=NetVD79_2 Pin=VD79-2
Added Pin To Net: NetName=NetVD79_2 Pin=VD79-2
Added Pin To Net: NetName=NetVD79_2 Pin=VD80-2
Added Pin To Net: NetName=NetVD79_2 Pin=VD80-2
Added Pin To Net: NetName=NetVD79_2 Pin=VD80-2
Added Pin To Net: NetName=NetVD79_2 Pin=VD81-2
Added Pin To Net: NetName=NetVD79_2 Pin=VD81-2
Added Pin To Net: NetName=NetVD79_2 Pin=VD81-2
Added Pin To Net: NetName=NetVD79_2 Pin=VD82-2
Added Pin To Net: NetName=NetVD79_2 Pin=VD82-2
Added Pin To Net: NetName=NetVD79_2 Pin=VD82-2
Added Pin To Net: NetName=NetVD79_2 Pin=VD83-2
Added Pin To Net: NetName=NetVD79_2 Pin=VD83-2
Added Pin To Net: NetName=NetVD79_2 Pin=VD83-2
Added Pin To Net: NetName=NetVD79_2 Pin=VD84-2
Added Pin To Net: NetName=NetVD79_2 Pin=VD84-2
Added Pin To Net: NetName=NetVD79_2 Pin=VD84-2
Added Pin To Net: NetName=NetVD79_2 Pin=VD85-1
Added Pin To Net: NetName=NetVD79_2 Pin=VD85-1
Added Pin To Net: NetName=NetVD79_2 Pin=VD86-1
Added Pin To Net: NetName=NetVD79_2 Pin=VD86-1
Added Pin To Net: NetName=NetVD79_2 Pin=VD87-1
Added Pin To Net: NetName=NetVD79_2 Pin=VD87-1
Added Pin To Net: NetName=NetVD79_2 Pin=VD88-1
Added Pin To Net: NetName=NetVD79_2 Pin=VD88-1
Added Pin To Net: NetName=NetVD79_2 Pin=VD89-1
Added Pin To Net: NetName=NetVD79_2 Pin=VD89-1
Added Pin To Net: NetName=NetVD79_2 Pin=VD90-1
Added Pin To Net: NetName=NetVD79_2 Pin=VD90-1
Added Net: Name=NetVD79_2
Added Pin To Net: NetName=NetVD85_2 Pin=VD85-2
Added Pin To Net: NetName=NetVD85_2 Pin=VD85-2
Added Pin To Net: NetName=NetVD85_2 Pin=VD85-2
Added Pin To Net: NetName=NetVD85_2 Pin=VD86-2
Added Pin To Net: NetName=NetVD85_2 Pin=VD86-2
Added Pin To Net: NetName=NetVD85_2 Pin=VD86-2
Added Pin To Net: NetName=NetVD85_2 Pin=VD87-2
Added Pin To Net: NetName=NetVD85_2 Pin=VD87-2
Added Pin To Net: NetName=NetVD85_2 Pin=VD87-2
Added Pin To Net: NetName=NetVD85_2 Pin=VD88-2
Added Pin To Net: NetName=NetVD85_2 Pin=VD88-2
Added Pin To Net: NetName=NetVD85_2 Pin=VD88-2
Added Pin To Net: NetName=NetVD85_2 Pin=VD89-2
Added Pin To Net: NetName=NetVD85_2 Pin=VD89-2
Added Pin To Net: NetName=NetVD85_2 Pin=VD89-2
Added Pin To Net: NetName=NetVD85_2 Pin=VD90-2
Added Pin To Net: NetName=NetVD85_2 Pin=VD90-2
Added Pin To Net: NetName=NetVD85_2 Pin=VD90-2
Added Pin To Net: NetName=NetVD85_2 Pin=VD91-1
Added Pin To Net: NetName=NetVD85_2 Pin=VD91-1
Added Pin To Net: NetName=NetVD85_2 Pin=VD92-1
Added Pin To Net: NetName=NetVD85_2 Pin=VD92-1
Added Pin To Net: NetName=NetVD85_2 Pin=VD93-1
Added Pin To Net: NetName=NetVD85_2 Pin=VD93-1
Added Pin To Net: NetName=NetVD85_2 Pin=VD94-1
Added Pin To Net: NetName=NetVD85_2 Pin=VD94-1
Added Pin To Net: NetName=NetVD85_2 Pin=VD95-1
Added Pin To Net: NetName=NetVD85_2 Pin=VD95-1
Added Pin To Net: NetName=NetVD85_2 Pin=VD96-1
Added Pin To Net: NetName=NetVD85_2 Pin=VD96-1
Added Net: Name=NetVD85_2
Added Pin To Net: NetName=NetVD91_2 Pin=VD91-2
Added Pin To Net: NetName=NetVD91_2 Pin=VD91-2
Added Pin To Net: NetName=NetVD91_2 Pin=VD91-2
Added Pin To Net: NetName=NetVD91_2 Pin=VD92-2
Added Pin To Net: NetName=NetVD91_2 Pin=VD92-2
Added Pin To Net: NetName=NetVD91_2 Pin=VD92-2
Added Pin To Net: NetName=NetVD91_2 Pin=VD93-2
Added Pin To Net: NetName=NetVD91_2 Pin=VD93-2
Added Pin To Net: NetName=NetVD91_2 Pin=VD93-2
Added Pin To Net: NetName=NetVD91_2 Pin=VD94-2
Added Pin To Net: NetName=NetVD91_2 Pin=VD94-2
Added Pin To Net: NetName=NetVD91_2 Pin=VD94-2
Added Pin To Net: NetName=NetVD91_2 Pin=VD95-2
Added Pin To Net: NetName=NetVD91_2 Pin=VD95-2
Added Pin To Net: NetName=NetVD91_2 Pin=VD95-2
Added Pin To Net: NetName=NetVD91_2 Pin=VD96-2
Added Pin To Net: NetName=NetVD91_2 Pin=VD96-2
Added Pin To Net: NetName=NetVD91_2 Pin=VD96-2
Added Pin To Net: NetName=NetVD91_2 Pin=VD97-1
Added Pin To Net: NetName=NetVD91_2 Pin=VD97-1
Added Pin To Net: NetName=NetVD91_2 Pin=VD98-1
Added Pin To Net: NetName=NetVD91_2 Pin=VD98-1
Added Pin To Net: NetName=NetVD91_2 Pin=VD99-1
Added Pin To Net: NetName=NetVD91_2 Pin=VD99-1
Added Pin To Net: NetName=NetVD91_2 Pin=VD100-1
Added Pin To Net: NetName=NetVD91_2 Pin=VD100-1
Added Pin To Net: NetName=NetVD91_2 Pin=VD101-1
Added Pin To Net: NetName=NetVD91_2 Pin=VD101-1
Added Pin To Net: NetName=NetVD91_2 Pin=VD102-1
Added Pin To Net: NetName=NetVD91_2 Pin=VD102-1
Added Net: Name=NetVD91_2
Added Pin To Net: NetName=NetVD97_2 Pin=VD97-2
Added Pin To Net: NetName=NetVD97_2 Pin=VD97-2
Added Pin To Net: NetName=NetVD97_2 Pin=VD97-2
Added Pin To Net: NetName=NetVD97_2 Pin=VD98-2
Added Pin To Net: NetName=NetVD97_2 Pin=VD98-2
Added Pin To Net: NetName=NetVD97_2 Pin=VD98-2
Added Pin To Net: NetName=NetVD97_2 Pin=VD99-2
Added Pin To Net: NetName=NetVD97_2 Pin=VD99-2
Added Pin To Net: NetName=NetVD97_2 Pin=VD99-2
Added Pin To Net: NetName=NetVD97_2 Pin=VD100-2
Added Pin To Net: NetName=NetVD97_2 Pin=VD100-2
Added Pin To Net: NetName=NetVD97_2 Pin=VD100-2
Added Pin To Net: NetName=NetVD97_2 Pin=VD101-2
Added Pin To Net: NetName=NetVD97_2 Pin=VD101-2
Added Pin To Net: NetName=NetVD97_2 Pin=VD101-2
Added Pin To Net: NetName=NetVD97_2 Pin=VD102-2
Added Pin To Net: NetName=NetVD97_2 Pin=VD102-2
Added Pin To Net: NetName=NetVD97_2 Pin=VD102-2
Added Pin To Net: NetName=NetVD97_2 Pin=VD103-1
Added Pin To Net: NetName=NetVD97_2 Pin=VD103-1
Added Pin To Net: NetName=NetVD97_2 Pin=VD104-1
Added Pin To Net: NetName=NetVD97_2 Pin=VD104-1
Added Pin To Net: NetName=NetVD97_2 Pin=VD105-1
Added Pin To Net: NetName=NetVD97_2 Pin=VD105-1
Added Pin To Net: NetName=NetVD97_2 Pin=VD106-1
Added Pin To Net: NetName=NetVD97_2 Pin=VD106-1
Added Pin To Net: NetName=NetVD97_2 Pin=VD107-1
Added Pin To Net: NetName=NetVD97_2 Pin=VD107-1
Added Pin To Net: NetName=NetVD97_2 Pin=VD108-1
Added Pin To Net: NetName=NetVD97_2 Pin=VD108-1
Added Net: Name=NetVD97_2
Added Pin To Net: NetName=NetVD103_2 Pin=VD103-2
Added Pin To Net: NetName=NetVD103_2 Pin=VD103-2
Added Pin To Net: NetName=NetVD103_2 Pin=VD103-2
Added Pin To Net: NetName=NetVD103_2 Pin=VD104-2
Added Pin To Net: NetName=NetVD103_2 Pin=VD104-2
Added Pin To Net: NetName=NetVD103_2 Pin=VD104-2
Added Pin To Net: NetName=NetVD103_2 Pin=VD105-2
Added Pin To Net: NetName=NetVD103_2 Pin=VD105-2
Added Pin To Net: NetName=NetVD103_2 Pin=VD105-2
Added Pin To Net: NetName=NetVD103_2 Pin=VD106-2
Added Pin To Net: NetName=NetVD103_2 Pin=VD106-2
Added Pin To Net: NetName=NetVD103_2 Pin=VD106-2
Added Pin To Net: NetName=NetVD103_2 Pin=VD107-2
Added Pin To Net: NetName=NetVD103_2 Pin=VD107-2
Added Pin To Net: NetName=NetVD103_2 Pin=VD107-2
Added Pin To Net: NetName=NetVD103_2 Pin=VD108-2
Added Pin To Net: NetName=NetVD103_2 Pin=VD108-2
Added Pin To Net: NetName=NetVD103_2 Pin=VD108-2
Added Pin To Net: NetName=NetVD103_2 Pin=VD109-1
Added Pin To Net: NetName=NetVD103_2 Pin=VD109-1
Added Pin To Net: NetName=NetVD103_2 Pin=VD110-1
Added Pin To Net: NetName=NetVD103_2 Pin=VD110-1
Added Pin To Net: NetName=NetVD103_2 Pin=VD111-1
Added Pin To Net: NetName=NetVD103_2 Pin=VD111-1
Added Pin To Net: NetName=NetVD103_2 Pin=VD112-1
Added Pin To Net: NetName=NetVD103_2 Pin=VD112-1
Added Pin To Net: NetName=NetVD103_2 Pin=VD113-1
Added Pin To Net: NetName=NetVD103_2 Pin=VD113-1
Added Pin To Net: NetName=NetVD103_2 Pin=VD114-1
Added Pin To Net: NetName=NetVD103_2 Pin=VD114-1
Added Net: Name=NetVD103_2
Added Pin To Net: NetName=NetVD109_2 Pin=VD109-2
Added Pin To Net: NetName=NetVD109_2 Pin=VD109-2
Added Pin To Net: NetName=NetVD109_2 Pin=VD109-2
Added Pin To Net: NetName=NetVD109_2 Pin=VD110-2
Added Pin To Net: NetName=NetVD109_2 Pin=VD110-2
Added Pin To Net: NetName=NetVD109_2 Pin=VD110-2
Added Pin To Net: NetName=NetVD109_2 Pin=VD111-2
Added Pin To Net: NetName=NetVD109_2 Pin=VD111-2
Added Pin To Net: NetName=NetVD109_2 Pin=VD111-2
Added Pin To Net: NetName=NetVD109_2 Pin=VD112-2
Added Pin To Net: NetName=NetVD109_2 Pin=VD112-2
Added Pin To Net: NetName=NetVD109_2 Pin=VD112-2
Added Pin To Net: NetName=NetVD109_2 Pin=VD113-2
Added Pin To Net: NetName=NetVD109_2 Pin=VD113-2
Added Pin To Net: NetName=NetVD109_2 Pin=VD113-2
Added Pin To Net: NetName=NetVD109_2 Pin=VD114-2
Added Pin To Net: NetName=NetVD109_2 Pin=VD114-2
Added Pin To Net: NetName=NetVD109_2 Pin=VD114-2
Added Pin To Net: NetName=NetVD109_2 Pin=VD115-1
Added Pin To Net: NetName=NetVD109_2 Pin=VD115-1
Added Pin To Net: NetName=NetVD109_2 Pin=VD116-1
Added Pin To Net: NetName=NetVD109_2 Pin=VD116-1
Added Pin To Net: NetName=NetVD109_2 Pin=VD117-1
Added Pin To Net: NetName=NetVD109_2 Pin=VD117-1
Added Pin To Net: NetName=NetVD109_2 Pin=VD118-1
Added Pin To Net: NetName=NetVD109_2 Pin=VD118-1
Added Pin To Net: NetName=NetVD109_2 Pin=VD119-1
Added Pin To Net: NetName=NetVD109_2 Pin=VD119-1
Added Pin To Net: NetName=NetVD109_2 Pin=VD120-1
Added Pin To Net: NetName=NetVD109_2 Pin=VD120-1
Added Net: Name=NetVD109_2
Added Pin To Net: NetName=NetVD115_2 Pin=VD115-2
Added Pin To Net: NetName=NetVD115_2 Pin=VD115-2
Added Pin To Net: NetName=NetVD115_2 Pin=VD115-2
Added Pin To Net: NetName=NetVD115_2 Pin=VD116-2
Added Pin To Net: NetName=NetVD115_2 Pin=VD116-2
Added Pin To Net: NetName=NetVD115_2 Pin=VD116-2
Added Pin To Net: NetName=NetVD115_2 Pin=VD117-2
Added Pin To Net: NetName=NetVD115_2 Pin=VD117-2
Added Pin To Net: NetName=NetVD115_2 Pin=VD117-2
Added Pin To Net: NetName=NetVD115_2 Pin=VD118-2
Added Pin To Net: NetName=NetVD115_2 Pin=VD118-2
Added Pin To Net: NetName=NetVD115_2 Pin=VD118-2
Added Pin To Net: NetName=NetVD115_2 Pin=VD119-2
Added Pin To Net: NetName=NetVD115_2 Pin=VD119-2
Added Pin To Net: NetName=NetVD115_2 Pin=VD119-2
Added Pin To Net: NetName=NetVD115_2 Pin=VD120-2
Added Pin To Net: NetName=NetVD115_2 Pin=VD120-2
Added Pin To Net: NetName=NetVD115_2 Pin=VD120-2
Added Pin To Net: NetName=NetVD115_2 Pin=VD121-1
Added Pin To Net: NetName=NetVD115_2 Pin=VD121-1
Added Pin To Net: NetName=NetVD115_2 Pin=VD122-1
Added Pin To Net: NetName=NetVD115_2 Pin=VD122-1
Added Pin To Net: NetName=NetVD115_2 Pin=VD123-1
Added Pin To Net: NetName=NetVD115_2 Pin=VD123-1
Added Pin To Net: NetName=NetVD115_2 Pin=VD124-1
Added Pin To Net: NetName=NetVD115_2 Pin=VD124-1
Added Pin To Net: NetName=NetVD115_2 Pin=VD125-1
Added Pin To Net: NetName=NetVD115_2 Pin=VD125-1
Added Pin To Net: NetName=NetVD115_2 Pin=VD126-1
Added Pin To Net: NetName=NetVD115_2 Pin=VD126-1
Added Net: Name=NetVD115_2
Added Pin To Net: NetName=NetVD121_2 Pin=VD121-2
Added Pin To Net: NetName=NetVD121_2 Pin=VD121-2
Added Pin To Net: NetName=NetVD121_2 Pin=VD121-2
Added Pin To Net: NetName=NetVD121_2 Pin=VD122-2
Added Pin To Net: NetName=NetVD121_2 Pin=VD122-2
Added Pin To Net: NetName=NetVD121_2 Pin=VD122-2
Added Pin To Net: NetName=NetVD121_2 Pin=VD123-2
Added Pin To Net: NetName=NetVD121_2 Pin=VD123-2
Added Pin To Net: NetName=NetVD121_2 Pin=VD123-2
Added Pin To Net: NetName=NetVD121_2 Pin=VD124-2
Added Pin To Net: NetName=NetVD121_2 Pin=VD124-2
Added Pin To Net: NetName=NetVD121_2 Pin=VD124-2
Added Pin To Net: NetName=NetVD121_2 Pin=VD125-2
Added Pin To Net: NetName=NetVD121_2 Pin=VD125-2
Added Pin To Net: NetName=NetVD121_2 Pin=VD125-2
Added Pin To Net: NetName=NetVD121_2 Pin=VD126-2
Added Pin To Net: NetName=NetVD121_2 Pin=VD126-2
Added Pin To Net: NetName=NetVD121_2 Pin=VD126-2
Added Pin To Net: NetName=NetVD121_2 Pin=VD127-1
Added Pin To Net: NetName=NetVD121_2 Pin=VD127-1
Added Pin To Net: NetName=NetVD121_2 Pin=VD128-1
Added Pin To Net: NetName=NetVD121_2 Pin=VD128-1
Added Pin To Net: NetName=NetVD121_2 Pin=VD129-1
Added Pin To Net: NetName=NetVD121_2 Pin=VD129-1
Added Pin To Net: NetName=NetVD121_2 Pin=VD130-1
Added Pin To Net: NetName=NetVD121_2 Pin=VD130-1
Added Pin To Net: NetName=NetVD121_2 Pin=VD131-1
Added Pin To Net: NetName=NetVD121_2 Pin=VD131-1
Added Pin To Net: NetName=NetVD121_2 Pin=VD132-1
Added Pin To Net: NetName=NetVD121_2 Pin=VD132-1
Added Net: Name=NetVD121_2
Added Pin To Net: NetName=NetX2_1 Pin=X2-1
Added Pin To Net: NetName=NetX2_1 Pin=X5-1
Added Net: Name=NetX2_1
Added Pin To Net: NetName=NetX3_1 Pin=X3-1
Added Pin To Net: NetName=NetX3_1 Pin=X6-1
Added Net: Name=NetX3_1
Added Class: Name=LED1
Added Class: Name=LED2
Added Class: Name=LED3
Added Class: Name=LED4
Added Room: Name=LED1
Added Room: Name=LED2
Added Room: Name=LED3
Added Room: Name=LED4
