Added Component: Designator=C1(CC0603-3M)
Added Component: Designator=C2(CC0603-3M)
Added Component: Designator=C3(CC0603-3M)
Added Component: Designator=C4(CC0603-3M)
Added Component: Designator=C5(CC0603-3M)
Added Component: Designator=C6(CC0603-3M)
Added Component: Designator=C7(CC0603-3M)
Added Component: Designator=C8(CC0603-3M)
Added Component: Designator=C9(CC0603-3M)
Added Component: Designator=C10(CC0603-3M)
Added Component: Designator=C11(CC0805-MIDI-2M1)
Added Component: Designator=C12(CC0603-3M)
Added Component: Designator=C13(CC0603-3M)
Added Component: Designator=C14(CC0603-3M)
Added Component: Designator=C15(CC0603-3M)
Added Component: Designator=C16(CC0603-3M)
Added Component: Designator=C17(CC0603-3M)
Added Component: Designator=C18(CC0603-3M)
Added Component: Designator=C19(CC0603-3M)
Added Component: Designator=C20(CC8X3.5)
Added Component: Designator=C21(CC0603-3M)
Added Component: Designator=C22(CC0603-3M)
Added Component: Designator=C23(CC0805-MIDI-2M1)
Added Component: Designator=C24(CC0805-MIDI-2M1)
Added Component: Designator=C25(CC0603-3M)
Added Component: Designator=C26(CC0805-MIDI-2M1)
Added Component: Designator=C27(CC0603-3M)
Added Component: Designator=C28(CC0603-3M)
Added Component: Designator=C29(CC0603-3M)
Added Component: Designator=C30(CC0603-3M)
Added Component: Designator=DA1(SO-8)
Added Component: Designator=DA2(SO-8)
Added Component: Designator=DA3(SOT-223)
Added Component: Designator=DA4(TSSOP28)
Added Component: Designator=QR1(LP_CUARC)
Added Component: Designator=R1(RC0603-3M)
Added Component: Designator=R2(RC0603-3M)
Added Component: Designator=R3(RC0603-3M)
Added Component: Designator=R4(RC0603-3M)
Added Component: Designator=R5(RC0603-3M)
Added Component: Designator=R6(RC0603-3M)
Added Component: Designator=R7(RC0603-3M)
Added Component: Designator=R8(RC0603-3M)
Added Component: Designator=R9(RC0603-3M)
Added Component: Designator=R10(RC0603-3M)
Added Component: Designator=R11(RC0603-3M)
Added Component: Designator=R12(RC0603-3M)
Added Component: Designator=R13(RC0603-3M)
Added Component: Designator=R14(RC0603-3M)
Added Component: Designator=R15(RC0805_IPC_NOM)
Added Component: Designator=R16(RC0603-3M)
Added Component: Designator=R17(RC0603-3M)
Added Component: Designator=R18(RC0603-3M)
Added Component: Designator=R19(RC0603-3M)
Added Component: Designator=R20(RC0805_IPC_NOM)
Added Component: Designator=R21(RC0603-3M)
Added Component: Designator=R22(RC0603-3M)
Added Component: Designator=R23(RC0603-3M)
Added Component: Designator=R24(RC0603-3M)
Added Component: Designator=R25(RC1206-2M)
Added Component: Designator=REPER1(REPER1.2)
Added Component: Designator=REPER2(REPER1.2)
Added Component: Designator=REPER3(REPER1.2)
Added Component: Designator=REPER4(REPER1.2)
Added Component: Designator=VD1(LED3)
Added Component: Designator=VD2(SOD-80)
Added Component: Designator=VD3(LED3)
Added Component: Designator=X1(PIN_1mm)
Added Component: Designator=X2(PIN_1mm)
Added Component: Designator=X3(PIN_1mm)
Added Component: Designator=X4(PIN_1mm)
Added Component: Designator=X5(PIN_1mm)
Added Component: Designator=X6(PIN_1mm)
Added Component: Designator=X7(PIN_1mm)
Added Component: Designator=X8(PIN_1mm)
Added Component: Designator=X9(PIN_1mm)
Added Component: Designator=X10(PIN_1mm)
Added Component: Designator=X11(PIN_1mm)
Added Component: Designator=X12(PIN_1mm)
Added Component: Designator=X13(PIN_1mm)
Added Component: Designator=X14(PIN_1mm)
Added Component: Designator=X15(PIN_1mm)
Added Component: Designator=X16(PIN_1mm)
Added Component: Designator=X17(PIN_1mm)
Added Component: Designator=X18(PIN_1mm)
Added Component: Designator=X19(PIN_1mm)
Added Component: Designator=X20(PIN_1mm)
Added Component: Designator=X21(PIN_1mm)
Added Component: Designator=X22(PIN_1mm)
Added Component: Designator=X23(PIN_1mm)
Added Component: Designator=X24(PIN_1mm)
Added Component: Designator=XP1(USB-B)
Added Pin To Net: NetName=+3V5 Pin=C19-2
Added Pin To Net: NetName=+3V5 Pin=C23-2
Added Pin To Net: NetName=+3V5 Pin=DA3-2
Added Pin To Net: NetName=+3V5 Pin=DA3-4
Added Net: Name=+3V5
Added Pin To Net: NetName=+5V Pin=C16-2
Added Pin To Net: NetName=+5V Pin=C20-1
Added Pin To Net: NetName=+5V Pin=C21-2
Added Pin To Net: NetName=+5V Pin=DA2-7
Added Pin To Net: NetName=+5V Pin=DA3-3
Added Pin To Net: NetName=+5V Pin=R19-1
Added Pin To Net: NetName=+5V Pin=R20-1
Added Pin To Net: NetName=+5V Pin=XP1-1
Added Net: Name=+5V
Added Pin To Net: NetName=GND Pin=C9-1
Added Pin To Net: NetName=GND Pin=C10-1
Added Pin To Net: NetName=GND Pin=C11-1
Added Pin To Net: NetName=GND Pin=C12-1
Added Pin To Net: NetName=GND Pin=C13-1
Added Pin To Net: NetName=GND Pin=C16-1
Added Pin To Net: NetName=GND Pin=C17-1
Added Pin To Net: NetName=GND Pin=C18-1
Added Pin To Net: NetName=GND Pin=C19-1
Added Pin To Net: NetName=GND Pin=C20-2
Added Pin To Net: NetName=GND Pin=C21-1
Added Pin To Net: NetName=GND Pin=C22-1
Added Pin To Net: NetName=GND Pin=C23-1
Added Pin To Net: NetName=GND Pin=C24-2
Added Pin To Net: NetName=GND Pin=C25-2
Added Pin To Net: NetName=GND Pin=C26-2
Added Pin To Net: NetName=GND Pin=C27-2
Added Pin To Net: NetName=GND Pin=C28-2
Added Pin To Net: NetName=GND Pin=C29-1
Added Pin To Net: NetName=GND Pin=C30-1
Added Pin To Net: NetName=GND Pin=DA1-4
Added Pin To Net: NetName=GND Pin=DA2-3
Added Pin To Net: NetName=GND Pin=DA4-4
Added Pin To Net: NetName=GND Pin=DA4-11
Added Pin To Net: NetName=GND Pin=DA4-18
Added Pin To Net: NetName=GND Pin=DA4-22
Added Pin To Net: NetName=GND Pin=R10-2
Added Pin To Net: NetName=GND Pin=R11-2
Added Pin To Net: NetName=GND Pin=R16-2
Added Pin To Net: NetName=GND Pin=R17-2
Added Pin To Net: NetName=GND Pin=R25-1
Added Pin To Net: NetName=GND Pin=VD1-1
Added Pin To Net: NetName=GND Pin=VD2-2
Added Pin To Net: NetName=GND Pin=VD3-1
Added Pin To Net: NetName=GND Pin=X1-1
Added Pin To Net: NetName=GND Pin=X2-1
Added Pin To Net: NetName=GND Pin=X3-1
Added Pin To Net: NetName=GND Pin=X4-1
Added Pin To Net: NetName=GND Pin=X5-1
Added Pin To Net: NetName=GND Pin=X6-1
Added Pin To Net: NetName=GND Pin=X7-1
Added Pin To Net: NetName=GND Pin=X8-1
Added Pin To Net: NetName=GND Pin=XP1-4
Added Net: Name=GND
Added Pin To Net: NetName=NetC1_1 Pin=C1-1
Added Pin To Net: NetName=NetC1_1 Pin=X17-1
Added Net: Name=NetC1_1
Added Pin To Net: NetName=NetC1_2 Pin=C1-2
Added Pin To Net: NetName=NetC1_2 Pin=R2-1
Added Net: Name=NetC1_2
Added Pin To Net: NetName=NetC2_1 Pin=C2-1
Added Pin To Net: NetName=NetC2_1 Pin=X18-1
Added Net: Name=NetC2_1
Added Pin To Net: NetName=NetC2_2 Pin=C2-2
Added Pin To Net: NetName=NetC2_2 Pin=R3-1
Added Net: Name=NetC2_2
Added Pin To Net: NetName=NetC3_1 Pin=C3-1
Added Pin To Net: NetName=NetC3_1 Pin=X19-1
Added Net: Name=NetC3_1
Added Pin To Net: NetName=NetC3_2 Pin=C3-2
Added Pin To Net: NetName=NetC3_2 Pin=R4-1
Added Net: Name=NetC3_2
Added Pin To Net: NetName=NetC4_1 Pin=C4-1
Added Pin To Net: NetName=NetC4_1 Pin=X20-1
Added Net: Name=NetC4_1
Added Pin To Net: NetName=NetC4_2 Pin=C4-2
Added Pin To Net: NetName=NetC4_2 Pin=R5-1
Added Net: Name=NetC4_2
Added Pin To Net: NetName=NetC5_1 Pin=C5-1
Added Pin To Net: NetName=NetC5_1 Pin=X21-1
Added Net: Name=NetC5_1
Added Pin To Net: NetName=NetC5_2 Pin=C5-2
Added Pin To Net: NetName=NetC5_2 Pin=R6-1
Added Net: Name=NetC5_2
Added Pin To Net: NetName=NetC6_1 Pin=C6-1
Added Pin To Net: NetName=NetC6_1 Pin=X22-1
Added Net: Name=NetC6_1
Added Pin To Net: NetName=NetC6_2 Pin=C6-2
Added Pin To Net: NetName=NetC6_2 Pin=R7-1
Added Net: Name=NetC6_2
Added Pin To Net: NetName=NetC7_1 Pin=C7-1
Added Pin To Net: NetName=NetC7_1 Pin=X23-1
Added Net: Name=NetC7_1
Added Pin To Net: NetName=NetC7_2 Pin=C7-2
Added Pin To Net: NetName=NetC7_2 Pin=R8-1
Added Net: Name=NetC7_2
Added Pin To Net: NetName=NetC8_1 Pin=C8-1
Added Pin To Net: NetName=NetC8_1 Pin=X24-1
Added Net: Name=NetC8_1
Added Pin To Net: NetName=NetC8_2 Pin=C8-2
Added Pin To Net: NetName=NetC8_2 Pin=R9-1
Added Net: Name=NetC8_2
Added Pin To Net: NetName=NetC9_2 Pin=C9-2
Added Pin To Net: NetName=NetC9_2 Pin=DA1-3
Added Pin To Net: NetName=NetC9_2 Pin=R1-2
Added Pin To Net: NetName=NetC9_2 Pin=R10-1
Added Net: Name=NetC9_2
Added Pin To Net: NetName=NetC10_2 Pin=C10-2
Added Pin To Net: NetName=NetC10_2 Pin=DA1-5
Added Pin To Net: NetName=NetC10_2 Pin=R11-1
Added Pin To Net: NetName=NetC10_2 Pin=R12-1
Added Net: Name=NetC10_2
Added Pin To Net: NetName=NetC14_1 Pin=C14-1
Added Pin To Net: NetName=NetC14_1 Pin=DA1-1
Added Pin To Net: NetName=NetC14_1 Pin=R13-2
Added Pin To Net: NetName=NetC14_1 Pin=R16-1
Added Net: Name=NetC14_1
Added Pin To Net: NetName=NetC14_2 Pin=C14-2
Added Pin To Net: NetName=NetC14_2 Pin=DA4-12
Added Net: Name=NetC14_2
Added Pin To Net: NetName=NetC15_1 Pin=C15-1
Added Pin To Net: NetName=NetC15_1 Pin=DA1-7
Added Pin To Net: NetName=NetC15_1 Pin=R14-2
Added Pin To Net: NetName=NetC15_1 Pin=R17-1
Added Net: Name=NetC15_1
Added Pin To Net: NetName=NetC15_2 Pin=C15-2
Added Pin To Net: NetName=NetC15_2 Pin=DA4-13
Added Net: Name=NetC15_2
Added Pin To Net: NetName=NetC17_2 Pin=C17-2
Added Pin To Net: NetName=NetC17_2 Pin=R21-1
Added Pin To Net: NetName=NetC17_2 Pin=R23-1
Added Pin To Net: NetName=NetC17_2 Pin=XP1-3
Added Net: Name=NetC17_2
Added Pin To Net: NetName=NetC18_2 Pin=C18-2
Added Pin To Net: NetName=NetC18_2 Pin=R22-1
Added Pin To Net: NetName=NetC18_2 Pin=XP1-2
Added Net: Name=NetC18_2
Added Pin To Net: NetName=NetC22_2 Pin=C22-2
Added Pin To Net: NetName=NetC22_2 Pin=R20-2
Added Net: Name=NetC22_2
Added Pin To Net: NetName=NetC25_1 Pin=C25-1
Added Pin To Net: NetName=NetC25_1 Pin=DA4-23
Added Net: Name=NetC25_1
Added Pin To Net: NetName=NetC26_1 Pin=C26-1
Added Pin To Net: NetName=NetC26_1 Pin=DA4-8
Added Pin To Net: NetName=NetC26_1 Pin=DA4-27
Added Pin To Net: NetName=NetC26_1 Pin=R23-2
Added Net: Name=NetC26_1
Added Pin To Net: NetName=NetC27_1 Pin=C27-1
Added Pin To Net: NetName=NetC27_1 Pin=DA4-19
Added Net: Name=NetC27_1
Added Pin To Net: NetName=NetC28_1 Pin=C28-1
Added Pin To Net: NetName=NetC28_1 Pin=DA4-17
Added Net: Name=NetC28_1
Added Pin To Net: NetName=NetC29_2 Pin=C29-2
Added Pin To Net: NetName=NetC29_2 Pin=DA4-21
Added Pin To Net: NetName=NetC29_2 Pin=QR1-2
Added Pin To Net: NetName=NetC29_2 Pin=R24-2
Added Net: Name=NetC29_2
Added Pin To Net: NetName=NetC30_2 Pin=C30-2
Added Pin To Net: NetName=NetC30_2 Pin=DA4-20
Added Pin To Net: NetName=NetC30_2 Pin=R24-1
Added Net: Name=NetC30_2
Added Pin To Net: NetName=NetDA1_2 Pin=DA1-2
Added Pin To Net: NetName=NetDA1_2 Pin=R6-2
Added Pin To Net: NetName=NetDA1_2 Pin=R7-2
Added Pin To Net: NetName=NetDA1_2 Pin=R8-2
Added Pin To Net: NetName=NetDA1_2 Pin=R9-2
Added Pin To Net: NetName=NetDA1_2 Pin=R13-1
Added Net: Name=NetDA1_2
Added Pin To Net: NetName=NetDA1_6 Pin=DA1-6
Added Pin To Net: NetName=NetDA1_6 Pin=R2-2
Added Pin To Net: NetName=NetDA1_6 Pin=R3-2
Added Pin To Net: NetName=NetDA1_6 Pin=R4-2
Added Pin To Net: NetName=NetDA1_6 Pin=R5-2
Added Pin To Net: NetName=NetDA1_6 Pin=R14-1
Added Net: Name=NetDA1_6
Added Pin To Net: NetName=NetDA3_1 Pin=DA3-1
Added Pin To Net: NetName=NetDA3_1 Pin=VD2-1
Added Net: Name=NetDA3_1
Added Pin To Net: NetName=NetDA4_1 Pin=DA4-1
Added Pin To Net: NetName=NetDA4_1 Pin=R21-2
Added Net: Name=NetDA4_1
Added Pin To Net: NetName=NetDA4_2 Pin=DA4-2
Added Pin To Net: NetName=NetDA4_2 Pin=R22-2
Added Net: Name=NetDA4_2
Added Pin To Net: NetName=NetR18_2 Pin=R18-2
Added Pin To Net: NetName=NetR18_2 Pin=VD1-2
Added Net: Name=NetR18_2
Added Pin To Net: NetName=NetR19_2 Pin=R19-2
Added Pin To Net: NetName=NetR19_2 Pin=VD3-2
Added Net: Name=NetR19_2
Added Pin To Net: NetName=NetR25_2 Pin=R25-2
Added Pin To Net: NetName=NetR25_2 Pin=XP1-6
Added Net: Name=NetR25_2
Added Pin To Net: NetName=VCC_MIC Pin=C13-2
Added Pin To Net: NetName=VCC_MIC Pin=DA2-6
Added Pin To Net: NetName=VCC_MIC Pin=DA2-8
Added Pin To Net: NetName=VCC_MIC Pin=R15-2
Added Pin To Net: NetName=VCC_MIC Pin=R18-1
Added Pin To Net: NetName=VCC_MIC Pin=X9-1
Added Pin To Net: NetName=VCC_MIC Pin=X10-1
Added Pin To Net: NetName=VCC_MIC Pin=X11-1
Added Pin To Net: NetName=VCC_MIC Pin=X12-1
Added Pin To Net: NetName=VCC_MIC Pin=X13-1
Added Pin To Net: NetName=VCC_MIC Pin=X14-1
Added Pin To Net: NetName=VCC_MIC Pin=X15-1
Added Pin To Net: NetName=VCC_MIC Pin=X16-1
Added Net: Name=VCC_MIC
Added Pin To Net: NetName=VCC Pin=C11-2
Added Pin To Net: NetName=VCC Pin=C12-2
Added Pin To Net: NetName=VCC Pin=DA1-8
Added Pin To Net: NetName=VCC Pin=R1-1
Added Pin To Net: NetName=VCC Pin=R12-2
Added Pin To Net: NetName=VCC Pin=R15-1
Added Net: Name=VCC
Added Class: Name=Main
Added Class: Name=USB
Added Room: Name=Main
Added Room: Name=USB
