Added Component: Designator=C1(CC0603)
Added Component: Designator=C2(CC0603)
Added Component: Designator=C3(CC0603)
Added Component: Designator=C4(CC0603)
Added Component: Designator=C5(CC0805)
Added Component: Designator=C6(CC0603)
Added Component: Designator=C7(CC0603)
Added Component: Designator=C8(CC0603)
Added Component: Designator=C9(CC0603)
Added Component: Designator=C10(CC0603)
Added Component: Designator=C11(CC0603)
Added Component: Designator=C12(CC0603)
Added Component: Designator=C13(CC0603)
Added Component: Designator=C14(CC0805)
Added Component: Designator=C15(CC0603)
Added Component: Designator=C16(CC0603)
Added Component: Designator=C17(CC0603)
Added Component: Designator=C18(CC0805)
Added Component: Designator=C19(CC8X3.5)
Added Component: Designator=C20(CC0603)
Added Component: Designator=C21(CC0603)
Added Component: Designator=C22(CC8X3.5)
Added Component: Designator=C23(CC1206)
Added Component: Designator=C24(CC0603)
Added Component: Designator=DA1(SO-8)
Added Component: Designator=DA2(SO-8)
Added Component: Designator=DA3(D-PAK(TO-252AA))
Added Component: Designator=J1(DCJ25)
Added Component: Designator=R1(RC0603)
Added Component: Designator=R2(RC0603)
Added Component: Designator=R3(RC0603)
Added Component: Designator=R4(RC0603)
Added Component: Designator=R5(RC0603)
Added Component: Designator=R6(RC0603)
Added Component: Designator=R7(RC0603)
Added Component: Designator=R8(RC0603)
Added Component: Designator=R9(RC0603)
Added Component: Designator=R10(RC0603)
Added Component: Designator=R11(RC0603)
Added Component: Designator=R12(RC0603)
Added Component: Designator=R13(RC0603)
Added Component: Designator=R14(RC0603)
Added Component: Designator=R15(RC0603)
Added Component: Designator=R16(RC0603)
Added Component: Designator=R17(RC0603)
Added Component: Designator=R18(RC0603)
Added Component: Designator=R19(RC0603)
Added Component: Designator=R20(RC0603)
Added Component: Designator=R21(RC0603)
Added Component: Designator=R22(RC0603)
Added Component: Designator=R23(RC0603)
Added Component: Designator=R24(RC0603)
Added Component: Designator=R25(RC0805)
Added Component: Designator=VD1(LED3)
Added Component: Designator=VD2(SMA)
Added Component: Designator=X1(PIN_1mm)
Added Component: Designator=X2(PIN_1mm)
Added Component: Designator=X3(SJ-43516-SMT)
Added Component: Designator=X4(PIN_1mm)
Added Component: Designator=X5(PIN_1mm)
Added Component: Designator=X6(PIN_1mm)
Added Component: Designator=X7(PIN_1mm)
Added Component: Designator=X8(PIN_1mm)
Added Component: Designator=X9(PIN_1mm)
Added Component: Designator=X10(PIN_1mm)
Added Component: Designator=X11(SJ-43516-SMT)
Added Component: Designator=X12(PIN_1mm)
Added Component: Designator=X13(PIN_1mm)
Added Component: Designator=X14(PIN_1mm)
Added Component: Designator=X15(PIN_1mm)
Added Component: Designator=X16(SJ-43516-SMT)
Added Component: Designator=X17(PIN_1mm)
Added Component: Designator=X18(PIN_1mm)
Added Component: Designator=X19(PIN_1mm)
Added Component: Designator=X20(PIN_1mm)
Added Component: Designator=X21(PIN_1mm)
Added Pin To Net: NetName=NetC1_1 Pin=C1-1
Added Pin To Net: NetName=NetC1_2 Pin=C1-2
Added Pin To Net: NetName=NetC2_1 Pin=C2-1
Added Pin To Net: NetName=NetC2_2 Pin=C2-2
Added Pin To Net: NetName=NetC3_1 Pin=C3-1
Added Pin To Net: NetName=NetC3_2 Pin=C3-2
Added Pin To Net: NetName=NetC4_1 Pin=C4-1
Added Pin To Net: NetName=GND Pin=C4-2
Added Pin To Net: NetName=GND Pin=C5-1
Added Pin To Net: NetName=+5V Pin=C5-2
Added Pin To Net: NetName=NetC6_1 Pin=C6-1
Added Pin To Net: NetName=NetC6_2 Pin=C6-2
Added Pin To Net: NetName=NetC7_1 Pin=C7-1
Added Pin To Net: NetName=NetC7_2 Pin=C7-2
Added Pin To Net: NetName=NetC8_1 Pin=C8-1
Added Pin To Net: NetName=NetC8_2 Pin=C8-2
Added Pin To Net: NetName=NetC9_1 Pin=C9-1
Added Pin To Net: NetName=GND Pin=C9-2
Added Pin To Net: NetName=NetC1_1 Pin=C10-1
Added Pin To Net: NetName=NetC10_2 Pin=C10-2
Added Pin To Net: NetName=NetC2_1 Pin=C11-1
Added Pin To Net: NetName=NetC11_2 Pin=C11-2
Added Pin To Net: NetName=NetC12_1 Pin=C12-1
Added Pin To Net: NetName=NetC12_2 Pin=C12-2
Added Pin To Net: NetName=NetC13_1 Pin=C13-1
Added Pin To Net: NetName=GND Pin=C13-2
Added Pin To Net: NetName=GND Pin=C14-1
Added Pin To Net: NetName=+5V Pin=C14-2
Added Pin To Net: NetName=NetC15_1 Pin=C15-1
Added Pin To Net: NetName=NetC15_2 Pin=C15-2
Added Pin To Net: NetName=NetC16_1 Pin=C16-1
Added Pin To Net: NetName=NetC16_2 Pin=C16-2
Added Pin To Net: NetName=NetC17_1 Pin=C17-1
Added Pin To Net: NetName=GND Pin=C17-2
Added Pin To Net: NetName=GND Pin=C18-1
Added Pin To Net: NetName=+5V Pin=C18-2
Added Pin To Net: NetName=GND Pin=C19-2
Added Pin To Net: NetName=GND Pin=C20-1
Added Pin To Net: NetName=GND Pin=C21-1
Added Pin To Net: NetName=VCC_MIC Pin=C21-2
Added Pin To Net: NetName=VCC_MIC Pin=C22-1
Added Pin To Net: NetName=GND Pin=C22-2
Added Pin To Net: NetName=GND Pin=C23-1
Added Pin To Net: NetName=+5V Pin=C23-2
Added Pin To Net: NetName=GND Pin=C24-1
Added Pin To Net: NetName=+5V Pin=C24-2
Added Pin To Net: NetName=NetC3_1 Pin=DA1-1
Added Pin To Net: NetName=NetDA1_2 Pin=DA1-2
Added Pin To Net: NetName=NetC4_1 Pin=DA1-3
Added Pin To Net: NetName=GND Pin=DA1-4
Added Pin To Net: NetName=NetC9_1 Pin=DA1-5
Added Pin To Net: NetName=NetDA1_6 Pin=DA1-6
Added Pin To Net: NetName=NetC8_1 Pin=DA1-7
Added Pin To Net: NetName=+5V Pin=DA1-8
Added Pin To Net: NetName=NetC12_1 Pin=DA2-1
Added Pin To Net: NetName=NetDA2_2 Pin=DA2-2
Added Pin To Net: NetName=NetC13_1 Pin=DA2-3
Added Pin To Net: NetName=GND Pin=DA2-4
Added Pin To Net: NetName=NetC17_1 Pin=DA2-5
Added Pin To Net: NetName=NetDA2_6 Pin=DA2-6
Added Pin To Net: NetName=NetC16_1 Pin=DA2-7
Added Pin To Net: NetName=+5V Pin=DA2-8
Added Pin To Net: NetName=GND Pin=DA3-2
Added Pin To Net: NetName=VCC_MIC Pin=DA3-3
Added Pin To Net: NetName=GND Pin=J1-1
Added Pin To Net: NetName=GND Pin=J1-2
Added Pin To Net: NetName=NetC1_2 Pin=R1-1
Added Pin To Net: NetName=NetDA1_2 Pin=R1-2
Added Pin To Net: NetName=NetDA1_2 Pin=R2-1
Added Pin To Net: NetName=NetC3_1 Pin=R2-2
Added Pin To Net: NetName=NetC2_2 Pin=R3-1
Added Pin To Net: NetName=NetDA1_2 Pin=R3-2
Added Pin To Net: NetName=+5V Pin=R4-1
Added Pin To Net: NetName=NetC4_1 Pin=R4-2
Added Pin To Net: NetName=GND Pin=R5-1
Added Pin To Net: NetName=NetC3_1 Pin=R5-2
Added Pin To Net: NetName=NetC4_1 Pin=R6-1
Added Pin To Net: NetName=GND Pin=R6-2
Added Pin To Net: NetName=NetC6_2 Pin=R7-1
Added Pin To Net: NetName=NetDA1_6 Pin=R7-2
Added Pin To Net: NetName=NetDA1_6 Pin=R8-1
Added Pin To Net: NetName=NetC8_1 Pin=R8-2
Added Pin To Net: NetName=NetC7_2 Pin=R9-1
Added Pin To Net: NetName=NetDA1_6 Pin=R9-2
Added Pin To Net: NetName=+5V Pin=R10-1
Added Pin To Net: NetName=NetC9_1 Pin=R10-2
Added Pin To Net: NetName=GND Pin=R11-1
Added Pin To Net: NetName=NetC8_1 Pin=R11-2
Added Pin To Net: NetName=NetC9_1 Pin=R12-1
Added Pin To Net: NetName=GND Pin=R12-2
Added Pin To Net: NetName=NetC10_2 Pin=R13-1
Added Pin To Net: NetName=NetDA2_2 Pin=R13-2
Added Pin To Net: NetName=NetDA2_2 Pin=R14-1
Added Pin To Net: NetName=NetC12_1 Pin=R14-2
Added Pin To Net: NetName=NetC11_2 Pin=R15-1
Added Pin To Net: NetName=NetDA2_2 Pin=R15-2
Added Pin To Net: NetName=+5V Pin=R16-1
Added Pin To Net: NetName=NetC13_1 Pin=R16-2
Added Pin To Net: NetName=GND Pin=R17-1
Added Pin To Net: NetName=NetC12_1 Pin=R17-2
Added Pin To Net: NetName=NetC13_1 Pin=R18-1
Added Pin To Net: NetName=GND Pin=R18-2
Added Pin To Net: NetName=NetC15_2 Pin=R19-1
Added Pin To Net: NetName=NetDA2_6 Pin=R19-2
Added Pin To Net: NetName=NetDA2_6 Pin=R20-1
Added Pin To Net: NetName=NetC16_1 Pin=R20-2
Added Pin To Net: NetName=+5V Pin=R21-1
Added Pin To Net: NetName=NetC17_1 Pin=R21-2
Added Pin To Net: NetName=GND Pin=R22-1
Added Pin To Net: NetName=NetC16_1 Pin=R22-2
Added Pin To Net: NetName=NetC17_1 Pin=R23-1
Added Pin To Net: NetName=GND Pin=R23-2
Added Pin To Net: NetName=VCC_MIC Pin=R24-1
Added Pin To Net: NetName=VCC_MIC Pin=R25-1
Added Pin To Net: NetName=+5V Pin=R25-2
Added Pin To Net: NetName=GND Pin=X1-1
Added Pin To Net: NetName=NetC1_1 Pin=X2-1
Added Pin To Net: NetName=GND Pin=X3-1
Added Pin To Net: NetName=NetC8_2 Pin=X3-2
Added Pin To Net: NetName=NetC3_2 Pin=X3-3
Added Pin To Net: NetName=GND Pin=X3-4
Added Pin To Net: NetName=GND Pin=X4-1
Added Pin To Net: NetName=NetC2_1 Pin=X5-1
Added Pin To Net: NetName=GND Pin=X6-1
Added Pin To Net: NetName=GND Pin=X7-1
Added Pin To Net: NetName=NetC6_1 Pin=X8-1
Added Pin To Net: NetName=GND Pin=X9-1
Added Pin To Net: NetName=NetC7_1 Pin=X10-1
Added Pin To Net: NetName=GND Pin=X11-1
Added Pin To Net: NetName=NetC16_2 Pin=X11-2
Added Pin To Net: NetName=NetC12_2 Pin=X11-3
Added Pin To Net: NetName=GND Pin=X11-4
Added Pin To Net: NetName=GND Pin=X12-1
Added Pin To Net: NetName=NetX13_1 Pin=X13-1
Added Pin To Net: NetName=NetX14_1 Pin=X14-1
Added Pin To Net: NetName=VCC_MIC Pin=X15-1
Added Pin To Net: NetName=NetC15_1 Pin=X16-2
Added Pin To Net: NetName=NetC15_1 Pin=X16-3
Added Pin To Net: NetName=VCC_MIC Pin=X17-1
Added Pin To Net: NetName=VCC_MIC Pin=X18-1
Added Pin To Net: NetName=VCC_MIC Pin=X19-1
Added Pin To Net: NetName=VCC_MIC Pin=X20-1
Added Pin To Net: NetName=VCC_MIC Pin=X21-1
Added Pin To Net: NetName=NetC19_1 Pin=C19-1
Added Pin To Net: NetName=NetC19_1 Pin=C20-2
Added Pin To Net: NetName=NetC19_1 Pin=DA3-1
Added Pin To Net: NetName=NetC19_1 Pin=VD2-2
Added Net: Name=NetC19_1
Added Pin To Net: NetName=NetJ1_3 Pin=J1-3
Added Pin To Net: NetName=NetJ1_3 Pin=VD2-1
Added Net: Name=NetJ1_3
Added Class: Name=Power
Added Member To Class: ClassName=Main Member=Component C1 0.1uF
Added Member To Class: ClassName=Main Member=Component C2 0.1uF
Added Member To Class: ClassName=Main Member=Component C3 0.1uF
Added Member To Class: ClassName=Main Member=Component C4 1uF
Added Member To Class: ClassName=Main Member=Component C5 10uF
Added Member To Class: ClassName=Main Member=Component C6 0.1uF
Added Member To Class: ClassName=Main Member=Component C7 0.1uF
Added Member To Class: ClassName=Main Member=Component C8 0.1uF
Added Member To Class: ClassName=Main Member=Component C9 1uF
Added Member To Class: ClassName=Main_line_in Member=Component C10 0.1uF
Added Member To Class: ClassName=Main_line_in Member=Component C11 0.1uF
Added Member To Class: ClassName=Main_line_in Member=Component C12 0.1uF
Added Member To Class: ClassName=Main_line_in Member=Component C13 1uF
Added Member To Class: ClassName=Main_line_in Member=Component C14 10uF
Added Member To Class: ClassName=Main_line_in Member=Component C15 0.1uF
Added Member To Class: ClassName=Main_line_in Member=Component C16 0.1uF
Added Member To Class: ClassName=Main_line_in Member=Component C17 1uF
Added Member To Class: ClassName=Main_line_in Member=Component C18 10uF
Added Member To Class: ClassName=Main Member=Component DA1 LM358D
Added Member To Class: ClassName=Main_line_in Member=Component DA2 LM358D
Added Member To Class: ClassName=Main Member=Component R1 10k
Added Member To Class: ClassName=Main Member=Component R2 10k
Added Member To Class: ClassName=Main Member=Component R3 10k
Added Member To Class: ClassName=Main Member=Component R4 10k
Added Member To Class: ClassName=Main Member=Component R5 10k
Added Member To Class: ClassName=Main Member=Component R6 10k
Added Member To Class: ClassName=Main Member=Component R7 10k
Added Member To Class: ClassName=Main Member=Component R8 10k
Added Member To Class: ClassName=Main Member=Component R9 10k
Added Member To Class: ClassName=Main Member=Component R10 10k
Added Member To Class: ClassName=Main Member=Component R11 10k
Added Member To Class: ClassName=Main Member=Component R12 10k
Added Member To Class: ClassName=Main_line_in Member=Component R13 10k
Added Member To Class: ClassName=Main_line_in Member=Component R14 10k
Added Member To Class: ClassName=Main_line_in Member=Component R15 10k
Added Member To Class: ClassName=Main_line_in Member=Component R16 10k
Added Member To Class: ClassName=Main_line_in Member=Component R17 10k
Added Member To Class: ClassName=Main_line_in Member=Component R18 10k
Added Member To Class: ClassName=Main_line_in Member=Component R19 10k
Added Member To Class: ClassName=Main_line_in Member=Component R20 10k
Added Member To Class: ClassName=Main_line_in Member=Component R21 10k
Added Member To Class: ClassName=Main_line_in Member=Component R22 10k
Added Member To Class: ClassName=Main_line_in Member=Component R23 12k
Added Member To Class: ClassName=Connection Member=Component X1 PIN_1mm
Added Member To Class: ClassName=Connection Member=Component X2 PIN_1mm
Added Member To Class: ClassName=Connection Member=Component X3 SJ-43516-SMT
Added Member To Class: ClassName=Connection Member=Component X4 PIN_1mm
Added Member To Class: ClassName=Connection Member=Component X5 PIN_1mm
Added Member To Class: ClassName=Connection Member=Component X6 PIN_1mm
Added Member To Class: ClassName=Connection Member=Component X7 PIN_1mm
Added Member To Class: ClassName=Connection Member=Component X8 PIN_1mm
Added Member To Class: ClassName=Connection Member=Component X9 PIN_1mm
Added Member To Class: ClassName=Connection Member=Component X10 PIN_1mm
Added Member To Class: ClassName=Connection Member=Component X11 SJ-43516-SMT
Added Member To Class: ClassName=Connection Member=Component X12 PIN_1mm
Added Member To Class: ClassName=Connection Member=Component X13 PIN_1mm
Added Member To Class: ClassName=Connection Member=Component X14 PIN_1mm
Added Member To Class: ClassName=Connection Member=Component X15 PIN_1mm
Added Member To Class: ClassName=Connection Member=Component X16 SJ-43516-SMT
Added Member To Class: ClassName=Connection Member=Component X17 PIN_1mm
Added Member To Class: ClassName=Connection Member=Component X18 PIN_1mm
Added Member To Class: ClassName=Connection Member=Component X19 PIN_1mm
Added Member To Class: ClassName=Connection Member=Component X20 PIN_1mm
Added Member To Class: ClassName=Connection Member=Component X21 PIN_1mm
