Removed Pin From Net: NetName=NetC1_2 Pin=C2-1
Removed Pin From Net: NetName=NetC1_2 Pin=C3-1
Removed Pin From Net: NetName=NetC3_2 Pin=C3-2
Change Component DesignItemId : Designator=C1 Old DesignItemId=CC0603 New DesignItemId=CC0805
Change Component DesignItemId : Designator=C2 Old DesignItemId=CC0603 New DesignItemId=CC0805
Change Component DesignItemId : Designator=C3 Old DesignItemId=CC0603 New DesignItemId=CC0805
Change Component DesignItemId : Designator=R5 Old DesignItemId=RC0603 New DesignItemId=RC0805
Change Component DesignItemId : Designator=R4 Old DesignItemId=RC0805 New DesignItemId=RC1206
Change Component Footprint: Designator=C1 Old Footprint=CC0603 New Footprint=CC0805
Change Component Footprint: Designator=C2 Old Footprint=CC0603 New Footprint=CC0805
Change Component Footprint: Designator=C3 Old Footprint=CC0603 New Footprint=CC0805
Change Component Footprint: Designator=R5 Old Footprint=RC0603 New Footprint=RC0805
Change Component Footprint: Designator=R4 Old Footprint=RC0805 New Footprint=RC1206
Change Component Comment : Designator=R4 Old Comment=*2E New Comment=1E5
Change Component Comment : Designator=C2 Old Comment=1uFx16V New Comment=1uF
Change Component Comment : Designator=C3 Old Comment=10uFx16V New Comment=10uF
Added Pin To Net: NetName=NetC1_2 Pin=C2-2
Added Pin To Net: NetName=NetC3_2 Pin=C3-1
Added Pin To Net: NetName=NetC1_2 Pin=C3-2
Change Net Name : Old Net Name=NetC3_2 New Net Name=NetC3_1
Added Pin To Net: NetName=NetC2_1 Pin=C2-1
Added Pin To Net: NetName=NetC2_1 Pin=DA1-3
Added Pin To Net: NetName=NetC2_1 Pin=R6-1
Added Net: Name=NetC2_1
