Removed Pin From Net: NetName=GND Pin=R4-1
Removed Pin From Net: NetName=NetDA1_6 Pin=R4-2
Removed Pin From Net: NetName=NetR2_1 Pin=XP3-1
Added Component: Designator=R7(RC0603)
Add component. Clean all parameters for all variants
Add component (AddParameter): Name = "Value"; Value = "10k"; VariantName = "[No Variations]"
Added Component: Designator=X2(PIN_3x3mm_SMD)
Add component. Clean all parameters for all variants
Added Pin To Net: NetName=GND Pin=R4-2
Added Pin To Net: NetName=VBAT Pin=R7-1
Added Pin To Net: NetName=NetDA1_6 Pin=R7-2
Added Pin To Net: NetName=NetDA1_1 Pin=DA1-1
Added Pin To Net: NetName=NetDA1_1 Pin=X2-1
Added Net: Name=NetDA1_1
Added Pin To Net: NetName=NetR4_1 Pin=R4-1
Added Pin To Net: NetName=NetR4_1 Pin=XP3-1
Added Net: Name=NetR4_1
Added Member To Class: ClassName=RF Member=Component R7 10k
Added Member To Class: ClassName=RF Member=Component X2 PIN_3x3mm_SMD
Added Room: Name=RF
