Added Component: Designator=C1(CC0805)
Add component. Clean all parameters for all variants
Add component (AddParameter): Name = "Value"; Value = "10uF"; VariantName = "[No Variations]"
Added Component: Designator=C2(CC0603)
Add component. Clean all parameters for all variants
Add component (AddParameter): Name = "Value"; Value = "0.1uF"; VariantName = "[No Variations]"
Added Component: Designator=C3(CC0603)
Add component. Clean all parameters for all variants
Add component (AddParameter): Name = "Value"; Value = "0.1uF"; VariantName = "[No Variations]"
Added Component: Designator=C4(CC0603)
Add component. Clean all parameters for all variants
Add component (AddParameter): Name = "Value"; Value = "0.1uF"; VariantName = "[No Variations]"
Added Component: Designator=C5(CC0603)
Add component. Clean all parameters for all variants
Add component (AddParameter): Name = "Value"; Value = "0.1uF"; VariantName = "[No Variations]"
Added Component: Designator=C6(CC0603)
Add component. Clean all parameters for all variants
Add component (AddParameter): Name = "Value"; Value = "12pF"; VariantName = "[No Variations]"
Added Component: Designator=C7(CC0603)
Add component. Clean all parameters for all variants
Add component (AddParameter): Name = "Value"; Value = "12pF"; VariantName = "[No Variations]"
Added Component: Designator=C8(CC0603)
Add component. Clean all parameters for all variants
Add component (AddParameter): Name = "Value"; Value = "0.1uF"; VariantName = "[No Variations]"
Added Component: Designator=C9(CC0805)
Add component. Clean all parameters for all variants
Add component (AddParameter): Name = "Value"; Value = "10uF"; VariantName = "[No Variations]"
Added Component: Designator=C10(CC0603)
Add component. Clean all parameters for all variants
Add component (AddParameter): Name = "Value"; Value = "1uF"; VariantName = "[No Variations]"
Added Component: Designator=C11(CC0805)
Add component. Clean all parameters for all variants
Add component (AddParameter): Name = "Value"; Value = "10uF"; VariantName = "[No Variations]"
Added Component: Designator=C12(CC0603)
Add component. Clean all parameters for all variants
Add component (AddParameter): Name = "Value"; Value = "0.1uF"; VariantName = "[No Variations]"
Added Component: Designator=C13(CC0603)
Add component. Clean all parameters for all variants
Add component (AddParameter): Name = "Value"; Value = "22pF"; VariantName = "[No Variations]"
Added Component: Designator=C14(CC0603)
Add component. Clean all parameters for all variants
Add component (AddParameter): Name = "Value"; Value = "22pF"; VariantName = "[No Variations]"
Added Component: Designator=C15(CC0603)
Add component. Clean all parameters for all variants
Add component (AddParameter): Name = "Value"; Value = "1pF"; VariantName = "[No Variations]"
Added Component: Designator=C16(CC0603)
Add component. Clean all parameters for all variants
Add component (AddParameter): Name = "Value"; Value = "6.8pF"; VariantName = "[No Variations]"
Added Component: Designator=C17(CC0603)
Add component. Clean all parameters for all variants
Add component (AddParameter): Name = "Value"; Value = "1pF"; VariantName = "[No Variations]"
Added Component: Designator=C18(CC0603)
Add component. Clean all parameters for all variants
Add component (AddParameter): Name = "Value"; Value = "1pF"; VariantName = "[No Variations]"
Added Component: Designator=C19(CC0805)
Add component. Clean all parameters for all variants
Add component (AddParameter): Name = "Value"; Value = "10uF"; VariantName = "[No Variations]"
Added Component: Designator=C20(CC0603)
Add component. Clean all parameters for all variants
Add component (AddParameter): Name = "Value"; Value = "0.1uF"; VariantName = "[No Variations]"
Added Component: Designator=DA1(QFN-16_Skyworks)
Add component. Clean all parameters for all variants
Add component (AddParameter): Name = "Value"; Value = "RFX8422S"; VariantName = "[No Variations]"
Added Component: Designator=DD1(QFN32_TI)
Add component. Clean all parameters for all variants
Add component (AddParameter): Name = "Value"; Value = "CC2650"; VariantName = "[No Variations]"
Added Component: Designator=DD2(EIAJ_SO8)
Add component. Clean all parameters for all variants
Add component (AddParameter): Name = "Value"; Value = "W25X20CLSNIG"; VariantName = "[No Variations]"
Added Component: Designator=L1(L0603)
Add component. Clean all parameters for all variants
Add component (AddParameter): Name = "Value"; Value = "BLM18HE152SN1"; VariantName = "[No Variations]"
Added Component: Designator=L2(RC0805)
Add component. Clean all parameters for all variants
Add component (AddParameter): Name = "Value"; Value = "10uH"; VariantName = "[No Variations]"
Added Component: Designator=L3(L0402)
Add component. Clean all parameters for all variants
Add component (AddParameter): Name = "Value"; Value = "2.4nH"; VariantName = "[No Variations]"
Added Component: Designator=L4(L0402)
Add component. Clean all parameters for all variants
Add component (AddParameter): Name = "Value"; Value = "2nH"; VariantName = "[No Variations]"
Added Component: Designator=L5(L0402)
Add component. Clean all parameters for all variants
Add component (AddParameter): Name = "Value"; Value = "2nH"; VariantName = "[No Variations]"
Added Component: Designator=L6(L0402)
Add component. Clean all parameters for all variants
Add component (AddParameter): Name = "Value"; Value = "2nH"; VariantName = "[No Variations]"
Added Component: Designator=L7(L0402)
Add component. Clean all parameters for all variants
Add component (AddParameter): Name = "Value"; Value = "2.4nH"; VariantName = "[No Variations]"
Added Component: Designator=QR1(MS3V-T1R)
Add component. Clean all parameters for all variants
Add component (AddParameter): Name = "Value"; Value = ""; VariantName = "[No Variations]"
Added Component: Designator=QR2(AC5032_2)
Add component. Clean all parameters for all variants
Add component (AddParameter): Name = "Value"; Value = "SJK-6L-24.0"; VariantName = "[No Variations]"
Added Component: Designator=R1(RC0603)
Add component. Clean all parameters for all variants
Add component (AddParameter): Name = "Value"; Value = "100k"; VariantName = "[No Variations]"
Added Component: Designator=R2(RC0603)
Add component. Clean all parameters for all variants
Add component (AddParameter): Name = "Value"; Value = "n.p"; VariantName = "[No Variations]"
Added Component: Designator=R3(RC0603)
Add component. Clean all parameters for all variants
Add component (AddParameter): Name = "Value"; Value = "10k"; VariantName = "[No Variations]"
Added Component: Designator=R4(RC0603)
Add component. Clean all parameters for all variants
Add component (AddParameter): Name = "Value"; Value = "10k"; VariantName = "[No Variations]"
Added Component: Designator=R5(RC0603)
Add component. Clean all parameters for all variants
Add component (AddParameter): Name = "Value"; Value = "10k"; VariantName = "[No Variations]"
Added Component: Designator=R6(RC0603)
Add component. Clean all parameters for all variants
Add component (AddParameter): Name = "Value"; Value = "10k"; VariantName = "[No Variations]"
Added Component: Designator=REPER1(REPER1.2)
Add component. Clean all parameters for all variants
Add component (AddParameter): Name = "Value"; Value = ""; VariantName = "[No Variations]"
Added Component: Designator=REPER2(REPER1.2)
Add component. Clean all parameters for all variants
Add component (AddParameter): Name = "Value"; Value = ""; VariantName = "[No Variations]"
Added Component: Designator=X1(PIN_1mm)
Add component. Clean all parameters for all variants
Added Component: Designator=XP1(MW03D)
Add component. Clean all parameters for all variants
Add component (AddParameter): Name = "Value"; Value = ""; VariantName = "[No Variations]"
Added Component: Designator=XP2(BH-10)
Add component. Clean all parameters for all variants
Add component (AddParameter): Name = "Value"; Value = ""; VariantName = "[No Variations]"
Added Component: Designator=XP3(PLD06_SMD)
Add component. Clean all parameters for all variants
Add component (AddParameter): Name = "Value"; Value = "PLD06_SMD"; VariantName = "[No Variations]"
Added Pin To Net: NetName=GND Pin=C1-1
Added Pin To Net: NetName=GND Pin=C2-1
Added Pin To Net: NetName=GND Pin=C3-2
Added Pin To Net: NetName=GND Pin=C4-2
Added Pin To Net: NetName=GND Pin=C5-1
Added Pin To Net: NetName=GND Pin=C6-2
Added Pin To Net: NetName=GND Pin=C7-2
Added Pin To Net: NetName=GND Pin=C8-1
Added Pin To Net: NetName=GND Pin=C9-1
Added Pin To Net: NetName=GND Pin=C10-2
Added Pin To Net: NetName=GND Pin=C11-1
Added Pin To Net: NetName=GND Pin=C12-2
Added Pin To Net: NetName=GND Pin=C13-2
Added Pin To Net: NetName=GND Pin=C14-2
Added Pin To Net: NetName=GND Pin=C16-1
Added Pin To Net: NetName=GND Pin=C17-2
Added Pin To Net: NetName=GND Pin=C18-2
Added Pin To Net: NetName=GND Pin=C19-1
Added Pin To Net: NetName=GND Pin=C20-1
Added Pin To Net: NetName=GND Pin=DA1-7
Added Pin To Net: NetName=GND Pin=DA1-15
Added Pin To Net: NetName=GND Pin=DA1-17
Added Pin To Net: NetName=GND Pin=DD1-33
Added Pin To Net: NetName=GND Pin=DD2-4
Added Pin To Net: NetName=GND Pin=QR1-3
Added Pin To Net: NetName=GND Pin=R4-1
Added Pin To Net: NetName=GND Pin=R5-1
Added Pin To Net: NetName=GND Pin=R6-1
Added Pin To Net: NetName=GND Pin=XP1-1
Added Pin To Net: NetName=GND Pin=XP2-6
Added Net: Name=GND
Added Pin To Net: NetName=JTAG_TCK Pin=DD1-14
Added Pin To Net: NetName=JTAG_TCK Pin=XP2-3
Added Net: Name=JTAG_TCK
Added Pin To Net: NetName=JTAG_TDI Pin=DD1-16
Added Pin To Net: NetName=JTAG_TDI Pin=XP2-5
Added Net: Name=JTAG_TDI
Added Pin To Net: NetName=JTAG_TDO Pin=DD1-15
Added Pin To Net: NetName=JTAG_TDO Pin=XP2-4
Added Net: Name=JTAG_TDO
Added Pin To Net: NetName=JTAG_TMS Pin=DD1-13
Added Pin To Net: NetName=JTAG_TMS Pin=XP2-2
Added Net: Name=JTAG_TMS
Added Pin To Net: NetName=MISO Pin=DD1-25
Added Pin To Net: NetName=MISO Pin=DD2-2
Added Net: Name=MISO
Added Pin To Net: NetName=MOSI Pin=DD1-24
Added Pin To Net: NetName=MOSI Pin=DD2-5
Added Net: Name=MOSI
Added Pin To Net: NetName=MRDO Pin=DD1-8
Added Pin To Net: NetName=MRDO Pin=XP2-9
Added Net: Name=MRDO
Added Pin To Net: NetName=NetC3_1 Pin=C3-1
Added Pin To Net: NetName=NetC3_1 Pin=C4-1
Added Pin To Net: NetName=NetC3_1 Pin=C9-2
Added Pin To Net: NetName=NetC3_1 Pin=DD1-29
Added Pin To Net: NetName=NetC3_1 Pin=DD1-32
Added Pin To Net: NetName=NetC3_1 Pin=L2-2
Added Net: Name=NetC3_1
Added Pin To Net: NetName=NetC6_1 Pin=C6-1
Added Pin To Net: NetName=NetC6_1 Pin=DD1-4
Added Pin To Net: NetName=NetC6_1 Pin=QR1-2
Added Net: Name=NetC6_1
Added Pin To Net: NetName=NetC7_1 Pin=C7-1
Added Pin To Net: NetName=NetC7_1 Pin=DD1-5
Added Pin To Net: NetName=NetC7_1 Pin=QR1-1
Added Net: Name=NetC7_1
Added Pin To Net: NetName=NetC10_1 Pin=C10-1
Added Pin To Net: NetName=NetC10_1 Pin=DD1-12
Added Net: Name=NetC10_1
Added Pin To Net: NetName=NetC13_1 Pin=C13-1
Added Pin To Net: NetName=NetC13_1 Pin=DD1-31
Added Pin To Net: NetName=NetC13_1 Pin=QR2-1
Added Net: Name=NetC13_1
Added Pin To Net: NetName=NetC14_1 Pin=C14-1
Added Pin To Net: NetName=NetC14_1 Pin=DD1-30
Added Pin To Net: NetName=NetC14_1 Pin=QR2-2
Added Net: Name=NetC14_1
Added Pin To Net: NetName=NetC15_1 Pin=C15-1
Added Pin To Net: NetName=NetC15_1 Pin=L5-1
Added Pin To Net: NetName=NetC15_1 Pin=L7-2
Added Net: Name=NetC15_1
Added Pin To Net: NetName=NetC16_2 Pin=C16-2
Added Pin To Net: NetName=NetC16_2 Pin=L3-1
Added Net: Name=NetC16_2
Added Pin To Net: NetName=NetC17_1 Pin=C17-1
Added Pin To Net: NetName=NetC17_1 Pin=L4-1
Added Pin To Net: NetName=NetC17_1 Pin=L5-2
Added Pin To Net: NetName=NetC17_1 Pin=L6-1
Added Net: Name=NetC17_1
Added Pin To Net: NetName=NetDA1_5 Pin=DA1-5
Added Pin To Net: NetName=NetDA1_5 Pin=L4-2
Added Net: Name=NetDA1_5
Added Pin To Net: NetName=NetDA1_6 Pin=DA1-6
Added Pin To Net: NetName=NetDA1_6 Pin=R4-2
Added Pin To Net: NetName=NetDA1_6 Pin=XP3-2
Added Net: Name=NetDA1_6
Added Pin To Net: NetName=NetDA1_9 Pin=DA1-9
Added Pin To Net: NetName=NetDA1_9 Pin=R2-2
Added Net: Name=NetDA1_9
Added Pin To Net: NetName=NetDA1_11 Pin=DA1-11
Added Pin To Net: NetName=NetDA1_11 Pin=L6-2
Added Net: Name=NetDA1_11
Added Pin To Net: NetName=NetDA1_13 Pin=DA1-13
Added Pin To Net: NetName=NetDA1_13 Pin=R5-2
Added Pin To Net: NetName=NetDA1_13 Pin=XP3-4
Added Net: Name=NetDA1_13
Added Pin To Net: NetName=NetDA1_16 Pin=DA1-16
Added Pin To Net: NetName=NetDA1_16 Pin=X1-1
Added Net: Name=NetDA1_16
Added Pin To Net: NetName=NetDD1_17 Pin=DD1-17
Added Pin To Net: NetName=NetDD1_17 Pin=L2-1
Added Net: Name=NetDD1_17
Added Pin To Net: NetName=NetDD1_19 Pin=DD1-19
Added Pin To Net: NetName=NetDD1_19 Pin=R1-2
Added Pin To Net: NetName=NetDD1_19 Pin=XP2-10
Added Net: Name=NetDD1_19
Added Pin To Net: NetName=NetR2_1 Pin=R2-1
Added Pin To Net: NetName=NetR2_1 Pin=R3-1
Added Pin To Net: NetName=NetR2_1 Pin=XP3-1
Added Pin To Net: NetName=NetR2_1 Pin=XP3-3
Added Pin To Net: NetName=NetR2_1 Pin=XP3-5
Added Net: Name=NetR2_1
Added Pin To Net: NetName=RF_N Pin=C18-1
Added Pin To Net: NetName=RF_N Pin=DD1-2
Added Pin To Net: NetName=RF_N Pin=L7-1
Added Net: Name=RF_N
Added Pin To Net: NetName=RF_P Pin=C15-2
Added Pin To Net: NetName=RF_P Pin=DD1-1
Added Pin To Net: NetName=RF_P Pin=L3-2
Added Net: Name=RF_P
Added Pin To Net: NetName=RXD Pin=DD1-7
Added Pin To Net: NetName=RXD Pin=XP2-8
Added Net: Name=RXD
Added Pin To Net: NetName=SCK Pin=DD1-23
Added Pin To Net: NetName=SCK Pin=DD2-6
Added Net: Name=SCK
Added Pin To Net: NetName=SRDI Pin=DD1-9
Added Net: Name=SRDI
Added Pin To Net: NetName=SS0 Pin=DD1-22
Added Net: Name=SS0
Added Pin To Net: NetName=SS1 Pin=DD1-21
Added Pin To Net: NetName=SS1 Pin=DD2-1
Added Net: Name=SS1
Added Pin To Net: NetName=TXD Pin=DD1-6
Added Pin To Net: NetName=TXD Pin=XP2-7
Added Net: Name=TXD
Added Pin To Net: NetName=TXEN Pin=DA1-14
Added Pin To Net: NetName=TXEN Pin=DD1-20
Added Pin To Net: NetName=TXEN Pin=R6-2
Added Pin To Net: NetName=TXEN Pin=XP3-6
Added Net: Name=TXEN
Added Pin To Net: NetName=VBAT_F Pin=C5-2
Added Pin To Net: NetName=VBAT_F Pin=C8-2
Added Pin To Net: NetName=VBAT_F Pin=C11-2
Added Pin To Net: NetName=VBAT_F Pin=DD1-11
Added Pin To Net: NetName=VBAT_F Pin=DD1-18
Added Pin To Net: NetName=VBAT_F Pin=DD1-28
Added Pin To Net: NetName=VBAT_F Pin=L1-2
Added Pin To Net: NetName=VBAT_F Pin=R1-1
Added Net: Name=VBAT_F
Added Pin To Net: NetName=VBAT Pin=C1-2
Added Pin To Net: NetName=VBAT Pin=C2-2
Added Pin To Net: NetName=VBAT Pin=C12-1
Added Pin To Net: NetName=VBAT Pin=C19-2
Added Pin To Net: NetName=VBAT Pin=C20-2
Added Pin To Net: NetName=VBAT Pin=DA1-4
Added Pin To Net: NetName=VBAT Pin=DA1-10
Added Pin To Net: NetName=VBAT Pin=DD2-3
Added Pin To Net: NetName=VBAT Pin=DD2-7
Added Pin To Net: NetName=VBAT Pin=DD2-8
Added Pin To Net: NetName=VBAT Pin=L1-1
Added Pin To Net: NetName=VBAT Pin=R3-2
Added Pin To Net: NetName=VBAT Pin=XP1-2
Added Pin To Net: NetName=VBAT Pin=XP2-1
Added Net: Name=VBAT
Added Class: Name=MCU
Added Class: Name=RF
Added Room: Name=MCU
Added Room: Name=RF
