Change Component Designator: Old Designator=C1 New Designator=C12
Change Component Designator: Old Designator=C2 New Designator=C16
Change Component Designator: Old Designator=C4 New Designator=C2
Change Component Designator: Old Designator=C5 New Designator=C1
Change Component Designator: Old Designator=C6 New Designator=C15
Change Component Designator: Old Designator=C11 New Designator=C17
Change Component Designator: Old Designator=C12 New Designator=C18
Change Component Designator: Old Designator=C14 New Designator=C3
Change Component Designator: Old Designator=C15 New Designator=C4
Change Component Designator: Old Designator=C16 New Designator=C14
Change Component Designator: Old Designator=C17 New Designator=C5
Change Component Designator: Old Designator=C18 New Designator=C6
Change Component Designator: Old Designator=C? New Designator=C11
Change Component Designator: Old Designator=R2 New Designator=R12
Change Component Designator: Old Designator=R3 New Designator=R7
Change Component Designator: Old Designator=R4 New Designator=R8
Change Component Designator: Old Designator=R5 New Designator=R15
Change Component Designator: Old Designator=R6 New Designator=R9
Change Component Designator: Old Designator=R7 New Designator=R17
Change Component Designator: Old Designator=R8 New Designator=R18
Change Component Designator: Old Designator=R9 New Designator=R10
Change Component Designator: Old Designator=R10 New Designator=R2
Change Component Designator: Old Designator=R12 New Designator=R16
Change Component Designator: Old Designator=R13 New Designator=R3
Change Component Designator: Old Designator=R14 New Designator=R13
Change Component Designator: Old Designator=R15 New Designator=R4
Change Component Designator: Old Designator=R16 New Designator=R14
Change Component Designator: Old Designator=R17 New Designator=R5
Change Component Designator: Old Designator=R18 New Designator=R6
Change Component Designator: Old Designator=VD1 New Designator=VD2
Change Component Designator: Old Designator=VD2 New Designator=VD1
Change Component Designator: Old Designator=X1 New Designator=X21
Change Component Designator: Old Designator=X2 New Designator=X22
Change Component Designator: Old Designator=X3 New Designator=X1
Change Component Designator: Old Designator=X4 New Designator=X9
Change Component Designator: Old Designator=X5 New Designator=X23
Change Component Designator: Old Designator=X6 New Designator=X2
Change Component Designator: Old Designator=X7 New Designator=X10
Change Component Designator: Old Designator=X8 New Designator=X3
Change Component Designator: Old Designator=X9 New Designator=X11
Change Component Designator: Old Designator=X10 New Designator=X25
Change Component Designator: Old Designator=X11 New Designator=X24
Change Component Designator: Old Designator=X12 New Designator=X4
Change Component Designator: Old Designator=X13 New Designator=X12
Change Component Designator: Old Designator=X14 New Designator=X5
Change Component Designator: Old Designator=X15 New Designator=X13
Change Component Designator: Old Designator=X16 New Designator=X6
Change Component Designator: Old Designator=X17 New Designator=X14
Change Component Designator: Old Designator=X18 New Designator=X7
Change Component Designator: Old Designator=X19 New Designator=X15
Change Component Designator: Old Designator=X20 New Designator=X8
Change Component Designator: Old Designator=X21 New Designator=X16
Change Component Designator: Old Designator=X22 New Designator=X17
Change Component Designator: Old Designator=X23 New Designator=X18
Change Component Designator: Old Designator=X24 New Designator=X19
Change Component Designator: Old Designator=X25 New Designator=X20
