Removed Member From Class: ClassName=Mix_8ch Member=C?
Change Component Designator: OldDesignator=C1 NewDesignator=C12
Change Component Designator: OldDesignator=C2 NewDesignator=C16
Change Component Designator: OldDesignator=C4 NewDesignator=C2
Change Component Designator: OldDesignator=C5 NewDesignator=C1
Change Component Designator: OldDesignator=C11 NewDesignator=C17
Change Component Designator: OldDesignator=C12 NewDesignator=C18
Change Component Designator: OldDesignator=C14 NewDesignator=C3
Change Component Designator: OldDesignator=C15 NewDesignator=C4
Change Component Designator: OldDesignator=C16 NewDesignator=C14
Change Component Designator: OldDesignator=C17 NewDesignator=C5
Change Component Designator: OldDesignator=C18 NewDesignator=C6
Change Component Designator: OldDesignator=C? NewDesignator=C11
Change Component Designator: OldDesignator=R2 NewDesignator=R12
Change Component Designator: OldDesignator=R3 NewDesignator=R7
Change Component Designator: OldDesignator=R4 NewDesignator=R8
Change Component Designator: OldDesignator=R5 NewDesignator=R15
Change Component Designator: OldDesignator=R6 NewDesignator=R9
Change Component Designator: OldDesignator=R7 NewDesignator=R17
Change Component Designator: OldDesignator=R8 NewDesignator=R18
Change Component Designator: OldDesignator=R9 NewDesignator=R10
Change Component Designator: OldDesignator=R10 NewDesignator=R2
Change Component Designator: OldDesignator=R12 NewDesignator=R16
Change Component Designator: OldDesignator=R13 NewDesignator=R3
Change Component Designator: OldDesignator=R14 NewDesignator=R13
Change Component Designator: OldDesignator=R15 NewDesignator=R4
Change Component Designator: OldDesignator=R16 NewDesignator=R14
Change Component Designator: OldDesignator=R17 NewDesignator=R5
Change Component Designator: OldDesignator=R18 NewDesignator=R6
Change Component Designator: OldDesignator=VD1 NewDesignator=VD2
Change Component Designator: OldDesignator=VD2 NewDesignator=VD1
Change Component Designator: OldDesignator=X1 NewDesignator=X21
Change Component Designator: OldDesignator=X2 NewDesignator=X22
Change Component Designator: OldDesignator=X3 NewDesignator=X1
Change Component Designator: OldDesignator=X4 NewDesignator=X9
Change Component Designator: OldDesignator=X5 NewDesignator=X23
Change Component Designator: OldDesignator=X6 NewDesignator=X2
Change Component Designator: OldDesignator=X7 NewDesignator=X10
Change Component Designator: OldDesignator=X8 NewDesignator=X3
Change Component Designator: OldDesignator=X9 NewDesignator=X11
Change Component Designator: OldDesignator=X10 NewDesignator=X25
Change Component Designator: OldDesignator=X11 NewDesignator=X24
Change Component Designator: OldDesignator=X12 NewDesignator=X4
Change Component Designator: OldDesignator=X13 NewDesignator=X12
Change Component Designator: OldDesignator=X14 NewDesignator=X5
Change Component Designator: OldDesignator=X15 NewDesignator=X13
Change Component Designator: OldDesignator=X16 NewDesignator=X6
Change Component Designator: OldDesignator=X17 NewDesignator=X14
Change Component Designator: OldDesignator=X18 NewDesignator=X7
Change Component Designator: OldDesignator=X19 NewDesignator=X15
Change Component Designator: OldDesignator=X20 NewDesignator=X8
Change Component Designator: OldDesignator=X21 NewDesignator=X16
Change Component Designator: OldDesignator=X22 NewDesignator=X17
Change Component Designator: OldDesignator=X23 NewDesignator=X18
Change Component Designator: OldDesignator=X24 NewDesignator=X19
Change Component Designator: OldDesignator=X25 NewDesignator=X20
Change Net Name : Old Net Name=NetC1_2 New Net Name=NetC11_1
Change Net Name : Old Net Name=NetC11_1 New Net Name=NetC17_1
Change Net Name : Old Net Name=NetC11_2 New Net Name=NetC17_2
Change Net Name : Old Net Name=NetC12_1 New Net Name=NetC18_1
Change Net Name : Old Net Name=NetC12_2 New Net Name=NetC18_2
Change Net Name : Old Net Name=NetC14_1 New Net Name=NetC3_1
Change Net Name : Old Net Name=NetC14_2 New Net Name=NetC3_2
Change Net Name : Old Net Name=NetC15_1 New Net Name=NetC4_1
Change Net Name : Old Net Name=NetC15_2 New Net Name=NetC4_2
Change Net Name : Old Net Name=NetC16_2 New Net Name=NetC14_2
Change Net Name : Old Net Name=NetC17_1 New Net Name=NetC5_1
Change Net Name : Old Net Name=NetC17_2 New Net Name=NetC5_2
Change Net Name : Old Net Name=NetC18_1 New Net Name=NetC6_1
Change Net Name : Old Net Name=NetC18_2 New Net Name=NetC6_2
Added Member To Class: ClassName=Mix_8ch Member=Component C16 0.1uFx50V
Added Member To Class: ClassName=Mix_8ch Member=Component C18 0.1uFx50V
Added Room: Name=Mix_8ch
