Change Component Designator: Old Designator=C1 New Designator=C8
Change Component Designator: Old Designator=C2 New Designator=C4
Change Component Designator: Old Designator=C3 New Designator=C10
Change Component Designator: Old Designator=C7 New Designator=C1
Change Component Designator: Old Designator=C7 New Designator=C2
Change Component Designator: Old Designator=C7 New Designator=C3
Change Component Designator: Old Designator=C18 New Designator=C5
Change Component Designator: Old Designator=C19 New Designator=C6
Change Component Designator: Old Designator=C20 New Designator=C7
Change Component Designator: Old Designator=C33 New Designator=C9
Change Component Designator: Old Designator=DD? New Designator=DD1
Change Component Designator: Old Designator=FU2 New Designator=FU3
Change Component Designator: Old Designator=FU3 New Designator=FU4
Change Component Designator: Old Designator=R2 New Designator=R3
Change Component Designator: Old Designator=R3 New Designator=R4
Change Component Designator: Old Designator=R4 New Designator=R5
Change Component Designator: Old Designator=R12 New Designator=R7
Change Component Designator: Old Designator=R13 New Designator=R9
Change Component Designator: Old Designator=R? New Designator=R6
Change Component Designator: Old Designator=R? New Designator=R8
Change Component Designator: Old Designator=U2 New Designator=U1
Change Component Designator: Old Designator=VD3 New Designator=VD7
Change Component Designator: Old Designator=VD? New Designator=VD5
Change Component Designator: Old Designator=VD? New Designator=VD6
Change Component Designator: Old Designator=X? New Designator=X1
Change Component Designator: Old Designator=X? New Designator=X2
Change Component Designator: Old Designator=XP1 New Designator=XP2
Change Component Designator: Old Designator=XP2 New Designator=XP4
Change Component Designator: Old Designator=XP3 New Designator=XP1
Change Component Designator: Old Designator=XP3 New Designator=XP5
Change Component Designator: Old Designator=XP4 New Designator=XP3
