Change Component Designator: Old Designator=C4 New Designator=C11
Change Component Designator: Old Designator=C8 New Designator=C12
Change Component Designator: Old Designator=C9 New Designator=C14
Change Component Designator: Old Designator=C10 New Designator=C15
Change Component Designator: Old Designator=C11 New Designator=C18
Change Component Designator: Old Designator=C12 New Designator=C17
Change Component Designator: Old Designator=C14 New Designator=C19
Change Component Designator: Old Designator=C16 New Designator=C20
Change Component Designator: Old Designator=C26 New Designator=C13
Change Component Designator: Old Designator=C27 New Designator=C16
Change Component Designator: Old Designator=FU1 New Designator=FU6
Change Component Designator: Old Designator=FU3 New Designator=FU5
Change Component Designator: Old Designator=R3 New Designator=R14
Change Component Designator: Old Designator=R5 New Designator=R10
Change Component Designator: Old Designator=R6 New Designator=R11
Change Component Designator: Old Designator=R7 New Designator=R12
Change Component Designator: Old Designator=R8 New Designator=R13
Change Component Designator: Old Designator=R9 New Designator=R15
Change Component Designator: Old Designator=VD1 New Designator=VD8
Change Component Designator: Old Designator=VD2 New Designator=VD11
Change Component Designator: Old Designator=VD5 New Designator=VD9
Change Component Designator: Old Designator=VD6 New Designator=VD10
Change Component Designator: Old Designator=VD7 New Designator=VD12
Change Component Designator: Old Designator=VD9 New Designator=VD13
Change Component Designator: Old Designator=X? New Designator=X3
Change Component Designator: Old Designator=X? New Designator=X4
