Change Component Designator: Old Designator=C11 New Designator=C10
Change Component Designator: Old Designator=C12 New Designator=C11
Change Component Designator: Old Designator=C13 New Designator=C12
Change Component Designator: Old Designator=C14 New Designator=C13
Change Component Designator: Old Designator=C15 New Designator=C14
Change Component Designator: Old Designator=C15 New Designator=C18
Change Component Designator: Old Designator=C16 New Designator=C15
Change Component Designator: Old Designator=C17 New Designator=C16
Change Component Designator: Old Designator=C18 New Designator=C20
Change Component Designator: Old Designator=C19 New Designator=C17
Change Component Designator: Old Designator=C20 New Designator=C19
Change Component Designator: Old Designator=C? New Designator=C21
Change Component Designator: Old Designator=DA? New Designator=DA2
Change Component Designator: Old Designator=R10 New Designator=R9
Change Component Designator: Old Designator=R11 New Designator=R10
Change Component Designator: Old Designator=R12 New Designator=R11
Change Component Designator: Old Designator=R13 New Designator=R12
Change Component Designator: Old Designator=R14 New Designator=R13
Change Component Designator: Old Designator=R15 New Designator=R17
Change Component Designator: Old Designator=R? New Designator=R15
Change Component Designator: Old Designator=R? New Designator=R16
