Added Component: Designator=C1(CC0603-3M)
Added Component: Designator=C2(CC0603-3M)
Added Component: Designator=C3(CC0603-3M)
Added Component: Designator=C4(CC0603-3M)
Added Component: Designator=C5(CC0603-3M)
Added Component: Designator=C6(CC0603-3M)
Added Component: Designator=C7(CC0603-3M)
Added Component: Designator=C8(CC0603-3M)
Added Component: Designator=C9(CC0603-3M)
Added Component: Designator=C10(CC0603-3M)
Added Component: Designator=C11(CC8X3.5)
Added Component: Designator=C12(CC0603-3M)
Added Component: Designator=C13(CC0603-3M)
Added Component: Designator=C14(CC16X10_CAP0.5(1)(Primary))
Added Component: Designator=C15(CC1206-MIDI)
Added Component: Designator=C16(CC0603-3M)
Added Component: Designator=C17(CC0805-MIDI-2M1)
Added Component: Designator=C18(CC0603-3M)
Added Component: Designator=DA1(SO-8)
Added Component: Designator=DA2(SOT223-6)
Added Component: Designator=DD1(LQFP-48)
Added Component: Designator=DD2(EIAJ_SO8)
Added Component: Designator=FU1(RC1210)
Added Component: Designator=FU2(RC1210)
Added Component: Designator=FU3(RC1210)
Added Component: Designator=FU4(RC1210)
Added Component: Designator=FU5(MF-SMDF)
Added Component: Designator=J1(PIN2W)
Added Component: Designator=L1(SDR0805)
Added Component: Designator=QR1(AC5032_2)
Added Component: Designator=R1(RC0603-3M)
Added Component: Designator=R2(RC0805_IPC_NOM)
Added Component: Designator=R3(RC0603-3M)
Added Component: Designator=R4(RC0603-3M)
Added Component: Designator=R5(RC0603-3M)
Added Component: Designator=R6(RC0603-3M)
Added Component: Designator=R7(RC0603-3M)
Added Component: Designator=R8(RC0805-MIDI-2)
Added Component: Designator=R9(RC0603-3M)
Added Component: Designator=R10(RC0603-3M)
Added Component: Designator=R11(RC0805_IPC_NOM)
Added Component: Designator=R12(RC0805_IPC_NOM)
Added Component: Designator=R13(RC1206-2M)
Added Component: Designator=R14(RC0603-3M)
Added Component: Designator=R15(RC0603-3M)
Added Component: Designator=R16(RC1206-2M)
Added Component: Designator=R17(RC1206-2M)
Added Component: Designator=Rep1(REPER1.2)
Added Component: Designator=Rep2(REPER1.2)
Added Component: Designator=Rep3(REPER1.2)
Added Component: Designator=S1(7906H-1)
Added Component: Designator=U1(SO8(3d))
Added Component: Designator=VD1(SMB)
Added Component: Designator=VD2(SOT-23(GSD))
Added Component: Designator=VD3(SOT-23(GSD))
Added Component: Designator=VD4(SMB)
Added Component: Designator=VD7(SOT-23(123))
Added Component: Designator=VD8(SMA)
Added Component: Designator=VD9(SMA)
Added Component: Designator=VD10(SMB)
Added Component: Designator=VD11(SOD-80)
Added Component: Designator=VD12(SOD-80)
Added Component: Designator=VT1(SOT-23(123))
Added Component: Designator=VT2(D-PAK(TO-252AA))
Added Component: Designator=XP1(SWD4-2)
Added Component: Designator=XP3(PIN04S)
Added Component: Designator=XP4(PIN6)
Added Pin To Net: NetName=VCC Pin=C1-1
Added Pin To Net: NetName=GND Pin=C1-2
Added Pin To Net: NetName=VCC Pin=C2-1
Added Pin To Net: NetName=GND Pin=C2-2
Added Pin To Net: NetName=+5V Pin=C3-1
Added Pin To Net: NetName=GND Pin=C3-2
Added Pin To Net: NetName=GND Pin=C4-1
Added Pin To Net: NetName=RESET Pin=C4-2
Added Pin To Net: NetName=VCC Pin=C5-1
Added Pin To Net: NetName=GND Pin=C5-2
Added Pin To Net: NetName=GND Pin=C6-1
Added Pin To Net: NetName=VCC Pin=C6-2
Added Pin To Net: NetName=GND Pin=C7-1
Added Pin To Net: NetName=XTALIN Pin=C7-2
Added Pin To Net: NetName=VCC Pin=C8-1
Added Pin To Net: NetName=GND Pin=C8-2
Added Pin To Net: NetName=GND Pin=C9-1
Added Pin To Net: NetName=XTALOUT Pin=C9-2
Added Pin To Net: NetName=GND Pin=C10-1
Added Pin To Net: NetName=NetC10_2 Pin=C10-2
Added Pin To Net: NetName=+5V Pin=C11-1
Added Pin To Net: NetName=GND Pin=C11-2
Added Pin To Net: NetName=GND Pin=C12-1
Added Pin To Net: NetName=+5V Pin=C12-2
Added Pin To Net: NetName=VIN_F Pin=C13-1
Added Pin To Net: NetName=GND Pin=C13-2
Added Pin To Net: NetName=GND Pin=C14-1
Added Pin To Net: NetName=VIN_F Pin=C14-2
Added Pin To Net: NetName=GND Pin=C15-1
Added Pin To Net: NetName=NetC15_2 Pin=C15-2
Added Pin To Net: NetName=+5V Pin=C16-1
Added Pin To Net: NetName=GND Pin=C16-2
Added Pin To Net: NetName=GND Pin=C17-1
Added Pin To Net: NetName=+5V Pin=C17-2
Added Pin To Net: NetName=GND Pin=C18-1
Added Pin To Net: NetName=VCC Pin=C18-2
Added Pin To Net: NetName=NetDA1_1 Pin=DA1-1
Added Pin To Net: NetName=NetDA1_2 Pin=DA1-2
Added Pin To Net: NetName=NetC10_2 Pin=DA1-3
Added Pin To Net: NetName=GND Pin=DA1-4
Added Pin To Net: NetName=NetDA1_5 Pin=DA1-5
Added Pin To Net: NetName=VIN_F Pin=DA1-6
Added Pin To Net: NetName=NetDA1_1 Pin=DA1-7
Added Pin To Net: NetName=NetDA1_1 Pin=DA1-8
Added Pin To Net: NetName=+5V Pin=DA2-1
Added Pin To Net: NetName=+5V Pin=DA2-2
Added Pin To Net: NetName=GND Pin=DA2-3
Added Pin To Net: NetName=VCC Pin=DA2-4
Added Pin To Net: NetName=NetDA2_5 Pin=DA2-5
Added Pin To Net: NetName=GND Pin=DA2-6
Added Pin To Net: NetName=SS Pin=DD1-2
Added Pin To Net: NetName=RESET Pin=DD1-3
Added Pin To Net: NetName=ISP_START Pin=DD1-4
Added Pin To Net: NetName=XTALIN Pin=DD1-6
Added Pin To Net: NetName=XTALOUT Pin=DD1-7
Added Pin To Net: NetName=VCC Pin=DD1-8
Added Pin To Net: NetName=SCK Pin=DD1-13
Added Pin To Net: NetName=ISP_VAR Pin=DD1-14
Added Pin To Net: NetName=VCC Pin=DD1-17
Added Pin To Net: NetName=CANL Pin=DD1-18
Added Pin To Net: NetName=CANH Pin=DD1-19
Added Pin To Net: NetName=+5V Pin=DD1-20
Added Pin To Net: NetName=GND Pin=DD1-21
Added Pin To Net: NetName=STB Pin=DD1-22
Added Pin To Net: NetName=STB Pin=DD1-23
Added Pin To Net: NetName=MISO Pin=DD1-26
Added Pin To Net: NetName=CAN_CON Pin=DD1-28
Added Pin To Net: NetName=RS485_CON Pin=DD1-29
Added Pin To Net: NetName=MOSI Pin=DD1-38
Added Pin To Net: NetName=GND Pin=DD1-41
Added Pin To Net: NetName=VCC Pin=DD1-44
Added Pin To Net: NetName=RXD Pin=DD1-46
Added Pin To Net: NetName=TXD Pin=DD1-47
Added Pin To Net: NetName=SS Pin=DD2-1
Added Pin To Net: NetName=MISO Pin=DD2-2
Added Pin To Net: NetName=VCC Pin=DD2-3
Added Pin To Net: NetName=GND Pin=DD2-4
Added Pin To Net: NetName=MOSI Pin=DD2-5
Added Pin To Net: NetName=SCK Pin=DD2-6
Added Pin To Net: NetName=VCC Pin=DD2-7
Added Pin To Net: NetName=VCC Pin=DD2-8
Added Pin To Net: NetName=NetFU1_1 Pin=FU1-1
Added Pin To Net: NetName=NetFU1_2 Pin=FU1-2
Added Pin To Net: NetName=NetFU2_1 Pin=FU2-1
Added Pin To Net: NetName=NetFU2_2 Pin=FU2-2
Added Pin To Net: NetName=CANL Pin=FU3-1
Added Pin To Net: NetName=CANL Pin=FU3-2
Added Pin To Net: NetName=CANH Pin=FU4-1
Added Pin To Net: NetName=CANH Pin=FU4-2
Added Pin To Net: NetName=VIN Pin=FU5-1
Added Pin To Net: NetName=NetFU5_2 Pin=FU5-2
Added Pin To Net: NetName=RESET Pin=J1-1
Added Pin To Net: NetName=GND Pin=J1-2
Added Pin To Net: NetName=+5V Pin=L1-1
Added Pin To Net: NetName=NetDA1_2 Pin=L1-2
Added Pin To Net: NetName=XTALIN Pin=QR1-1
Added Pin To Net: NetName=XTALOUT Pin=QR1-2
Added Pin To Net: NetName=VCC Pin=R1-1
Added Pin To Net: NetName=RESET Pin=R1-2
Added Pin To Net: NetName=NetR2_1 Pin=R2-1
Added Pin To Net: NetName=NetFU1_2 Pin=R2-2
Added Pin To Net: NetName=VCC Pin=R3-1
Added Pin To Net: NetName=ISP_START Pin=R3-2
Added Pin To Net: NetName=VCC Pin=R4-1
Added Pin To Net: NetName=ISP_VAR Pin=R4-2
Added Pin To Net: NetName=TXD Pin=R5-1
Added Pin To Net: NetName=NetR5_2 Pin=R5-2
Added Pin To Net: NetName=CAN_CON Pin=R6-1
Added Pin To Net: NetName=NetR6_2 Pin=R6-2
Added Pin To Net: NetName=RS485_CON Pin=R7-1
Added Pin To Net: NetName=NetR7_2 Pin=R7-2
Added Pin To Net: NetName=CANL Pin=R8-1
Added Pin To Net: NetName=NetR8_2 Pin=R8-2
Added Pin To Net: NetName=NetDA1_5 Pin=R9-1
Added Pin To Net: NetName=+5V Pin=R9-2
Added Pin To Net: NetName=GND Pin=R10-1
Added Pin To Net: NetName=NetDA1_5 Pin=R10-2
Added Pin To Net: NetName=VIN_F Pin=R11-1
Added Pin To Net: NetName=NetDA1_1 Pin=R11-2
Added Pin To Net: NetName=VIN_F Pin=R12-1
Added Pin To Net: NetName=NetDA1_1 Pin=R12-2
Added Pin To Net: NetName=NetR13_1 Pin=R13-1
Added Pin To Net: NetName=NetC15_2 Pin=R13-2
Added Pin To Net: NetName=VCC Pin=R14-1
Added Pin To Net: NetName=NetDA2_5 Pin=R14-2
Added Pin To Net: NetName=GND Pin=R15-1
Added Pin To Net: NetName=VCC Pin=R15-2
Added Pin To Net: NetName=NetR16_1 Pin=R16-1
Added Pin To Net: NetName=NetR13_1 Pin=R16-2
Added Pin To Net: NetName=NetR17_1 Pin=R17-1
Added Pin To Net: NetName=GND Pin=R17-2
Added Pin To Net: NetName=RESET Pin=S1-1
Added Pin To Net: NetName=RESET Pin=S1-2
Added Pin To Net: NetName=GND Pin=S1-3
Added Pin To Net: NetName=GND Pin=S1-4
Added Pin To Net: NetName=NetU1_1 Pin=U1-1
Added Pin To Net: NetName=NetU1_2 Pin=U1-2
Added Pin To Net: NetName=NetU1_2 Pin=U1-3
Added Pin To Net: NetName=NetU1_4 Pin=U1-4
Added Pin To Net: NetName=GND Pin=U1-5
Added Pin To Net: NetName=NetFU1_1 Pin=U1-6
Added Pin To Net: NetName=NetFU2_1 Pin=U1-7
Added Pin To Net: NetName=VCC Pin=U1-8
Added Pin To Net: NetName=A Pin=VD1-1
Added Pin To Net: NetName=GND Pin=VD1-2
Added Pin To Net: NetName=A Pin=VD2-1
Added Pin To Net: NetName=K Pin=VD2-2
Added Pin To Net: NetName=NetFU1_1 Pin=VD2-3
Added Pin To Net: NetName=A Pin=VD3-1
Added Pin To Net: NetName=K Pin=VD3-2
Added Pin To Net: NetName=NetFU2_1 Pin=VD3-3
Added Pin To Net: NetName=GND Pin=VD4-1
Added Pin To Net: NetName=K Pin=VD4-2
Added Pin To Net: NetName=CANH Pin=VD7-1
Added Pin To Net: NetName=CANL Pin=VD7-2
Added Pin To Net: NetName=GND Pin=VD7-3
Added Pin To Net: NetName=GND Pin=VD8-1
Added Pin To Net: NetName=NetDA1_2 Pin=VD8-2
Added Pin To Net: NetName=NetFU5_2 Pin=VD9-1
Added Pin To Net: NetName=NetC15_2 Pin=VD9-2
Added Pin To Net: NetName=GND Pin=VD10-1
Added Pin To Net: NetName=NetC15_2 Pin=VD10-2
Added Pin To Net: NetName=GND Pin=VD11-1
Added Pin To Net: NetName=NetR13_1 Pin=VD11-2
Added Pin To Net: NetName=NetR17_1 Pin=VD12-1
Added Pin To Net: NetName=NetC15_2 Pin=VD12-2
Added Pin To Net: NetName=NetR16_1 Pin=VT1-1
Added Pin To Net: NetName=NetC15_2 Pin=VT1-2
Added Pin To Net: NetName=NetR17_1 Pin=VT1-3
Added Pin To Net: NetName=NetR17_1 Pin=VT2-1
Added Pin To Net: NetName=NetC15_2 Pin=VT2-2
Added Pin To Net: NetName=VIN_F Pin=VT2-3
Added Pin To Net: NetName=NetFU2_2 Pin=XP1-1
Added Pin To Net: NetName=NetFU2_2 Pin=XP1-2
Added Pin To Net: NetName=NetR2_1 Pin=XP1-3
Added Pin To Net: NetName=NetR2_1 Pin=XP1-4
Added Pin To Net: NetName=ISP_START Pin=XP3-1
Added Pin To Net: NetName=GND Pin=XP3-2
Added Pin To Net: NetName=GND Pin=XP3-3
Added Pin To Net: NetName=ISP_VAR Pin=XP3-4
Added Pin To Net: NetName=NetR5_2 Pin=XP4-2
Added Pin To Net: NetName=RXD Pin=XP4-3
Added Pin To Net: NetName=GND Pin=XP4-5
Added Member To Class: ClassName=Main Member=Component C1 0.1uF
Added Member To Class: ClassName=Main Member=Component C2 0.1uF
Added Member To Class: ClassName=Main Member=Component C3 0.1uF
Added Member To Class: ClassName=Main Member=Component C4 200pF
Added Member To Class: ClassName=Main Member=Component C5 0.1uF
Added Member To Class: ClassName=Main Member=Component C6 0.1uF
Added Member To Class: ClassName=Main Member=Component C7 22pF
Added Member To Class: ClassName=Main Member=Component C8 0.1uF
Added Member To Class: ClassName=Main Member=Component C9 22pF
Added Member To Class: ClassName=Power Member=Component C10 330pFx50V
Added Member To Class: ClassName=Power Member=Component C11 1000uFx10V
Added Member To Class: ClassName=Power Member=Component C12 1uFx16V
Added Member To Class: ClassName=Power Member=Component C13 0.1uFx50V
Added Member To Class: ClassName=Power Member=Component C14 470uF
Added Member To Class: ClassName=Power Member=Component C15 0.1uFx250V
Added Member To Class: ClassName=Power Member=Component C16 0.1uFx50V
Added Member To Class: ClassName=Power Member=Component C17 4.7uFx16V
Added Member To Class: ClassName=Power Member=Component C18 1uFx10V
Added Member To Class: ClassName=Power Member=Component DA1 MC34063
Added Member To Class: ClassName=Power Member=Component DA2 MCP1824T-ADJE/DC
Added Member To Class: ClassName=Main Member=Component DD1 LPC11C24FBD48
Added Member To Class: ClassName=Main Member=Component DD2 M25P40
Added Member To Class: ClassName=Main Member=Component FU1 MICROSMD010F-2
Added Member To Class: ClassName=Main Member=Component FU2 MICROSMD010F-2
Added Member To Class: ClassName=Main Member=Component FU3 MICROSMD010F
Added Member To Class: ClassName=Main Member=Component FU4 MICROSMD010F
Added Member To Class: ClassName=Power Member=Component FU5 MF-SMDF050
Added Member To Class: ClassName=Main Member=Component J1 PLS-02
Added Member To Class: ClassName=Power Member=Component L1 220uH
Added Member To Class: ClassName=Main Member=Component QR1 NX5032GA-12.000MHz LN-CD-1
Added Member To Class: ClassName=Main Member=Component R1 10k
Added Member To Class: ClassName=Main Member=Component R2 120
Added Member To Class: ClassName=Main Member=Component R3 10k
Added Member To Class: ClassName=Main Member=Component R4 10k
Added Member To Class: ClassName=Main Member=Component R5 100E
Added Member To Class: ClassName=Main Member=Component R6 330
Added Member To Class: ClassName=Main Member=Component R7 330
Added Member To Class: ClassName=Main Member=Component R8 120E
Added Member To Class: ClassName=Power Member=Component R9 3k 1%
Added Member To Class: ClassName=Power Member=Component R10 1k 1%
Added Member To Class: ClassName=Power Member=Component R11 1E
Added Member To Class: ClassName=Power Member=Component R12 1E
Added Member To Class: ClassName=Power Member=Component R13 220k
Added Member To Class: ClassName=Power Member=Component R14 105k 1%
Added Member To Class: ClassName=Power Member=Component R15 15k 1%
Added Member To Class: ClassName=Power Member=Component R16 220k
Added Member To Class: ClassName=Power Member=Component R17 220k
Added Member To Class: ClassName=Main Member=Component Rep1 REPER1.2
Added Member To Class: ClassName=Main Member=Component Rep2 REPER1.2
Added Member To Class: ClassName=Main Member=Component Rep3 REPER1.2
Added Member To Class: ClassName=Main Member=Component S1 SWT-2/5
Added Member To Class: ClassName=Main Member=Component U1 ST3485EBDR
Added Member To Class: ClassName=Main Member=Component VD1 SMBJ5.0A
Added Member To Class: ClassName=Main Member=Component VD2 BAV99
Added Member To Class: ClassName=Main Member=Component VD3 BAV99
Added Member To Class: ClassName=Main Member=Component VD4 SMBJ5.0A
Added Member To Class: ClassName=Main Member=Component VD7 PESD2CAN
Added Member To Class: ClassName=Power Member=Component VD8 SS14
Added Member To Class: ClassName=Power Member=Component VD9 GS1M
Added Member To Class: ClassName=Power Member=Component VD10 SMBJ150A
Added Member To Class: ClassName=Power Member=Component VD11 BZV55C36
Added Member To Class: ClassName=Power Member=Component VD12 BZV55C15
Added Member To Class: ClassName=Power Member=Component VT1 BC856B
Added Member To Class: ClassName=Power Member=Component VT2 IRFR9220
Added Member To Class: ClassName=Main Member=Component XP1 SWD4-2
Added Member To Class: ClassName=Main Member=Component XP3 PLS04
Added Member To Class: ClassName=Main Member=Component XP4 PLD-06
Added Room: Name=Main
Added Room: Name=Power
