Added Component: Designator=C1(CC0603-3M)
Added Component: Designator=C2(CC0603-3M)
Added Component: Designator=C3(CC0603-3M)
Added Component: Designator=C4(CC0603-3M)
Added Component: Designator=C5(CC0603-3M)
Added Component: Designator=C6(CC0603-3M)
Added Component: Designator=C7(CC0603-3M)
Added Component: Designator=C8(CC0603-3M)
Added Component: Designator=C9(CC0603-3M)
Added Component: Designator=C10(CC0603-3M)
Added Component: Designator=C11(CC8X3.5)
Added Component: Designator=C12(CC0603-3M)
Added Component: Designator=C13(CC0603-3M)
Added Component: Designator=C14(CC16X10_CAP0.5(1)(Primary))
Added Component: Designator=C15(CC1206-MIDI)
Added Component: Designator=C16(CC0603-3M)
Added Component: Designator=C17(CC0805-MIDI-2M1)
Added Component: Designator=C18(CC0603-3M)
Added Component: Designator=DA1(SO-8)
Added Component: Designator=DA2(SOT223-6)
Added Component: Designator=DD1(LQFP-48)
Added Component: Designator=DD2(EIAJ_SO8)
Added Component: Designator=FU1(RC1210)
Added Component: Designator=FU2(RC1210)
Added Component: Designator=FU3(RC1210)
Added Component: Designator=FU4(RC1210)
Added Component: Designator=FU5(MF-SMDF)
Added Component: Designator=J1(PIN2W)
Added Component: Designator=L1(SDR0805)
Added Component: Designator=QR1(AC5032_2)
Added Component: Designator=R1(RC0603-3M)
Added Component: Designator=R2(RC0805_IPC_NOM)
Added Component: Designator=R3(RC0603-3M)
Added Component: Designator=R4(RC0603-3M)
Added Component: Designator=R5(RC0603-3M)
Added Component: Designator=R6(RC0603-3M)
Added Component: Designator=R7(RC0603-3M)
Added Component: Designator=R8(RC0805-MIDI-2)
Added Component: Designator=R9(RC0603-3M)
Added Component: Designator=R10(RC0603-3M)
Added Component: Designator=R11(RC0805_IPC_NOM)
Added Component: Designator=R12(RC0805_IPC_NOM)
Added Component: Designator=R13(RC1206-2M)
Added Component: Designator=R14(RC0603-3M)
Added Component: Designator=R15(RC0603-3M)
Added Component: Designator=R16(RC1206-2M)
Added Component: Designator=R17(RC1206-2M)
Added Component: Designator=Rep1(REPER1.2)
Added Component: Designator=Rep2(REPER1.2)
Added Component: Designator=Rep3(REPER1.2)
Added Component: Designator=S1(7906H-1)
Added Component: Designator=U1(SO8(3d))
Added Component: Designator=VD1(SMB)
Added Component: Designator=VD2(SOT-23(GSD))
Added Component: Designator=VD3(SOT-23(GSD))
Added Component: Designator=VD4(SMB)
Added Component: Designator=VD5(LED3)
Added Component: Designator=VD6(LED3)
Added Component: Designator=VD7(SOT-23(123))
Added Component: Designator=VD8(SMA)
Added Component: Designator=VD9(SMA)
Added Component: Designator=VD10(SMB)
Added Component: Designator=VD11(SOD-80)
Added Component: Designator=VD12(SOD-80)
Added Component: Designator=VT1(SOT-23(123))
Added Component: Designator=VT2(D-PAK(TO-252AA))
Added Component: Designator=XP1(SWD4-2)
Added Component: Designator=XP2(DG306-5.0)
Added Component: Designator=XP3(PIN04S)
Added Component: Designator=XP4(PIN6)
Added Component: Designator=XP5(SWD4-2)
Added Component: Designator=XP6(MIF2X02PRP)
Added Pin To Net: NetName=+5V Pin=C3-1
Added Pin To Net: NetName=+5V Pin=C11-1
Added Pin To Net: NetName=+5V Pin=C12-2
Added Pin To Net: NetName=+5V Pin=C16-1
Added Pin To Net: NetName=+5V Pin=C17-2
Added Pin To Net: NetName=+5V Pin=DA2-1
Added Pin To Net: NetName=+5V Pin=DA2-2
Added Pin To Net: NetName=+5V Pin=DD1-20
Added Pin To Net: NetName=+5V Pin=L1-1
Added Pin To Net: NetName=+5V Pin=R9-2
Added Net: Name=+5V
Added Pin To Net: NetName=A Pin=VD1-1
Added Pin To Net: NetName=A Pin=VD2-1
Added Pin To Net: NetName=A Pin=VD3-1
Added Net: Name=A
Added Pin To Net: NetName=CAN_CON Pin=DD1-28
Added Pin To Net: NetName=CAN_CON Pin=R6-1
Added Net: Name=CAN_CON
Added Pin To Net: NetName=CANH Pin=DD1-19
Added Pin To Net: NetName=CANH Pin=FU4-1
Added Pin To Net: NetName=CANH Pin=FU4-2
Added Pin To Net: NetName=CANH Pin=VD7-1
Added Pin To Net: NetName=CANH Pin=XP5-3
Added Pin To Net: NetName=CANH Pin=XP5-4
Added Pin To Net: NetName=CANH Pin=XP6-4
Added Net: Name=CANH
Added Pin To Net: NetName=CANL Pin=DD1-18
Added Pin To Net: NetName=CANL Pin=FU3-1
Added Pin To Net: NetName=CANL Pin=FU3-2
Added Pin To Net: NetName=CANL Pin=R8-1
Added Pin To Net: NetName=CANL Pin=VD7-2
Added Pin To Net: NetName=CANL Pin=XP6-2
Added Net: Name=CANL
Added Pin To Net: NetName=GND Pin=C1-2
Added Pin To Net: NetName=GND Pin=C2-2
Added Pin To Net: NetName=GND Pin=C3-2
Added Pin To Net: NetName=GND Pin=C4-1
Added Pin To Net: NetName=GND Pin=C5-2
Added Pin To Net: NetName=GND Pin=C6-1
Added Pin To Net: NetName=GND Pin=C7-1
Added Pin To Net: NetName=GND Pin=C8-2
Added Pin To Net: NetName=GND Pin=C9-1
Added Pin To Net: NetName=GND Pin=C10-1
Added Pin To Net: NetName=GND Pin=C11-2
Added Pin To Net: NetName=GND Pin=C12-1
Added Pin To Net: NetName=GND Pin=C13-2
Added Pin To Net: NetName=GND Pin=C14-1
Added Pin To Net: NetName=GND Pin=C15-1
Added Pin To Net: NetName=GND Pin=C16-2
Added Pin To Net: NetName=GND Pin=C17-1
Added Pin To Net: NetName=GND Pin=C18-1
Added Pin To Net: NetName=GND Pin=DA1-4
Added Pin To Net: NetName=GND Pin=DA2-3
Added Pin To Net: NetName=GND Pin=DA2-6
Added Pin To Net: NetName=GND Pin=DD1-21
Added Pin To Net: NetName=GND Pin=DD1-41
Added Pin To Net: NetName=GND Pin=DD2-4
Added Pin To Net: NetName=GND Pin=J1-2
Added Pin To Net: NetName=GND Pin=R10-1
Added Pin To Net: NetName=GND Pin=R15-1
Added Pin To Net: NetName=GND Pin=R17-2
Added Pin To Net: NetName=GND Pin=S1-3
Added Pin To Net: NetName=GND Pin=S1-4
Added Pin To Net: NetName=GND Pin=U1-5
Added Pin To Net: NetName=GND Pin=VD1-2
Added Pin To Net: NetName=GND Pin=VD4-1
Added Pin To Net: NetName=GND Pin=VD5-1
Added Pin To Net: NetName=GND Pin=VD6-1
Added Pin To Net: NetName=GND Pin=VD7-3
Added Pin To Net: NetName=GND Pin=VD8-1
Added Pin To Net: NetName=GND Pin=VD10-1
Added Pin To Net: NetName=GND Pin=VD11-1
Added Pin To Net: NetName=GND Pin=XP3-2
Added Pin To Net: NetName=GND Pin=XP3-3
Added Pin To Net: NetName=GND Pin=XP4-5
Added Pin To Net: NetName=GND Pin=XP6-1
Added Net: Name=GND
Added Pin To Net: NetName=ISP_START Pin=DD1-4
Added Pin To Net: NetName=ISP_START Pin=R3-2
Added Pin To Net: NetName=ISP_START Pin=XP3-1
Added Net: Name=ISP_START
Added Pin To Net: NetName=ISP_VAR Pin=DD1-14
Added Pin To Net: NetName=ISP_VAR Pin=R4-2
Added Pin To Net: NetName=ISP_VAR Pin=XP3-4
Added Net: Name=ISP_VAR
Added Pin To Net: NetName=K Pin=VD2-2
Added Pin To Net: NetName=K Pin=VD3-2
Added Pin To Net: NetName=K Pin=VD4-2
Added Net: Name=K
Added Pin To Net: NetName=MISO Pin=DD1-26
Added Pin To Net: NetName=MISO Pin=DD2-2
Added Net: Name=MISO
Added Pin To Net: NetName=MOSI Pin=DD1-38
Added Pin To Net: NetName=MOSI Pin=DD2-5
Added Net: Name=MOSI
Added Pin To Net: NetName=NetC10_2 Pin=C10-2
Added Pin To Net: NetName=NetC10_2 Pin=DA1-3
Added Net: Name=NetC10_2
Added Pin To Net: NetName=NetC15_2 Pin=C15-2
Added Pin To Net: NetName=NetC15_2 Pin=R13-2
Added Pin To Net: NetName=NetC15_2 Pin=VD9-2
Added Pin To Net: NetName=NetC15_2 Pin=VD10-2
Added Pin To Net: NetName=NetC15_2 Pin=VD12-2
Added Pin To Net: NetName=NetC15_2 Pin=VT1-2
Added Pin To Net: NetName=NetC15_2 Pin=VT2-2
Added Net: Name=NetC15_2
Added Pin To Net: NetName=NetDA1_1 Pin=DA1-1
Added Pin To Net: NetName=NetDA1_1 Pin=DA1-7
Added Pin To Net: NetName=NetDA1_1 Pin=DA1-8
Added Pin To Net: NetName=NetDA1_1 Pin=R11-2
Added Pin To Net: NetName=NetDA1_1 Pin=R12-2
Added Net: Name=NetDA1_1
Added Pin To Net: NetName=NetDA1_2 Pin=DA1-2
Added Pin To Net: NetName=NetDA1_2 Pin=L1-2
Added Pin To Net: NetName=NetDA1_2 Pin=VD8-2
Added Net: Name=NetDA1_2
Added Pin To Net: NetName=NetDA1_5 Pin=DA1-5
Added Pin To Net: NetName=NetDA1_5 Pin=R9-1
Added Pin To Net: NetName=NetDA1_5 Pin=R10-2
Added Net: Name=NetDA1_5
Added Pin To Net: NetName=NetDA2_5 Pin=DA2-5
Added Pin To Net: NetName=NetDA2_5 Pin=R14-2
Added Net: Name=NetDA2_5
Added Pin To Net: NetName=NetFU1_1 Pin=FU1-1
Added Pin To Net: NetName=NetFU1_1 Pin=U1-6
Added Pin To Net: NetName=NetFU1_1 Pin=VD2-3
Added Net: Name=NetFU1_1
Added Pin To Net: NetName=NetFU1_2 Pin=FU1-2
Added Pin To Net: NetName=NetFU1_2 Pin=R2-2
Added Pin To Net: NetName=NetFU1_2 Pin=XP2-1
Added Net: Name=NetFU1_2
Added Pin To Net: NetName=NetFU2_1 Pin=FU2-1
Added Pin To Net: NetName=NetFU2_1 Pin=U1-7
Added Pin To Net: NetName=NetFU2_1 Pin=VD3-3
Added Net: Name=NetFU2_1
Added Pin To Net: NetName=NetFU2_2 Pin=FU2-2
Added Pin To Net: NetName=NetFU2_2 Pin=XP1-1
Added Pin To Net: NetName=NetFU2_2 Pin=XP1-2
Added Pin To Net: NetName=NetFU2_2 Pin=XP2-2
Added Net: Name=NetFU2_2
Added Pin To Net: NetName=NetFU5_2 Pin=FU5-2
Added Pin To Net: NetName=NetFU5_2 Pin=VD9-1
Added Net: Name=NetFU5_2
Added Pin To Net: NetName=NetR2_1 Pin=R2-1
Added Pin To Net: NetName=NetR2_1 Pin=XP1-3
Added Pin To Net: NetName=NetR2_1 Pin=XP1-4
Added Net: Name=NetR2_1
Added Pin To Net: NetName=NetR5_2 Pin=R5-2
Added Pin To Net: NetName=NetR5_2 Pin=XP4-2
Added Net: Name=NetR5_2
Added Pin To Net: NetName=NetR6_2 Pin=R6-2
Added Pin To Net: NetName=NetR6_2 Pin=VD5-2
Added Net: Name=NetR6_2
Added Pin To Net: NetName=NetR7_2 Pin=R7-2
Added Pin To Net: NetName=NetR7_2 Pin=VD6-2
Added Net: Name=NetR7_2
Added Pin To Net: NetName=NetR8_2 Pin=R8-2
Added Pin To Net: NetName=NetR8_2 Pin=XP5-1
Added Pin To Net: NetName=NetR8_2 Pin=XP5-2
Added Net: Name=NetR8_2
Added Pin To Net: NetName=NetR13_1 Pin=R13-1
Added Pin To Net: NetName=NetR13_1 Pin=R16-2
Added Pin To Net: NetName=NetR13_1 Pin=VD11-2
Added Net: Name=NetR13_1
Added Pin To Net: NetName=NetR16_1 Pin=R16-1
Added Pin To Net: NetName=NetR16_1 Pin=VT1-1
Added Net: Name=NetR16_1
Added Pin To Net: NetName=NetR17_1 Pin=R17-1
Added Pin To Net: NetName=NetR17_1 Pin=VD12-1
Added Pin To Net: NetName=NetR17_1 Pin=VT1-3
Added Pin To Net: NetName=NetR17_1 Pin=VT2-1
Added Net: Name=NetR17_1
Added Pin To Net: NetName=NetU1_1 Pin=U1-1
Added Net: Name=NetU1_1
Added Pin To Net: NetName=NetU1_2 Pin=U1-2
Added Pin To Net: NetName=NetU1_2 Pin=U1-3
Added Net: Name=NetU1_2
Added Pin To Net: NetName=NetU1_4 Pin=U1-4
Added Net: Name=NetU1_4
Added Pin To Net: NetName=RESET Pin=C4-2
Added Pin To Net: NetName=RESET Pin=DD1-3
Added Pin To Net: NetName=RESET Pin=J1-1
Added Pin To Net: NetName=RESET Pin=R1-2
Added Pin To Net: NetName=RESET Pin=S1-1
Added Pin To Net: NetName=RESET Pin=S1-2
Added Net: Name=RESET
Added Pin To Net: NetName=RS485_CON Pin=DD1-29
Added Pin To Net: NetName=RS485_CON Pin=R7-1
Added Net: Name=RS485_CON
Added Pin To Net: NetName=RXD Pin=DD1-46
Added Pin To Net: NetName=RXD Pin=XP4-3
Added Net: Name=RXD
Added Pin To Net: NetName=SCK Pin=DD1-13
Added Pin To Net: NetName=SCK Pin=DD2-6
Added Net: Name=SCK
Added Pin To Net: NetName=SS Pin=DD1-2
Added Pin To Net: NetName=SS Pin=DD2-1
Added Net: Name=SS
Added Pin To Net: NetName=STB Pin=DD1-22
Added Pin To Net: NetName=STB Pin=DD1-23
Added Net: Name=STB
Added Pin To Net: NetName=TXD Pin=DD1-47
Added Pin To Net: NetName=TXD Pin=R5-1
Added Net: Name=TXD
Added Pin To Net: NetName=VCC Pin=C1-1
Added Pin To Net: NetName=VCC Pin=C2-1
Added Pin To Net: NetName=VCC Pin=C5-1
Added Pin To Net: NetName=VCC Pin=C6-2
Added Pin To Net: NetName=VCC Pin=C8-1
Added Pin To Net: NetName=VCC Pin=C18-2
Added Pin To Net: NetName=VCC Pin=DA2-4
Added Pin To Net: NetName=VCC Pin=DD1-8
Added Pin To Net: NetName=VCC Pin=DD1-17
Added Pin To Net: NetName=VCC Pin=DD1-44
Added Pin To Net: NetName=VCC Pin=DD2-3
Added Pin To Net: NetName=VCC Pin=DD2-7
Added Pin To Net: NetName=VCC Pin=DD2-8
Added Pin To Net: NetName=VCC Pin=R1-1
Added Pin To Net: NetName=VCC Pin=R3-1
Added Pin To Net: NetName=VCC Pin=R4-1
Added Pin To Net: NetName=VCC Pin=R14-1
Added Pin To Net: NetName=VCC Pin=R15-2
Added Pin To Net: NetName=VCC Pin=U1-8
Added Net: Name=VCC
Added Pin To Net: NetName=VIN_F Pin=C13-1
Added Pin To Net: NetName=VIN_F Pin=C14-2
Added Pin To Net: NetName=VIN_F Pin=DA1-6
Added Pin To Net: NetName=VIN_F Pin=R11-1
Added Pin To Net: NetName=VIN_F Pin=R12-1
Added Pin To Net: NetName=VIN_F Pin=VT2-3
Added Net: Name=VIN_F
Added Pin To Net: NetName=VIN Pin=FU5-1
Added Pin To Net: NetName=VIN Pin=XP6-3
Added Net: Name=VIN
Added Pin To Net: NetName=XTALIN Pin=C7-2
Added Pin To Net: NetName=XTALIN Pin=DD1-6
Added Pin To Net: NetName=XTALIN Pin=QR1-1
Added Net: Name=XTALIN
Added Pin To Net: NetName=XTALOUT Pin=C9-2
Added Pin To Net: NetName=XTALOUT Pin=DD1-7
Added Pin To Net: NetName=XTALOUT Pin=QR1-2
Added Net: Name=XTALOUT
Added Class: Name=Main
Added Class: Name=Power
Added Room: Name=Main
Added Room: Name=Power
