Added Component: Designator=R58(RC0603)
Add component. Clean all parameters for all variants
Add component (AddParameter): Name = "Value"; Value = "1k"; VariantName = "[No Variations]"
Added Component: Designator=R59(RC0603)
Add component. Clean all parameters for all variants
Add component (AddParameter): Name = "Value"; Value = "1k"; VariantName = "[No Variations]"
Added Component: Designator=R60(RC0603)
Add component. Clean all parameters for all variants
Add component (AddParameter): Name = "Value"; Value = "1k"; VariantName = "[No Variations]"
Added Component: Designator=VD23(LED0805)
Add component. Clean all parameters for all variants
Add component (AddParameter): Name = "Value"; Value = "LED_0805"; VariantName = "[No Variations]"
Added Component: Designator=VD24(LED0805)
Add component. Clean all parameters for all variants
Add component (AddParameter): Name = "Value"; Value = "LED_0805"; VariantName = "[No Variations]"
Added Component: Designator=VD25(LED0805)
Add component. Clean all parameters for all variants
Add component (AddParameter): Name = "Value"; Value = "LED_0805"; VariantName = "[No Variations]"
Added Pin To Net: NetName=+3V3 Pin=R58-2
Added Pin To Net: NetName=+3V3 Pin=R59-2
Added Pin To Net: NetName=+3V3 Pin=R60-2
Added Pin To Net: NetName=NetR19_1 Pin=VD23-2
Added Pin To Net: NetName=NetR25_1 Pin=VD24-2
Added Pin To Net: NetName=NetR31_1 Pin=VD25-2
Added Pin To Net: NetName=NetR58_1 Pin=R58-1
Added Pin To Net: NetName=NetR58_1 Pin=VD23-1
Added Net: Name=NetR58_1
Added Pin To Net: NetName=NetR59_1 Pin=R59-1
Added Pin To Net: NetName=NetR59_1 Pin=VD24-1
Added Net: Name=NetR59_1
Added Pin To Net: NetName=NetR60_1 Pin=R60-1
Added Pin To Net: NetName=NetR60_1 Pin=VD25-1
Added Net: Name=NetR60_1
Added Member To Class: ClassName=Relay Member=Component K2 RY21
Added Member To Class: ClassName=Input Member=Component R58 1k
Added Member To Class: ClassName=Input Member=Component R59 1k
Added Member To Class: ClassName=Input Member=Component R60 1k
Added Member To Class: ClassName=Input Member=Component VD23 LED_0805
Added Member To Class: ClassName=Input Member=Component VD24 LED_0805
Added Member To Class: ClassName=Input Member=Component VD25 LED_0805
