Removed Pin From Net: NetName=+3V3 Pin=C6-1
Removed Pin From Net: NetName=+3V3 Pin=C7-2
Removed Pin From Net: NetName=+3V3 Pin=C9-2
Removed Pin From Net: NetName=+3V3 Pin=DD1-8
Removed Pin From Net: NetName=+3V3 Pin=DD1-17
Removed Pin From Net: NetName=+3V3 Pin=DD1-44
Added Component: Designator=C28(CC0603)
Add component. Clean all parameters for all variants
Add component (AddParameter): Name = "Value"; Value = "200pF"; VariantName = "[No Variations]"
Added Component: Designator=C29(CC0603)
Add component. Clean all parameters for all variants
Add component (AddParameter): Name = "Value"; Value = "0.1uF"; VariantName = "[No Variations]"
Added Component: Designator=C30(CC0603)
Add component. Clean all parameters for all variants
Add component (AddParameter): Name = "Value"; Value = "200pF"; VariantName = "[No Variations]"
Added Component: Designator=C31(CC0603)
Add component. Clean all parameters for all variants
Add component (AddParameter): Name = "Value"; Value = "10nF"; VariantName = "[No Variations]"
Added Component: Designator=C32(CC0603)
Add component. Clean all parameters for all variants
Add component (AddParameter): Name = "Value"; Value = "10nF"; VariantName = "[No Variations]"
Added Component: Designator=L2(L0402)
Add component. Clean all parameters for all variants
Add component (AddParameter): Name = "Value"; Value = "LQM18FN1R0M00D"; VariantName = "[No Variations]"
Added Pin To Net: NetName=GND Pin=C28-1
Added Pin To Net: NetName=NetR21_2 Pin=C28-2
Added Pin To Net: NetName=GND Pin=C29-1
Added Pin To Net: NetName=NetR27_2 Pin=C29-2
Added Pin To Net: NetName=GND Pin=C30-1
Added Pin To Net: NetName=NetR33_2 Pin=C30-2
Added Pin To Net: NetName=GND Pin=C31-1
Added Pin To Net: NetName=GND Pin=C32-1
Added Pin To Net: NetName=+3V3 Pin=C32-2
Added Pin To Net: NetName=+3V3 Pin=L2-1
Change Net Name : Old Net Name=NetR21_2 New Net Name=NetC28_2
Change Net Name : Old Net Name=NetR27_2 New Net Name=NetC29_2
Change Net Name : Old Net Name=NetR33_2 New Net Name=NetC30_2
Added Pin To Net: NetName=+3V3_F Pin=C6-1
Added Pin To Net: NetName=+3V3_F Pin=C7-2
Added Pin To Net: NetName=+3V3_F Pin=C9-2
Added Pin To Net: NetName=+3V3_F Pin=C31-2
Added Pin To Net: NetName=+3V3_F Pin=DD1-8
Added Pin To Net: NetName=+3V3_F Pin=DD1-17
Added Pin To Net: NetName=+3V3_F Pin=DD1-44
Added Pin To Net: NetName=+3V3_F Pin=L2-2
Added Net: Name=+3V3_F
Added Member To Class: ClassName=Input Member=Component C28 200pF
Added Member To Class: ClassName=Input Member=Component C29 0.1uF
Added Member To Class: ClassName=Input Member=Component C30 200pF
Added Member To Class: ClassName=Power Member=Component C31 10nF
Added Member To Class: ClassName=Power Member=Component C32 10nF
Added Member To Class: ClassName=Power Member=Component L2 LQM18FN1R0M00D
